-0.0463841	-0.0783181	0.0615256	-0.516001	0.643298	0.565606	0.0881692
-0.0327104	-0.0933106	0.059241	-0.681448	0.56858	0.460808	0.0943505
-0.0690924	-0.0913437	0.0617017	-0.518831	0.513623	0.683379	0.116571
-0.0507725	-0.0883021	0.0391238	-0.708326	0.40649	0.577097	0.105199
-0.0480106	-0.0910875	0.0585413	-0.595286	0.418634	0.685842	0.112099
-0.0636948	-0.0762002	0.0661311	-0.387733	0.694076	0.606565	0.100204
-0.0390403	-0.0868738	0.0572354	-0.604014	0.621169	0.499316	0.0924017
-0.0276562	-0.084733	0.0561114	-0.677377	0.469589	0.566257	0.0778179
-0.0427289	-0.0791041	0.0533813	-0.51521	0.480596	0.709638	0.0931282
-0.0464212	-0.0836034	0.0580934	-0.457558	0.684431	0.567621	0.0889695
-0.031266	-0.086187	0.0723772	-0.528217	0.688528	0.496906	0.102783
-0.0341758	-0.0946304	0.0613405	-0.625388	0.611796	0.48435	0.0879617
-0.0422367	-0.0887587	0.04337	-0.660676	0.433142	0.613103	0.100946
-0.0190473	-0.0833862	0.0599994	-0.630004	0.558645	0.539454	0.0805515
-0.042672	-0.0883403	0.0713763	-0.322172	0.756168	0.569575	0.0931565
-0.0284203	-0.0793851	0.0448422	-0.559065	0.252818	0.789639	0.102002
-0.0456091	-0.0979382	0.0678726	-0.677032	0.450172	0.582214	0.0976305
-0.0312735	-0.0818125	0.0562212	-0.472788	0.663129	0.580286	0.0851766
-0.0252365	-0.0840802	0.0447122	-0.665055	0.363438	0.652392	0.0857057
-0.0459042	-0.0675809	0.0532742	-0.525765	0.75359	0.394554	0.0864309
-0.0376057	-0.0893585	0.0527914	-0.723687	0.425092	0.543667	0.0877752
-0.0443316	-0.0837094	0.061183	-0.655845	0.539231	0.528297	0.0967205
0.710164	0.600422	0.0785693	-0.725692	-0.687842	0.0156254	0.016683
-0.0453673	-0.0786616	0.0528349	-0.487779	0.643119	0.590313	0.0877194
-0.0520257	-0.0853967	0.0559556	-0.502442	0.678658	0.535701	0.0995901
-0.0182399	-0.0929072	0.0637446	-0.597371	0.555256	0.578653	0.0792045
-0.0313319	-0.0739922	0.0491094	-0.438274	0.766236	0.469893	0.0642533
-0.0532118	-0.0959041	0.0565115	-0.614455	0.45217	0.64652	0.126515
-0.0472209	-0.0965682	0.0748071	-0.584576	0.668885	0.459199	0.110594
-0.045357	-0.0868795	0.0652659	-0.409021	0.476608	0.778169	0.0866685
-0.0467467	-0.0731515	0.0397404	-0.595806	0.477796	0.645543	0.0842459
-0.00100878	-0.0813768	0.0496539	-0.770154	0.539001	0.341088	0.0705483
-0.0308026	-0.08617	0.0519192	-0.586467	0.519882	0.621112	0.0905362
-0.0528045	-0.079157	0.0376652	-0.640409	0.368605	0.6738	0.114988
-0.0597783	-0.0904853	0.0530467	-0.622944	0.718983	0.308227	0.087063
-0.0596907	-0.0989733	0.0645005	-0.559331	0.732299	0.388441	0.117323
-0.0727413	-0.0798403	0.0422941	-0.542187	0.484016	0.68685	0.119698
-0.023924	-0.0864707	0.0586219	-0.673059	0.56698	0.474896	0.0882859
-0.027504	-0.0931452	0.0517881	-0.733087	0.282633	0.618629	0.0924055
-0.0443876	-0.0833113	0.0586179	-0.451835	0.635344	0.626245	0.0912771
-0.0597569	-0.0892171	0.0583816	-0.531988	0.517519	0.670196	0.110579
-0.0515956	-0.0837372	0.0610052	-0.477173	0.705256	0.524328	0.10382
104.129	-7.35897	4.43637	-0.935335	-0.352847	0.0254574	0.0521673
-0.0675879	-0.0788692	0.0544815	-0.43718	0.554106	0.708407	0.109465
-0.0392332	-0.0861331	0.0592015	-0.571637	0.744359	0.345198	0.0894175
-0.0419582	-0.0805809	0.0632236	-0.413803	0.68875	0.595307	0.0868594
-0.0249685	-0.0853204	0.0600795	-0.601484	0.520503	0.606047	0.0867778
-0.0365307	-0.0969284	0.0694894	-0.586076	0.453896	0.671188	0.098253
-0.0511186	-0.0892292	0.0691775	-0.490206	0.524883	0.695841	0.100213
-0.0550988	-0.101142	0.057471	-0.744237	0.455038	0.48893	0.105869
-0.0473228	-0.085424	0.0526643	-0.531989	0.633685	0.561632	0.105685
-0.0361209	-0.0856518	0.0650021	-0.454062	0.61226	0.647276	0.0949796
-0.0439107	-0.0851976	0.0598519	-0.657105	0.519131	0.546549	0.119176
-0.0755255	-0.0898607	0.0482152	-0.707388	0.435814	0.556479	0.106264
-0.0420548	-0.0897391	0.0609242	-0.609349	0.53199	0.587946	0.0985613
-0.0505122	-0.0779549	0.0693225	-0.449456	0.707857	0.544911	0.0896501
-0.0357308	-0.0755069	0.0642398	-0.41432	0.772122	0.481837	0.082165
-0.053425	-0.0746988	0.0588015	-0.445845	0.751724	0.485935	0.0784232
-0.043227	-0.0751011	0.0486135	-0.551075	0.676733	0.488209	0.0944038
-0.0167398	-0.0967065	0.0681436	-0.617719	0.555755	0.556381	0.10028
-0.074927	-0.0901592	0.0721174	-0.417695	0.70639	0.57144	0.111833
-0.0441871	-0.0816869	0.0463751	-0.541037	0.368958	0.755744	0.100738
-0.0372797	-0.0911549	0.0655269	-0.572805	0.631327	0.522801	0.0984703
-0.0416294	-0.0841191	0.0600119	-0.534984	0.674467	0.508809	0.0986132
-0.0504378	-0.0876612	0.0581464	-0.665478	0.453541	0.592823	0.0964549
-0.0345083	-0.0955005	0.0673004	-0.665614	0.612202	0.42681	0.0924834
-0.0391187	-0.0921043	0.0613962	-0.580274	0.705878	0.406225	0.0894904
-0.026684	-0.0821917	0.066885	-0.449526	0.647074	0.61581	0.0912412
-0.0453202	-0.0834641	0.0604514	-0.468715	0.569501	0.675259	0.106917
-0.0272941	-0.0812708	0.0468525	-0.514415	0.390098	0.763676	0.0878772
-0.0374397	-0.0776278	0.0429328	-0.61241	0.620498	0.489833	0.0673099
-0.0628739	-0.0773125	0.0679657	-0.231807	0.794076	0.56188	0.0886106
-0.0136995	-0.10349	0.0745786	-0.726857	0.585349	0.359228	0.0900306
-0.0484361	-0.086968	0.0584763	-0.58591	0.480468	0.65258	0.10062
-0.0403748	-0.0847225	0.0654293	-0.548504	0.563729	0.617538	0.097239
-0.0267934	-0.0785146	0.0586228	-0.463196	0.333635	0.821058	0.0847207
-0.0476134	-0.0927925	0.0638192	-0.632887	0.653014	0.415964	0.0883719
-0.0614383	-0.0821325	0.0578581	-0.417714	0.727898	0.543764	0.107935
-0.0285653	-0.0851084	0.060644	-0.547747	0.684376	0.481251	0.0812899
-0.0350298	-0.0834308	0.0604314	-0.554059	0.544222	0.629953	0.121034
-0.0468251	-0.087826	0.0586388	-0.53712	0.507339	0.673876	0.0982354
-0.0317025	-0.0879468	0.0614324	-0.556504	0.563582	0.610473	0.0925354
-0.0148214	-0.0739636	0.0585021	-0.545361	0.687454	0.479571	0.11783
-0.0587557	-0.0761052	0.0553365	-0.5942	0.468009	0.654137	0.0848087
-0.0267286	-0.0881079	0.05194	-0.57052	0.644379	0.509199	0.0816305
-0.030857	-0.0769087	0.0573511	-0.520774	0.498819	0.692801	0.0797743
-0.0644315	-0.0782069	0.0423078	-0.58886	0.600281	0.541209	0.100074
-0.0726391	-0.0916104	0.0730417	-0.552386	0.54029	0.634789	0.118426
62.277	1607.1	93.5261	0.395092	0.918047	-0.0330375	0.112352
-0.0247295	-0.0791689	0.0638606	-0.32912	0.656335	0.6789	0.0897079
-0.039835	-0.0868363	0.052663	-0.572267	0.680742	0.457276	0.0956322
-0.0234141	-0.0837522	0.0635704	-0.526309	0.441929	0.726428	0.096036
-46.3331	-46.627	6.09667	-0.0641311	0.127434	0.989772	0.885186
-0.0396148	-0.0862828	0.0451183	-0.69204	0.28767	0.662063	0.0900258
-0.0398053	-0.0966773	0.0665132	-0.586409	0.744872	0.318259	0.101578
-0.0311713	-0.0731281	0.0539202	-0.328847	0.651906	0.683285	0.0727097
-0.0380216	-0.0926842	0.0635837	-0.618868	0.692008	0.371656	0.0984265
-0.0468963	-0.0986018	0.0800088	-0.557234	0.549067	0.622909	0.12647
-0.0232354	-0.0889267	0.0736523	-0.464031	0.604804	0.647215	0.0755502
-0.0460731	-0.0792393	0.0572448	-0.633404	0.438714	0.637439	0.0895108
-0.0620709	-0.0818391	0.0541157	-0.45038	0.426654	0.784299	0.0982749
-0.0385102	-0.0981518	0.0825389	-0.629124	0.743148	0.227891	0.148336
-0.0585615	-0.07528	0.0595479	-0.526116	0.478246	0.703194	0.096493
-0.112249	-0.0667604	0.0313481	-0.560202	0.263529	0.785319	0.111807
-0.0385034	-0.0763504	0.0568966	-0.376057	0.701952	0.604851	0.0849595
0.725635	0.602882	0.0972017	0.724263	0.689159	-0.0224212	0.00540763
-0.0614762	-0.0959131	0.0707149	-0.424774	0.690902	0.584997	0.123321
-0.0565464	-0.0785652	0.0246734	-0.697686	0.248259	0.672013	0.102273
-0.0630548	-0.0880983	0.0651261	-0.473815	0.633604	0.611593	0.103495
-0.0528585	-0.0859757	0.0558502	-0.458123	0.504126	0.732107	0.112859
-0.0478139	-0.0797168	0.0388117	-0.607703	0.607785	0.511169	0.0955112
-0.0492596	-0.0801312	0.0442063	-0.682992	0.442099	0.581438	0.101726
-0.0360332	-0.0979616	0.0626083	-0.662733	0.566054	0.490274	0.0914376
-0.0884275	-0.0843528	0.0737241	-0.243061	0.858626	0.451312	0.0875972
-0.0670215	-0.0829172	0.0395143	-0.768816	0.247258	0.589734	0.101129
-0.049689	-0.0787216	0.0551012	-0.570236	0.719549	0.396334	0.0841725
-0.0284268	-0.104946	0.0603146	-0.646395	0.594553	0.478206	0.0899455
-0.0247711	-0.0823071	0.0588946	-0.450181	0.706262	0.54638	0.0856559
-0.0669802	-0.0759392	0.039395	-0.529545	0.448228	0.720191	0.119606
-0.065493	-0.0826101	0.0181102	-0.762211	0.207632	0.613125	0.105227
-0.0520429	-0.0993116	0.0677817	-0.71562	0.552909	0.426826	0.116473
-0.0300732	-0.0988706	0.0632059	-0.676018	0.466177	0.570683	0.112815
-0.0473436	-0.0970219	0.0697081	-0.463911	0.584704	0.665513	0.122829
-0.0394434	-0.0824421	0.0664308	-0.510181	0.601039	0.615198	0.108455
-0.0517666	-0.0970261	0.0454074	-0.6859	0.273839	0.674206	0.115951
-0.0374049	-0.095893	0.0615272	-0.640312	0.633005	0.435091	0.0709009
-0.0301897	-0.0908764	0.0609596	-0.512525	0.531048	0.674764	0.109322
-0.0604348	-0.0831753	0.0519645	-0.540733	0.69137	0.479182	0.0906186
-0.0536546	-0.0829746	0.0697173	-0.614876	0.638551	0.462797	0.105241
-0.0471949	-0.0822449	0.0659629	-0.432177	0.707488	0.559181	0.0980902
-0.0488764	-0.0863398	0.0662121	-0.525223	0.584031	0.61891	0.114399
-0.0405228	-0.0960262	0.0576092	-0.562629	0.489044	0.666546	0.111276
-0.0359193	-0.0891631	0.0429908	-0.718146	0.570229	0.39888	0.101745
-0.0377295	-0.0938437	0.0627351	-0.579582	0.508139	0.637087	0.107607
-0.0503554	-0.0889872	0.038204	-0.712685	0.441969	0.544741	0.108894
-0.0621571	-0.0890654	0.0743539	-0.499708	0.561376	0.659658	0.140117
-0.0252651	-0.102313	0.0665423	-0.763881	0.459318	0.453336	0.0898544
0.710778	0.598555	0.0814783	-0.721599	-0.692249	0.00927866	0.044217
-0.0168122	-0.0976427	0.0456413	-0.701964	0.532947	0.472455	0.0941734
-0.0542989	-0.0767815	0.0566517	-0.480356	0.656985	0.581058	0.113058
-0.0459341	-0.0766194	0.04248	-0.638797	0.686826	0.346711	0.0787618
-0.0646199	-0.096417	0.0599941	-0.644659	0.611059	0.459371	0.116087
-0.0523906	-0.0799759	0.047496	-0.495134	0.733374	0.465838	0.0785876
-0.0335974	-0.0942854	0.0554459	-0.702105	0.22839	0.674453	0.0966995
-0.0594247	-0.0875644	0.0675014	-0.521605	0.421242	0.741945	0.0982943
-0.0280043	-0.0771597	0.0563554	-0.481411	0.718637	0.501801	0.0817939
-0.0314924	-0.0813118	0.0622891	-0.536079	0.31048	0.784998	0.083819
-0.064835	-0.102506	0.0771665	-0.599431	0.647237	0.470921	0.113838
-0.0381163	-0.0977019	0.0656072	-0.685204	0.556123	0.470343	0.0963975
-0.0617164	-0.0831039	0.0336152	-0.628962	0.31555	0.710517	0.114101
-0.0259451	-0.0753421	0.0280442	-0.727128	0.38022	0.571592	0.0761155
-0.0543363	-0.0759454	0.0607956	-0.423545	0.741952	0.519727	0.0932514
-0.0489763	-0.0841077	0.046759	-0.572231	0.530922	0.625039	0.0960799
-0.0688351	-0.0819867	0.0635682	-0.40884	0.612258	0.67675	0.113504
-0.0474744	-0.0725356	0.0374328	-0.632277	0.466219	0.618762	0.0899671
-0.0393335	-0.0856917	0.062225	-0.578445	0.557726	0.595266	0.0848789
-0.0464417	-0.077764	0.0605008	-0.200847	0.689997	0.695388	0.0891033
-0.0316112	-0.0781731	0.0429958	-0.523113	0.579546	0.624883	0.0709795
-0.0357724	-0.0758079	0.0666488	-0.398973	0.800727	0.446829	0.101633
-0.0326203	-0.0841471	0.0718672	-0.588359	0.55156	0.591283	0.105173
-0.0231435	-0.082504	0.05551	-0.596582	0.585418	0.548978	0.0839979
-0.0357547	-0.0917808	0.0557653	-0.649383	0.506938	0.566847	0.0945685
-0.0217243	-0.0909826	0.0793287	-0.655812	0.672682	0.34265	0.116321
-0.0343747	-0.0760064	0.0505996	-0.568738	0.25347	0.782489	0.0787024
-0.0469058	-0.071233	0.0559447	-0.432338	0.730623	0.528464	0.0852754
-0.0320078	-0.0806765	0.0612169	-0.560232	0.440259	0.70165	0.092964
0.737233	0.595692	0.0933344	0.728562	0.684581	-0.0233693	0.0449448
-0.0579864	-0.0774838	0.0646199	-0.623082	0.539515	0.566297	0.0965473
-0.0572137	-0.0734836	0.0655392	-0.484007	0.685286	0.544169	0.10021
-0.0350404	-0.101502	0.0811157	-0.502129	0.728468	0.466048	0.117863
-0.00788982	-0.0889769	0.0672707	-0.4448	0.641103	0.625412	0.080021
-0.0642254	-0.0839578	0.058935	-0.545519	0.592419	0.592831	0.10967
-26.3089	-27.1919	4.4712	-0.145875	0.084435	-0.985693	0.784463
-0.0409743	-0.0879493	0.061019	-0.634929	0.552725	0.539778	0.0991774
0.697372	0.611125	0.0875596	-0.727738	-0.685633	0.0174812	0.00603863
-0.0477266	-0.0845308	0.0544659	-0.521367	0.536191	0.663834	0.109451
-0.0494619	-0.0789981	0.0565153	-0.572502	0.557345	0.601338	0.0829971
-0.0394063	-0.0716443	0.0337212	-0.688643	0.164586	0.706174	0.108291
-0.0127164	-0.0952807	0.0599001	-0.700972	0.607462	0.373668	0.0858425
-0.037574	-0.0904714	0.0721886	-0.533791	0.718631	0.445686	0.0956316
-0.0166032	-0.0637792	0.0458911	-0.56813	0.192666	0.800068	0.0573568
0.711999	0.618239	0.0607523	-0.725144	-0.68813	0.02538	0.0319547
-0.0606562	-0.0720692	0.0625325	-0.432863	0.593275	0.678715	0.0891056
-0.0658784	-0.0785793	0.0539918	-0.393995	0.619275	0.679166	0.0990558
15.2612	-0.362236	0.923242	-0.930831	-0.365029	0.0175189	0.0583241
-0.0371851	-0.0860179	0.057679	-0.5937	0.483934	0.642906	0.0963394
-0.0358135	-0.084794	0.0420878	-0.658121	0.642128	0.393127	0.0821979
-0.0260383	-0.0926268	0.0696276	-0.638949	0.631008	0.43997	0.0918634
-0.0222788	-0.103639	0.0707955	-0.715367	0.492777	0.4954	0.0766263
-0.0201564	-0.0884955	0.0542758	-0.615202	0.278796	0.737428	0.107718
-0.0295558	-0.0928477	0.0624904	-0.669073	0.609989	0.424564	0.0918569
-0.0422559	-0.0823314	0.0466333	-0.62176	0.382322	0.683553	0.0869465
-0.0221746	-0.0742115	0.022659	-0.56371	0.748883	0.348432	0.13289
-0.0591464	-0.0779032	0.0406193	-0.649249	0.402019	0.645645	0.0958511
-0.028385	-0.0939946	0.0524986	-0.557871	0.520867	0.646125	0.109804
-0.0523548	-0.0782978	0.0462079	-0.622703	0.497218	0.604165	0.0897385
-0.0764687	-0.0926748	0.0434938	-0.696247	0.441777	0.56575	0.1266
-0.0282388	-0.118116	0.0746887	-0.740092	0.601341	0.301085	0.0950934
-0.0553376	-0.0804216	0.060781	-0.591712	0.432119	0.680552	0.09889
-0.0471496	-0.0846833	0.0657552	-0.701503	0.404657	0.58664	0.0931895
-0.0685201	-0.0906308	0.0549379	-0.60493	0.468528	0.643849	0.113799
-0.0398723	-0.0865432	0.0597444	-0.471398	0.539244	0.697854	0.0870676
-0.0274014	-0.0811852	0.0598137	-0.403854	0.803056	0.438182	0.0767209
-0.0661989	-0.080642	0.0734216	-0.548178	0.604938	0.577538	0.10559
-0.0432783	-0.0809163	0.0674698	-0.485971	0.764966	0.422681	0.0807675
-0.0372969	-0.0951519	0.0484171	-0.711042	0.595421	0.374023	0.0872736
-0.0403679	-0.0845757	0.0494121	-0.614453	0.470042	0.633646	0.099776
-0.0454642	-0.0851647	0.0514057	-0.554289	0.486298	0.675483	0.104013
-0.0457006	-0.115326	0.0565909	-0.79386	0.50456	0.33942	0.0997034
-0.0330854	-0.0909854	0.0381226	-0.737296	0.260533	0.623311	0.101969
-0.0164373	-0.0983266	0.0675193	-0.665516	0.633376	0.394872	0.0848032
-0.0387905	-0.0872127	0.0263462	-0.760469	0.223803	0.609589	0.0977805
-0.031006	-0.0920169	0.0698508	-0.449926	0.585366	0.674472	0.100511
-0.0379369	-0.0877907	0.0505898	-0.648148	0.40038	0.647765	0.117461
-0.0543845	-0.0843271	0.0164529	-0.677438	0.557118	0.48031	0.0971375
-0.0355205	-0.0827244	0.0510481	-0.57749	0.625927	0.524138	0.0872034
-0.0331558	-0.0907133	0.0527648	-0.646962	0.485609	0.587898	0.0738885
-0.0322469	-0.0912645	0.0807479	-0.387296	0.810584	0.439267	0.08918
-0.0387782	-0.0888625	0.0503681	-0.6901	0.204412	0.694246	0.106818
-0.0535002	-0.0843044	0.0470639	-0.600398	0.496371	0.627007	0.102119
-0.0406104	-0.0893958	0.0631688	-0.560586	0.34136	0.754464	0.110525
-0.0314846	-0.0820784	0.0658761	-0.556805	0.71166	0.428379	0.0833795
-0.0687763	-0.0928821	0.0658615	-0.492142	0.776535	0.393434	0.105701
-0.0548662	-0.0823021	0.0576408	-0.5086	0.616521	0.601023	0.092823
-0.0547224	-0.088287	0.070625	-0.545472	0.534503	0.645575	0.103837
-0.052973	-0.0979065	0.0418277	-0.745653	0.54175	0.387954	0.105157
-0.0230908	-0.0940364	0.0676915	-0.633653	0.550772	0.543263	0.092345
-0.0674431	-0.0737661	0.0691855	-0.469163	0.53575	0.702038	0.103724
498.26	-34.1869	25.7878	-0.935238	-0.353706	0.0149066	0.0624547
-0.0595609	-0.0826504	0.0700394	-0.418584	0.641604	0.642753	0.0953615
-0.00880884	-0.0745749	0.0679041	-0.559605	0.504293	0.657671	0.0704429
-0.0424263	-0.0907465	0.0668288	-0.442939	0.612534	0.654681	0.0937662
-0.0564905	-0.0692486	0.0484557	-0.442752	0.715352	0.540593	0.0763619
-0.0232504	-0.0944406	0.0666043	-0.592509	0.476865	0.649256	0.0948022
-0.0328853	-0.0793589	0.0584003	-0.445482	0.787145	0.426554	0.0886223
-0.0400924	-0.0827078	0.0555483	-0.39878	0.634578	0.662031	0.0937486
-0.0646955	-0.0910983	0.0618918	-0.650458	0.466967	0.599038	0.0931732
0.710448	0.597384	0.0853886	0.722522	0.691113	-0.018036	0.00211904
-0.0344217	-0.0943777	0.0901471	-0.581728	0.769137	0.264616	0.171799
-0.0419847	-0.0853277	0.0629849	-0.503896	0.686889	0.523709	0.108229
-0.0584614	-0.0805801	0.072391	-0.507161	0.665419	0.547727	0.116243
-0.0288534	-0.0907783	0.0629731	-0.437007	0.742238	0.508044	0.0966734
23.5654	-1.36293	1.07897	-0.936242	-0.350437	0.0253804	0.049562
-0.0610321	-0.0818317	0.0611071	-0.44057	0.429663	0.788218	0.104486
-0.0270001	-0.0838488	0.068846	-0.348661	0.681441	0.643486	0.061755
-0.0348829	-0.0759144	0.055019	-0.36887	0.753577	0.544111	0.100612
-0.0315909	-0.0973557	0.0573522	-0.71934	0.419404	0.55376	0.111996
-0.0314809	-0.0724206	0.0633861	-0.585416	0.152024	0.796352	0.0859089
0.00446204	-0.0820299	0.0623839	-0.472414	0.350306	0.808771	0.0736943
-0.0645211	-0.0786794	0.0603742	-0.45964	0.608007	0.647347	0.0904646
-0.00365094	-0.0817496	0.0459442	-0.950031	0.292796	0.108215	0.0606064
-0.0218039	-0.0860122	0.0620919	-0.568193	0.627208	0.532697	0.0747279
-0.047782	-0.0880487	0.0524249	-0.555523	0.443333	0.703456	0.109817
-0.0494592	-0.0919501	0.0600437	-0.64765	0.385059	0.65748	0.111164
-0.00508202	-0.0847264	0.0718854	-0.454886	0.423971	0.783152	0.0834015
-0.0488168	-0.0852479	0.0617339	-0.504519	0.596077	0.624623	0.109138
-0.0431972	-0.0897968	0.0525979	-0.592619	0.557658	0.581222	0.0960988
-0.017355	-0.0929603	0.0581441	-0.762437	0.464052	0.45094	0.0871575
0.998871	15.2121	0.815326	0.393984	0.91816	-0.0419288	0.117151
-19.8176	-20.0466	2.69298	-0.0565967	0.128203	0.990132	0.888544
-0.0482091	-0.0809202	0.0513163	-0.623852	0.639484	0.449298	0.0822946
-0.0261003	-0.086501	0.052112	-0.55359	0.614757	0.561794	0.0861715
-0.0305571	-0.0706887	0.0567739	-0.774394	0.34338	0.531418	0.0752963
-0.0344861	-0.080975	0.0625201	-0.573694	0.648746	0.500004	0.0849904
-0.0387346	-0.0871499	0.0475525	-0.631719	0.665984	0.396733	0.0873329
-0.030888	-0.101692	0.0700186	-0.648776	0.530525	0.545558	0.125245
-0.0494251	-0.0780605	0.0488698	-0.60946	0.287347	0.738912	0.0902871
-0.0343303	-0.0804358	0.0558416	-0.527108	0.739617	0.418479	0.0959118
-0.0284772	-0.0720421	0.0492049	-0.567012	0.308867	0.763609	0.0656521
-0.0436425	-0.0863166	0.0710459	-0.459354	0.740835	0.490059	0.0730339
-0.0267018	-0.0931659	0.0670486	-0.654797	0.598525	0.461529	0.112069
-0.0393453	-0.0837884	0.0624501	-0.504984	0.423172	0.752274	0.100411
-0.0470759	-0.0831221	0.0641719	-0.253594	0.749474	0.611538	0.110834
-0.0622724	-0.0782187	0.0491257	-0.557609	0.529999	0.638884	0.0945835
-0.030417	-0.0794238	0.062673	-0.424377	0.577853	0.69713	0.0954619
-0.0358865	-0.0731746	0.0589532	-0.460909	0.558369	0.689773	0.0840215
-0.0586735	-0.0833834	0.0528205	-0.56661	0.411786	0.713712	0.104202
-0.0326891	-0.0936909	0.0625463	-0.491817	0.643203	0.586861	0.106233
2.20497	36.3848	1.80699	0.403369	0.914828	-0.0196025	0.0849663
9.06815	-0.0484917	0.569576	-0.930163	-0.366805	0.0158105	0.0447659
-0.0551523	-0.0916877	0.064838	-0.596078	0.638335	0.487052	0.101647
-0.0625228	-0.0879588	0.051552	-0.564379	0.771494	0.293722	0.106415
-0.0114885	-0.0718145	0.0608308	-0.510374	0.546399	0.664053	0.0827451
-0.0482409	-0.077178	0.0644609	-0.441474	0.578172	0.686162	0.106255
-0.0715365	-0.089228	0.0633378	-0.429303	0.751742	0.500582	0.10977
-0.0307417	-0.0771911	0.0633533	-0.355296	0.621488	0.698224	0.0913874
-0.0229274	-0.0864083	0.0559056	-0.527053	0.653964	0.542722	0.10099
-0.035616	-0.0849947	0.0642349	-0.484509	0.637107	0.599455	0.0955996
-0.0400832	-0.0918803	0.0495178	-0.534964	0.752543	0.384049	0.0935276
0.7368	0.598647	0.0782749	0.714074	0.69964	-0.0245398	0.0026062
0.729936	0.592456	0.0659835	0.718025	0.69545	-0.028097	0.000923372
0.73128	0.584862	0.08686	-0.729587	-0.68353	0.0221275	0.0795616
-0.047399	-0.0922308	0.0623519	-0.616069	0.602685	0.507178	0.0952749
0.00155622	-0.0940003	0.0700228	-0.575956	0.599038	0.556262	0.0763353
-0.0355691	-0.093242	0.0772441	-0.542775	0.661999	0.516868	0.118752
-0.0312728	-0.0804424	0.0657891	-0.335709	0.848575	0.408925	0.0832653
-0.0399831	-0.0935832	0.0601491	-0.527256	0.632226	0.567707	0.101096
-6.90381e-310	-6.90381e-310	0	1	0	0	0
-0.0407638	-0.0874417	0.0628917	-0.635721	0.433797	0.638497	0.092378
-0.0370148	-0.089925	0.0682845	-0.551314	0.584642	0.595187	0.109758
-0.0320946	-0.089855	0.0570373	-0.740878	0.337752	0.580538	0.0912311
-0.0290443	-0.0974195	0.0607375	-0.665646	0.647324	0.371332	0.0973286
-0.0516147	-0.0912409	0.0600036	-0.654703	0.486902	0.578179	0.100029
0.729898	0.622182	0.0857891	-0.73177	-0.680893	0.0299434	0.0205603
-0.0316919	-0.0826852	0.0508626	-0.608336	0.218773	0.762932	0.0942991
0.72186	0.59878	0.0838148	-0.722649	-0.690864	0.0220547	0.0432775
0.738595	0.621462	0.10074	0.71363	0.699845	-0.0308031	0.0744896
-0.0534029	-0.0937935	0.0598958	-0.524505	0.62054	0.582945	0.114171
-0.0203186	-0.0800345	0.056551	-0.53206	0.480603	0.697089	0.0845217
-0.0260979	-0.0940292	0.0678373	-0.517197	0.748874	0.414361	0.089582
-0.0271714	-0.0846718	0.0733276	-0.570872	0.584754	0.57634	0.104751
-24.8876	-24.8792	3.01046	-0.0430558	0.127329	0.990926	0.850624
-0.0387128	-0.0873653	0.0598149	-0.577984	0.503597	0.642125	0.0917578
0.72873	0.597816	0.0804076	-0.727994	-0.685123	0.0251135	0.0486917
-0.0172684	-0.100221	0.0526625	-0.70306	0.331888	0.628933	0.11267
-0.0158774	-0.100301	0.0686459	-0.666808	0.608414	0.430348	0.0939534
-0.0309965	-0.0847438	0.0434994	-0.680006	0.490921	0.544599	0.0974404
-0.0296187	-0.0893608	0.0629045	-0.61528	0.516037	0.595933	0.0950874
-0.039576	-0.0852267	0.0675633	-0.473473	0.676549	0.564008	0.10554
-0.0349539	-0.0926007	0.0566096	-0.561063	0.452534	0.693124	0.107868
0.000233535	-0.0836257	0.0660718	-0.618375	0.566915	0.54426	0.0945351
-0.0367836	-0.0852007	0.0583625	-0.52157	0.673316	0.524032	0.0828417
-0.0237609	-0.0938922	0.0636007	-0.609236	0.6878	0.394668	0.0851915
-0.0378599	-0.0922933	0.0750491	-0.439738	0.643144	0.626894	0.111949
-0.063951	-0.0860644	0.0685651	-0.50632	0.628283	0.590678	0.131053
-0.049655	-0.0869698	0.0519987	-0.645379	0.641637	0.414473	0.12598
-0.0637711	-0.0863807	0.0578492	-0.534874	0.610177	0.584461	0.11177
-0.0239724	-0.0903809	0.074434	-0.417061	0.57638	0.702741	0.0972314
-0.0341559	-0.0863869	0.0254382	-0.583557	0.725086	0.365667	0.086207
-0.0276542	-0.0925388	0.0676065	-0.665034	0.516446	0.539456	0.0987885
-0.0661032	-0.0880675	0.0661918	-0.352243	0.545707	0.760348	0.127591
-0.0156974	-0.0786276	0.0615079	-0.563232	0.650627	0.509367	0.086301
-0.0397032	-0.0959276	0.0721617	-0.550876	0.762107	0.340189	0.100596
315.302	-15.6597	20.4648	-0.932805	-0.360022	0.0160939	0.0667865
0.00409682	-0.0840747	0.0677793	-0.631049	0.473904	0.61416	0.066225
-0.0329593	-0.0988158	0.0763528	-0.642619	0.387235	0.661128	0.100707
-0.0506805	-0.0808184	0.0724434	-0.330739	0.758965	0.560877	0.0997801
-0.0477144	-0.0870493	0.073699	-0.391292	0.61564	0.684016	0.0953246
-0.0467152	-0.0847895	0.0788513	-0.45256	0.597855	0.661633	0.105014
-0.0404729	-0.0886351	0.0625502	-0.620142	0.53106	0.577408	0.0966222
-0.0657201	-0.0791587	0.0604464	-0.448952	0.413602	0.79207	0.113737
-0.0374177	-0.084489	0.0537632	-0.709325	0.479107	0.517025	0.0890089
-0.0385683	-0.0878605	0.0584769	-0.640794	0.4223	0.641129	0.0945492
-0.0355483	-0.0740612	0.0550224	-0.564141	0.475112	0.675287	0.0830682
-0.0452669	-0.0849172	0.0655405	-0.513155	0.50437	0.694466	0.100615
-0.0271639	-0.0822675	0.0620587	-0.542949	0.435543	0.71799	0.0800214
-0.0466695	-0.0814106	0.0526254	-0.48758	0.408073	0.771843	0.0970096
0.71754	0.617768	0.087376	0.722522	0.690982	-0.0225063	0.0317456
-0.0370622	-0.0801766	0.0508919	-0.615912	0.621958	0.483549	0.091811
-0.0347975	-0.0819862	0.0649434	-0.650182	0.428012	0.627749	0.0884127
-0.0695692	-0.0760773	0.0591586	-0.331249	0.648039	0.685799	0.0936631
-11.5005	-12.0961	1.78936	-0.141323	0.0809002	-0.986652	0.747018
-0.030571	-0.0840569	0.0567604	-0.57709	0.585176	0.569681	0.0918921
-0.0374406	-0.0904258	0.0617526	-0.605166	0.38304	0.697893	0.109292
-0.031833	-0.077762	0.0618597	-0.474475	0.830499	0.291795	0.0807733
-0.0290982	-0.0934884	0.0602203	-0.687131	0.586216	0.429188	0.0878909
-0.0542887	-0.0931129	0.0685233	-0.613169	0.717347	0.330812	0.0874053
-0.0350521	-0.0874533	0.0713748	-0.553574	0.514099	0.655178	0.104936
-0.0314218	-0.0856174	0.0547962	-0.575248	0.571057	0.585647	0.0940521
-70.735	-72.7517	8.07684	-0.0613019	0.107535	0.99231	0.887325
-0.0337973	-0.0842934	0.0445275	-0.67862	0.585192	0.443874	0.0932184
-0.0143634	-0.0933211	0.0621922	-0.595689	0.682799	0.423012	0.0804483
-0.0332682	-0.090053	0.0609406	-0.694102	0.56862	0.441466	0.0873804
-0.0560524	-0.0947142	0.0628682	-0.620996	0.616803	0.483651	0.0997771
-0.0406321	-0.0817868	0.0668603	-0.547606	0.705683	0.449598	0.0791277
-0.0406741	-0.0991996	0.0651176	-0.679879	0.642212	0.354019	0.0886342
-0.0399441	-0.101615	0.0746763	-0.654859	0.629038	0.418893	0.103042
-0.0126385	-0.102122	0.0594641	-0.541837	0.466747	0.698971	0.0900243
-0.0387987	-0.0825766	0.053332	-0.505642	0.604722	0.615336	0.0978093
-0.0650668	-0.0805419	0.0568918	-0.38287	0.448156	0.807816	0.115083
-0.0363051	-0.0826859	0.0612051	-0.535234	0.694817	0.480368	0.0893913
0.714553	0.598727	0.0875669	0.71997	0.69379	-0.0172831	0.005342
-0.00723375	-0.0978661	0.0628997	-0.848921	0.505744	0.15348	0.0685297
-0.0270784	-0.0828908	0.0604353	-0.605553	0.394777	0.690983	0.0795725
-0.025803	-0.0923206	0.0627016	-0.746507	0.362237	0.558132	0.0856316
-0.0485843	-0.0770299	0.0594711	-0.381549	0.650829	0.656385	0.091624
-0.00875616	-0.0812343	0.0508841	-0.755712	0.48083	0.444636	0.0691048
0.720649	0.598893	0.0837103	-0.721898	-0.691387	0.0291051	0.0189274
-0.0571917	-0.084726	0.0720208	-0.408045	0.55703	0.723337	0.0835589
-0.0631327	-0.0899756	0.056433	-0.60686	0.637964	0.47405	0.111382
-0.0351124	-0.0978638	0.0846465	-0.617581	0.654809	0.435682	0.150303
-0.0628312	-0.084536	0.0599782	-0.441377	0.45179	0.775289	0.118799
-0.0260295	-0.0962207	0.0713274	-0.710951	0.500703	0.493807	0.100374
-0.0634344	-0.0910728	0.0640575	-0.432528	0.422183	0.796669	0.114782
-0.0364083	-0.0963772	0.0682194	-0.654032	0.638338	0.405913	0.0989583
-0.0408758	-0.0822323	0.0628101	-0.516028	0.628867	0.581586	0.086957
-0.0357176	-0.0867348	0.060854	-0.554363	0.705201	0.442011	0.0948947
-0.0244313	-0.082696	0.0558661	-0.550692	0.577527	0.602661	0.0906767
-0.0428042	-0.0890074	0.0538815	-0.630869	0.371381	0.681235	0.104936
-0.0337517	-0.0813525	0.0616281	-0.436669	0.576471	0.690653	0.0802876
-0.0256806	-0.102217	0.0697772	-0.67699	0.505181	0.535236	0.120072
-0.0589382	-0.0874951	0.0588243	-0.512394	0.598379	0.615951	0.103511
-0.032982	-0.100317	0.0608525	-0.633895	0.587894	0.502551	0.110667
-0.0432503	-0.07429	0.0532997	-0.513628	0.551231	0.657518	0.0946548
-0.0230288	-0.102597	0.0566424	-0.756413	0.36358	0.543736	0.100422
-0.0368485	-0.0814955	0.0592328	-0.627499	0.561029	0.539899	0.0884714
-0.0561007	-0.0867993	0.0630942	-0.5145	0.574461	0.63662	0.100376
-0.0549699	-0.0921117	0.057167	-0.552242	0.567416	0.610793	0.110204
-0.0460788	-0.0787331	0.0583836	-0.484482	0.565105	0.667783	0.0851389
-0.0346319	-0.0851693	0.0588613	-0.578602	0.498232	0.645743	0.0906169
-0.0536842	-0.0891668	0.0587885	-0.504168	0.538365	0.675261	0.114365
-0.0491512	-0.0801447	0.0563143	-0.531702	0.621525	0.575325	0.0985048
-0.0382254	-0.0849803	0.0691492	-0.447492	0.727069	0.520694	0.0915717
-0.0110035	-0.0913161	0.0666194	-0.556072	0.449991	0.698779	0.093977
-0.0376637	-0.0918932	0.0595677	-0.646879	0.644179	0.408144	0.101424
-0.0262347	-0.0811796	0.0528064	-0.509121	0.540299	0.66998	0.0864656
-0.0384665	-0.0886917	0.0683432	-0.535291	0.693316	0.482469	0.0937012
-0.0335096	-0.0881039	0.0619293	-0.536657	0.482577	0.692184	0.0975418
-0.0236001	-0.0932856	0.0629528	-0.698355	0.414069	0.583821	0.0931688
-0.0130967	-0.0881806	0.0658809	-0.619662	0.66103	0.423153	0.0992387
-0.0272151	-0.0858124	0.0570628	-0.640368	0.702787	0.30987	0.0787153
115.191	-8.08799	4.38248	-0.93537	-0.352998	0.0217881	0.0580813
7.68573	212.695	10.0339	0.391633	0.91928	-0.0393451	0.0898613
-0.035877	-0.106716	0.064926	-0.744122	0.547123	0.383326	0.102118
-0.0633565	-0.0855477	0.0665036	-0.513425	0.648443	0.562064	0.101026
-0.0483235	-0.0845568	0.0566666	-0.617666	0.66129	0.425658	0.0889523
-0.0339053	-0.094396	0.0667341	-0.671846	0.622632	0.40119	0.0905611
-0.0377357	-0.0922058	0.0627713	-0.636909	0.481034	0.602455	0.0936365
-0.0377515	-0.0867414	0.0535643	-0.59985	0.441027	0.667589	0.0980638
-0.0434071	-0.0781856	0.0591954	-0.518222	0.531975	0.669663	0.0893619
-0.0398844	-0.0940078	0.0637002	-0.612416	0.572918	0.544712	0.0969808
-0.033212	-0.0863537	0.056838	-0.591451	0.552899	0.586932	0.0905449
-0.0284436	-0.0851612	0.0651572	-0.562099	0.380944	0.734116	0.0868206
-0.0261783	-0.0708091	0.061439	-0.356864	0.783341	0.508946	0.0687103
-0.0646456	-0.0979233	0.0594062	-0.611553	0.582691	0.535233	0.112065
-0.0252479	-0.0792084	0.056423	-0.557323	0.590002	0.584199	0.0907159
-0.0350571	-0.0820273	0.065923	-0.459162	0.633716	0.622555	0.0920278
-0.0244345	-0.0780197	0.0593268	-0.488097	0.491811	0.721029	0.0848675
-0.0393092	-0.0824641	0.0576894	-0.561015	0.517075	0.646448	0.0911293
-0.0397511	-0.0920387	0.0644096	-0.626347	0.556169	0.546228	0.0952633
-0.024213	-0.0885884	0.0598063	-0.640446	0.417513	0.644603	0.0826548
-0.0178655	-0.0903644	0.0606653	-0.728626	0.461097	0.506453	0.0783065
-0.0407091	-0.0834784	0.0646797	-0.499165	0.653731	0.568744	0.0942112
-0.0488272	-0.0824363	0.0567642	-0.449362	0.500694	0.739851	0.111398
-0.0450712	-0.102328	0.0617059	-0.700874	0.461456	0.543906	0.102496
-0.0442475	-0.084732	0.0668328	-0.572226	0.644545	0.507069	0.089194
-0.0472752	-0.0883444	0.0584284	-0.577366	0.519769	0.629673	0.10521
-0.0607073	-0.0845219	0.064555	-0.398194	0.422435	0.814242	0.110037
-0.0396165	-0.089757	0.0623651	-0.51241	0.50343	0.695697	0.109846
-81.5626	-83.476	10.0306	-0.110226	0.0804631	-0.990644	0.760459
-0.0428312	-0.097266	0.0625376	-0.643265	0.439603	0.626865	0.0998515
-0.0283824	-0.0840823	0.0607287	-0.562777	0.524423	0.638954	0.0979311
121.19	-9.57911	5.97886	-0.937926	-0.34528	0.0328177	0.0631454
-0.0391424	-0.0920769	0.0605523	-0.632764	0.584379	0.508047	0.098293
-0.0300036	-0.0851117	0.0605482	-0.532506	0.534541	0.65628	0.0984104
-0.0283495	-0.0841173	0.0587487	-0.593356	0.619571	0.513868	0.0878685
-0.0326773	-0.0891656	0.0674862	-0.53924	0.57361	0.616597	0.096734
-0.0451116	-0.0800637	0.0563795	-0.461295	0.543664	0.701168	0.0940044
-0.026347	-0.0808862	0.0591812	-0.584384	0.437294	0.68357	0.0867047
-0.0549873	-0.0772002	0.0608646	-0.425678	0.705867	0.566171	0.0987303
-0.0461259	-0.0863704	0.0618145	-0.551606	0.704904	0.445916	0.0973905
-52.0051	-52.78	4.4605	-0.0306971	0.0862296	0.995802	0.87081
-0.0484987	-0.0902838	0.0594546	-0.539323	0.513075	0.667746	0.108514
-0.0421343	-0.0873769	0.060286	-0.627508	0.350314	0.695351	0.0882767
-0.0318038	-0.0783093	0.0676549	-0.44849	0.522038	0.725488	0.0978304
-0.0429896	-0.0957431	0.0568905	-0.668686	0.575488	0.470822	0.100575
-0.033893	-0.0882662	0.0640536	-0.571174	0.481673	0.664644	0.0991151
-0.0492415	-0.0979758	0.061209	-0.666409	0.582106	0.465888	0.110756
-0.0300934	-0.0819723	0.0574037	-0.61264	0.594426	0.520893	0.0960017
-0.054398	-0.0861081	0.0634987	-0.471406	0.482728	0.738072	0.110191
-0.0212785	-0.0900117	0.0638236	-0.623992	0.565884	0.538897	0.0894919
-0.0317296	-0.0935667	0.0672111	-0.679514	0.499442	0.537418	0.0868214
-0.0464006	-0.084696	0.0599586	-0.553858	0.547015	0.627707	0.100876
-0.0364024	-0.0849986	0.0617833	-0.554341	0.389534	0.735507	0.0912014
-0.0399757	-0.0879883	0.0566635	-0.567383	0.374783	0.733222	0.0990202
-0.0362425	-0.0883332	0.054248	-0.58185	0.560312	0.589492	0.0971098
-0.0443584	-0.1041	0.0630884	-0.719883	0.599875	0.349169	0.104348
-0.0437413	-0.0811502	0.0573838	-0.513051	0.520754	0.682345	0.0946816
-0.030057	-0.0852333	0.0585278	-0.597731	0.333323	0.729118	0.0871459
-0.0605725	-0.0811698	0.0600996	-0.450563	0.597422	0.663385	0.106466
0.0103431	-0.0885601	0.0477445	-0.79199	0.143272	0.593486	0.0740372
-0.0282329	-0.080315	0.0594086	-0.487397	0.35502	0.79775	0.0815088
-0.0615009	-0.0959902	0.0654469	-0.561157	0.598455	0.571799	0.1175
-0.0263091	-0.0851715	0.0559566	-0.694673	0.516483	0.500675	0.0834042
-0.0435106	-0.081631	0.0530112	-0.546508	0.683245	0.484258	0.09364
-0.0457739	-0.0818938	0.0619152	-0.510892	0.551567	0.659366	0.0963742
-0.0322966	-0.0973864	0.0646484	-0.719597	0.569997	0.396589	0.0924395
-0.0389642	-0.0839354	0.0681945	-0.481761	0.662776	0.573266	0.100181
-0.0573739	-0.0898228	0.0599829	-0.493078	0.467975	0.733398	0.114005
-0.0397143	-0.083044	0.0600382	-0.54727	0.586378	0.597208	0.0908184
-0.0267487	-0.0907724	0.0653738	-0.680203	0.551085	0.483353	0.0930577
-0.047591	-0.0871918	0.0578117	-0.551741	0.441121	0.70781	0.0957763
0.725291	0.620548	0.0778986	0.719873	0.693436	-0.0304697	0.00838589
-0.0479137	-0.0854326	0.0512912	-0.556727	0.60107	0.573385	0.105638
-0.0542859	-0.0793223	0.0579274	-0.428206	0.665529	0.611319	0.097016
-0.0280625	-0.0990726	0.0629513	-0.689698	0.46885	0.551812	0.0926728
-0.0519558	-0.0777094	0.0590784	-0.408933	0.666585	0.623248	0.100376
-0.0364803	-0.0843477	0.057945	-0.537515	0.555026	0.634842	0.0920106
-0.0340236	-0.086852	0.0589661	-0.649402	0.508844	0.565115	0.0887763
-0.0343722	-0.077993	0.068559	-0.599067	0.598412	0.531997	0.0785176
-0.0463085	-0.0752519	0.0576797	-0.463273	0.679441	0.56898	0.0852032
-0.0408082	-0.07925	0.0558114	-0.496756	0.570007	0.654465	0.0995376
-0.0524646	-0.0803389	0.0619212	-0.482165	0.694407	0.53415	0.09757
-0.00640716	-0.0827643	0.0637798	-0.723453	0.500045	0.475995	0.0697953
-0.0288775	-0.086506	0.0621945	-0.644336	0.509231	0.570539	0.0831361
-0.0519585	-0.0990969	0.067398	-0.584459	0.463242	0.666194	0.1144
-0.0251633	-0.0903734	0.0658377	-0.670833	0.508199	0.540108	0.0821088
0.716313	0.602991	0.0897618	0.723237	0.690366	-0.0179502	0.00184203
-0.0215303	-0.0874875	0.0492724	-0.680089	0.641112	0.355605	0.0885202
-0.0240043	-0.0842711	0.0584945	-0.563065	0.480844	0.672121	0.0891241
-0.023148	-0.0834838	0.04733	-0.650881	0.483024	0.585697	0.0866767
-0.034057	-0.0939205	0.0548449	-0.676634	0.548036	0.491756	0.0959996
-0.0446643	-0.0895846	0.0701221	-0.523356	0.58119	0.62315	0.102253
-0.0428245	-0.0825628	0.0659906	-0.547433	0.663847	0.509533	0.109899
-0.0366063	-0.0886379	0.059096	-0.606935	0.628691	0.486186	0.0975034
-0.0341883	-0.0815436	0.0592904	-0.479924	0.433091	0.762958	0.0941184
-0.0243837	-0.0822276	0.0646175	-0.579866	0.600621	0.550464	0.0831332
-0.0283651	-0.0782114	0.0643645	-0.540807	0.598787	0.590747	0.0815622
-0.0401923	-0.0802937	0.0569639	-0.618342	0.506749	0.600715	0.0782306
-0.0679438	-0.0814762	0.0632511	-0.442332	0.607158	0.660077	0.108539
-0.0440302	-0.0876536	0.0556574	-0.552779	0.619564	0.557294	0.111068
-0.0397132	-0.0827699	0.0558563	-0.506309	0.548735	0.665237	0.0968957
-0.040136	-0.0850085	0.0611354	-0.537909	0.680864	0.49707	0.096844
-0.0482317	-0.0994323	0.0697267	-0.626991	0.585681	0.513674	0.106078
-0.0366638	-0.0772022	0.0595012	-0.419364	0.606322	0.675653	0.0913908
-0.0284348	-0.0835918	0.0663371	-0.506956	0.630344	0.58793	0.0921912
-0.0353969	-0.0860903	0.0607501	-0.587737	0.701961	0.402263	0.0973184
-0.0550774	-0.0932003	0.0659486	-0.58904	0.602425	0.538625	0.100642
-0.02787	-0.0831754	0.0582135	-0.514677	0.507315	0.691187	0.0976846
-0.0605322	-0.0875456	0.0624234	-0.488878	0.561788	0.667377	0.109935
-0.0204319	-0.0850613	0.0699705	-0.502422	0.659703	0.558896	0.0853109
-0.0381181	-0.0835348	0.0588704	-0.583192	0.577793	0.571	0.0875178
-0.0381966	-0.0853767	0.054427	-0.602561	0.624463	0.496957	0.0932904
-0.0507033	-0.0898994	0.0672858	-0.563989	0.563129	0.603989	0.106462
-0.0260917	-0.0870315	0.0610779	-0.638476	0.586063	0.498878	0.0890002
-0.0273028	-0.0862387	0.0577768	-0.6157	0.580648	0.532693	0.0885117
-0.0544471	-0.0800823	0.0614979	-0.430894	0.723975	0.538693	0.103594
-0.0323914	-0.0930529	0.0571209	-0.638731	0.452056	0.62263	0.0961554
-0.058737	-0.084128	0.0655942	-0.507903	0.755097	0.414564	0.108676
-0.0378488	-0.0860122	0.0616719	-0.547371	0.623354	0.558404	0.0959744
-0.0229191	-0.0948728	0.0604084	-0.70532	0.517906	0.484042	0.0998821
-0.0295028	-0.088272	0.0634006	-0.620366	0.649176	0.440132	0.0927021
-0.0347858	-0.0884554	0.0598309	-0.63205	0.544524	0.551367	0.0916245
-0.0318154	-0.096194	0.0707217	-0.631967	0.579877	0.514161	0.0984589
-0.0467706	-0.0813329	0.0607919	-0.483238	0.697072	0.52969	0.0948356
-0.0616462	-0.07448	0.0562867	-0.428933	0.790236	0.437656	0.0918907
-0.0347782	-0.0790449	0.0562287	-0.52554	0.743152	0.414165	0.0960863
-0.0296533	-0.0908516	0.0645332	-0.659909	0.533479	0.529075	0.110296
-0.0257354	-0.0867215	0.0590929	-0.589478	0.543852	0.597278	0.0952452
-0.0416026	-0.0782236	0.0573446	-0.396562	0.649612	0.648647	0.104761
-0.0484089	-0.0793967	0.0624262	-0.49402	0.566532	0.659534	0.091963
-0.0223199	-0.0941593	0.0959888	-0.586326	0.708452	0.392832	0.145116
-0.0250216	-0.102795	0.0719515	-0.711779	0.550338	0.436462	0.10379
-0.0700527	-0.0885899	0.0659611	-0.509759	0.497318	0.702012	0.111685
-0.0442601	-0.100626	0.0654661	-0.682007	0.630414	0.370735	0.118602
-0.0575126	-0.101969	0.0685666	-0.632579	0.564914	0.529827	0.117121
-0.0308688	-0.0903841	0.0711943	-0.585331	0.617333	0.52563	0.10734
-0.0631257	-0.0834669	0.0617241	-0.502955	0.650075	0.569595	0.10957
-0.047634	-0.0907101	0.0599168	-0.555973	0.613054	0.561301	0.107454
-0.0568546	-0.0814409	0.0561897	-0.490598	0.668169	0.559343	0.104664
-0.0650651	-0.0817464	0.0577014	-0.479112	0.595857	0.644521	0.104529
-0.0398515	-0.0797826	0.0635996	-0.436642	0.687139	0.580675	0.0936862
-0.0166983	-0.0792328	0.0583225	-0.626627	0.496703	0.60052	0.0730172
-0.0409861	-0.0889715	0.0660397	-0.568376	0.541794	0.619199	0.0963521
-0.0316364	-0.0888697	0.057619	-0.655075	0.585781	0.477218	0.0897828
-0.0386418	-0.0757938	0.0624116	-0.487595	0.74502	0.455188	0.0984844
-0.0519603	-0.0908234	0.0648828	-0.511847	0.559648	0.651771	0.110823
-0.0265664	-0.0963269	0.0603007	-0.728813	0.503575	0.463945	0.0908152
-0.026323	-0.0894269	0.0567418	-0.645376	0.414615	0.641549	0.0907077
-0.0248004	-0.0870164	0.0615102	-0.54268	0.56134	0.624817	0.0933167
-0.0330449	-0.0801009	0.0627645	-0.48674	0.677761	0.551112	0.102672
-0.0739043	-0.0985419	0.0638254	-0.622307	0.617232	0.481412	0.1152
0.719302	0.626084	0.0857032	0.721794	0.691539	-0.0280441	0.0253588
-0.0267345	-0.0856351	0.0497338	-0.688362	0.622333	0.372639	0.0871148
-0.0379872	-0.0861332	0.0598359	-0.539674	0.483456	0.689218	0.0954328
-0.0467051	-0.0857494	0.0610851	-0.50078	0.645929	0.57619	0.102688
-0.0408756	-0.0772638	0.0689197	-0.404541	0.824261	0.396157	0.0930891
-0.0404084	-0.0787376	0.0601739	-0.465065	0.682311	0.564062	0.087214
-0.026051	-0.0858742	0.0675336	-0.582125	0.619671	0.52644	0.0940154
-0.0547945	-0.0857483	0.0600349	-0.545431	0.611956	0.572726	0.104052
-0.0412754	-0.0927432	0.0654685	-0.635236	0.556102	0.535935	0.0947441
-0.0341247	-0.0815708	0.0606382	-0.469074	0.567262	0.676893	0.0940581
-0.0374423	-0.0797093	0.0577094	-0.530401	0.643398	0.552008	0.0884416
-0.0253698	-0.0891305	0.0600076	-0.680518	0.507255	0.52876	0.0837366
-0.036141	-0.0838817	0.0593894	-0.54401	0.618259	0.567282	0.0940334
2.48789	92.4999	4.40693	0.386925	0.921931	-0.0182614	0.0547969
-0.0681034	-0.0812619	0.0616848	-0.389857	0.59693	0.701203	0.11423
-0.0340653	-0.085252	0.0589227	-0.599339	0.572405	0.559593	0.0903983
-0.0270563	-0.0964444	0.0547853	-0.835763	0.369726	0.405958	0.0838805
-0.0316214	-0.0909261	0.0578822	-0.639966	0.357349	0.680254	0.0962301
-0.0443161	-0.0864425	0.0569105	-0.603033	0.625652	0.494885	0.0979152
-0.0554136	-0.0832742	0.0629363	-0.469178	0.543682	0.695904	0.102364
-0.0355313	-0.0882459	0.0615715	-0.614507	0.63421	0.46921	0.0909709
-0.0283659	-0.0983038	0.0593147	-0.701677	0.495301	0.512179	0.0933431
-0.0420698	-0.0876905	0.063659	-0.605153	0.517054	0.605347	0.0897359
-0.0162609	-0.0821418	0.076929	-0.555112	0.67409	0.487292	0.109078
-0.0315182	-0.0784539	0.0518697	-0.531225	0.579913	0.617658	0.0907804
0.716411	0.59343	0.0883905	-0.723517	-0.690119	0.0160638	0.00592213
-0.0276112	-0.094641	0.0587191	-0.727878	0.461598	0.507071	0.0938123
-0.0479297	-0.0802163	0.0625387	-0.470882	0.59388	0.652362	0.0897618
-0.0311281	-0.0829638	0.0599465	-0.584033	0.519891	0.623392	0.0938183
-0.033165	-0.0884866	0.0640883	-0.604867	0.566887	0.559263	0.0864496
-0.0334367	-0.0871085	0.0579914	-0.596796	0.578441	0.556094	0.0973074
-0.0397513	-0.083902	0.0546911	-0.58596	0.487873	0.647017	0.0911046
-0.0454362	-0.089951	0.0527108	-0.561995	0.606211	0.562734	0.111022
-0.0335206	-0.0782659	0.0641165	-0.499911	0.744393	0.442682	0.105767
-0.0241079	-0.0757982	0.0566222	-0.53405	0.504888	0.678144	0.0750768
-0.0487066	-0.0869612	0.0545978	-0.522896	0.498394	0.691508	0.106656
-0.0492455	-0.0897979	0.0610845	-0.537988	0.582859	0.608969	0.105929
-0.0306119	-0.0841968	0.0660117	-0.679144	0.421263	0.601083	0.0798206
-0.0491094	-0.0781203	0.0606733	-0.430795	0.656767	0.618929	0.0987808
-0.038372	-0.0829707	0.0725701	-0.431883	0.759452	0.486528	0.10166
-0.0354669	-0.0761619	0.0783382	-0.444037	0.75727	0.478929	0.120638
-0.0497677	-0.0846007	0.0685809	-0.445748	0.637798	0.62811	0.0989703
-0.0353752	-0.0884457	0.056407	-0.557669	0.632059	0.538059	0.10078
-0.0275064	-0.1005	0.0621856	-0.766014	0.477006	0.430914	0.093296
-0.0645827	-0.0888685	0.0586498	-0.516059	0.684237	0.51527	0.111419
-0.0628259	-0.0879487	0.0607898	-0.495294	0.525011	0.692133	0.111374
-0.0228311	-0.0804115	0.0564936	-0.562408	0.425936	0.708714	0.076974
-0.0303737	-0.0859244	0.0589489	-0.597592	0.564442	0.569464	0.0912941
-0.0290066	-0.0793406	0.065513	-0.581596	0.717565	0.383205	0.0855526
-0.0448308	-0.0947092	0.0639475	-0.653605	0.523598	0.546485	0.09895
-0.0624773	-0.0842212	0.0637381	-0.465255	0.538413	0.702601	0.102394
-0.0400177	-0.0944943	0.0580452	-0.666098	0.668649	0.330489	0.102114
-0.0534873	-0.089932	0.0678234	-0.500221	0.576966	0.64567	0.108017
-0.0287419	-0.0862646	0.0553435	-0.618666	0.535397	0.57498	0.0929857
0.718041	0.619557	0.0867256	0.719244	0.694375	-0.0230661	0.0134492
-0.0318337	-0.0867972	0.062487	-0.563386	0.499358	0.658208	0.0915491
-0.0415012	-0.0778084	0.0608022	-0.476967	0.665994	0.573546	0.095233
-0.0413427	-0.0817018	0.0556478	-0.530314	0.626168	0.57156	0.108575
-0.0541203	-0.0806805	0.0647563	-0.393769	0.694261	0.602452	0.10598
-0.0426767	-0.0791505	0.0571992	-0.555168	0.575139	0.600836	0.0868003
-0.0349567	-0.0923704	0.0666675	-0.660322	0.496772	0.563198	0.0951379
-0.0292796	-0.0883962	0.0625524	-0.612441	0.620746	0.489479	0.108402
-0.0433871	-0.0840801	0.0665385	-0.521807	0.566721	0.637608	0.100887
-0.0376928	-0.0866654	0.0660301	-0.577936	0.635062	0.512529	0.0928303
-0.0312834	-0.0809829	0.0551397	-0.609839	0.588844	0.530434	0.0808232
-0.0357714	-0.088496	0.0518614	-0.569951	0.554948	0.605961	0.101762
-0.0585778	-0.0995144	0.0614934	-0.660005	0.519006	0.543162	0.112254
-0.0356747	-0.0821356	0.0646336	-0.565774	0.607998	0.55699	0.101522
-0.0307349	-0.0766305	0.0599015	-0.401268	0.583753	0.705845	0.0904801
-0.048781	-0.0791876	0.0569297	-0.391829	0.455307	0.799478	0.102236
-0.0361944	-0.096705	0.0641332	-0.73979	0.550829	0.38639	0.0904769
-0.0446599	-0.083651	0.0636686	-0.551478	0.691088	0.467193	0.0945654
-0.0591906	-0.0895855	0.0800855	-0.527873	0.714683	0.458888	0.144884
-0.0252024	-0.0788513	0.0595592	-0.581314	0.494186	0.646416	0.0737223
-0.0512285	-0.0819408	0.0635196	-0.42263	0.528454	0.736289	0.115246
0.716841	0.601524	0.0833126	-0.723492	-0.690147	0.0160195	0.0241155
-0.0220843	-0.0851132	0.0624873	-0.602753	0.493362	0.627123	0.0783551
-0.0326382	-0.0861012	0.0580742	-0.610644	0.512242	0.603923	0.0891426
-0.0406988	-0.0810817	0.0574789	-0.556645	0.650147	0.51716	0.0867025
0.711771	0.610597	0.0787453	-0.716407	-0.697359	0.0212489	0.0210794
-0.0230216	-0.0903956	0.058394	-0.680534	0.519669	0.516544	0.096503
-0.0349076	-0.0863502	0.0653436	-0.651203	0.675194	0.346479	0.0850252
-0.0552125	-0.0915044	0.0567954	-0.592034	0.599529	0.538573	0.107309
-0.0314028	-0.0853611	0.0671119	-0.615191	0.662983	0.426606	0.0945193
-0.0442807	-0.0834571	0.0576829	-0.508064	0.645953	0.569751	0.0942173
-0.0518376	-0.0859751	0.0620902	-0.523212	0.561159	0.641366	0.108776
-0.0377644	-0.0755281	0.05695	-0.462384	0.660258	0.591828	0.0871206
-0.00856039	-0.0807147	0.0594019	-0.566122	0.421182	0.708598	0.0751878
-52.1179	-52.9686	6.99867	-0.0377988	0.134514	0.990191	0.870994
-0.0312543	-0.0850848	0.0562418	-0.617857	0.560901	0.551037	0.087585
-0.0513945	-0.0832838	0.0604504	-0.469692	0.573413	0.671258	0.106248
-0.028568	-0.0929434	0.0624626	-0.656848	0.554947	0.510475	0.0942222
-0.0325947	-0.0732265	0.0623298	-0.434755	0.790454	0.431475	0.0827556
-0.034264	-0.0796027	0.0569301	-0.568274	0.583036	0.580632	0.0998924
-0.0403583	-0.0889154	0.0611358	-0.594938	0.580741	0.555687	0.0995775
-0.0470803	-0.0898393	0.0599067	-0.593841	0.566483	0.571357	0.102354
-0.0495018	-0.0818602	0.0554988	-0.45005	0.643916	0.618731	0.105682
-0.0354905	-0.0859254	0.061932	-0.553603	0.644079	0.527908	0.093889
-0.0533656	-0.0800984	0.0615093	-0.423823	0.625292	0.655274	0.10329
-0.0232374	-0.0890331	0.0539865	-0.647546	0.397322	0.650245	0.0894258
-0.0253953	-0.0837628	0.0533446	-0.576474	0.549408	0.604838	0.0948178
-0.0464428	-0.0807812	0.0595038	-0.467027	0.487617	0.737642	0.100393
-0.0462655	-0.0886387	0.0607669	-0.597243	0.637805	0.486318	0.0996482
-0.0432642	-0.089927	0.0607047	-0.595403	0.54147	0.593554	0.10291
-0.0325373	-0.0807476	0.0576616	-0.514494	0.582974	0.628838	0.0861389
-0.0548489	-0.08442	0.0579897	-0.564014	0.334262	0.755087	0.0984748
-0.0346813	-0.0883421	0.065137	-0.560189	0.64683	0.517493	0.0957966
-0.0388471	-0.0850058	0.0580314	-0.484673	0.644984	0.590836	0.106055
-0.0515133	-0.084282	0.064502	-0.495926	0.695288	0.520223	0.100298
-0.0355121	-0.0807923	0.0710865	-0.483089	0.669062	0.564784	0.126361
-0.0227395	-0.0802036	0.06019	-0.599449	0.596849	0.533322	0.0872879
-0.0324999	-0.0766634	0.0611949	-0.461263	0.483235	0.744124	0.0866273
-0.0411746	-0.0746266	0.0634298	-0.339827	0.661471	0.668561	0.0941893
-0.0493238	-0.0908828	0.065965	-0.54245	0.528942	0.652662	0.102055
-0.0406153	-0.0861478	0.0508595	-0.571132	0.506145	0.646239	0.099833
-0.0500561	-0.0867728	0.0560007	-0.546448	0.577561	0.60648	0.0980812
-0.0408466	-0.0806498	0.0567661	-0.526788	0.575286	0.625732	0.0882224
-0.0632751	-0.10204	0.0618393	-0.614005	0.52713	0.58748	0.11751
0.714909	0.600007	0.082609	-0.720561	-0.693248	0.0140932	0.0262037
-0.0561546	-0.0895782	0.0607163	-0.561789	0.702696	0.436592	0.107176
-0.0270936	-0.0851831	0.0530099	-0.604288	0.583736	0.542299	0.0828337
-0.0243657	-0.0813687	0.0587921	-0.464563	0.516267	0.719479	0.0923589
-0.037911	-0.0858308	0.0587922	-0.598856	0.669017	0.440212	0.089724
-0.0425215	-0.0755572	0.067218	-0.408557	0.690383	0.597036	0.0885622
-0.0480135	-0.0919777	0.0621326	-0.681083	0.45483	0.573808	0.094345
-0.0522844	-0.0926308	0.060078	-0.562604	0.468237	0.681345	0.109389
-0.0175324	-0.090553	0.0560804	-0.744616	0.32815	0.581261	0.0864434
-0.0287426	-0.0805345	0.0605249	-0.52143	0.663336	0.536746	0.0929621
-0.0361019	-0.0864271	0.0674117	-0.551661	0.539073	0.636452	0.0927092
-0.0283521	-0.09066	0.056931	-0.660027	0.507361	0.55403	0.0880178
-0.0438597	-0.0798786	0.0585746	-0.498537	0.600771	0.624928	0.0913914
-0.0324436	-0.0786338	0.0617771	-0.5718	0.573597	0.586542	0.083536
-0.0359426	-0.0849071	0.0569501	-0.557264	0.432205	0.708982	0.0931856
-0.0334853	-0.0862213	0.065231	-0.580896	0.644452	0.497234	0.0896801
-0.0327864	-0.081727	0.0626281	-0.460408	0.567821	0.682352	0.0972939
-0.035003	-0.0735719	0.0570819	-0.510666	0.660283	0.550679	0.0737137
-0.064698	-0.092383	0.0636067	-0.506572	0.53581	0.675494	0.118148
-0.0394802	-0.0839914	0.060237	-0.557558	0.546837	0.624579	0.09366
-0.0311555	-0.0830776	0.0596835	-0.681297	0.441799	0.583651	0.0770564
-0.0239849	-0.098534	0.0542307	-0.7708	0.530848	0.352233	0.093887
-0.030418	-0.0853527	0.051955	-0.560523	0.641062	0.524264	0.10481
-0.0273792	-0.0824852	0.0558187	-0.524904	0.418911	0.740938	0.084697
-0.0387714	-0.093779	0.0583774	-0.595061	0.556501	0.579835	0.10668
-0.0310068	-0.0837916	0.0669265	-0.531717	0.640625	0.553965	0.0964284
-0.0237119	-0.0925717	0.0548966	-0.693036	0.375661	0.615289	0.0952855
-0.0397741	-0.0879514	0.0615885	-0.515178	0.564392	0.645022	0.100788
-0.0658297	-0.0885425	0.0629404	-0.494266	0.57488	0.652084	0.122515
-0.0348626	-0.0922824	0.0637733	-0.654572	0.493994	0.572281	0.0932851
-0.0438859	-0.0852086	0.061531	-0.553075	0.6537	0.516511	0.0961232
-0.0257404	-0.0857316	0.0531276	-0.624291	0.520265	0.582739	0.0877797
-0.0224749	-0.0791472	0.058312	-0.590847	0.391565	0.705391	0.073395
-0.0658447	-0.0836615	0.0607809	-0.456088	0.675304	0.57961	0.110219
-0.00701655	-0.0836161	0.0612187	-0.700356	0.43682	0.564526	0.0701148
-0.0337473	-0.0872387	0.0637623	-0.614199	0.576087	0.539336	0.0877666
-0.0497256	-0.0904749	0.0586638	-0.561517	0.564214	0.605278	0.108284
-0.0307213	-0.0851364	0.0517053	-0.591225	0.444932	0.672672	0.0897573
-0.0453018	-0.0796362	0.0731072	-0.531878	0.69431	0.484808	0.107052
-0.0373381	-0.0830712	0.0600003	-0.507358	0.645234	0.571193	0.0955788
-0.0377901	-0.0790998	0.0594815	-0.535925	0.653452	0.534588	0.0912013
-0.0392104	-0.083333	0.0667572	-0.48469	0.605436	0.631287	0.0992669
-0.0267049	-0.0855517	0.0559751	-0.654587	0.582891	0.481408	0.0901828
-0.0579586	-0.0802296	0.0670056	-0.333459	0.742386	0.581091	0.107259
-0.0305579	-0.0769264	0.0527117	-0.538334	0.707589	0.457727	0.0853441
-0.0424059	-0.0898066	0.0593292	-0.614791	0.515363	0.59702	0.101791
-0.0243612	-0.0824205	0.0545746	-0.666027	0.565639	0.486272	0.0831004
-0.0426904	-0.0743432	0.0581399	-0.356491	0.619497	0.699383	0.0902719
-0.0599003	-0.0858505	0.0610889	-0.498479	0.64891	0.574834	0.110666
-0.0557733	-0.0739652	0.0638045	-0.39684	0.690937	0.604255	0.103874
-0.0419049	-0.081621	0.0648552	-0.48671	0.557606	0.67245	0.0925246
-0.0407678	-0.0834336	0.0572168	-0.515552	0.481606	0.708705	0.0977488
-0.049623	-0.0918843	0.0574878	-0.598798	0.620055	0.506924	0.109325
-0.00847543	-0.0791512	0.0580104	-0.739545	0.436212	0.512633	0.0649893
-0.0294153	-0.0855409	0.060479	-0.593633	0.554661	0.583054	0.090221
-0.0349	-0.0845264	0.0469374	-0.624321	0.512468	0.589576	0.0956428
-0.0272031	-0.0843769	0.0588544	-0.564399	0.516499	0.643959	0.0920045
-0.0273565	-0.0864957	0.0614679	-0.526549	0.580366	0.621225	0.0921134
-0.0375517	-0.0856329	0.0639941	-0.576924	0.645518	0.500464	0.0925696
-0.0486216	-0.0819538	0.0677352	-0.497424	0.512075	0.700249	0.0895614
-0.0394233	-0.0903131	0.0585199	-0.636784	0.593389	0.492338	0.0988007
-0.0461256	-0.0875018	0.063461	-0.502311	0.491006	0.711756	0.114448
-0.0460686	-0.0847212	0.0590023	-0.602178	0.579106	0.549561	0.098132
-0.0224641	-0.0931888	0.0623686	-0.701744	0.532611	0.47316	0.0880321
-0.0327075	-0.0846309	0.051891	-0.586132	0.596529	0.548273	0.0975158
-0.0441943	-0.0893946	0.0631024	-0.577744	0.637148	0.510151	0.100549
-0.044897	-0.0868384	0.0627638	-0.511018	0.545234	0.664515	0.0977704
-0.0374616	-0.0982782	0.0613247	-0.715672	0.601002	0.355824	0.0999437
-0.0234926	-0.0860651	0.0656879	-0.676739	0.568305	0.468032	0.0756872
-0.0443277	-0.0900123	0.0463235	-0.56985	0.517189	0.638582	0.108321
-0.0192306	-0.0876597	0.0537531	-0.71359	0.504819	0.485743	0.0852045
-0.0550612	-0.079519	0.0622288	-0.382931	0.652168	0.654248	0.101135
-0.0170035	-0.0840329	0.0618507	-0.557013	0.481804	0.676462	0.0864404
-0.0583132	-0.0858186	0.0568947	-0.482588	0.706451	0.517722	0.109869
-0.0365434	-0.0915951	0.0614788	-0.614694	0.55402	0.561439	0.0994019
-0.0509306	-0.0853497	0.0651061	-0.450822	0.508541	0.733584	0.110167
-0.0598293	-0.0777609	0.0581958	-0.377006	0.56789	0.731688	0.102372
-0.0141017	-0.0859949	0.0577332	-0.688848	0.424628	0.58752	0.0755156
-0.0397249	-0.0902215	0.0620107	-0.613229	0.536222	0.580014	0.093511
-0.0277118	-0.0765927	0.0674183	-0.391011	0.695933	0.602318	0.104871
-0.0479827	-0.0878995	0.0601064	-0.533288	0.522289	0.665446	0.0971987
-0.0378847	-0.0875367	0.0792464	-0.572106	0.702554	0.423216	0.111279
-0.0269118	-0.0819061	0.0542387	-0.562751	0.571888	0.596872	0.0895608
0.719524	0.606821	0.0805121	-0.722285	-0.691258	0.0216268	0.00447347
-0.0435242	-0.0796201	0.0573718	-0.480501	0.624801	0.615421	0.0999159
0.720322	0.610056	0.0943601	0.721979	0.691682	-0.0179553	0.00709949
-0.0460704	-0.0845823	0.0647909	-0.42348	0.500534	0.75507	0.106542
-0.0394509	-0.100214	0.0608593	-0.691072	0.64263	0.330828	0.11715
-0.0514421	-0.0859971	0.0633012	-0.517584	0.484617	0.705162	0.0972242
-0.0273942	-0.084933	0.060971	-0.646579	0.529721	0.548936	0.0846336
-0.0155302	-0.0907836	0.0658022	-0.679138	0.561751	0.472449	0.0957504
-0.0426319	-0.0894476	0.0585533	-0.578081	0.530731	0.619796	0.101621
-0.0470701	-0.0862756	0.0607869	-0.546466	0.643552	0.535925	0.0970423
-0.0536148	-0.0958168	0.056186	-0.628569	0.609943	0.482567	0.107327
-0.0197015	-0.0823101	0.0670023	-0.642199	0.537267	0.54674	0.0847376
-0.0360816	-0.093797	0.0691657	-0.594816	0.57778	0.558896	0.111991
-0.0249315	-0.0863867	0.0450211	-0.649075	0.485853	0.585362	0.0935549
-0.0509976	-0.0816095	0.0629864	-0.430012	0.644198	0.632533	0.114843
-0.0368529	-0.0891307	0.0586235	-0.642029	0.445833	0.623724	0.0890602
-0.0481564	-0.0860999	0.0564705	-0.471723	0.649052	0.596833	0.111162
-0.0250387	-0.0792442	0.0449096	-0.534284	0.541453	0.64913	0.0938802
-0.0293379	-0.0956169	0.0672405	-0.643576	0.588415	0.489467	0.111408
-0.0171977	-0.0898997	0.0644586	-0.66557	0.484796	0.567442	0.0847959
-0.0670478	-0.0867854	0.0634711	-0.477251	0.433953	0.764144	0.104434
-0.0426183	-0.0740747	0.0635469	-0.340483	0.740712	0.579152	0.0928027
-0.0256255	-0.084725	0.0706309	-0.58718	0.57863	0.566046	0.103118
-0.0326507	-0.0860516	0.0580407	-0.576893	0.703659	0.4148	0.0946105
-0.0334743	-0.0866369	0.0605082	-0.607402	0.52489	0.596284	0.0908934
-0.049807	-0.0818691	0.0579398	-0.449557	0.442957	0.775685	0.105252
-0.0258884	-0.0799411	0.0529405	-0.540395	0.733742	0.411821	0.0910901
-0.0346161	-0.0775673	0.0642567	-0.469341	0.673306	0.571295	0.100148
-0.0430764	-0.0778122	0.0593613	-0.426122	0.618255	0.66044	0.0964215
-0.0441157	-0.0907451	0.0527692	-0.624098	0.568225	0.536304	0.102609
-0.0262558	-0.0823588	0.0627146	-0.618683	0.651148	0.439588	0.0826352
-0.0272914	-0.0792936	0.0625487	-0.480482	0.669667	0.566288	0.083845
-0.0413946	-0.0760501	0.0553696	-0.371936	0.667977	0.64457	0.099504
-0.0395735	-0.0825273	0.0607665	-0.527354	0.50824	0.680874	0.0889648
-0.0278581	-0.080519	0.0600038	-0.472454	0.517566	0.713381	0.0856277
-0.0530657	-0.0971592	0.0580905	-0.659358	0.599971	0.45308	0.104761
-0.0380209	-0.0851194	0.0576752	-0.584071	0.606728	0.539204	0.0934907
-0.0331819	-0.0829545	0.0573148	-0.703821	0.598836	0.38214	0.0809506
-0.0382424	-0.0922946	0.0602027	-0.697703	0.558499	0.448653	0.0919912
-0.0309492	-0.0796111	0.0594078	-0.523716	0.586808	0.617558	0.0881098
-0.0302049	-0.0876623	0.0575734	-0.61399	0.663062	0.428211	0.0908532
-0.0435691	-0.0924959	0.0751989	-0.567919	0.596037	0.567634	0.097463
-0.0368234	-0.0884576	0.0628677	-0.599932	0.652261	0.46329	0.096296
-0.0437381	-0.0881072	0.0719966	-0.558234	0.605745	0.566964	0.106294
-0.0257961	-0.0842257	0.0531569	-0.659013	0.510144	0.55268	0.0849134
-0.0427826	-0.0884352	0.0551631	-0.638533	0.582024	0.503512	0.0954954
-0.0319371	-0.0958575	0.0523775	-0.727614	0.545998	0.415287	0.0992172
-0.0551678	-0.0804338	0.0557243	-0.507466	0.705519	0.494693	0.103279
-0.0350894	-0.0824918	0.0538745	-0.5987	0.536451	0.594792	0.0896106
-0.0280567	-0.0803114	0.055364	-0.592484	0.564542	0.574678	0.0912005
-0.0426068	-0.0990824	0.0647427	-0.645143	0.528635	0.551667	0.108868
-0.0455481	-0.0915308	0.0582251	-0.744581	0.447056	0.495722	0.0962531
-0.046098	-0.0811904	0.058911	-0.391697	0.367532	0.843501	0.104382
-0.03176	-0.0875098	0.0488472	-0.664049	0.552869	0.503363	0.0959793
25.5748	770.688	43.2702	0.39243	0.919426	-0.0255848	0.0874041
-0.0402299	-0.0839259	0.0639546	-0.448996	0.748893	0.487403	0.105589
-0.0490776	-0.0912292	0.0661245	-0.547363	0.667418	0.504923	0.101297
-0.0276647	-0.0799731	0.0593258	-0.486968	0.494626	0.719867	0.0891962
-0.0409758	-0.0775166	0.0602557	-0.423571	0.480315	0.76804	0.0919879
-0.0495145	-0.0803101	0.0613379	-0.480678	0.63291	0.606938	0.0902177
-0.0610275	-0.0791228	0.0587982	-0.377811	0.666156	0.643036	0.112052
-0.0384321	-0.0945606	0.0526394	-0.651762	0.496423	0.573384	0.104678
-0.030825	-0.0872329	0.0541261	-0.538453	0.595279	0.596415	0.108154
-0.0427523	-0.0886003	0.0488107	-0.691248	0.437519	0.575112	0.097807
-0.046908	-0.0971015	0.0723573	-0.545567	0.479768	0.687153	0.107056
-0.0453023	-0.0757602	0.0606346	-0.445525	0.732575	0.514628	0.105482
-0.0565292	-0.0813208	0.052114	-0.463699	0.555604	0.690136	0.107199
-0.0436584	-0.0760271	0.0653053	-0.434515	0.815234	0.382871	0.0946298
-0.0168528	-0.0858554	0.0648303	-0.615685	0.507301	0.602973	0.0893565
-0.0225537	-0.0956443	0.0648715	-0.750767	0.358954	0.554527	0.0838558
-0.0357973	-0.0925102	0.0641286	-0.607298	0.440458	0.6612	0.100621
-0.0420114	-0.0823531	0.0506246	-0.507325	0.648159	0.567901	0.105044
-0.0357063	-0.0831721	0.0679349	-0.485783	0.672907	0.557863	0.0935379
-0.0405026	-0.0843666	0.060444	-0.611348	0.473533	0.634051	0.0890337
-0.0666544	-0.0794213	0.0574445	-0.390455	0.613952	0.686009	0.111666
-0.0214692	-0.0812859	0.0604468	-0.583044	0.606405	0.540678	0.0960492
1.43172	22.0485	1.27729	0.398914	0.916299	-0.0355459	0.105103
-0.028462	-0.0781538	0.0599254	-0.473753	0.515894	0.713731	0.0829995
-0.0465138	-0.0827464	0.0562191	-0.549684	0.696253	0.461605	0.097191
-0.0634809	-0.0841603	0.0707108	-0.439501	0.67241	0.595571	0.106545
-0.0352109	-0.093401	0.0656805	-0.652754	0.541258	0.530049	0.093583
-0.0516116	-0.0802252	0.0591288	-0.482177	0.600047	0.638317	0.0926532
-0.0468765	-0.0795246	0.0630555	-0.504473	0.667234	0.548002	0.0836798
-0.0278866	-0.0830916	0.0697486	-0.567777	0.6613	0.490217	0.11329
-0.0196659	-0.0809021	0.0566942	-0.527425	0.415542	0.741045	0.0872659
-0.0316651	-0.0819464	0.0615567	-0.61261	0.57598	0.541253	0.0788767
-0.0378352	-0.0806774	0.0606588	-0.515717	0.44498	0.732139	0.0865044
-0.027732	-0.0807044	0.0542038	-0.5308	0.490581	0.691073	0.0892743
-0.0369782	-0.0838522	0.070313	-0.552935	0.702068	0.448736	0.110781
-0.0367025	-0.0827849	0.0594874	-0.510886	0.490977	0.705647	0.0919821
-0.0442964	-0.0757473	0.0658871	-0.380943	0.70326	0.600257	0.102884
-0.0305642	-0.0862281	0.0573548	-0.605283	0.484961	0.631225	0.089194
-0.0291347	-0.0871487	0.0526049	-0.6564	0.472656	0.587992	0.0922082
-0.0207529	-0.0854378	0.0571065	-0.669261	0.438218	0.600046	0.0829364
-0.0263608	-0.0964264	0.063148	-0.742646	0.457507	0.489044	0.0881932
-0.0440265	-0.0838067	0.0551352	-0.489863	0.470014	0.734249	0.0991735
-0.0397963	-0.0811238	0.0588215	-0.573058	0.676673	0.462297	0.0880165
-0.0356613	-0.0891114	0.0527543	-0.631686	0.655268	0.414242	0.102184
-0.0321592	-0.0804768	0.0624336	-0.545435	0.657037	0.520387	0.0860214
-0.0487704	-0.0849021	0.0599244	-0.519506	0.644765	0.560706	0.102179
-0.0307262	-0.0875877	0.0633658	-0.632366	0.556752	0.538646	0.0898597
0.719076	0.60912	0.0798124	-0.720877	-0.692584	0.0257444	0.00136365
-0.0428802	-0.0854078	0.0582684	-0.534319	0.544663	0.646409	0.0992411
-0.0297425	-0.0732016	0.0520989	-0.447357	0.710541	0.543142	0.0828541
-0.0391026	-0.0914768	0.0627045	-0.636566	0.535815	0.554695	0.0974582
-0.045784	-0.0836708	0.0617434	-0.549556	0.486496	0.679198	0.0899083
-0.0284769	-0.0823697	0.0495864	-0.596541	0.511202	0.618718	0.0891861
-0.0493088	-0.0871604	0.0601687	-0.586339	0.599947	0.544307	0.101737
-0.0358823	-0.0826918	0.0530177	-0.541455	0.637111	0.548558	0.0929981
-0.0353578	-0.0807549	0.0638625	-0.60179	0.648221	0.466538	0.0794209
-0.0694956	-0.0851729	0.0640643	-0.47529	0.683243	0.554326	0.112043
-0.0290385	-0.0900594	0.0657186	-0.64059	0.560207	0.525178	0.096806
-0.0247191	-0.0848288	0.0497268	-0.564594	0.726859	0.391037	0.0968552
-0.0352371	-0.0821541	0.0619858	-0.503575	0.546027	0.669527	0.0927063
-0.0368915	-0.0865853	0.0628676	-0.537952	0.656369	0.52895	0.0883417
-0.0354869	-0.0833815	0.0612418	-0.582012	0.600297	0.548549	0.0862701
-0.0163373	-0.0787298	0.0652146	-0.498682	0.756307	0.423458	0.0977782
-0.0516683	-0.0841818	0.0592127	-0.667607	0.483248	0.566368	0.0856538
-0.0517781	-0.0931077	0.0650866	-0.568329	0.678311	0.465722	0.108687
-0.0640422	-0.0799473	0.060377	-0.407555	0.715073	0.567951	0.108516
-0.0265454	-0.0971759	0.0553406	-0.742461	0.502543	0.442947	0.0935337
-0.029072	-0.0832452	0.0635737	-0.56155	0.473094	0.678854	0.090364
-0.0502242	-0.0806788	0.0561975	-0.519084	0.496047	0.696053	0.0988198
-0.0359272	-0.0844112	0.0615735	-0.576719	0.557645	0.597016	0.083958
-0.0456174	-0.0794358	0.0651799	-0.412712	0.564984	0.714467	0.10404
-0.046499	-0.0857013	0.0577417	-0.578424	0.56257	0.590712	0.091735
-0.0330343	-0.0885972	0.0643442	-0.648003	0.467843	0.601012	0.0933224
-0.048961	-0.0817651	0.054245	-0.489988	0.689087	0.533921	0.105151
-0.0280566	-0.0835205	0.0549426	-0.553214	0.598913	0.579015	0.0995358
-0.0450286	-0.0933113	0.0662232	-0.638242	0.64827	0.415204	0.105779
-0.0349429	-0.0757221	0.0575605	-0.496056	0.71922	0.486468	0.0886401
-0.0347156	-0.0921767	0.052857	-0.647027	0.563904	0.513195	0.0986044
-0.0680426	-0.0902316	0.0636602	-0.5085	0.552581	0.660365	0.112345
-0.0366224	-0.0860046	0.0578021	-0.563762	0.609911	0.55694	0.094364
-0.038065	-0.0874586	0.0616846	-0.57077	0.656301	0.493448	0.100579
-0.0487563	-0.0796634	0.0603197	-0.499747	0.57852	0.644645	0.0930859
-0.0269802	-0.0823408	0.0562029	-0.59439	0.622155	0.509533	0.106064
-0.0399915	-0.0881968	0.0596023	-0.691047	0.407594	0.596927	0.0886534
-0.0525011	-0.0761439	0.0522324	-0.470199	0.62762	0.620489	0.0868785
-0.0367051	-0.0892282	0.0612277	-0.593681	0.688531	0.416495	0.0984836
-0.0434594	-0.0859355	0.051394	-0.543999	0.500991	0.673107	0.106613
-0.01325	-0.100976	0.0625437	-0.815938	0.371484	0.442995	0.0852828
-0.0443785	-0.088581	0.0587114	-0.590452	0.703997	0.394658	0.106393
-0.0297805	-0.0822209	0.0623663	-0.524932	0.440499	0.72829	0.086622
-0.028773	-0.0918649	0.0636679	-0.625799	0.545963	0.557046	0.0949385
-0.0475256	-0.082426	0.070025	-0.522395	0.694467	0.494792	0.0870903
-0.0302662	-0.0859547	0.0599325	-0.550986	0.580801	0.599237	0.104969
-0.0486423	-0.0834885	0.0536728	-0.557989	0.6384	0.530182	0.0984167
-0.0405069	-0.0847976	0.0594588	-0.531738	0.645802	0.5479	0.0977251
-0.0247028	-0.0983338	0.0562735	-0.754012	0.422442	0.503001	0.0931127
-0.041031	-0.0749061	0.0645617	-0.389132	0.708874	0.58828	0.0959878
-0.0273482	-0.0886779	0.0628201	-0.727055	0.388288	0.566236	0.0794861
-0.0413917	-0.0979172	0.057027	-0.713141	0.594252	0.37188	0.0989877
-0.0470722	-0.091106	0.0642435	-0.591199	0.603371	0.53519	0.102386
-0.0304503	-0.0789003	0.0555918	-0.500754	0.48857	0.714524	0.0881226
-0.05822	-0.0907179	0.0494134	-0.592906	0.578333	0.560351	0.107937
-0.0362868	-0.0966762	0.0619171	-0.65959	0.562515	0.498516	0.107416
-0.0360049	-0.0856258	0.0558563	-0.616439	0.659089	0.430818	0.0941615
-0.0315148	-0.0830344	0.0672748	-0.57571	0.664991	0.475757	0.0845179
-0.0249788	-0.0773963	0.0535265	-0.515259	0.664767	0.540918	0.0881662
-0.0268743	-0.0718662	0.0567243	-0.407999	0.50139	0.762984	0.0793349
-0.0436172	-0.0859094	0.0604455	-0.585706	0.651054	0.48278	0.0911055
-0.0416103	-0.0817991	0.0644623	-0.53722	0.620294	0.571515	0.0894123
-0.0184032	-0.0845677	0.0536781	-0.745433	0.493687	0.447887	0.0810978
-0.029433	-0.0873145	0.0650085	-0.626136	0.642862	0.441228	0.102174
-0.0254517	-0.0850002	0.0838617	-0.54928	0.706994	0.445479	0.136387
-0.0264042	-0.0903099	0.0587809	-0.671918	0.537755	0.50926	0.0957702
-0.0482909	-0.0894469	0.0523263	-0.598691	0.58763	0.544298	0.107882
-0.0412899	-0.0894255	0.0633648	-0.603725	0.664582	0.440282	0.0978502
-0.023729	-0.0894921	0.0551426	-0.655765	0.438854	0.614312	0.0973726
-0.0287869	-0.101574	0.0651114	-0.731845	0.559904	0.388472	0.107759
-0.0203961	-0.0843443	0.0601962	-0.549289	0.519819	0.65427	0.0898052
-0.0362861	-0.0813639	0.0518186	-0.610207	0.503953	0.611293	0.0873482
-0.0274971	-0.0808906	0.0553859	-0.581684	0.617316	0.529683	0.0903613
-0.0264548	-0.0834711	0.0596649	-0.556466	0.486242	0.673731	0.0886698
-0.0263099	-0.0797251	0.0587042	-0.604965	0.568379	0.55764	0.0767092
-0.0373658	-0.0892437	0.0580672	-0.657414	0.542591	0.522878	0.0916831
-0.0257148	-0.0866425	0.0572139	-0.617093	0.440521	0.652026	0.090747
-0.0239871	-0.0852946	0.0510484	-0.654072	0.513037	0.555862	0.0884178
-0.0271716	-0.0836443	0.0593909	-0.611011	0.611097	0.503215	0.087779
-21.1283	-21.9661	2.45224	-0.11357	0.0740134	-0.990769	0.759398
-0.0150984	-0.0843855	0.0566048	-0.696419	0.601066	0.392072	0.079408
-0.0360305	-0.0732621	0.0549887	-0.522103	0.702771	0.48324	0.086641
-0.0344104	-0.0844024	0.0621529	-0.580827	0.5569	0.593719	0.0839741
-0.0405501	-0.077542	0.0574406	-0.60496	0.573397	0.552485	0.0819907
-0.0467193	-0.0869832	0.0712334	-0.548399	0.585454	0.597078	0.117534
-0.0441878	-0.0779282	0.0609227	-0.546382	0.614467	0.56912	0.0886683
-0.0376751	-0.0871127	0.0551591	-0.62241	0.600688	0.501777	0.0991254
-0.0434921	-0.0875208	0.0589919	-0.494034	0.485849	0.721028	0.106798
-0.0165501	-0.0808265	0.0567694	-0.609709	0.62161	0.491788	0.103839
-0.0274623	-0.0769174	0.0547843	-0.538589	0.617017	0.573771	0.0820286
-0.0393267	-0.0818348	0.0575399	-0.521624	0.593574	0.612845	0.0951534
-0.0233827	-0.0838187	0.0532683	-0.640132	0.351548	0.683114	0.0766168
-0.032508	-0.0882575	0.0587398	-0.587122	0.445023	0.676197	0.0976187
-0.0280174	-0.0933017	0.062092	-0.706342	0.474478	0.525311	0.0969258
-0.0463948	-0.0949984	0.0650135	-0.631652	0.673125	0.384602	0.113956
-0.0388641	-0.0923247	0.0690867	-0.590788	0.702238	0.397281	0.104854
-0.0591881	-0.0837624	0.0721338	-0.388903	0.691694	0.608534	0.111035
-0.059793	-0.0873091	0.0639991	-0.508744	0.634444	0.581946	0.107587
-0.0421844	-0.0861678	0.0647538	-0.502346	0.660535	0.55798	0.0972138
-0.0295238	-0.0868666	0.0507584	-0.614874	0.552026	0.563202	0.099218
-0.0486735	-0.0873706	0.054962	-0.556723	0.483187	0.675714	0.10196
-0.0723611	-0.0802556	0.0605575	-0.36467	0.50244	0.783945	0.117707
-0.0459527	-0.0847143	0.0655835	-0.600294	0.645089	0.472766	0.0993943
-0.0393772	-0.0816459	0.052824	-0.512139	0.48145	0.71128	0.0935323
-0.0180325	-0.0974241	0.0621425	-0.762434	0.417445	0.494403	0.0864757
-0.0421875	-0.0773856	0.0775473	-0.508871	0.784517	0.354377	0.126294
-0.0531896	-0.0990032	0.0641081	-0.626615	0.57214	0.52916	0.109934
-0.0393853	-0.0907452	0.0576468	-0.661922	0.586613	0.46663	0.0991698
-0.0336411	-0.0797755	0.0570619	-0.554935	0.621005	0.553534	0.0865831
-0.0284681	-0.0818346	0.049477	-0.589798	0.505358	0.629883	0.0869235
-0.0241403	-0.0900269	0.0568062	-0.723772	0.509252	0.465635	0.0833713
-0.0560709	-0.0796416	0.0593859	-0.431358	0.627988	0.647736	0.0968147
-0.0543071	-0.0796095	0.0591504	-0.453022	0.591341	0.667149	0.101436
-0.0519679	-0.0825714	0.0667517	-0.478319	0.633016	0.608688	0.104272
-0.0333204	-0.0843206	0.0560552	-0.598077	0.634605	0.48947	0.0907918
-0.028519	-0.0863043	0.0599399	-0.652027	0.61525	0.443089	0.0867162
-0.064805	-0.0876006	0.0567933	-0.516694	0.617496	0.593065	0.11011
-0.026319	-0.0943593	0.0621595	-0.748419	0.472352	0.465566	0.0846957
-0.00784697	-0.0773613	0.0704364	-0.584435	0.600895	0.545309	0.0918596
-0.0458183	-0.0867127	0.0576277	-0.596697	0.679549	0.426809	0.0987751
-0.0452784	-0.0885715	0.060404	-0.592535	0.578798	0.560263	0.0967508
-0.0362611	-0.076805	0.0599395	-0.478748	0.574925	0.663522	0.0822756
-0.0324167	-0.0902677	0.0599658	-0.641953	0.594893	0.483734	0.0965243
-0.0385165	-0.0812272	0.0646344	-0.533819	0.627643	0.566658	0.08689
-0.0358475	-0.0889805	0.0552858	-0.657766	0.615112	0.434719	0.0960906
-0.0271218	-0.0909481	0.0476407	-0.704941	0.592994	0.389122	0.11206
-0.0319982	-0.0766582	0.0591514	-0.470154	0.667129	0.577836	0.0840254
-0.0693049	-0.0839833	0.063481	-0.448693	0.588572	0.672501	0.106277
-0.0379715	-0.0867014	0.0623052	-0.555218	0.67748	0.482445	0.103555
-0.0347318	-0.0879806	0.0584592	-0.606596	0.637825	0.474574	0.0978835
-0.0354486	-0.0862335	0.0580037	-0.629853	0.622378	0.464684	0.0928381
-0.0535952	-0.0895594	0.0642455	-0.550462	0.64355	0.531823	0.10493
-0.0381057	-0.0846418	0.0559432	-0.548408	0.578073	0.604219	0.10107
-0.0221557	-0.0920672	0.0621013	-0.646461	0.47376	0.59803	0.0962153
-0.0295959	-0.0872868	0.0601288	-0.567596	0.462009	0.681456	0.105119
-0.0255829	-0.0858331	0.058242	-0.629011	0.604638	0.488629	0.0882091
-0.0351302	-0.0783645	0.077885	-0.472971	0.714822	0.5151	0.125595
-0.0634574	-0.0882405	0.0640267	-0.492932	0.60434	0.625932	0.12698
-0.0395567	-0.0881226	0.0616884	-0.612919	0.565165	0.552195	0.0931923
-0.0521298	-0.0907893	0.0606891	-0.74599	0.42843	0.509849	0.0985777
-0.0572671	-0.084303	0.062372	-0.468648	0.465912	0.75053	0.104681
-0.0572266	-0.0779857	0.062314	-0.438333	0.690134	0.575829	0.0968478
-0.036941	-0.0730787	0.0588957	-0.455957	0.444896	0.770824	0.079765
-0.0415785	-0.078444	0.0584837	-0.509298	0.674612	0.534335	0.0900991
-0.0463381	-0.0869978	0.0667277	-0.541543	0.677364	0.497905	0.126805
-0.00377619	-0.0849847	0.0543554	-0.638655	0.703969	0.310722	0.0755754
-0.0309742	-0.0842475	0.0631983	-0.551208	0.636116	0.539931	0.0910776
-0.0633581	-0.0951583	0.0589267	-0.582741	0.65524	0.480702	0.118189
-37.6833	-38.8852	4.45571	-0.125047	0.0727727	-0.989478	0.758595
-0.027841	-0.0939005	0.0538268	-0.708153	0.525489	0.471572	0.0915041
-0.03758	-0.0829935	0.0621094	-0.518733	0.583406	0.624942	0.0967338
-0.0594455	-0.0850864	0.0586715	-0.481698	0.618723	0.620604	0.109459
-0.0370579	-0.0833348	0.0600457	-0.608767	0.581365	0.539831	0.08853
-0.06119	-0.0987849	0.0670482	-0.580678	0.597993	0.552464	0.112246
-0.0345448	-0.0971687	0.0544741	-0.672168	0.537358	0.509349	0.103834
-0.02737	-0.0879879	0.0627923	-0.552936	0.447296	0.702985	0.0938192
-0.0329756	-0.0893183	0.0679953	-0.648196	0.58267	0.490243	0.0851229
-0.0640681	-0.0857875	0.0592827	-0.46317	0.529023	0.711061	0.11463
-0.0345578	-0.091179	0.061822	-0.679777	0.568569	0.463285	0.0926192
-0.0399676	-0.0766848	0.0594113	-0.507908	0.658193	0.555708	0.0845319
-0.0385159	-0.0814063	0.0543071	-0.491987	0.578226	0.650848	0.0977909
-0.0272427	-0.0803988	0.0503146	-0.513189	0.458808	0.725349	0.0915124
-0.0300134	-0.0805763	0.054131	-0.547946	0.637972	0.54106	0.0911731
-0.0459869	-0.0897272	0.0591552	-0.594881	0.681964	0.42549	0.0981286
-0.0439687	-0.0924901	0.063218	-0.613019	0.560073	0.557248	0.100878
-0.0297747	-0.0951531	0.0609384	-0.703532	0.438087	0.559574	0.0933583
-0.045242	-0.079862	0.0564393	-0.461917	0.477509	0.747408	0.0934899
-0.0668704	-0.0808378	0.0635136	-0.389366	0.523149	0.758096	0.107032
-0.0330231	-0.0850346	0.0601908	-0.547568	0.549733	0.630843	0.0953527
-0.0501574	-0.0822398	0.0614827	-0.508335	0.658184	0.555329	0.100387
-0.0219833	-0.0909137	0.0588255	-0.708184	0.498727	0.499747	0.0896234
-0.0454366	-0.0811596	0.0572232	-0.475676	0.585398	0.656537	0.0990766
-0.0429593	-0.101551	0.0620458	-0.701113	0.552554	0.450693	0.1055
-0.0550705	-0.0855668	0.0664184	-0.496487	0.599745	0.62754	0.109403
-0.0434116	-0.0865244	0.0538102	-0.577823	0.531181	0.619651	0.110898
-0.0627625	-0.0818333	0.0734863	-0.396423	0.646361	0.651971	0.109217
-0.0302307	-0.0858885	0.062756	-0.624579	0.556367	0.548048	0.0850541
-0.0433974	-0.0855588	0.0626742	-0.564609	0.516724	0.643594	0.103425
-0.0299246	-0.0754184	0.0563369	-0.529655	0.65503	0.538889	0.0863176
-0.000930652	0.207747	0.375862	0.0377466	0.701968	0.711208	0.151527
-0.0288864	-0.083308	0.0544468	-0.620537	0.54261	0.566134	0.0810335
-0.0303649	-0.0809971	0.0618096	-0.562736	0.585066	0.583975	0.0931481
-0.0374417	-0.0881987	0.0627409	-0.593757	0.667046	0.450003	0.0975069
-0.0186364	-0.0909803	0.0680958	-0.722908	0.417267	0.55072	0.0808652
-0.0421592	-0.0836813	0.0739105	-0.520838	0.701267	0.486777	0.120962
-0.0374919	-0.0859376	0.0545032	-0.54702	0.493654	0.676074	0.101958
-0.0307302	-0.0800613	0.0591374	-0.624616	0.62105	0.473447	0.0805659
-0.0377188	-0.0877115	0.0558024	-0.587412	0.531203	0.61055	0.0951791
-0.0273978	-0.0827186	0.0541786	-0.641073	0.545025	0.540345	0.0880749
-0.0306417	-0.0788049	0.0637032	-0.508435	0.620298	0.597264	0.0813336
-0.0363132	-0.084374	0.0508338	-0.629417	0.593235	0.501903	0.0905432
-0.0370542	-0.083689	0.0606418	-0.59585	0.560593	0.575064	0.0913545
-0.029303	-0.0774714	0.0576241	-0.473713	0.491845	0.730537	0.0806608
-0.0346849	-0.0811673	0.0497493	-0.518991	0.446345	0.728988	0.0930427
0.719723	0.605525	0.0930192	-0.722503	-0.691175	0.0163306	0.0080705
-0.0467782	-0.0864684	0.059349	-0.632547	0.664739	0.397501	0.0912924
-0.0320685	-0.0798832	0.0595078	-0.525152	0.56323	0.637955	0.0947548
-0.0375499	-0.0769627	0.063035	-0.515044	0.657346	0.550114	0.0793164
-0.0238235	-0.0899326	0.0549636	-0.725393	0.47175	0.501255	0.0830744
-0.0442436	-0.0876283	0.0591423	-0.599941	0.589576	0.540807	0.0975514
-0.0410403	-0.0846518	0.0573138	-0.521438	0.475461	0.708547	0.100686
-0.0590779	-0.0852835	0.0596131	-0.461411	0.594433	0.658596	0.112332
-0.03274	-0.0830832	0.041596	-0.607242	0.445191	0.658074	0.0992552
-0.0660322	-0.0865308	0.0620143	-0.508267	0.571594	0.644162	0.108466
-0.0277426	-0.0853434	0.0538433	-0.670662	0.561101	0.485158	0.0881503
-0.0386706	-0.0897075	0.0653908	-0.609623	0.605062	0.512113	0.104178
-0.0543482	-0.0817484	0.0590754	-0.519523	0.684935	0.510843	0.108255
-0.0502694	-0.0788747	0.0546702	-0.373535	0.624319	0.686074	0.108798
-0.047367	-0.0883942	0.0639924	-0.640121	0.581236	0.502405	0.0934767
-0.042116	-0.0831217	0.0501788	-0.577025	0.637657	0.510328	0.108121
-0.0364388	-0.0827392	0.0583576	-0.470724	0.699711	0.537423	0.101321
-0.0287088	-0.0957389	0.057858	-0.68256	0.532932	0.500095	0.0970385
-0.0426693	-0.080395	0.0579386	-0.552151	0.535778	0.638804	0.0843832
-0.0373477	-0.0874604	0.0634274	-0.566722	0.662218	0.490197	0.0934591
-0.0415068	-0.101299	0.0620545	-0.731006	0.472406	0.492404	0.0954795
-0.050459	-0.0824688	0.0642521	-0.452537	0.595413	0.663847	0.106068
-0.0328605	-0.0782339	0.0616455	-0.405443	0.750379	0.522061	0.0922022
-0.0263589	-0.0819217	0.057027	-0.553753	0.439574	0.7072	0.0840852
-0.0448975	-0.0850792	0.0615755	-0.522894	0.644914	0.557376	0.100389
-0.0297357	-0.0854846	0.0635219	-0.554898	0.666938	0.497275	0.0899465
-0.0373646	-0.087913	0.0737102	-0.551901	0.760516	0.342082	0.104202
-0.0411867	-0.0831443	0.0573945	-0.582789	0.586011	0.562982	0.091441
-0.0316104	-0.0835559	0.0531494	-0.599524	0.488024	0.634354	0.0876046
-0.016601	-0.085468	0.0599524	-0.558858	0.482141	0.674698	0.0919087
-0.0347372	-0.0781855	0.0557985	-0.538614	0.501567	0.676997	0.0909946
-0.0390127	-0.0830519	0.0661092	-0.497072	0.701942	0.510095	0.10231
-0.0492559	-0.0912202	0.0716321	-0.601565	0.720663	0.344622	0.113654
-0.0328738	-0.0782511	0.0610724	-0.571691	0.696346	0.433904	0.0834897
-0.0452766	-0.0828444	0.0554912	-0.542135	0.685988	0.485293	0.0988834
-0.044828	-0.0806369	0.0576651	-0.508476	0.589403	0.627738	0.0940089
-0.0282337	-0.096611	0.0565128	-0.720183	0.579113	0.382054	0.0977958
-0.03266	-0.0772622	0.0594023	-0.441155	0.595429	0.671451	0.0854908
-0.024143	-0.0776013	0.0561907	-0.568225	0.504099	0.650388	0.0795798
-0.0294816	-0.0851608	0.0631859	-0.57739	0.641971	0.504473	0.0906485
-0.0256379	-0.0897857	0.0619604	-0.648374	0.579728	0.493484	0.0982856
-0.0272727	-0.0991797	0.0538428	-0.73439	0.397323	0.550277	0.0957573
-0.0315583	-0.0809848	0.0530211	-0.575383	0.516644	0.634045	0.0900655
-0.0373524	-0.0768203	0.0580385	-0.483539	0.567079	0.666792	0.0772892
-0.026479	-0.0752349	0.0629792	-0.670418	0.324374	0.667324	0.0705296
-0.034878	-0.0940521	0.0404247	-0.710045	0.535566	0.457171	0.104031
-0.040165	-0.0862279	0.0513903	-0.600057	0.67523	0.428948	0.0881386
-0.0304865	-0.0878843	0.0628138	-0.577511	0.544261	0.60849	0.0949304
-0.0399713	-0.0886057	0.0568885	-0.629211	0.56621	0.532447	0.0938754
-0.0362679	-0.0758014	0.0583199	-0.495002	0.542494	0.678729	0.082238
-0.0274913	-0.0865836	0.0584407	-0.605689	0.376389	0.701051	0.0875865
-0.0280492	-0.0876921	0.0548604	-0.619142	0.624949	0.475502	0.0923794
-0.0459756	-0.0809552	0.062825	-0.51579	0.612767	0.59873	0.0909165
-0.0495202	-0.0822343	0.0593445	-0.542547	0.602167	0.585694	0.0937659
-0.0476394	-0.0785312	0.0554698	-0.405321	0.522581	0.750083	0.101676
-0.0184713	-0.102746	0.0880623	-0.66055	0.664884	0.348717	0.156332
-0.0729908	-0.088577	0.0651331	-0.449713	0.615829	0.646925	0.12297
-0.0416521	-0.0786347	0.0603043	-0.505673	0.671776	0.541306	0.0862678
-0.0289293	-0.0817235	0.0564143	-0.568656	0.577518	0.58575	0.0842175
-0.0488846	-0.0801314	0.0566629	-0.519767	0.595553	0.612501	0.0943647
-0.04699	-0.0853582	0.0581574	-0.511404	0.604815	0.610463	0.102524
-0.0269083	-0.0865403	0.0658924	-0.621824	0.543727	0.563645	0.099843
-0.0575102	-0.100833	0.0697537	-0.638626	0.554078	0.533998	0.111746
-0.0188221	-0.0906425	0.0629784	-0.618166	0.333792	0.711655	0.0866154
-0.0284974	-0.0845	0.0622417	-0.584059	0.51111	0.630588	0.0899453
-0.0336006	-0.0863195	0.059269	-0.610818	0.544672	0.574659	0.0901561
-0.0438516	-0.0967441	0.0646656	-0.646292	0.629505	0.431312	0.106063
-0.0655975	-0.0825404	0.0576913	-0.485422	0.567949	0.664679	0.104688
-0.0298087	-0.0785156	0.0631037	-0.545754	0.677092	0.493659	0.0790111
-0.048781	-0.0849292	0.0585685	-0.577218	0.575848	0.57898	0.0981435
-0.0410981	-0.103817	0.0655589	-0.73146	0.515546	0.446295	0.106894
-0.033123	-0.0934116	0.0630642	-0.69987	0.520146	0.489521	0.0888815
-0.041677	-0.0780264	0.0637631	-0.516421	0.640687	0.568181	0.0881709
-0.0288627	-0.0851283	0.0572747	-0.612803	0.518424	0.596413	0.0864808
-0.0269906	-0.0885729	0.0594608	-0.628667	0.537384	0.562135	0.0932463
-0.0305235	-0.0811467	0.0574957	-0.538794	0.6278	0.561755	0.0954342
-0.0423753	-0.089029	0.059453	-0.645227	0.653388	0.395937	0.0953658
-0.0331482	-0.0858458	0.053033	-0.634453	0.479648	0.606141	0.0878602
-0.05376	-0.0982274	0.062536	-0.612825	0.518432	0.596384	0.108255
-0.041211	-0.0781573	0.0627392	-0.501802	0.717848	0.482586	0.0945998
-0.0404425	-0.0903197	0.0576177	-0.699749	0.505929	0.504368	0.0914477
-0.0316875	-0.0772196	0.0527262	-0.534439	0.525374	0.662085	0.0817747
-0.0476046	-0.0775799	0.0618313	-0.451769	0.694758	0.559657	0.0935408
-0.0372571	-0.0793552	0.0646589	-0.534987	0.691722	0.485087	0.0864689
-0.0416539	-0.0885836	0.0590765	-0.586347	0.507565	0.631328	0.0991234
-0.0396977	-0.101475	0.0684537	-0.676099	0.334559	0.656476	0.0992417
-0.0284958	-0.0861455	0.0547919	-0.52785	0.54597	0.650608	0.0955095
-0.053196	-0.0940108	0.0593846	-0.605439	0.565863	0.559681	0.108639
-0.0334211	-0.0832668	0.0605895	-0.522179	0.657673	0.542951	0.090928
-0.0511434	-0.0888639	0.0615859	-0.560814	0.598547	0.572039	0.114832
-0.0405889	-0.0813673	0.0551905	-0.539543	0.607529	0.582926	0.0918774
-0.0431915	-0.0841837	0.0615855	-0.528851	0.647121	0.549137	0.0960618
-0.0213511	-0.0843457	0.0595093	-0.600319	0.428557	0.675245	0.0877457
-0.0529603	-0.091954	0.0638918	-0.64419	0.532012	0.54953	0.0969414
-0.0383359	-0.0831014	0.0667858	-0.605232	0.555111	0.570566	0.0796398
-0.0453781	-0.0771051	0.0553086	-0.436009	0.606385	0.664977	0.0944408
-0.0602632	-0.0823816	0.0618151	-0.503083	0.547585	0.668624	0.0986127
-0.0245204	-0.0859382	0.0554949	-0.661262	0.464045	0.589402	0.089002
1.69144	29.3116	1.54482	0.398253	0.916697	-0.0325836	0.0897411
-0.0409108	-0.0801003	0.0601123	-0.478807	0.517958	0.708846	0.091616
-0.0247724	-0.0871118	0.0565701	-0.671293	0.528795	0.519367	0.0844773
-0.035046	-0.0816547	0.0663165	-0.479987	0.630077	0.610422	0.0905924
-0.0514064	-0.0846232	0.065575	-0.507782	0.551234	0.662041	0.0981778
-0.0526359	-0.0863687	0.0555153	-0.553666	0.554778	0.621027	0.099822
-0.0249891	-0.0827786	0.0648347	-0.575533	0.584531	0.571914	0.0931978
-0.0496392	-0.0875713	0.0670642	-0.579509	0.601891	0.549451	0.104212
-0.0284732	-0.0870845	0.0513189	-0.700838	0.445949	0.556736	0.0893189
-0.0242561	-0.0891305	0.063454	-0.593618	0.606012	0.529497	0.0899149
-0.0672183	-0.0882352	0.0582056	-0.552607	0.600537	0.577912	0.108152
-0.0492216	-0.0778012	0.056531	-0.418021	0.558795	0.716245	0.0988109
-0.0227048	-0.0796004	0.0587287	-0.500136	0.66679	0.552499	0.102494
-0.049448	-0.0830585	0.0595649	-0.519917	0.586726	0.620837	0.121124
-0.0433487	-0.0864334	0.0635944	-0.549838	0.641603	0.534812	0.0982248
-0.0269987	-0.0804867	0.0616387	-0.593414	0.642893	0.484302	0.0939316
-0.0429896	-0.0864437	0.0579717	-0.540441	0.607459	0.582166	0.103531
-0.0269379	-0.0841359	0.0523838	-0.534206	0.554925	0.637717	0.0959225
-0.0438698	-0.086405	0.0537424	-0.575897	0.529987	0.622461	0.101066
-0.0525125	-0.0765614	0.0604005	-0.501988	0.619984	0.603015	0.0896629
-0.0506043	-0.0937652	0.0616601	-0.630691	0.675677	0.381694	0.102184
-0.0551131	-0.0824791	0.0583079	-0.465938	0.622234	0.629067	0.105229
-0.0425841	-0.0896111	0.0500944	-0.627436	0.471825	0.61944	0.0955088
-0.0400513	-0.0754357	0.062599	-0.410418	0.765898	0.494933	0.0892742
-0.0340445	-0.0861527	0.0556636	-0.619645	0.635431	0.460725	0.0943647
-0.0370885	-0.0865463	0.0623172	-0.57512	0.636635	0.513745	0.0903231
-0.0425675	-0.0796615	0.0561186	-0.498042	0.69156	0.523162	0.098298
0.712582	0.614662	0.0873158	0.720574	0.692918	-0.0252422	0.0191888
-0.0564208	-0.0789062	0.0525167	-0.436706	0.565089	0.699973	0.104736
2.07538	45.2234	2.13144	0.404546	0.914085	-0.0281341	0.0757707
-0.0295499	-0.0816769	0.0599257	-0.495471	0.449983	0.742983	0.0956721
-0.0326772	-0.0869097	0.064126	-0.560308	0.609218	0.561167	0.0923225
-0.0450733	-0.0807806	0.0604085	-0.527917	0.615299	0.585415	0.0903394
-0.0342771	-0.0800039	0.0592696	-0.47204	0.356603	0.806234	0.0902678
-0.0321294	-0.0736167	0.055255	-0.452195	0.644048	0.617027	0.0857776
-0.0488747	-0.0779975	0.0508725	-0.525461	0.711436	0.466637	0.0934112
-0.0550896	-0.0870965	0.0569609	-0.56506	0.457712	0.686445	0.101149
-0.0405048	-0.0959791	0.0603621	-0.668299	0.526735	0.525288	0.101748
-0.0462113	-0.0870657	0.0593033	-0.523629	0.613726	0.590891	0.103771
-0.0396508	-0.0935816	0.0668163	-0.589929	0.538823	0.601377	0.101546
-0.0406637	-0.0907961	0.0504113	-0.608311	0.513742	0.605001	0.0944472
-0.0564087	-0.0774839	0.0602867	-0.463897	0.608226	0.644097	0.0931461
-0.0437688	-0.0867773	0.0660779	-0.572105	0.623581	0.532769	0.0964448
-0.0192017	-0.0815933	0.0544848	-0.571872	0.456791	0.681399	0.0797175
-0.0231481	-0.083651	0.0613153	-0.483443	0.467754	0.739925	0.0886163
-0.0400233	-0.092263	0.0617166	-0.666055	0.59102	0.455046	0.0942509
-0.0515564	-0.0866453	0.0613178	-0.586303	0.622735	0.518121	0.107783
-0.0329669	-0.0986692	0.058979	-0.716506	0.610857	0.336857	0.111033
-0.0397218	-0.0949132	0.0605759	-0.681157	0.4799	0.55292	0.0927065
-0.0374417	-0.0814758	0.066224	-0.62231	0.527015	0.578779	0.0798284
-0.0361454	-0.0855771	0.0558551	-0.636228	0.510567	0.578391	0.0913799
-0.0547264	-0.0818533	0.0589077	-0.47953	0.689501	0.542808	0.102344
-0.034059	-0.072524	0.0592725	-0.417578	0.68786	0.593698	0.0896308
-0.0456338	-0.082314	0.0637804	-0.520507	0.548728	0.654194	0.103051
-0.0457574	-0.0888833	0.0638919	-0.504419	0.64932	0.569161	0.102824
-0.040057	-0.0775437	0.0675853	-0.486199	0.673845	0.556366	0.101282
-0.0270133	-0.0970966	0.0625824	-0.716376	0.37595	0.587765	0.0920314
-0.0444612	-0.0877596	0.0649219	-0.582018	0.658947	0.476491	0.0967277
-0.0289428	-0.0803968	0.0520159	-0.608023	0.61481	0.502311	0.0907957
-0.0471708	-0.0741322	0.0546091	-0.391687	0.600784	0.696879	0.0944453
-0.0495269	-0.0969795	0.0596301	-0.658674	0.512478	0.550921	0.0997149
-0.0382536	-0.0907534	0.0581188	-0.617343	0.60194	0.506513	0.0959577
-0.0527422	-0.10979	0.0633784	-0.720645	0.603102	0.341964	0.116292
-0.0105158	-0.0874796	0.0510161	-0.712075	0.476754	0.515418	0.0853422
-0.0344994	-0.0862906	0.059176	-0.632974	0.565525	0.528702	0.0862308
-44.3552	-45.5416	5.60497	-0.12128	0.0849676	-0.988975	0.768486
-0.0213577	-0.0846977	0.0597652	-0.640646	0.46533	0.61077	0.0918297
-0.0434622	-0.0862452	0.0565845	-0.552981	0.615821	0.561228	0.100947
-0.0360072	-0.0878977	0.05691	-0.618259	0.606961	0.499354	0.0936871
-0.0288711	-0.0791804	0.0549542	-0.521507	0.568152	0.63658	0.0848208
-0.0270251	-0.0876788	0.057744	-0.600271	0.540665	0.589369	0.103261
-0.0336929	-0.0839106	0.0630059	-0.606571	0.629533	0.48555	0.106946
-0.0350781	-0.0833787	0.0527596	-0.528067	0.576904	0.623159	0.102173
-0.0502806	-0.0868847	0.0581898	-0.542353	0.602443	0.585589	0.102878
-0.0326696	-0.0945901	0.0647411	-0.695927	0.554787	0.455957	0.103396
-0.057025	-0.0815775	0.0595804	-0.488744	0.688489	0.535828	0.100347
-0.079286	-0.0857273	0.0607935	-0.436905	0.642341	0.629692	0.12779
-0.0386741	-0.0889948	0.0664607	-0.567196	0.661969	0.489985	0.105812
-0.0169638	-0.0856609	0.049932	-0.693692	0.555816	0.458105	0.0803084
-0.0425115	-0.0851432	0.0651632	-0.538058	0.697392	0.473432	0.100803
-0.032788	-0.0949403	0.0669066	-0.63998	0.608988	0.468571	0.0966833
-0.0420276	-0.0932911	0.0571819	-0.724138	0.490416	0.484887	0.0913118
-0.0306891	-0.0879476	0.0580427	-0.599053	0.622837	0.503199	0.0948864
-0.0317451	-0.0800479	0.056269	-0.583138	0.65044	0.486701	0.0892186
-0.0430699	-0.081815	0.06143	-0.407599	0.692444	0.595301	0.091168
-0.0788073	-0.091126	0.0612717	-0.49461	0.572941	0.653529	0.118727
-0.0695295	-0.0844304	0.0653139	-0.43967	0.569708	0.694351	0.110981
-0.0211463	-0.0971882	0.0518927	-0.784787	0.455171	0.420629	0.0946403
0.714367	0.602309	0.0898045	0.720492	0.693104	-0.0223298	0.00418901
-0.0381074	-0.0758253	0.0497435	-0.459011	0.497442	0.736111	0.0939195
0.71347	0.583718	0.079201	-0.731618	-0.681456	0.0187782	0.00821822
-0.0258557	-0.0868507	0.0811585	-0.572001	0.720493	0.392051	0.130596
-0.0225867	-0.0848514	0.0606722	-0.716073	0.391515	0.577889	0.0802186
-0.0280454	-0.0883079	0.0530472	-0.666933	0.516626	0.536934	0.0935012
-0.0442918	-0.0791342	0.0574208	-0.55437	0.48915	0.673354	0.0914906
-0.0661186	-0.0929089	0.062853	-0.540628	0.641245	0.544543	0.116722
-0.0250306	-0.0805137	0.0580023	-0.556936	0.567792	0.606164	0.0847395
-0.0351563	-0.084444	0.0577415	-0.514584	0.568905	0.641522	0.104471
-0.0329241	-0.0887945	0.0647555	-0.612545	0.60002	0.514553	0.0893864
-0.0224008	-0.0905389	0.0674783	-0.762446	0.377028	0.525858	0.0838766
-0.0206638	-0.0794819	0.0620053	-0.53195	0.556225	0.638469	0.0909664
-0.0389771	-0.0936898	0.0596072	-0.633775	0.602144	0.485543	0.0950117
-0.0702994	-0.0826688	0.0624939	-0.424772	0.740337	0.521027	0.109698
-0.0539807	-0.095199	0.0630905	-0.618636	0.601777	0.505128	0.105775
-0.0342845	-0.0829282	0.0537373	-0.569404	0.470871	0.67384	0.0878612
-0.0411529	-0.0808064	0.0576494	-0.501231	0.650572	0.570547	0.0937307
-0.0433966	-0.0870669	0.0589029	-0.597423	0.656141	0.461047	0.0923077
-0.0377269	-0.0800894	0.0706896	-0.545271	0.737953	0.397624	0.115314
-0.0322862	-0.0883606	0.0493835	-0.681433	0.491948	0.541882	0.088851
-0.0608511	-0.0851913	0.0561427	-0.502636	0.662842	0.554975	0.110063
-0.0406358	-0.0785728	0.0552657	-0.488358	0.483415	0.72651	0.0901951
-0.0189824	-0.087827	0.0518208	-0.722716	0.384774	0.574135	0.0847189
-0.0551033	-0.0748171	0.0622414	-0.358793	0.599363	0.715564	0.117507
-0.0474342	-0.0877324	0.0593604	-0.554245	0.559865	0.615925	0.103298
-0.0532821	-0.0841464	0.0551726	-0.553058	0.4582	0.69583	0.0979568
-0.0388997	-0.0908493	0.055217	-0.602129	0.61457	0.509651	0.10426
-0.0390532	-0.0913091	0.0648958	-0.651248	0.606305	0.456367	0.0918585
-0.0459778	-0.0927085	0.0626456	-0.667073	0.496459	0.555465	0.0917373
-0.0506562	-0.107671	0.0668372	-0.726784	0.496515	0.474614	0.109916
-0.0349374	-0.0803376	0.0573485	-0.455733	0.60602	0.651957	0.0959553
-0.0751706	-0.0888534	0.0598255	-0.464631	0.491979	0.736257	0.114757
-0.0464203	-0.0767376	0.0550331	-0.476233	0.571142	0.668579	0.0895334
-0.0314524	-0.0806434	0.066899	-0.486816	0.668372	0.562395	0.10617
-0.0318983	-0.0946208	0.0541802	-0.681872	0.521928	0.512486	0.0971667
-0.0349743	-0.0840137	0.0579783	-0.568542	0.479458	0.668491	0.0856449
-0.0534658	-0.0837162	0.0659658	-0.458034	0.610257	0.646368	0.103661
-0.0221938	-0.0754106	0.0564982	-0.493052	0.565828	0.660862	0.0896316
-0.0440349	-0.0870257	0.0651425	-0.469758	0.634009	0.614296	0.109655
-0.058244	-0.0849254	0.0570713	-0.532675	0.576594	0.619513	0.105403
-0.026593	-0.085291	0.0592507	-0.609789	0.531003	0.588382	0.0827823
-0.0173406	-0.0816351	0.0554544	-0.604293	0.595198	0.529687	0.0921207
-0.0387969	-0.0861364	0.0611946	-0.509058	0.431331	0.744858	0.102424
-0.0499951	-0.10811	0.0749412	-0.638793	0.501723	0.583282	0.109428
-0.0281624	-0.0817351	0.0572961	-0.60261	0.632358	0.486811	0.09372
0.720895	0.611548	0.0857663	0.72987	0.683296	-0.0199121	0.0157665
-0.0202443	-0.0840235	0.0487993	-0.648489	0.483458	0.587988	0.0827399
-0.0351701	-0.0910216	0.0620303	-0.674461	0.587229	0.447509	0.0882242
-0.0510151	-0.0892199	0.0600913	-0.529047	0.566073	0.632195	0.105905
-0.0383644	-0.0793327	0.0466797	-0.585638	0.570402	0.575908	0.0878507
-0.0554237	-0.0891791	0.0539587	-0.589667	0.512195	0.624459	0.104543
-0.0494168	-0.0788808	0.056275	-0.450121	0.564913	0.691567	0.0998376
-0.0290409	-0.0871529	0.0611364	-0.618453	0.546152	0.565008	0.0873707
-0.076825	-0.0814991	0.0630719	-0.361412	0.602738	0.711399	0.12341
-0.050455	-0.0887164	0.0627711	-0.55109	0.619893	0.558599	0.104309
-0.0593182	-0.0822645	0.061913	-0.425384	0.612612	0.666149	0.114465
-0.0410837	-0.097039	0.0520609	-0.685597	0.490643	0.537797	0.102285
-0.0486967	-0.0872254	0.0542986	-0.602656	0.591842	0.535283	0.0981763
-0.0649997	-0.099264	0.0612598	-0.600186	0.485401	0.635739	0.114401
-0.0485736	-0.0835492	0.0624064	-0.490764	0.474665	0.730646	0.0961586
-0.0351711	-0.092846	0.0626634	-0.695276	0.571063	0.436438	0.0938661
-0.031724	-0.0895556	0.0731507	-0.557772	0.58741	0.586379	0.0953056
-0.0376738	-0.087488	0.0589129	-0.632394	0.461397	0.622247	0.0923794
-0.0319482	-0.0858273	0.0569295	-0.582815	0.577098	0.572089	0.0930584
-0.0604478	-0.0857999	0.0621833	-0.484529	0.612073	0.624979	0.106528
0.717256	0.611666	0.0823258	0.724105	0.68931	-0.0229061	0.0042874
-0.0217931	-0.0848197	0.0570784	-0.57594	0.541939	0.612042	0.0890475
-0.0263921	-0.0827296	0.0608066	-0.531218	0.562885	0.633221	0.101075
-0.0434565	-0.084526	0.0582926	-0.557251	0.580839	0.593378	0.093286
-0.0399339	-0.0823365	0.0588545	-0.503345	0.58715	0.633954	0.0938475
-0.0448962	-0.0916703	0.0588334	-0.598923	0.492317	0.631597	0.108342
-0.0253419	-0.0800887	0.0668514	-0.470824	0.686166	0.554528	0.0905455
