0.00590098	-0.106527	-0.0538636	0.693471	0.0104563	-0.720408	0.230054
0.00914973	-0.118168	-0.00830881	0.499859	0.216693	-0.838561	0.136369
-0.028425	-0.0670501	-0.01022	0.520867	0.446226	-0.727722	0.104531
-0.00285991	-0.0921813	-0.00784562	0.485767	0.293461	-0.823354	0.141581
-0.0172657	-0.0875153	-0.00729392	0.239852	0.446239	-0.862173	0.100572
-0.0131606	-0.110095	0.00215822	0.574483	0.462516	-0.675313	0.105772
0.00766624	-0.0921497	-0.00786918	0.540878	0.171887	-0.823351	0.117316
-0.0171761	-0.0887907	-0.00872769	0.494023	0.382102	-0.780986	0.128698
-0.0213005	-0.0805341	-0.00372696	0.611363	0.333718	-0.717543	0.155105
-0.00871462	-0.0926051	0.0023369	0.557838	0.409665	-0.721797	0.145387
-0.0110804	-0.0752745	-0.0111597	0.673113	0.285812	-0.682078	0.153406
-0.0107868	-0.093386	-0.00298809	0.516293	0.400155	-0.757177	0.13455
-0.000439264	-0.0803715	-0.0102772	0.635744	0.224074	-0.738662	0.121192
0.0098398	-0.0981116	-0.00731926	0.60626	0.273966	-0.746587	0.132285
-0.0150928	-0.0783585	-0.00638101	0.519462	0.470434	-0.713338	0.134121
0.00525136	-0.0790677	-0.00498919	0.664091	0.237401	-0.70896	0.1103
-0.0130762	-0.0840268	-0.0136304	0.70247	0.380456	-0.601489	0.132974
-0.0195425	-0.0747403	-0.0166477	0.540708	0.276584	-0.794441	0.0994427
-0.0390861	-0.0867074	-0.00900725	0.490544	0.492521	-0.718881	0.14826
0.00011693	-0.104823	0.00378366	0.600225	0.26931	-0.753128	0.116329
-0.00563517	-0.0844825	-0.00399112	0.635225	0.287913	-0.716655	0.145181
0.0728541	0.1385	0.154296	0.945619	0.0562477	-0.320375	0.822791
-0.0254883	-0.0652334	-0.00836907	0.688302	0.501856	-0.523814	0.138736
-0.00287017	-0.0792228	-0.0127092	0.6184	0.341298	-0.707883	0.108018
-0.0061918	-0.0931609	-0.00817209	0.635074	0.32621	-0.700192	0.11119
-0.0254223	-0.0887869	-0.00575724	0.420706	0.494455	-0.760606	0.130721
-0.0193943	-0.0952901	-0.00465837	0.452171	0.404625	-0.794871	0.144786
-0.0212332	-0.0917392	-0.0105141	0.409488	0.324457	-0.852671	0.112351
-0.0175811	-0.0701026	-0.0278624	0.655498	0.321575	-0.683309	0.119554
-0.00479377	-0.0791223	-0.0113459	0.724234	0.247098	-0.64376	0.121645
-0.0114515	-0.0747046	-0.0225797	0.684291	0.296268	-0.666312	0.140007
-0.0118657	-0.0918427	0.0042344	0.55817	0.308638	-0.770188	0.139426
0.0115697	-0.0880241	-0.0064371	0.619203	0.361952	-0.696835	0.116692
-0.0109948	-0.0897437	0.00122814	0.604496	0.328649	-0.725655	0.115629
0.00670224	-0.0935932	-0.000340005	0.561486	0.298375	-0.77182	0.114637
-0.0109692	-0.0865924	-0.00476713	0.559202	0.415487	-0.717401	0.121732
0.0128157	-0.0957638	0.0010087	0.542721	0.310977	-0.780222	0.116662
-0.0131173	-0.0938093	-0.0122329	0.491402	0.35046	-0.797309	0.103854
-0.0185645	-0.09802	-0.00385613	0.517053	0.547981	-0.65755	0.149982
0.0117108	-0.117678	4.73661e-05	0.534704	0.351613	-0.768414	0.124962
-0.023665	-0.0889874	-0.00816775	0.568038	0.362572	-0.738833	0.134656
0.00762622	-0.0934348	0.00122	0.611455	0.280872	-0.739753	0.132838
-0.0141282	-0.0884447	0.000662261	0.660818	0.304083	-0.686188	0.147574
0.00203398	-0.0878776	0.00149249	0.742743	0.28532	-0.605744	0.136266
-0.00871325	-0.073142	0.00250214	0.813368	0.258738	-0.521044	0.134668
-0.0209876	-0.0830243	-0.00675567	0.645609	0.37091	-0.667544	0.129634
-0.0292786	-0.0762434	-0.0140484	0.483492	0.488135	-0.726609	0.114173
-0.00744399	-0.0862763	-0.0123463	0.577134	0.207712	-0.789793	0.109648
0.00732528	-0.0877859	-0.00192445	0.595475	0.478501	-0.645326	0.112544
0.00311745	-0.109201	-0.0012028	0.585214	0.303271	-0.752032	0.152231
-0.0518162	-0.0677657	-0.0244439	0.299315	0.652909	-0.695787	0.0671121
-0.0109282	-0.0793689	-0.0129441	0.622819	0.178585	-0.761711	0.130384
0.00794529	-0.0936264	-0.002484	0.666147	0.347511	-0.659912	0.139319
7.13151e-05	-0.0916851	-0.00430512	0.520448	0.315752	-0.793369	0.0939811
0.00077204	-0.0832137	-0.00783505	0.69752	0.396905	-0.596601	0.118141
-0.0149257	-0.0850145	-0.0102739	0.604711	0.362281	-0.70928	0.141165
-0.000409389	-0.0855613	-0.0113921	0.538202	0.274377	-0.796904	0.112825
-0.0141926	-0.0763144	-0.0193641	0.59041	0.33477	-0.734401	0.0962438
-0.0138226	-0.0688627	-0.0113901	0.692544	0.287207	-0.661736	0.123917
0.017555	-0.114434	0.00774278	0.295129	0.313624	-0.902518	0.087239
-0.000739773	-0.0790993	-0.00737434	0.654427	0.414604	-0.63232	0.142595
-0.0187427	-0.0889025	-0.0104262	0.578678	0.39353	-0.714329	0.144419
-0.0221584	-0.0889718	-0.00717877	0.666692	0.470897	-0.577735	0.129648
-0.0132513	-0.0888941	-0.00510688	0.487765	0.390172	-0.78093	0.131793
-0.0179262	-0.0776846	-0.0197473	0.558325	0.386496	-0.734094	0.111094
-0.010774	-0.102127	-0.000613378	0.449607	0.371774	-0.812181	0.161567
-0.0104429	-0.0762713	-0.00439358	0.57244	0.206389	-0.793547	0.111137
-0.0197203	-0.0852133	0.00139848	0.70422	0.366154	-0.608281	0.174926
-0.0182523	-0.0707317	-0.0114628	0.785646	0.307237	-0.536997	0.134593
-0.0213411	-0.082238	-0.0122827	0.584137	0.500137	-0.639255	0.157255
-0.00749317	-0.085631	-0.00310976	0.645179	0.387311	-0.658586	0.141453
0.010072	-0.0955106	-0.00271071	0.559537	0.446978	-0.697946	0.110373
-0.00183527	-0.0833857	0.00195205	0.647169	0.366068	-0.668705	0.127705
-0.0272428	-0.0779887	-0.0102832	0.597867	0.496955	-0.62896	0.137609
-0.00882563	-0.0711724	-0.0136892	0.602164	0.31313	-0.734403	0.0969237
-0.0031472	-0.0974995	-0.00446948	0.582977	0.399984	-0.707213	0.137974
-0.0403329	-0.0576003	-0.0197504	0.607462	0.615196	-0.502517	0.092989
-0.00672712	-0.0812509	-0.011468	0.718871	0.314029	-0.620169	0.123777
-0.00165243	-0.0739966	-0.0111265	0.763541	0.31553	-0.563423	0.135883
0.00470638	-0.0907117	-0.00413522	0.585848	0.282057	-0.759754	0.128659
-0.025095	-0.08159	-0.0112256	0.687615	0.291498	-0.664992	0.11721
-0.00106666	-0.0960311	-0.00650936	0.564861	0.365569	-0.739791	0.139484
-0.0161992	-0.0820855	-0.00589095	0.614595	0.409913	-0.673976	0.110746
-0.0133737	-0.0841839	-0.010029	0.544925	0.40732	-0.732903	0.111328
-0.0165954	-0.0831574	-0.00935816	0.575117	0.398788	-0.714289	0.124492
-0.0287938	-0.0742648	-0.0203003	0.515848	0.449499	-0.729282	0.109162
-0.0126388	-0.0796097	-0.0127056	0.668923	0.365084	-0.647499	0.138097
0.00938359	-0.115264	-0.00523337	0.530349	0.362617	-0.766315	0.135697
-0.0165207	-0.0879514	-0.00702308	0.635008	0.415358	-0.65134	0.125748
-0.0134791	-0.0843376	-0.00495559	0.552622	0.364567	-0.749466	0.119743
-0.0251573	-0.0807675	-0.0201107	0.438316	0.44172	-0.782791	0.103149
-0.00582231	-0.101936	0.000194921	0.418321	0.396226	-0.81732	0.119981
-0.0148619	-0.0706616	-0.00797588	0.76793	0.284555	-0.573857	0.137891
-9.68887e-05	-0.109963	0.00158481	0.421202	0.314183	-0.85081	0.130928
-0.0161736	-0.0843789	-0.0143135	0.424479	0.411524	-0.806515	0.10108
-0.0152615	-0.08578	-0.0164583	0.407664	0.384962	-0.828018	0.135418
-0.00675287	-0.0977745	-0.00618228	0.534618	0.34423	-0.771809	0.135683
0.0178486	-0.088758	-0.00220778	0.670149	0.0672916	-0.73917	0.108249
-0.0237104	-0.0928803	-0.00291465	0.391577	0.585283	-0.710008	0.137008
-0.00822504	-0.0889681	-0.00574365	0.626749	0.309025	-0.715324	0.144344
-0.0105989	-0.08315	-0.00384584	0.623132	0.376152	-0.685723	0.142363
-0.00631356	-0.0879311	-0.00684552	0.566742	0.390477	-0.725487	0.105273
-0.0158954	-0.0797656	-0.0170239	0.57516	0.297623	-0.761979	0.116946
-0.0286699	-0.067785	-0.00340291	0.507427	0.537066	-0.673853	0.113443
-0.0143165	-0.0605035	-0.0202097	0.490484	0.232073	-0.839981	0.0735497
-0.0233012	-0.0726668	-0.00988078	0.679739	0.370488	-0.633003	0.132372
-0.00399855	-0.0834154	-0.00530137	0.612031	0.323194	-0.721778	0.140571
0.00946982	-0.0875511	-0.00848095	0.683309	0.394448	-0.61441	0.166061
-0.0190112	-0.0784962	-0.00655205	0.590966	0.398156	-0.701592	0.136902
-0.0122953	-0.0734616	-0.00702268	0.597527	0.420837	-0.682537	0.152186
-0.00696255	-0.0804657	0.00396574	0.62297	0.36647	-0.691092	0.10413
-0.0103927	-0.0749607	-0.00296419	0.711622	0.332989	-0.618638	0.133535
-0.0146467	-0.0784019	-0.0101802	0.604241	0.453384	-0.655237	0.134682
-0.0182004	-0.0807201	-0.0136365	0.580552	0.327367	-0.745513	0.118907
0.0246073	-0.0921195	-0.00716419	0.627518	0.201904	-0.751968	0.13674
0.00671724	-0.0885334	-0.011339	0.56596	0.390976	-0.725829	0.146728
0.00816898	-0.0922732	-0.0142305	0.522194	0.304439	-0.796637	0.151211
-0.0120181	-0.0803551	-0.0128728	0.588311	0.338089	-0.734565	0.12267
-0.0193036	-0.0947919	0.00038259	0.297786	0.43215	-0.851217	0.1105
-0.0157496	-0.0760523	-0.0131165	0.577309	0.396842	-0.713604	0.112402
-0.017529	-0.0923198	-0.000791191	0.352243	0.590953	-0.725741	0.103582
-0.0128624	-0.0894239	-0.00901756	0.449341	0.428564	-0.783853	0.105338
-0.0277998	-0.0663067	-0.0153757	0.601333	0.387259	-0.698877	0.121115
-0.00333878	-0.0752749	-0.00900015	0.736002	0.295996	-0.60884	0.117071
0.00584441	-0.0768278	-0.00964217	0.719785	0.214453	-0.660242	0.116153
-0.00651709	-0.072807	-0.00874009	0.686008	0.159433	-0.709911	0.11405
0.322793	-0.113539	-0.328031	0.696459	-0.029339	-0.716996	0.236477
-0.00405341	-0.0796034	-0.00795212	0.622747	0.293142	-0.725434	0.141971
-0.0095942	-0.0790983	-0.0221623	0.597179	0.311129	-0.739307	0.10408
-0.0133137	-0.0856479	-0.0134216	0.469964	0.373086	-0.799963	0.115807
-0.00977093	-0.0766086	-0.0109528	0.599158	0.320841	-0.733533	0.125072
-0.0194179	-0.0893202	-0.005686	0.520676	0.406395	-0.750825	0.117007
-0.0221985	-0.0878424	-0.0143175	0.417657	0.443082	-0.793247	0.115458
-0.015446	-0.0859691	-0.0103772	0.511765	0.402108	-0.759214	0.126873
-0.00800328	-0.0840638	-0.0162804	0.605308	0.307212	-0.734318	0.118401
-0.0103465	-0.0781431	-0.00189846	0.669753	0.361081	-0.648884	0.119178
-0.0213524	-0.0798626	-0.0124487	0.502976	0.495221	-0.708358	0.117707
0.0111456	-0.0794138	-0.00384938	0.692379	0.312838	-0.650188	0.124542
-0.0273942	-0.0807853	-0.0121997	0.535436	0.440408	-0.720658	0.124681
-0.0292075	-0.0775023	-0.00972394	0.518478	0.403334	-0.75399	0.143321
-0.0153719	-0.0730442	-0.010327	0.733297	0.216987	-0.644354	0.118661
-0.0188971	-0.0768146	-0.0183161	0.628835	0.339354	-0.699576	0.138531
-6.94064e-310	-6.94064e-310	0	1	0	0	0
-0.00766897	-0.0799873	-0.0133427	0.671578	0.271877	-0.68925	0.105117
-0.015729	-0.0817459	-0.0103047	0.574855	0.43156	-0.695196	0.120315
8.87688e-05	-0.0824003	-0.0057196	0.570144	0.376423	-0.730234	0.114989
-0.00909509	-0.0732943	-0.0103703	0.674245	0.289475	-0.67941	0.143228
-0.0287589	-0.104485	-0.010868	0.341117	0.40611	-0.84777	0.140161
-0.00507879	-0.0816258	-0.0144609	0.636646	0.280016	-0.718521	0.118665
-0.0228955	-0.0762471	-0.0137879	0.63538	0.346147	-0.690271	0.14127
-0.0139626	-0.0844171	-0.00375493	0.587207	0.458224	-0.667247	0.126104
-0.00487982	-0.0808889	-0.0143554	0.636361	0.358451	-0.68305	0.123275
-0.0266376	-0.0847857	-0.00643838	0.626083	0.433255	-0.648313	0.10641
-0.0121487	-0.0773581	-0.0104632	0.66718	0.329125	-0.668242	0.120795
-0.00945151	-0.0744462	-0.00603222	0.632091	0.42423	-0.648452	0.149066
-0.00758488	-0.0806122	-0.0151456	0.647096	0.397238	-0.650745	0.111614
-0.00477631	-0.0724952	-0.00832268	0.714949	0.399899	-0.573523	0.147616
-0.0133921	-0.0817699	-0.0117145	0.663733	0.280325	-0.693453	0.118921
-0.00134894	-0.0902623	-0.00236271	0.572347	0.538097	-0.618765	0.125701
-0.0150105	-0.0801905	-0.0103507	0.599128	0.382714	-0.70326	0.132504
-0.00464684	-0.0824271	-0.0102697	0.630013	0.311252	-0.711482	0.131291
-0.0168598	-0.0820291	-0.0127491	0.585557	0.380738	-0.715654	0.136723
-0.0159536	-0.0858995	-0.0129656	0.617365	0.418918	-0.665859	0.127188
-0.0136794	-0.0937122	0.00238177	0.51846	0.439861	-0.733295	0.115218
-0.0166794	-0.07595	-0.00835858	0.704771	0.298738	-0.643469	0.144031
0.000327906	-0.0939531	-0.013289	0.488807	0.251732	-0.835284	0.122518
-0.019382	-0.0868164	-0.013101	0.504271	0.485875	-0.713888	0.153585
-0.00453795	-0.0863072	-0.00430859	0.591047	0.325967	-0.737841	0.128057
-0.0156547	-0.0848598	-0.00793461	0.577884	0.369977	-0.727439	0.124522
-0.0168601	-0.0903677	-0.00693336	0.495021	0.269805	-0.82593	0.115397
-0.0129058	-0.095804	-0.00555448	0.500776	0.426534	-0.753188	0.109565
-0.00136028	-0.0847211	-0.00825566	0.589744	0.403533	-0.699545	0.137155
0.00135739	-0.0850621	0.00157809	0.636221	0.0733225	-0.768015	0.0982653
-0.0100752	-0.0997336	-0.00444669	0.379667	0.453635	-0.806268	0.114027
-0.00947956	-0.0746823	-0.0139132	0.69776	0.361696	-0.61831	0.147534
-0.0124309	-0.0809642	-0.00920633	0.594637	0.368832	-0.714402	0.128916
0.00287387	-0.083191	-0.0120096	0.641796	0.201456	-0.739941	0.120996
-0.0111755	-0.0814781	-0.014263	0.641525	0.297951	-0.706874	0.128081
-0.00764704	-0.0888688	0.00412488	0.627297	0.493619	-0.602361	0.106379
-0.0254827	-0.091075	-0.00927578	0.478263	0.49715	-0.723952	0.146292
-0.013163	-0.0811197	-0.0141292	0.652243	0.297835	-0.697046	0.129008
-0.00587843	-0.0851875	-0.00691462	0.603459	0.225787	-0.76476	0.131896
-0.0189252	-0.0899815	0.000673886	0.473907	0.485077	-0.734924	0.132843
0.00307365	-0.0867934	-0.00982027	0.664282	0.382132	-0.642421	0.110792
-0.0151821	-0.0875102	-0.0118462	0.554672	0.264836	-0.788798	0.131984
-0.0233014	-0.0897097	-0.013575	0.509906	0.373273	-0.775025	0.1386
-0.0106912	-0.0723256	-0.00985911	0.727872	0.288702	-0.621976	0.152362
-0.0123376	-0.0826665	-0.00888023	0.619605	0.359257	-0.697871	0.136324
-0.000855013	-0.0854183	-0.00566044	0.613316	0.427536	-0.664121	0.123078
-9.74404e-05	-0.0872542	-0.0117188	0.577521	0.370752	-0.727332	0.12848
-0.00219858	-0.0802727	-0.00723494	0.729716	0.332203	-0.597625	0.12476
-0.0160814	-0.092555	-0.00197448	0.531518	0.451798	-0.716497	0.114386
-0.00551088	-0.0802653	-0.0105685	0.691719	0.308422	-0.652994	0.126283
-0.019611	-0.0852892	-0.0162256	0.575236	0.415425	-0.704646	0.13506
-0.0212688	-0.102586	-0.00784501	0.333617	0.37774	-0.86372	0.132387
0.00764382	-0.0819468	-0.00512666	0.673824	0.299401	-0.675515	0.120112
-0.0208578	-0.0850789	-0.00130479	0.532244	0.407113	-0.742277	0.135653
-0.0188291	-0.0899312	-0.00382463	0.46993	0.420774	-0.775961	0.143954
-0.0311332	-0.0842165	0.00487493	0.558119	0.483428	-0.674389	0.144485
-0.0128541	-0.0956369	-0.00671922	0.39495	0.386745	-0.833332	0.142512
0.00153244	-0.0836401	-0.011825	0.627647	0.315571	-0.71167	0.127963
-0.0110561	-0.0873274	-0.015741	0.582915	0.305495	-0.752916	0.115416
-0.0138541	-0.0965335	-0.00642974	0.444079	0.404227	-0.799621	0.115686
-0.0132005	-0.0789245	0.0013191	0.699064	0.396766	-0.594884	0.129457
-0.0113435	-0.0844156	-0.0113416	0.640511	0.34281	-0.687188	0.121448
-0.021068	-0.0853779	-0.00276028	0.557749	0.509062	-0.65557	0.126474
-0.0109416	-0.0867392	-0.00939874	0.586928	0.235954	-0.774494	0.136775
-0.0105596	-0.0852867	-0.0125655	0.573895	0.42006	-0.702989	0.131
-0.0112802	-0.0684124	-0.0153817	0.738463	0.35571	-0.572838	0.160088
-0.0191239	-0.0797279	-0.0113414	0.655622	0.338785	-0.674822	0.131324
-0.014533	-0.0963886	-0.0101691	0.408802	0.552938	-0.726044	0.113287
-0.0118945	-0.0853707	-0.00369518	0.53706	0.45168	-0.712427	0.136084
-0.0135542	-0.0860439	-0.00941816	0.556924	0.408373	-0.723234	0.135113
0.313555	-0.10721	-0.349221	0.691744	-0.0256853	-0.721685	0.23507
-0.0111251	-0.0846345	-0.00856266	0.526342	0.337955	-0.780225	0.141422
-0.0212759	-0.0789805	-0.00707033	0.673721	0.374957	-0.636794	0.137082
-0.00855725	-0.0798573	-0.00808597	0.585656	0.46167	-0.666234	0.141938
-0.0224547	-0.0830348	-0.0147478	0.595648	0.336098	-0.729549	0.135557
-0.00869007	-0.0811398	-0.00734746	0.63414	0.256531	-0.729423	0.129539
0.0061003	-0.0870647	-0.00736317	0.628253	0.25651	-0.734507	0.113996
-0.0138707	-0.0874206	-0.013656	0.610535	0.507119	-0.60834	0.108497
-0.00938724	-0.0766383	-0.00477582	0.719253	0.376415	-0.58394	0.129235
-0.00522165	-0.0735785	-0.011273	0.762945	0.282424	-0.581508	0.129983
-0.00925023	-0.0772965	-0.012165	0.709951	0.277226	-0.647391	0.129808
-0.00555574	-0.0856322	-0.0136836	0.572741	0.238404	-0.784303	0.113892
0.00356768	-0.0817273	-0.000800706	0.636307	0.114325	-0.762917	0.122691
0.000994499	-0.0838127	-0.0103457	0.678015	0.325804	-0.658899	0.127697
-0.0235743	-0.0772976	-0.0133338	0.637125	0.403386	-0.656773	0.143686
-0.00478114	-0.0744538	-0.00717072	0.698313	0.326594	-0.636942	0.150621
-0.00559339	-0.0760606	-0.0101764	0.710414	0.23727	-0.662582	0.129104
-0.0417061	-0.0853126	-0.00609726	0.588067	0.438672	-0.679517	0.122245
-0.0127336	-0.0860389	-0.0150835	0.573262	0.376592	-0.727701	0.115186
-0.0100208	-0.0801782	-0.00834116	0.632981	0.434148	-0.640977	0.134423
-0.0159492	-0.0827706	-0.0060445	0.590733	0.292618	-0.751937	0.129995
-0.0174545	-0.0880668	-0.0208717	0.546922	0.368362	-0.751788	0.119029
-0.0152296	-0.0873215	-0.0192367	0.543436	0.364661	-0.756108	0.120614
-0.025512	-0.0870536	-0.00361094	0.540203	0.435176	-0.72028	0.154127
-0.0167066	-0.0748762	-0.0213317	0.678794	0.25985	-0.686816	0.145407
-0.00269371	-0.0908065	-0.0151542	0.582313	0.249723	-0.77366	0.116777
0.000803785	-0.0748703	-0.00899805	0.689112	0.264177	-0.674785	0.147039
-0.0123802	-0.0752336	-0.0074873	0.566422	0.418867	-0.70973	0.1343
-0.00427892	-0.0782049	-0.0036113	0.563762	0.359671	-0.743511	0.1256
-0.0054311	-0.0748252	-0.00595274	0.666091	0.346304	-0.660603	0.117718
-0.0136085	-0.074405	-0.0107573	0.618851	0.398007	-0.67721	0.131266
0.00773377	-0.0785631	-0.00589608	0.609412	0.335296	-0.718466	0.112449
0.00230716	-0.0833129	-0.0097742	0.525539	0.408496	-0.746284	0.12405
0.0115414	-0.0861199	-0.0106726	0.549322	0.0344537	-0.8349	0.0960349
-0.010465	-0.0765449	-0.00608703	0.601074	0.404875	-0.689047	0.12187
0.00466817	-0.0787514	-0.0118847	0.63324	0.224161	-0.740783	0.108587
-0.00093881	-0.0946781	-0.00598051	0.346322	0.370373	-0.861908	0.128934
-0.00476051	-0.0841473	-0.00206186	0.553225	0.339843	-0.760559	0.117214
-0.00947966	-0.0781231	-0.00950828	0.642286	0.434169	-0.631638	0.119391
-0.0200074	-0.0703146	-0.00895492	0.678145	0.315624	-0.663703	0.140768
-0.0107965	-0.0780499	-0.0081238	0.651135	0.286987	-0.70261	0.124284
-0.00121803	-0.0919412	-0.0174827	0.427048	0.298083	-0.853684	0.104465
-0.0148305	-0.0760055	-0.00626439	0.613738	0.390981	-0.6859	0.130916
-0.0196515	-0.0842123	-0.0109252	0.518614	0.325793	-0.790505	0.117287
-0.00724861	-0.0642423	-0.00350915	0.781171	0.259523	-0.56782	0.15396
-0.00617467	-0.0919494	-0.0115113	0.467393	0.390436	-0.793161	0.099891
-0.00792844	-0.0655852	-0.0115915	0.751569	0.305332	-0.584736	0.153573
0.00742952	-0.0767878	-0.0117326	0.646551	0.354816	-0.675335	0.125563
-0.011006	-0.0767091	-0.00635628	0.573694	0.358819	-0.736291	0.139444
-0.0267326	-0.0762406	-0.00894371	0.748264	0.378811	-0.544614	0.105675
-0.00400074	-0.0848706	-0.0113669	0.559649	0.401659	-0.724888	0.101715
-0.0123964	-0.0804412	-0.00402909	0.520522	0.46393	-0.716817	0.136792
0.0235693	-0.0669987	-0.0128477	0.829645	0.0521619	-0.55585	0.129427
-0.00775139	-0.0827499	-0.0129538	0.539794	0.264185	-0.799268	0.124466
-0.0215986	-0.0758984	-0.0138506	0.592758	0.516044	-0.618333	0.144702
-0.0126207	-0.080735	-0.00944279	0.577593	0.372103	-0.726585	0.131344
-0.0134524	-0.0727095	-0.00942585	0.687754	0.299596	-0.661239	0.126502
-0.0134736	-0.0650325	-0.0140065	0.748397	0.282572	-0.600046	0.155337
-0.0100556	-0.0812364	-0.00961554	0.583334	0.400394	-0.706687	0.11836
-0.0111108	-0.0865441	-0.0166537	0.453991	0.274441	-0.847687	0.126302
-0.0152279	-0.0801325	-0.00681998	0.53508	0.433767	-0.724938	0.146315
-0.0172287	-0.0718827	-0.00487383	0.667097	0.368447	-0.647478	0.137463
-0.0132527	-0.0721272	-0.00945614	0.670283	0.295438	-0.680762	0.14322
-0.0209558	-0.0826831	-0.00907787	0.558213	0.399576	-0.727143	0.133276
0.00261966	-0.0737896	-0.00940934	0.707944	0.217527	-0.671935	0.126218
-0.00728924	-0.0784888	-0.00674386	0.646369	0.315309	-0.694829	0.12453
-0.0116034	-0.0895215	-0.00947817	0.472787	0.350322	-0.808546	0.117782
-0.00354457	-0.0834004	-0.00104445	0.601319	0.387698	-0.698646	0.102609
-0.0114899	-0.0795395	-0.00614429	0.594597	0.353922	-0.721937	0.133081
0.0190776	-0.0884818	-0.00865777	0.520339	0.181104	-0.834535	0.11821
-0.0156158	-0.0764604	-0.00632884	0.641003	0.376261	-0.668986	0.126151
-0.0100388	-0.0809258	-0.0120604	0.610483	0.408756	-0.678402	0.110563
-0.0253974	-0.0876549	-0.0145267	0.46221	0.368809	-0.806438	0.12425
0.00787684	-0.0920758	-0.00609113	0.47369	0.186746	-0.860665	0.113994
-0.265925	-0.0673955	-0.218361	0.133507	0.9876	-0.0826013	0.858997
-0.0163642	-0.0787519	-0.00855362	0.592698	0.422827	-0.685512	0.138621
-0.00686197	-0.0721603	-0.0113562	0.775849	0.30293	-0.553436	0.125402
-0.00925621	-0.0807258	-0.00341849	0.535598	0.450872	-0.714037	0.136438
-0.00737978	-0.0832387	-0.014998	0.559432	0.352238	-0.750309	0.12554
-0.00234805	-0.0805173	-0.0124313	0.642695	0.172612	-0.746423	0.120226
-0.275753	-0.060258	-0.217379	0.147618	0.986773	-0.0669892	0.874989
-0.012338	-0.080278	-0.0112853	0.632137	0.368834	-0.681443	0.119837
-0.020624	-0.0775624	-0.00181603	0.661657	0.34553	-0.665447	0.122329
-0.0181236	-0.0791392	-0.00472151	0.62235	0.347121	-0.701561	0.131325
0.0019878	-0.0812276	-0.00497545	0.66107	0.273074	-0.698869	0.110766
0.00363976	-0.0815521	-0.00678663	0.637883	0.258009	-0.725628	0.112081
-0.0298435	-0.0763965	-0.0117216	0.70229	0.368541	-0.60907	0.123527
-0.0114921	-0.0811923	-0.0153749	0.577247	0.312864	-0.754256	0.125184
0.00169263	-0.0823969	-0.00544945	0.649143	0.289484	-0.703429	0.115323
-0.0195212	-0.0818391	-0.00832375	0.546595	0.498644	-0.672747	0.130699
-0.0199597	-0.0729227	-0.0144779	0.595813	0.391405	-0.701291	0.147543
-0.0108525	-0.0798644	-0.00577331	0.614606	0.339474	-0.712051	0.131119
-0.0053958	-0.0860931	-0.0151599	0.576261	0.254259	-0.776708	0.108849
-0.0250935	-0.0798982	-0.00995508	0.611549	0.387434	-0.689857	0.123079
-0.0169188	-0.0812796	-0.0105913	0.53967	0.418281	-0.730614	0.130173
-0.014969	-0.0781669	-0.00841443	0.582928	0.417342	-0.697152	0.133287
-0.0253853	-0.0828298	-0.00204891	0.572163	0.407731	-0.711608	0.120945
-0.0162252	-0.0819485	-0.00475437	0.547667	0.38015	-0.74535	0.125456
-0.00630218	-0.0795924	-0.01108	0.615055	0.30602	-0.726677	0.127865
-0.0131782	-0.0751946	-0.00648967	0.692158	0.298323	-0.657207	0.140784
-0.0135222	-0.0859941	-0.0154752	0.524334	0.385047	-0.759482	0.117034
-0.00349966	-0.0905068	-0.0181099	0.496555	0.292423	-0.817265	0.106947
-0.00953779	-0.080104	-0.0155844	0.581086	0.235304	-0.779084	0.125964
-0.00616829	-0.0780345	-0.00922269	0.630719	0.290676	-0.719515	0.13142
-0.0153489	-0.0953996	-0.00329758	0.386223	0.467318	-0.795264	0.128289
0.00566268	-0.0753406	-0.00656201	0.700252	0.29267	-0.651147	0.128959
-0.0104632	-0.0797225	-0.00567307	0.620061	0.309124	-0.721087	0.133664
-0.0193624	-0.0786225	-0.00617716	0.619278	0.381329	-0.686355	0.124681
-0.0221374	-0.0817393	-0.00223398	0.539353	0.479731	-0.692067	0.133008
-0.0106078	-0.0866538	-0.00879621	0.544517	0.327308	-0.77225	0.120455
0.00769002	-0.0689526	-0.0121892	0.785707	0.238469	-0.570787	0.122043
-0.0142391	-0.0793446	-0.00976506	0.60686	0.375469	-0.700531	0.124235
-0.00340125	-0.0815354	-0.00818197	0.59551	0.300733	-0.744935	0.126288
-0.0132525	-0.0796762	-0.0118746	0.643801	0.380525	-0.663868	0.120379
-0.0142813	-0.0709875	-0.0145741	0.72323	0.347733	-0.596674	0.150946
-0.0229374	-0.0898845	-0.00534444	0.474731	0.443671	-0.760123	0.127197
-0.024404	-0.0904588	-0.0116725	0.502729	0.507077	-0.700097	0.118842
-0.012344	-0.0804031	-0.00562304	0.546401	0.304395	-0.780249	0.134668
-0.00292553	-0.0821787	-0.000506482	0.531289	0.454247	-0.715116	0.135216
-0.00848072	-0.0812599	-0.00458371	0.605312	0.337566	-0.720865	0.122733
-0.0117938	-0.080135	-0.00790457	0.60606	0.340809	-0.718708	0.134388
0.00603315	-0.0806614	-0.00733271	0.671583	0.285871	-0.68356	0.1179
-0.0114752	-0.091888	-0.0101831	0.440438	0.374886	-0.815767	0.126337
-0.00821496	-0.0816678	-0.0131374	0.620287	0.237878	-0.747434	0.119582
-0.0180904	-0.0825823	-0.00140531	0.53863	0.42607	-0.726871	0.131656
-0.019422	-0.0794347	-0.00536281	0.648052	0.42984	-0.628702	0.123101
-0.0240502	-0.0744122	-0.00941263	0.675714	0.400918	-0.618607	0.138111
-0.0263558	-0.0851562	-0.00844358	0.535307	0.417461	-0.734284	0.134384
-0.0230537	-0.0886214	-0.0126922	0.499068	0.45027	-0.740398	0.121691
-0.0179866	-0.0808853	-0.00389699	0.628202	0.430161	-0.648324	0.129332
-0.00854257	-0.0784608	-0.00557371	0.683134	0.270146	-0.67849	0.128829
0.00212431	-0.084062	-0.0095872	0.637332	0.298148	-0.710574	0.122766
-0.0146314	-0.0872168	-0.00726862	0.601548	0.382172	-0.701487	0.121632
-0.0121443	-0.0738288	-0.011496	0.726047	0.280638	-0.627772	0.140395
-0.0115744	-0.0846102	-0.0112644	0.584342	0.329555	-0.741578	0.11959
-0.0115328	-0.0817958	-0.00527366	0.585298	0.368182	-0.722405	0.12538
-7.35228e-05	-0.0832949	-0.0142061	0.611114	0.349069	-0.710416	0.108332
0.000551531	-0.0787243	-0.000176391	0.672366	0.354391	-0.64987	0.128023
0.00791096	-0.0824315	-0.00622499	0.680002	0.318927	-0.660215	0.116616
-0.00563734	-0.0830846	-0.00932402	0.565161	0.316274	-0.761947	0.128603
-0.00997053	-0.085441	-0.00783053	0.584907	0.187388	-0.789158	0.135494
-0.0155219	-0.0819822	-0.0121047	0.613128	0.397033	-0.682964	0.124078
-0.0142533	-0.081862	-0.0077859	0.604057	0.382046	-0.699397	0.12821
0.320655	-0.110503	-0.315303	0.70414	-0.0329356	-0.709297	0.256934
-0.0011257	-0.0752016	-0.0123353	0.763676	0.336588	-0.550915	0.129882
0.00524409	-0.0817561	-0.0117403	0.636766	0.232797	-0.735075	0.117744
-0.00123993	-0.0821301	-0.00971216	0.67916	0.308193	-0.666152	0.113894
-0.00203079	-0.0904471	-0.00468194	0.487616	0.395939	-0.778115	0.123452
-0.0161604	-0.0844634	-0.0119826	0.499441	0.474516	-0.72484	0.134458
-0.0156794	-0.0828561	-0.00729522	0.626267	0.387984	-0.676209	0.119168
-0.00127391	-0.0905875	-0.00261609	0.517485	0.306063	-0.799084	0.120479
-0.0240867	-0.077012	-0.0157106	0.682083	0.377863	-0.626085	0.130025
-0.0128633	-0.0789492	-0.00888078	0.648256	0.296985	-0.701117	0.132685
-0.00231704	-0.0829563	-0.00465749	0.612355	0.460083	-0.642919	0.124742
-0.00334783	-0.0910696	-0.00780536	0.579355	0.330648	-0.744996	0.110517
-0.00452291	-0.0943058	-0.0280881	0.357566	0.150996	-0.9216	0.115428
0.00558311	-0.086153	-0.0111053	0.590411	0.272896	-0.759567	0.108078
-0.0202244	-0.0888994	-0.0110746	0.483953	0.454537	-0.747787	0.132048
-0.0233306	-0.098362	-0.00791386	0.450728	0.415634	-0.789995	0.108513
-0.00670194	-0.0814796	-0.00273559	0.619044	0.449718	-0.643847	0.127924
-0.0205521	-0.0785143	-0.0134923	0.568372	0.38063	-0.729434	0.119175
-0.00181389	-0.0777502	-0.0174294	0.665957	0.245213	-0.704537	0.110957
-0.00239053	-0.085376	-0.00416331	0.586164	0.362804	-0.72442	0.114219
-0.0234486	-0.0771028	-0.00694553	0.60794	0.386477	-0.693573	0.127587
-0.0243616	-0.0913816	-0.0023394	0.433165	0.451721	-0.779947	0.113275
-0.00498129	-0.0761406	-0.0111801	0.676075	0.347855	-0.649554	0.11849
-0.00194572	-0.0785597	-0.00583705	0.597995	0.274981	-0.752853	0.129843
-0.00795054	-0.0843868	-0.00840827	0.529354	0.484593	-0.696386	0.129792
0.00108417	-0.0779982	-0.0128657	0.752102	0.207342	-0.625581	0.108127
0.00158209	-0.0779168	-0.00767298	0.698784	0.263411	-0.665068	0.111076
-0.015573	-0.0796609	-0.00421561	0.568051	0.457661	-0.684007	0.128838
-0.00953104	-0.0774311	-0.0068178	0.587303	0.403944	-0.701359	0.131338
-0.0141807	-0.078003	-0.0193785	0.581231	0.272047	-0.766917	0.120582
-0.0235916	-0.0787527	-0.00674918	0.566141	0.503339	-0.65279	0.12543
-0.0199406	-0.0779751	-0.00520435	0.57821	0.416682	-0.701462	0.122037
-0.0150865	-0.0848046	-0.00249176	0.490208	0.403584	-0.772539	0.132294
-0.00083706	-0.095268	-0.00927931	0.416675	0.331466	-0.846471	0.102548
-0.0195386	-0.0739356	-0.00630147	0.624599	0.355174	-0.695505	0.136658
-0.00714651	-0.0794225	-0.00209199	0.580801	0.540051	-0.609111	0.125161
-0.00164233	-0.0782258	-0.00933897	0.636334	0.269023	-0.722984	0.135156
-0.264301	-0.0993751	-0.205856	0.0662055	0.994277	-0.083849	0.84734
-0.00854486	-0.0799726	-0.00963725	0.593669	0.33741	-0.730555	0.124535
-0.0246187	-0.0786184	-0.00640595	0.594843	0.409887	-0.691488	0.130408
-0.00572494	-0.0876662	-0.00746666	0.633787	0.398795	-0.662779	0.098646
-0.0157126	-0.0760045	-0.00874573	0.606741	0.370753	-0.703141	0.140607
-0.0168258	-0.0622139	-0.00965164	0.660073	0.31385	-0.682497	0.146566
-0.011893	-0.0700007	-0.0113056	0.578677	0.288918	-0.762666	0.125065
-0.00454739	-0.0740963	-0.00977789	0.449153	0.30667	-0.839175	0.136937
-0.0181185	-0.0696086	-0.0071002	0.572106	0.389405	-0.721844	0.114039
-0.00907299	-0.0699793	-0.0240796	0.556147	0.288533	-0.77939	0.11352
-0.0196494	-0.0621943	-0.0118758	0.679571	0.409979	-0.608358	0.127124
-0.0214436	-0.0657361	-0.00463736	0.651744	0.397716	-0.645796	0.124703
-0.0184942	-0.0619225	-0.00300298	0.732915	0.337671	-0.590605	0.117873
-0.0113433	-0.0726713	-0.0178243	0.652979	0.36732	-0.66234	0.116397
-0.00458517	-0.0703779	-0.00756795	0.615231	0.329387	-0.716237	0.120561
-0.0236922	-0.0736048	-0.00458165	0.493292	0.338895	-0.801133	0.131968
-0.010224	-0.0650747	-0.0113312	0.648466	0.248596	-0.719508	0.119162
-0.0055599	-0.0686738	-0.0103559	0.666237	0.35304	-0.65688	0.115173
-0.0186731	-0.0685001	-0.0115237	0.604824	0.436992	-0.665752	0.121106
0.00435186	-0.0643949	-0.0121568	0.667565	0.261628	-0.697071	0.135209
-0.0171266	-0.0588634	-0.0132004	0.742364	0.290748	-0.603623	0.139097
-0.0253884	-0.0680188	-0.0189355	0.617088	0.373089	-0.692825	0.117664
-0.0150879	-0.0706781	-0.00899526	0.598321	0.379847	-0.705499	0.129678
-0.0164544	-0.0714456	-0.0118702	0.600649	0.341201	-0.723051	0.127121
-0.00614094	-0.0646524	-0.00708144	0.751928	0.348526	-0.559583	0.120091
-0.00820607	-0.0684279	-0.00188428	0.626348	0.425653	-0.653076	0.108255
-0.0214312	-0.0760164	-0.0150567	0.508488	0.371484	-0.776814	0.12634
-0.0175366	-0.0740191	-0.00810803	0.589258	0.297199	-0.751297	0.108674
-0.011768	-0.0696677	-0.0143611	0.557061	0.355629	-0.750474	0.130096
-0.0243024	-0.0682525	-0.0132182	0.620822	0.382877	-0.684094	0.120196
-0.0192844	-0.0728608	-0.0181141	0.542166	0.420395	-0.727547	0.118127
-0.0104764	-0.076955	-0.0212	0.413633	0.425737	-0.804771	0.132334
-0.0218834	-0.0832097	-0.0154006	0.392127	0.399041	-0.828856	0.115879
-0.0214817	-0.0714659	-0.00476248	0.623435	0.345148	-0.701571	0.121316
-0.00305191	-0.0717438	-0.0111806	0.63603	0.28826	-0.715801	0.109397
-0.0276114	-0.0815423	-0.000101867	0.436228	0.525389	-0.730528	0.120859
0.0113146	-0.0705981	-0.00937206	0.575182	0.167049	-0.800788	0.136285
-0.0247061	-0.075667	-0.0165085	0.576677	0.40888	-0.707291	0.116762
-0.00517567	-0.0713854	-0.00890282	0.67262	0.282087	-0.684112	0.117233
-0.0268269	-0.0660319	-0.00747077	0.665523	0.430821	-0.609485	0.134647
-0.0287303	-0.0755951	-0.0172605	0.54241	0.384223	-0.747104	0.1146
-0.0156165	-0.0700583	-0.00150773	0.577114	0.429934	-0.694332	0.124539
-0.00778817	-0.0694008	-0.00495768	0.696693	0.346891	-0.627922	0.118309
-0.00582321	-0.0688545	-0.0137276	0.718937	0.342075	-0.605074	0.117636
0.00181223	-0.0792992	-0.0142735	0.492385	0.295781	-0.818578	0.120289
-0.0160469	-0.0780728	0.00101113	0.593916	0.244612	-0.766439	0.109149
-0.0255488	-0.0708621	-0.00762047	0.610594	0.430117	-0.664962	0.121655
-0.0178002	-0.0729296	-0.00461592	0.603277	0.335686	-0.723445	0.128755
0.0102259	-0.0686862	-0.0105785	0.711153	0.259204	-0.65351	0.124848
-0.0241232	-0.068464	-0.00602414	0.601766	0.541753	-0.58684	0.135012
-0.0219655	-0.0755468	-0.00904245	0.528078	0.516262	-0.674245	0.121077
-0.00356239	-0.074484	-0.00926382	0.596888	0.261881	-0.758382	0.111353
-0.0182461	-0.0689417	-0.0122292	0.624146	0.406095	-0.667479	0.120787
-0.0274303	-0.0672067	-0.0101057	0.678827	0.463011	-0.569926	0.124687
-0.020386	-0.0634059	-0.0121966	0.695446	0.421396	-0.582048	0.13609
-0.0101198	-0.0739744	-0.0098286	0.652259	0.395511	-0.64663	0.117513
-0.0152147	-0.0732755	-0.0110806	0.591058	0.321264	-0.739892	0.133462
0.00417891	-0.0860961	-0.0119813	0.410631	0.298891	-0.861421	0.115829
-0.00446436	-0.0660228	-0.00973305	0.660613	0.330628	-0.673999	0.148284
-0.0120817	-0.0696622	-0.00881235	0.722923	0.388568	-0.571311	0.105936
-0.00513427	-0.0731558	-0.00673869	0.643915	0.374824	-0.666994	0.11119
-0.0106071	-0.0770384	-0.0108608	0.49479	0.496267	-0.713373	0.135919
-0.0224607	-0.0742527	-0.0235097	0.552863	0.380593	-0.741277	0.12
-0.0164092	-0.0723696	-0.0159768	0.545398	0.29182	-0.785736	0.137161
-0.0153017	-0.0747744	-0.00825457	0.570186	0.355674	-0.740529	0.124388
-0.012017	-0.0741658	-0.0109453	0.561707	0.460342	-0.687437	0.128144
-0.00859783	-0.0712304	-0.00831449	0.670728	0.401742	-0.62348	0.113063
-0.0301619	-0.0694699	-0.00953136	0.634711	0.353754	-0.687023	0.123789
-0.0112125	-0.0736791	-0.0104739	0.649105	0.334606	-0.683156	0.109187
0.00978179	-0.06513	-0.00708991	0.724663	0.089295	-0.683293	0.131253
-0.00436299	-0.0817412	-0.0124062	0.457712	0.413351	-0.787172	0.120698
-0.028696	-0.0849824	-0.0161245	0.451471	0.644617	-0.616962	0.106152
-0.0227775	-0.0685177	0.00769991	0.586432	0.508098	-0.63082	0.135086
-0.0210018	-0.0695275	-0.00724957	0.642814	0.440593	-0.626632	0.126932
-0.00185755	-0.0790788	-0.00503307	0.585496	0.334602	-0.738401	0.122838
-0.0158502	-0.0724752	-0.00791822	0.581595	0.341585	-0.738286	0.125427
-0.00974504	-0.0721225	-0.00821168	0.632766	0.32369	-0.703443	0.120957
-0.0138191	-0.0629466	-0.00547745	0.73873	0.258383	-0.622508	0.138562
-0.0241274	-0.0686551	-0.0143901	0.636028	0.368245	-0.678133	0.129727
-0.0119209	-0.0719354	-0.0109076	0.705485	0.461541	-0.537838	0.106036
-0.0165836	-0.064144	-0.00824997	0.75274	0.388514	-0.531451	0.11876
-0.0174312	-0.0737991	-0.0129621	0.562788	0.339156	-0.753819	0.115714
0.00209935	-0.0756227	-0.00932067	0.591162	0.458004	-0.663897	0.118603
-0.0123293	-0.0835606	-0.00441699	0.51512	0.478905	-0.710845	0.110834
-0.0126121	-0.071937	-0.000713408	0.58417	0.505096	-0.635313	0.130896
-0.020882	-0.0709318	-0.0106719	0.624338	0.342618	-0.702008	0.128032
-0.0302057	-0.0683168	-0.00757448	0.659855	0.461977	-0.592595	0.139187
-0.0352358	-0.076754	-0.00376992	0.473341	0.544458	-0.692469	0.141111
-0.0312993	-0.0739964	-0.00522607	0.505025	0.569984	-0.648126	0.13356
-0.0257799	-0.0774977	-0.00249117	0.518468	0.476981	-0.709705	0.117207
0.00410864	-0.0731837	-0.00271117	0.714422	0.269808	-0.645605	0.103883
-0.0182347	-0.073178	-0.0126703	0.586718	0.340754	-0.734608	0.119863
0.00559708	-0.0750721	-0.00424247	0.600019	0.280348	-0.749254	0.124103
-0.00550833	-0.0748731	0.00389099	0.561916	0.425029	-0.709648	0.121194
-0.012289	-0.0744704	-0.00232556	0.52859	0.45137	-0.718928	0.125764
-0.0174177	-0.0740598	-0.00566684	0.563398	0.39476	-0.725774	0.123629
0.0125243	-0.0867193	-0.0114051	0.600328	0.166243	-0.782285	0.0766532
-0.00335851	-0.0745429	-0.00555778	0.645924	0.112529	-0.755062	0.11089
-0.0178036	-0.0684295	-0.00643489	0.650673	0.371373	-0.66235	0.136241
-0.0131598	-0.0770086	0.00425294	0.5785	0.381907	-0.720753	0.118572
-0.0115061	-0.0760891	-0.00693786	0.588385	0.331051	-0.737704	0.127478
-0.0230337	-0.0726916	-0.0213367	0.58002	0.260675	-0.771767	0.124818
-0.0114912	-0.0763551	-0.00977712	0.583838	0.373021	-0.721102	0.124253
0.00106754	-0.0762688	-0.0146411	0.543967	0.279318	-0.791253	0.119189
-0.0158241	-0.0701023	-0.00897912	0.636579	0.362901	-0.680492	0.119983
0.000759311	-0.0738701	-0.0167346	0.590905	0.27969	-0.756706	0.111913
-0.0185009	-0.0656579	-0.00894865	0.651248	0.39687	-0.646815	0.141977
-0.0269847	-0.0688884	-0.00618678	0.622035	0.377253	-0.686115	0.131964
-0.0141743	-0.0784363	-0.00550711	0.653348	0.365235	-0.663129	0.102495
-0.0174716	-0.080597	-0.00478243	0.480993	0.387588	-0.786398	0.12505
-0.0214736	-0.0740768	-0.0112525	0.569973	0.523509	-0.6333	0.125555
-0.00520782	-0.0847611	-0.00658385	0.454164	0.380184	-0.805726	0.110341
-0.0117308	-0.063429	-0.0110114	0.752251	0.239062	-0.613977	0.143363
-0.0100764	-0.071625	-0.00569017	0.552621	0.443819	-0.705432	0.142188
-0.0195072	-0.0842941	-0.0163704	0.444367	0.396454	-0.803345	0.108974
-0.0235698	-0.0868647	-0.00570878	0.423843	0.443294	-0.78984	0.106202
-0.0155454	-0.0769477	0.00409583	0.545811	0.533568	-0.646062	0.119794
-0.00672905	-0.0707725	-0.00869871	0.699738	0.374942	-0.608099	0.123046
-0.00162111	-0.0721741	-0.0108728	0.649474	0.321236	-0.689196	0.112326
-0.0145369	-0.0746005	-0.010484	0.566097	0.367486	-0.737894	0.137128
0.000613301	-0.0779484	-0.00550218	0.589281	0.306585	-0.747499	0.113439
-0.0270339	-0.0651791	-0.00361837	0.645237	0.496597	-0.580569	0.147711
-0.0163676	-0.0716362	-0.0043849	0.587134	0.413087	-0.696156	0.124566
-0.0128378	-0.0807347	-0.00937977	0.61518	0.579372	-0.534678	0.0834433
-0.0260114	-0.0776973	-0.0122395	0.481533	0.418203	-0.770216	0.14268
-0.02021	-0.0737296	-0.00970973	0.573985	0.343933	-0.743136	0.132719
-0.00756382	-0.0676406	-0.0144284	0.686225	0.272434	-0.674444	0.126784
-0.0334434	-0.0685886	-0.0136404	0.578341	0.471691	-0.665604	0.13268
-0.0239066	-0.0730851	-0.00301516	0.605867	0.424939	-0.672571	0.117334
-0.0119735	-0.0728479	-0.0134788	0.626042	0.315686	-0.713031	0.114114
-0.0196835	-0.0732659	0.000587174	0.621146	0.357413	-0.697448	0.126835
-0.0170454	-0.0828512	-0.0160436	0.466058	0.418226	-0.779665	0.113754
-0.0189326	-0.0731609	-0.0126275	0.678166	0.419309	-0.603548	0.14036
-0.0102718	-0.0756213	-0.0143419	0.57135	0.410097	-0.710901	0.125431
-0.00133105	-0.0846958	-0.00456778	0.543126	0.426114	-0.723492	0.100025
-0.0214232	-0.0924441	-0.00699166	0.346937	0.333438	-0.876615	0.12291
-0.0160008	-0.0719363	-0.0100808	0.604297	0.413473	-0.681077	0.125649
-0.0174934	-0.0717909	-0.00805229	0.616349	0.397823	-0.679596	0.127686
-0.00995382	-0.0719591	-0.0101079	0.625904	0.367619	-0.687823	0.118045
-0.021006	-0.0741492	-0.00551712	0.612238	0.399877	-0.682102	0.120323
-0.000826767	-0.0716169	-0.00582071	0.68132	0.297459	-0.668821	0.123128
-0.0233116	-0.0779286	-0.0154479	0.510703	0.337696	-0.79066	0.126841
-0.0112799	-0.0611719	-0.010013	0.737275	0.364096	-0.569087	0.131021
-0.00639636	-0.0726333	-0.00993318	0.65683	0.348726	-0.668554	0.115712
-0.0111083	-0.0699105	-0.00214021	0.647413	0.432366	-0.627627	0.138096
-0.00115566	-0.0774089	-0.00688091	0.556964	0.39076	-0.732869	0.123192
0.00540956	-0.0741027	-0.00826635	0.667118	0.316305	-0.674466	0.122272
-0.0211925	-0.0699849	-0.0113262	0.669358	0.337744	-0.661732	0.138754
-0.0265645	-0.0742542	-0.0139353	0.652307	0.22904	-0.722521	0.114266
-0.016492	-0.0749814	-0.0069383	0.546476	0.457617	-0.701392	0.138812
-0.01867	-0.0727285	-0.0116553	0.620843	0.3193	-0.715962	0.132709
-0.0253021	-0.0630341	-0.00903122	0.750448	0.343844	-0.564446	0.125655
-0.0264396	-0.0594811	-0.0110759	0.720497	0.449094	-0.528393	0.149061
-0.00800395	-0.0682857	-0.00613232	0.635511	0.394619	-0.663628	0.141597
-0.0150631	-0.0746366	-0.00915138	0.603442	0.390904	-0.69502	0.123708
-0.0119733	-0.0735448	-0.00461246	0.659116	0.480635	-0.578408	0.122422
-0.0170319	-0.0757316	-0.00999827	0.664769	0.469677	-0.580935	0.0995351
-0.00327595	-0.0749112	-0.00823283	0.57213	0.333929	-0.749105	0.131042
0.00154485	-0.073922	-0.00794843	0.686963	0.360962	-0.630705	0.117234
-0.00885805	-0.0632865	-0.00692522	0.84369	0.154592	-0.51409	0.125841
-0.0131517	-0.0776003	-0.0083914	0.4959	0.348007	-0.795597	0.111687
0.0014475	-0.0705649	-0.00757969	0.701223	0.372287	-0.608021	0.120939
-0.0110697	-0.0821962	-0.00967314	0.479039	0.26883	-0.835615	0.129804
-0.0165482	-0.0716465	-0.0107529	0.592549	0.33641	-0.731925	0.128204
-0.0135448	-0.0775693	-0.0175461	0.539559	0.373294	-0.75467	0.118679
-0.015445	-0.0767905	-0.00845029	0.47848	0.415124	-0.773776	0.132069
0.0195047	-0.0760359	-0.00619451	0.563707	0.383714	-0.731435	0.108433
-0.0134731	-0.0673867	-0.0162129	0.719932	0.307083	-0.622413	0.139471
-0.0202052	-0.0819599	-0.00814335	0.456471	0.360177	-0.813576	0.133967
-0.0130903	-0.0742301	-0.00559575	0.56249	0.383167	-0.732659	0.136174
-0.0197189	-0.0714125	-0.0147685	0.611489	0.317389	-0.724807	0.123777
-0.0124818	-0.0672007	-0.0121233	0.701274	0.338687	-0.6273	0.124473
-0.0134013	-0.0690753	-0.00645627	0.647108	0.348215	-0.678231	0.13096
-0.00216761	-0.0752517	-0.00233061	0.627974	0.35725	-0.691391	0.113388
-0.00117485	-0.0736753	-0.0110587	0.68585	0.269253	-0.676101	0.108541
-0.0192853	-0.074033	-0.00811824	0.546975	0.45361	-0.703602	0.134599
-0.015775	-0.0694958	-0.0186651	0.636018	0.345577	-0.689969	0.127695
0.0058507	-0.0602032	-0.00809696	0.832764	0.351885	-0.427412	0.140348
-0.0200914	-0.0683152	-0.0118272	0.654097	0.453452	-0.605425	0.143421
-0.000640034	-0.0761035	-0.00841869	0.522972	0.462564	-0.715915	0.130727
-0.0224744	-0.0633973	-0.00853452	0.704273	0.41162	-0.57842	0.135401
-0.00716718	-0.0661533	-0.00887139	0.732462	0.375029	-0.568201	0.128128
-0.0226607	-0.0712679	-0.00717353	0.578173	0.360327	-0.732039	0.137645
-0.0133414	-0.0606248	-0.00527593	0.709436	0.335711	-0.619676	0.154007
-0.0115493	-0.0860036	-0.00652439	0.511268	0.682338	-0.522513	0.101367
-0.0210822	-0.0915673	0.00406777	0.325786	0.644986	-0.691272	0.102262
-0.0269172	-0.082453	-0.0212778	0.540389	0.337149	-0.770915	0.0938556
0.0105039	-0.0726198	-0.00467269	0.659448	0.365757	-0.656773	0.118149
-0.0171709	-0.0721335	-0.0147693	0.585549	0.332381	-0.739361	0.124176
-0.0183277	-0.0704105	-0.0107847	0.611006	0.468567	-0.638057	0.13151
-0.0235424	-0.0782492	-0.00533855	0.51922	0.425767	-0.741035	0.1311
-0.016774	-0.0709138	-0.00876581	0.593952	0.466825	-0.655207	0.123013
-0.0132821	-0.0760722	-0.010914	0.532588	0.436837	-0.72493	0.125285
-0.00928204	-0.0782399	-0.00898879	0.506228	0.353102	-0.786798	0.131751
-0.0126505	-0.0757857	-0.00380269	0.561348	0.371502	-0.73951	0.122614
0.00605773	-0.082607	-0.00713698	0.564164	0.320735	-0.760821	0.0960162
-0.0111806	-0.0819879	-0.00637994	0.470577	0.286518	-0.834544	0.112588
-0.0212783	-0.0675263	-0.00796076	0.664254	0.437726	-0.60594	0.134905
-0.0242377	-0.0729465	-0.0135329	0.597547	0.386212	-0.702693	0.128811
-0.0319823	-0.0717451	-0.00580262	0.629204	0.471334	-0.618018	0.135486
-0.0121187	-0.0799674	-0.0129547	0.503291	0.365746	-0.782897	0.113116
-0.00821414	-0.069879	-0.00472401	0.640133	0.329476	-0.694029	0.130972
-0.0164595	-0.076371	-0.00637725	0.611141	0.321353	-0.723353	0.125612
-0.0138539	-0.0727847	-0.00412074	0.621299	0.490685	-0.610913	0.130388
0.00884298	-0.0703649	-0.00975543	0.716282	0.197486	-0.669283	0.119453
-0.0160894	-0.0731331	-0.00476583	0.628735	0.417747	-0.655881	0.126347
-0.020124	-0.0913507	-0.00486664	0.340813	0.4862	-0.804646	0.118536
-0.0438528	-0.0770883	-0.00665489	0.591879	0.566653	-0.573222	0.106792
-0.013379	-0.0681651	-0.00572925	0.677646	0.326515	-0.658926	0.12969
-0.0221131	-0.0753399	-0.00663141	0.613553	0.361894	-0.701844	0.114621
-0.0239341	-0.080653	-0.0170896	0.492188	0.410611	-0.767561	0.11012
-0.00233508	-0.0647232	-0.00850614	0.768932	0.29937	-0.564909	0.134676
-0.0077801	-0.0644741	-0.00851766	0.759802	0.25334	-0.598766	0.128316
-0.0161818	-0.0809234	-0.000374693	0.562923	0.475733	-0.675867	0.110794
-0.0229532	-0.0792183	-0.0186106	0.579962	0.316234	-0.750759	0.118534
-0.00284494	-0.0805982	-0.0187525	0.447317	0.297846	-0.843324	0.133845
-0.0199168	-0.0739249	-0.00997257	0.58556	0.409848	-0.699388	0.129801
-0.0193652	-0.0661755	-0.0119905	0.70782	0.300067	-0.639492	0.140342
-0.0102965	-0.0743949	-0.0062864	0.702973	0.410139	-0.581046	0.108608
-0.0221602	-0.0760032	-0.000372016	0.644869	0.355582	-0.67654	0.127092
-0.0180901	-0.0660371	-0.00715081	0.675467	0.367081	-0.639527	0.153052
-0.0151063	-0.0667246	-0.0131593	0.756123	0.297406	-0.582948	0.139937
-0.0198504	-0.0737346	8.49341e-05	0.575215	0.483175	-0.660053	0.124519
-0.00896841	-0.074995	-0.0103415	0.582031	0.42881	-0.690914	0.120132
-0.0246397	-0.073421	-0.00866388	0.609933	0.365202	-0.703285	0.128771
-0.00971485	-0.0765324	-0.0107602	0.599727	0.347804	-0.720666	0.126125
-0.0142826	-0.0743248	-0.00577946	0.570831	0.450668	-0.686331	0.11989
-0.0179017	-0.0805616	-0.00805864	0.450781	0.499392	-0.739868	0.123982
-0.0156634	-0.0738237	-0.00404189	0.625199	0.304734	-0.718515	0.13627
-0.00299174	-0.0771434	-0.0168701	0.567564	0.326639	-0.755763	0.125099
-0.0125723	-0.0889765	-0.0136329	0.5008	0.332557	-0.799128	0.0975501
-0.01861	-0.0801972	-0.00652755	0.501865	0.42928	-0.7509	0.123319
-0.020423	-0.0617138	-0.0153307	0.786462	0.314732	-0.531434	0.149569
-0.00729973	-0.0731754	-0.0145813	0.584378	0.247001	-0.772977	0.136192
-0.00384043	-0.0894498	-0.00830558	0.374134	0.358857	-0.855129	0.124738
-0.0181329	-0.0692067	-0.0104991	0.680443	0.332538	-0.653005	0.139905
0.00457366	-0.0688067	-0.00797982	0.76607	0.243604	-0.594806	0.130286
-0.019731	-0.0737177	-0.011552	0.583173	0.426969	-0.691091	0.135507
-0.0141873	-0.0782632	-0.00436064	0.576237	0.463394	-0.673214	0.1207
-0.0188733	-0.0711413	-0.0177922	0.67211	0.372957	-0.639665	0.138878
-0.020861	-0.0749496	-0.00526522	0.665214	0.475206	-0.575907	0.12632
-0.00929537	-0.0821221	-0.0250467	0.539376	0.304017	-0.785269	0.11211
0.000728185	-0.0768209	-0.012196	0.640937	0.248117	-0.726386	0.112976
-0.0183521	-0.0659217	-0.0142869	0.531748	0.50541	-0.679563	0.104033
0.000223134	-0.0518467	-0.00976243	0.727158	0.238009	-0.643889	0.101905
-0.0124871	-0.0587449	-0.0300651	0.559739	0.20959	-0.801726	0.136454
-0.00793485	-0.0679536	-0.0109796	0.627634	0.300308	-0.718256	0.135741
-0.022928	-0.0587512	-0.0160045	0.760119	0.385828	-0.522835	0.12393
-0.0270868	-0.0533323	0.0062778	0.759893	0.366071	-0.537172	0.128439
-0.0128992	-0.0646432	-0.0140785	0.579123	0.438277	-0.687408	0.108656
0.0116773	-0.102605	0.000948978	0.514047	0.445119	-0.733229	0.155882
-0.0211263	-0.0788447	-0.00968409	0.601242	0.39392	-0.695223	0.13763
-0.0255443	-0.0747765	-0.00389561	0.628094	0.453652	-0.632217	0.119919
-0.021517	-0.0763947	-0.0179993	0.387514	0.539645	-0.747406	0.0909731
-0.016407	-0.0829001	-0.0026017	0.61423	0.398955	-0.68085	0.13711
-0.0117515	-0.0713472	-0.0147524	0.625074	0.201431	-0.754127	0.129083
0.00442646	-0.0962347	-0.0200981	0.523678	0.329466	-0.785629	0.129505
-0.0220443	-0.059285	-0.0229785	0.657701	0.397832	-0.639655	0.121159
-0.00079003	-0.0654357	-0.0109888	0.707166	0.31151	-0.634727	0.116931
-0.00293865	-0.0935898	0.00151884	0.599048	0.352178	-0.719106	0.166677
0.00609078	-0.0699197	-0.00335886	0.721375	0.277942	-0.634324	0.118331
-0.0145627	-0.0709811	-0.0195873	0.616761	0.267822	-0.740188	0.131457
-0.0339084	-0.0666985	-0.0256076	0.540962	0.500171	-0.676157	0.131753
0.0140155	-0.0792943	-0.0071032	0.590996	0.265411	-0.761761	0.119424
-0.0218907	-0.07628	-0.00240658	0.518958	0.455138	-0.723555	0.100973
0.0106048	-0.0791291	-0.0124695	0.664392	0.24434	-0.706316	0.123226
-0.00102672	-0.0926727	-0.0138094	0.607218	0.271408	-0.746742	0.132508
-0.00765608	-0.0741235	-0.0115415	0.625701	0.364159	-0.689846	0.145835
-0.00208953	-0.0990234	-0.00525077	0.574695	0.359433	-0.735209	0.157859
-0.011031	-0.0622845	-0.00571985	0.605205	0.409238	-0.682826	0.13768
-0.0264013	-0.0680842	-0.0187261	0.647952	0.346843	-0.678128	0.0948322
-0.00141994	-0.0905542	-0.0121103	0.493342	0.271448	-0.826396	0.134323
0.00282224	-0.0891227	-0.00405734	0.573149	0.28864	-0.766934	0.1617
-0.0254681	-0.0765798	-0.0185634	0.578178	0.354106	-0.735064	0.13799
0.00166957	-0.0819382	-0.0104658	0.403641	0.37038	-0.836596	0.101068
-0.00743039	-0.0905789	0.0100997	0.458586	0.510136	-0.72764	0.144176
-0.00717827	-0.0834227	-0.0251432	0.430626	0.274381	-0.859812	0.104769
-0.0240834	-0.0588299	-0.00964758	0.667898	0.413524	-0.618797	0.140801
-0.00282093	-0.0834541	0.00431646	0.546474	0.380326	-0.746135	0.121568
-0.0134458	-0.0656142	-0.00788982	0.739779	0.341279	-0.579876	0.13367
0.321562	-0.0988649	-0.341817	0.697678	-0.0206534	-0.716113	0.253645
0.0201598	-0.0865191	0.00393165	0.65091	0.15662	-0.742823	0.128961
-0.0153811	-0.0689121	-0.0130387	0.6396	0.323115	-0.697501	0.147109
-0.0243109	-0.0709957	-0.00819036	0.71865	0.412892	-0.55952	0.115483
0.0128288	-0.0787259	0.00917089	0.576108	0.308459	-0.756936	0.139356
-0.0181948	-0.0794767	-0.0102054	0.521286	0.386066	-0.761061	0.155452
-0.0249441	-0.0713328	-0.00374651	0.499769	0.460064	-0.733874	0.125725
-0.00764593	-0.0579938	-0.0133025	0.676716	0.305974	-0.669653	0.121083
-0.00448765	-0.0762096	-0.00342932	0.630642	0.260352	-0.731101	0.134516
-0.0417077	-0.0911554	-0.0126176	0.702028	0.31959	-0.636412	0.1595
-6.94775e-310	-6.94775e-310	0	1	0	0	0
-0.00404053	-0.059041	-0.0189577	0.6458	0.257464	-0.718787	0.0792797
-0.00987554	-0.0758746	-0.00404563	0.541201	0.25464	-0.801411	0.128713
-0.0174144	-0.0786778	-0.00807921	0.551421	0.314403	-0.772713	0.141079
-0.378553	-1.77282	-1.93293	0.977938	0.0978339	-0.18457	0.842853
-0.0156176	-0.0776022	-0.00480639	0.593945	0.429695	-0.680141	0.129837
-0.00808032	-0.0830816	9.67015e-05	0.609376	0.402338	-0.683217	0.124558
-0.0115227	-0.0680436	0.00613154	0.679655	0.302545	-0.668233	0.12847
0.0181529	-0.09524	-0.00689687	0.563904	0.160585	-0.810077	0.144293
-6.93039e-310	-6.93039e-310	0	1	0	0	0
-0.0284695	-0.0677387	-0.00899487	0.58558	0.409354	-0.699661	0.141197
-0.01432	-0.0639145	-0.0064706	0.680775	0.374943	-0.629256	0.141859
-0.0064773	-0.0674301	-0.0119233	0.748464	0.380757	-0.542979	0.111864
-0.0112735	-0.084514	0.002068	0.393371	0.508996	-0.765626	0.132134
-0.01541	-0.0636757	-0.0141539	0.729525	0.291434	-0.618756	0.138237
-6.92028e-310	-6.92028e-310	0	1	0	0	0
-0.00397901	-0.0554548	-0.00499171	0.869183	0.207687	-0.448761	0.125176
0.00489523	-0.059376	-0.00828586	0.780062	0.223755	-0.584327	0.133377
-0.0100023	-0.0623824	-0.0094568	0.737765	0.310325	-0.599501	0.139215
-0.00877396	-0.0715049	-0.0170781	0.57646	0.331491	-0.746865	0.12161
-0.0206127	-0.0605006	-0.00545713	0.668041	0.384525	-0.637073	0.147356
-0.00408551	-0.0747824	-0.00361991	0.539274	0.308859	-0.783447	0.117961
-0.0095234	-0.0714521	-0.00875651	0.666613	0.342016	-0.662308	0.115708
