0.0130058	-0.0451606	0.049641	0.0130058	-0.0451606	0.049641	0.0776223
0.0058179	-0.0549615	0.0459415	0.0058179	-0.0549615	0.0459415	0.0738762
0.0360051	-0.0478111	0.0390432	0.0360051	-0.0478111	0.0390432	0.0574333
0.0331099	-0.0452876	0.0466637	0.0331099	-0.0452876	0.0466637	0.097182
0.0406067	-0.0528631	0.037828	0.0406067	-0.0528631	0.037828	0.0540269
0.0283154	-0.052693	0.0414843	0.0283154	-0.052693	0.0414843	0.0577225
-0.0147944	-0.0324419	0.0319897	-0.0147944	-0.0324419	0.0319897	0.098976
0.0143665	-0.057558	0.0565998	0.0143665	-0.057558	0.0565998	0.0914966
0.0150025	-0.0349209	0.0320111	0.0150025	-0.0349209	0.0320111	0.0918759
0.0201035	-0.0437478	0.0450674	0.0201035	-0.0437478	0.0450674	0.0528951
0.0112345	-0.0409254	0.0437771	0.0112345	-0.0409254	0.0437771	0.0984282
0.0052976	-0.0503732	0.044181	0.0052976	-0.0503732	0.044181	0.0735055
-0.000320184	-0.0446788	0.0468999	-0.000320184	-0.0446788	0.0468999	0.107544
-0.00534857	-0.0517208	0.0479327	-0.00534857	-0.0517208	0.0479327	0.057812
0.0209963	-0.0346783	0.0280968	0.0209963	-0.0346783	0.0280968	0.0470287
0.0162701	-0.0519912	0.0557189	0.0162701	-0.0519912	0.0557189	0.0338389
-0.00302407	-0.0447029	0.0387732	-0.00302407	-0.0447029	0.0387732	0.087481
-0.00371994	-0.045296	0.0436511	-0.00371994	-0.045296	0.0436511	0.0828623
-0.00593142	-0.042171	0.043543	-0.00593142	-0.042171	0.043543	0.0983071
-0.00359198	-0.0418039	0.0418895	-0.00359198	-0.0418039	0.0418895	0.0753144
-0.0154199	-0.0402478	0.0474681	-0.0154199	-0.0402478	0.0474681	0.113267
-0.0345998	-0.0422807	0.0440928	-0.0345998	-0.0422807	0.0440928	0.10858
0.00933638	-0.056639	0.0453167	0.00933638	-0.056639	0.0453167	0.0749439
0.00452428	-0.0479118	0.0372124	0.00452428	-0.0479118	0.0372124	0.0889289
-0.00422156	-0.0417198	0.0339101	-0.00422156	-0.0417198	0.0339101	0.0641872
0.00891327	-0.0425225	0.042185	0.00891327	-0.0425225	0.042185	0.0901573
0.0179137	-0.0553013	0.0475626	0.0179137	-0.0553013	0.0475626	0.0507038
0.00294451	-0.0634051	0.0512239	0.00294451	-0.0634051	0.0512239	0.0444388
0.0048236	-0.0350583	0.0447771	0.0048236	-0.0350583	0.0447771	0.0958212
0.00577683	-0.0409922	0.0465399	0.00577683	-0.0409922	0.0465399	0.073336
-0.0160458	-0.0403784	0.0405805	-0.0160458	-0.0403784	0.0405805	0.144611
0.00366921	-0.0511171	0.0380757	0.00366921	-0.0511171	0.0380757	0.0773306
0.00630957	-0.0483634	0.0425471	0.00630957	-0.0483634	0.0425471	0.0660179
0.0151917	-0.0591952	0.0431979	0.0151917	-0.0591952	0.0431979	0.0638488
0.014582	-0.0575862	0.0394083	0.014582	-0.0575862	0.0394083	0.0727765
0.0237278	-0.0608799	0.0431373	0.0237278	-0.0608799	0.0431373	0.0840628
0.00977967	-0.0363668	0.0433615	0.00977967	-0.0363668	0.0433615	0.0723208
0.00966007	-0.0514181	0.0441767	0.00966007	-0.0514181	0.0441767	0.0796096
0.00321394	-0.038765	0.0423802	0.00321394	-0.038765	0.0423802	0.104723
-0.00537191	-0.0466555	0.043806	-0.00537191	-0.0466555	0.043806	0.0930144
0.0127459	-0.05096	0.040731	0.0127459	-0.05096	0.040731	0.0592707
0.00404923	-0.0353734	0.0429382	0.00404923	-0.0353734	0.0429382	0.0952907
-0.00155892	-0.0538502	0.0492786	-0.00155892	-0.0538502	0.0492786	0.0770437
-0.00445765	-0.0521056	0.0448041	-0.00445765	-0.0521056	0.0448041	0.0821776
0.00735369	-0.0425604	0.0439843	0.00735369	-0.0425604	0.0439843	0.110594
0.0128385	-0.0468573	0.0432429	0.0128385	-0.0468573	0.0432429	0.0582285
-0.0116163	-0.0453022	0.0469612	-0.0116163	-0.0453022	0.0469612	0.0738634
-0.00997042	-0.0503239	0.0397419	-0.00997042	-0.0503239	0.0397419	0.0817173
0.00341686	-0.0423954	0.0446139	0.00341686	-0.0423954	0.0446139	0.0920454
0.0200025	-0.053312	0.0476363	0.0200025	-0.053312	0.0476363	0.0866379
-0.00548406	-0.0406172	0.0419484	-0.00548406	-0.0406172	0.0419484	0.112879
0.0019331	-0.0439346	0.0521797	0.0019331	-0.0439346	0.0521797	0.112981
0.0172949	-0.0424968	0.0511254	0.0172949	-0.0424968	0.0511254	0.0814825
-0.00221829	-0.041279	0.0400543	-0.00221829	-0.041279	0.0400543	0.0860511
0.0179839	-0.0657854	0.0502887	0.0179839	-0.0657854	0.0502887	0.0799778
0.000572836	-0.0624479	0.0503475	0.000572836	-0.0624479	0.0503475	0.0386491
0.00756421	-0.0380836	0.0466094	0.00756421	-0.0380836	0.0466094	0.0545824
0.0158544	-0.0442875	0.049404	0.0158544	-0.0442875	0.049404	0.0619559
0.0157663	-0.0488365	0.0510005	0.0157663	-0.0488365	0.0510005	0.0422162
0.00135753	-0.0387162	0.0401221	0.00135753	-0.0387162	0.0401221	0.0876763
-0.00721899	-0.0431468	0.0387215	-0.00721899	-0.0431468	0.0387215	0.0933046
0.0330492	-0.0378592	0.0512767	0.0330492	-0.0378592	0.0512767	0.066015
-0.000738396	-0.0408345	0.0438996	-0.000738396	-0.0408345	0.0438996	0.0750053
0.00217301	-0.0411501	0.051897	0.00217301	-0.0411501	0.051897	0.0955987
0.00087143	-0.0506461	0.0548562	0.00087143	-0.0506461	0.0548562	0.103756
-0.008485	-0.0376284	0.0388597	-0.008485	-0.0376284	0.0388597	0.106136
0.0150696	-0.0423971	0.0399763	0.0150696	-0.0423971	0.0399763	0.0771378
0.00825851	-0.0407903	0.0481877	0.00825851	-0.0407903	0.0481877	0.0897283
-0.0082687	-0.0472858	0.0380001	-0.0082687	-0.0472858	0.0380001	0.093672
0.0063515	-0.0385031	0.0505526	0.0063515	-0.0385031	0.0505526	0.060853
0.00393498	-0.0387222	0.0432125	0.00393498	-0.0387222	0.0432125	0.0618522
0.000589218	-0.0366602	0.0480343	0.000589218	-0.0366602	0.0480343	0.0872256
0.0072638	-0.040704	0.0479784	0.0072638	-0.040704	0.0479784	0.0867666
0.0205811	-0.0353192	0.036702	0.0205811	-0.0353192	0.036702	0.0687408
-0.00117384	-0.0417684	0.0373717	-0.00117384	-0.0417684	0.0373717	0.076892
0.023152	-0.0448948	0.041817	0.023152	-0.0448948	0.041817	0.0445996
0.0126525	-0.0399338	0.0387021	0.0126525	-0.0399338	0.0387021	0.0667271
0.00479299	-0.0431082	0.0502603	0.00479299	-0.0431082	0.0502603	0.0837062
0.0110115	-0.0493811	0.0476193	0.0110115	-0.0493811	0.0476193	0.0596115
-0.00502635	-0.0532875	0.02888	-0.00502635	-0.0532875	0.02888	0.0808877
0.00754072	-0.0505045	0.0501667	0.00754072	-0.0505045	0.0501667	0.0740565
-0.0015254	-0.0495262	0.0415379	-0.0015254	-0.0495262	0.0415379	0.0370436
-0.0093612	-0.0590079	0.0496005	-0.0093612	-0.0590079	0.0496005	0.0901673
-0.0274135	-0.0391754	0.0395084	-0.0274135	-0.0391754	0.0395084	0.108172
-0.00177791	-0.0482291	0.0371154	-0.00177791	-0.0482291	0.0371154	0.0918755
0.00891836	-0.0498863	0.046892	0.00891836	-0.0498863	0.046892	0.0769819
0.0126091	-0.0510643	0.0405806	0.0126091	-0.0510643	0.0405806	0.038802
-0.00698016	-0.071301	0.0431118	-0.00698016	-0.071301	0.0431118	0.0936753
-0.00542058	-0.0384177	0.0543016	-0.00542058	-0.0384177	0.0543016	0.096017
-0.00482516	-0.0347068	0.0531816	-0.00482516	-0.0347068	0.0531816	0.102334
0.00829132	-0.0663312	0.0419024	0.00829132	-0.0663312	0.0419024	0.072592
0.0159243	-0.0401615	0.0312085	0.0159243	-0.0401615	0.0312085	0.0775477
0.00415137	-0.0304998	0.0336133	0.00415137	-0.0304998	0.0336133	0.0802223
-0.0233252	-0.0479704	0.0419346	-0.0233252	-0.0479704	0.0419346	0.0936796
-0.00144963	-0.0554102	0.0469175	-0.00144963	-0.0554102	0.0469175	0.0822925
-0.0249202	-0.0534156	0.0368811	-0.0249202	-0.0534156	0.0368811	0.115622
0.0100744	-0.0379511	0.0521101	0.0100744	-0.0379511	0.0521101	0.0867904
-0.0255236	-0.0457956	0.0430661	-0.0255236	-0.0457956	0.0430661	0.109737
0.014191	-0.0518597	0.0383502	0.014191	-0.0518597	0.0383502	0.0929647
-0.00173793	-0.0618545	0.0512397	-0.00173793	-0.0618545	0.0512397	0.0854886
0.00338594	-0.0508769	0.0384932	0.00338594	-0.0508769	0.0384932	0.0807146
-0.00379879	-0.0471207	0.0338731	-0.00379879	-0.0471207	0.0338731	0.0743589
0.00544521	-0.0588901	0.0390738	0.00544521	-0.0588901	0.0390738	0.0555259
-0.00835467	-0.0517254	0.0484185	-0.00835467	-0.0517254	0.0484185	0.0883599
0.00547125	-0.0418964	0.0424728	0.00547125	-0.0418964	0.0424728	0.0808025
0.00609721	-0.0500314	0.0479895	0.00609721	-0.0500314	0.0479895	0.0697964
-0.0137266	-0.036503	0.0564082	-0.0137266	-0.036503	0.0564082	0.109608
-0.0102056	-0.0404105	0.0526484	-0.0102056	-0.0404105	0.0526484	0.117571
-0.00963774	-0.0369004	0.057862	-0.00963774	-0.0369004	0.057862	0.117718
0.00829218	-0.0530638	0.0443055	0.00829218	-0.0530638	0.0443055	0.0782256
-0.00503749	-0.0567031	0.0299052	-0.00503749	-0.0567031	0.0299052	0.0934561
0.0225192	-0.0469022	0.0471714	0.0225192	-0.0469022	0.0471714	0.0653576
0.00713052	-0.0473969	0.0512727	0.00713052	-0.0473969	0.0512727	0.0544938
0.0298615	-0.0454199	0.0357298	0.0298615	-0.0454199	0.0357298	0.0466992
0.00223043	-0.0486917	0.0419732	0.00223043	-0.0486917	0.0419732	0.0801912
0.00632482	-0.0508097	0.040803	0.00632482	-0.0508097	0.040803	0.0634521
-0.0106903	-0.0390433	0.0480477	-0.0106903	-0.0390433	0.0480477	0.0674299
0.0228065	-0.0486019	0.0500482	0.0228065	-0.0486019	0.0500482	0.0241129
0.0131581	-0.0476008	0.0477841	0.0131581	-0.0476008	0.0477841	0.0782679
0.0181192	-0.038635	0.0443837	0.0181192	-0.038635	0.0443837	0.0911146
0.0128009	-0.032631	0.0475034	0.0128009	-0.032631	0.0475034	0.0954858
0.00834797	-0.0261874	0.0457879	0.00834797	-0.0261874	0.0457879	0.0679085
0.00627605	-0.0218314	0.0479994	0.00627605	-0.0218314	0.0479994	0.0964996
-0.00118764	-0.05351	0.0462565	-0.00118764	-0.05351	0.0462565	0.07816
-0.00603613	-0.0373735	0.0529365	-0.00603613	-0.0373735	0.0529365	0.117125
0.0127949	-0.0459151	0.0343312	0.0127949	-0.0459151	0.0343312	0.0832043
0.0129533	-0.0485117	0.0427824	0.0129533	-0.0485117	0.0427824	0.0951573
0.0103077	-0.054325	0.0441692	0.0103077	-0.054325	0.0441692	0.0715564
0.013577	-0.0477185	0.0382272	0.013577	-0.0477185	0.0382272	0.0713217
0.0401659	-0.0457207	0.0508091	0.0401659	-0.0457207	0.0508091	0.0798829
0.0047193	-0.0396099	0.0454672	0.0047193	-0.0396099	0.0454672	0.114565
0.00371475	-0.0389348	0.0429027	0.00371475	-0.0389348	0.0429027	0.094286
0.00113179	-0.0401227	0.0546319	0.00113179	-0.0401227	0.0546319	0.0979492
0.00697875	-0.0447779	0.0481573	0.00697875	-0.0447779	0.0481573	0.102866
-0.00188252	-0.0317427	0.0425902	-0.00188252	-0.0317427	0.0425902	0.109328
-0.00328595	-0.0293707	0.0416457	-0.00328595	-0.0293707	0.0416457	0.108112
0.00704776	-0.0417662	0.0433969	0.00704776	-0.0417662	0.0433969	0.104194
-0.0193124	-0.0516382	0.0333984	-0.0193124	-0.0516382	0.0333984	0.0908435
0.0082566	-0.0453413	0.0491332	0.0082566	-0.0453413	0.0491332	0.0790499
0.0127648	-0.0400926	0.0390442	0.0127648	-0.0400926	0.0390442	0.0746316
0.0177569	-0.0800291	0.0504148	0.0177569	-0.0800291	0.0504148	0.0626639
0.0011958	-0.0561344	0.0351902	0.0011958	-0.0561344	0.0351902	0.100441
-0.00503251	-0.0498958	0.0405715	-0.00503251	-0.0498958	0.0405715	0.0931815
0.0140124	-0.0485795	0.0423936	0.0140124	-0.0485795	0.0423936	0.0542151
-0.00402348	-0.0430131	0.0445927	-0.00402348	-0.0430131	0.0445927	0.0681535
0.016226	-0.0441165	0.0442663	0.016226	-0.0441165	0.0442663	0.0854542
0.000757419	-0.0550534	0.04828	0.000757419	-0.0550534	0.04828	0.0824029
0.0240025	-0.0488321	0.0531333	0.0240025	-0.0488321	0.0531333	0.0842079
0.0213136	-0.0447178	0.0483052	0.0213136	-0.0447178	0.0483052	0.0778368
-0.00387787	-0.0379341	0.0419058	-0.00387787	-0.0379341	0.0419058	0.0628763
0.0134436	-0.0696955	0.0465512	0.0134436	-0.0696955	0.0465512	0.0154584
0.00584354	-0.0700992	0.0504267	0.00584354	-0.0700992	0.0504267	0.0184823
0.0124273	-0.0512072	0.0484956	0.0124273	-0.0512072	0.0484956	0.0707469
0.00248989	-0.0473308	0.0440364	0.00248989	-0.0473308	0.0440364	0.0923941
-0.00712947	-0.0409434	0.0397863	-0.00712947	-0.0409434	0.0397863	0.111011
0.00058102	-0.0716017	0.0400854	0.00058102	-0.0716017	0.0400854	0.0828704
0.0157607	-0.0431091	0.03849	0.0157607	-0.0431091	0.03849	0.0754774
0.00670873	-0.0500005	0.0431922	0.00670873	-0.0500005	0.0431922	0.0813299
-0.0020032	-0.0475662	0.0460365	-0.0020032	-0.0475662	0.0460365	0.109143
-0.00409706	-0.0506323	0.0489149	-0.00409706	-0.0506323	0.0489149	0.081978
0.00305408	-0.0564564	0.0468971	0.00305408	-0.0564564	0.0468971	0.0525089
0.0123741	-0.0518067	0.0648579	0.0123741	-0.0518067	0.0648579	0.112081
0.00719902	-0.0301482	0.044706	0.00719902	-0.0301482	0.044706	0.0886268
0.0154859	-0.0306109	0.0529083	0.0154859	-0.0306109	0.0529083	0.0860406
0.00240485	-0.0428725	0.0505787	0.00240485	-0.0428725	0.0505787	0.116868
0.00701151	-0.0451098	0.0278058	0.00701151	-0.0451098	0.0278058	0.071889
0.00640768	-0.0404831	0.0440205	0.00640768	-0.0404831	0.0440205	0.0804421
-0.00962243	-0.0552078	0.0502252	-0.00962243	-0.0552078	0.0502252	0.0921386
0.00220329	-0.0586345	0.0466421	0.00220329	-0.0586345	0.0466421	0.0870676
0.0171942	-0.0416907	0.0473111	0.0171942	-0.0416907	0.0473111	0.0680862
0.00882691	-0.0375414	0.0381018	0.00882691	-0.0375414	0.0381018	0.09441
0.0010546	-0.0359347	0.0361348	0.0010546	-0.0359347	0.0361348	0.0895676
0.00883139	-0.0539708	0.0409363	0.00883139	-0.0539708	0.0409363	0.0832397
0.00424379	-0.0397953	0.0356506	0.00424379	-0.0397953	0.0356506	0.0853007
0.00269985	-0.0388637	0.0356112	0.00269985	-0.0388637	0.0356112	0.0874659
0.00267517	-0.0468591	0.0324441	0.00267517	-0.0468591	0.0324441	0.0724075
0.00298821	-0.0552119	0.0331326	0.00298821	-0.0552119	0.0331326	0.0665797
0.00468838	-0.0450462	0.0456183	0.00468838	-0.0450462	0.0456183	0.0807729
0.00535187	-0.0408748	0.0524388	0.00535187	-0.0408748	0.0524388	0.109894
-0.0088309	-0.0441855	0.0481951	-0.0088309	-0.0441855	0.0481951	0.114888
0.0106627	-0.0478755	0.0461629	0.0106627	-0.0478755	0.0461629	0.0617749
0.0133852	-0.0441813	0.0364761	0.0133852	-0.0441813	0.0364761	0.0861644
0.00736679	-0.0438508	0.0365138	0.00736679	-0.0438508	0.0365138	0.0892894
0.0121243	-0.0550762	0.0399219	0.0121243	-0.0550762	0.0399219	0.0792382
0.00640624	-0.0512951	0.0522011	0.00640624	-0.0512951	0.0522011	0.105004
-0.0171821	-0.0430391	0.0487048	-0.0171821	-0.0430391	0.0487048	0.101798
-0.00258346	-0.0411172	0.048045	-0.00258346	-0.0411172	0.048045	0.100243
0.00665533	-0.0576942	0.0476405	0.00665533	-0.0576942	0.0476405	0.0698601
0.0119583	-0.0401589	0.0576214	0.0119583	-0.0401589	0.0576214	0.0441985
0.00635158	-0.0479848	0.0326353	0.00635158	-0.0479848	0.0326353	0.0617074
0.00527393	-0.0418186	0.0599238	0.00527393	-0.0418186	0.0599238	0.0920506
0.0200727	-0.0441316	0.0529318	0.0200727	-0.0441316	0.0529318	0.0958198
-0.00229186	-0.0463696	0.0384336	-0.00229186	-0.0463696	0.0384336	0.0778996
0.0138967	-0.0620012	0.0458107	0.0138967	-0.0620012	0.0458107	0.0609845
0.0145375	-0.0554402	0.0478731	0.0145375	-0.0554402	0.0478731	0.0503206
0.00977167	-0.0489031	0.0488186	0.00977167	-0.0489031	0.0488186	0.0481352
0.0078639	-0.0465728	0.0523416	0.0078639	-0.0465728	0.0523416	0.0820869
0.0124316	-0.0496661	0.0460947	0.0124316	-0.0496661	0.0460947	0.071509
-0.000417212	-0.0453016	0.0479581	-0.000417212	-0.0453016	0.0479581	0.102544
0.00996468	-0.0570252	0.0385103	0.00996468	-0.0570252	0.0385103	0.0939875
0.0131926	-0.0710722	0.0544349	0.0131926	-0.0710722	0.0544349	0.0739609
0.0200311	-0.0568097	0.0567867	0.0200311	-0.0568097	0.0567867	0.0599433
0.00800769	-0.0362891	0.0469198	0.00800769	-0.0362891	0.0469198	0.0705001
-0.00826934	-0.047661	0.0485828	-0.00826934	-0.047661	0.0485828	0.0866009
0.0116809	-0.0504743	0.0491686	0.0116809	-0.0504743	0.0491686	0.0421588
0.0417911	-0.0586822	0.0457381	0.0417911	-0.0586822	0.0457381	0.0380954
0.0529996	-0.067753	0.0444996	0.0529996	-0.067753	0.0444996	0.0601205
0.0112121	-0.042772	0.0419677	0.0112121	-0.042772	0.0419677	0.0773968
0.00802585	-0.0551884	0.0444093	0.00802585	-0.0551884	0.0444093	0.0784932
0.0030043	-0.0450836	0.0499549	0.0030043	-0.0450836	0.0499549	0.0802219
-0.00424443	-0.0457635	0.0414335	-0.00424443	-0.0457635	0.0414335	0.0869218
-0.00825618	-0.0522535	0.0467419	-0.00825618	-0.0522535	0.0467419	0.105769
0.0160867	-0.0545083	0.0361715	0.0160867	-0.0545083	0.0361715	0.0697717
0.0103172	-0.0502675	0.0339686	0.0103172	-0.0502675	0.0339686	0.0548413
0.0101258	-0.0566534	0.0333555	0.0101258	-0.0566534	0.0333555	0.0484317
0.0178405	-0.0480495	0.0418338	0.0178405	-0.0480495	0.0418338	0.0995647
0.00420934	-0.0404745	0.0414036	0.00420934	-0.0404745	0.0414036	0.0929653
0.00343053	-0.0506741	0.0449159	0.00343053	-0.0506741	0.0449159	0.0700472
0.030913	-0.0572209	0.0429426	0.030913	-0.0572209	0.0429426	0.0317321
0.00563933	-0.0447935	0.0362925	0.00563933	-0.0447935	0.0362925	0.082344
0.00759039	-0.0493326	0.0550668	0.00759039	-0.0493326	0.0550668	0.0694333
0.0178221	-0.0474345	0.049239	0.0178221	-0.0474345	0.049239	0.0511229
-0.00340475	-0.0496803	0.0403027	-0.00340475	-0.0496803	0.0403027	0.0670574
0.0274093	-0.0499707	0.0473988	0.0274093	-0.0499707	0.0473988	0.0365959
-0.00675779	-0.0436973	0.0489107	-0.00675779	-0.0436973	0.0489107	0.085017
0.0181226	-0.0494765	0.0482738	0.0181226	-0.0494765	0.0482738	0.0773427
0.0135526	-0.0493194	0.0499563	0.0135526	-0.0493194	0.0499563	0.0825396
0.00665311	-0.0485436	0.0422155	0.00665311	-0.0485436	0.0422155	0.0695372
0.0174202	-0.0536892	0.0403	0.0174202	-0.0536892	0.0403	0.039501
-0.03251	-0.0538337	0.035902	-0.03251	-0.0538337	0.035902	0.107538
-0.011204	-0.0831087	0.0438312	-0.011204	-0.0831087	0.0438312	0.126085
-0.0038636	-0.0509509	0.0395064	-0.0038636	-0.0509509	0.0395064	0.108952
0.0130619	-0.0552995	0.0407267	0.0130619	-0.0552995	0.0407267	0.0642776
-0.00326659	-0.0469249	0.0426621	-0.00326659	-0.0469249	0.0426621	0.0388008
0.0022451	-0.0613442	0.0473052	0.0022451	-0.0613442	0.0473052	0.0720719
0.0289721	-0.0490585	0.0544204	0.0289721	-0.0490585	0.0544204	0.0558438
0.0187963	-0.0504426	0.0412138	0.0187963	-0.0504426	0.0412138	0.0371965
0.000958075	-0.0583748	0.0435718	0.000958075	-0.0583748	0.0435718	0.0829403
0.0153996	-0.0471563	0.0425291	0.0153996	-0.0471563	0.0425291	0.0839768
0.0158858	-0.0474684	0.0479332	0.0158858	-0.0474684	0.0479332	0.0843029
-0.0074908	-0.0521125	0.0452673	-0.0074908	-0.0521125	0.0452673	0.0751906
-0.00277222	-0.0308752	0.0421575	-0.00277222	-0.0308752	0.0421575	0.0803057
0.00302096	-0.0578533	0.0500614	0.00302096	-0.0578533	0.0500614	0.0722211
0.00207593	-0.0616839	0.0393747	0.00207593	-0.0616839	0.0393747	0.068979
0.000258045	-0.0741489	0.0396654	0.000258045	-0.0741489	0.0396654	0.0693965
-0.0114279	-0.553575	0.0165083	-0.0114279	-0.553575	0.0165083	0.145049
0.00408988	-0.0466552	0.0386943	0.00408988	-0.0466552	0.0386943	0.0478654
-0.00490028	-0.0433797	0.0383241	-0.00490028	-0.0433797	0.0383241	0.0760045
-0.00654801	-0.0336714	0.0437145	-0.00654801	-0.0336714	0.0437145	0.0883543
-0.0084202	-0.0401254	0.0466581	-0.0084202	-0.0401254	0.0466581	0.0505883
0.00756552	-0.0569529	0.0437185	0.00756552	-0.0569529	0.0437185	0.0467042
0.00955302	-0.0503784	0.0364137	0.00955302	-0.0503784	0.0364137	0.100096
0.00414884	-0.053513	0.0385638	0.00414884	-0.053513	0.0385638	0.103427
0.0083065	-0.042882	0.0561891	0.0083065	-0.042882	0.0561891	0.0862616
0.0281275	-0.053183	0.0449059	0.0281275	-0.053183	0.0449059	0.0518552
0.0135838	-0.0458379	0.036869	0.0135838	-0.0458379	0.036869	0.0551204
0.00573771	-0.0412447	0.0472434	0.00573771	-0.0412447	0.0472434	0.0632226
-0.0087281	-0.0493319	0.0448495	-0.0087281	-0.0493319	0.0448495	0.0969265
0.0133046	-0.0484974	0.0463882	0.0133046	-0.0484974	0.0463882	0.0686574
0.0196172	-0.0484338	0.0493729	0.0196172	-0.0484338	0.0493729	0.0583272
0.0105942	-0.0475497	0.042167	0.0105942	-0.0475497	0.042167	0.0726659
-0.0234785	-0.0267341	0.0574737	-0.0234785	-0.0267341	0.0574737	0.111642
0.0244132	-0.0550682	0.0552974	0.0244132	-0.0550682	0.0552974	0.0537525
0.0274018	-0.0549893	0.0529603	0.0274018	-0.0549893	0.0529603	0.0475442
0.0212832	-0.0410101	0.0566086	0.0212832	-0.0410101	0.0566086	0.0751929
0.00851437	-0.0435113	0.055545	0.00851437	-0.0435113	0.055545	0.0690294
0.0181472	-0.0605745	0.041185	0.0181472	-0.0605745	0.041185	0.0743772
0.00548075	-0.0463899	0.047277	0.00548075	-0.0463899	0.047277	0.0763712
0.0172657	-0.070626	0.0511549	0.0172657	-0.070626	0.0511549	0.0736252
0.0227468	-0.0813003	0.0563652	0.0227468	-0.0813003	0.0563652	0.064188
0.0207509	-0.0538483	0.0514455	0.0207509	-0.0538483	0.0514455	0.0660016
0.0202187	-0.051685	0.0595416	0.0202187	-0.051685	0.0595416	0.047699
0.0154751	-0.0702995	0.0506934	0.0154751	-0.0702995	0.0506934	0.0566487
0.00927714	-0.0469613	0.0515135	0.00927714	-0.0469613	0.0515135	0.0633143
0.0135228	-0.0512313	0.0488276	0.0135228	-0.0512313	0.0488276	0.0636463
0.0191008	-0.0531566	0.0445101	0.0191008	-0.0531566	0.0445101	0.0763377
0.0132761	-0.0586677	0.0513454	0.0132761	-0.0586677	0.0513454	0.0657938
0.0342571	-0.051698	0.0566945	0.0342571	-0.051698	0.0566945	0.0524649
0.017067	-0.0461769	0.0526181	0.017067	-0.0461769	0.0526181	0.0664421
0.00686555	-0.0499762	0.0426832	0.00686555	-0.0499762	0.0426832	0.0734649
0.0150115	-0.0464748	0.0432116	0.0150115	-0.0464748	0.0432116	0.080101
0.0212197	-0.0616236	0.0415333	0.0212197	-0.0616236	0.0415333	0.0697835
0.0263552	-0.0441589	0.0526548	0.0263552	-0.0441589	0.0526548	0.0204349
0.00942609	-0.0607622	0.0531006	0.00942609	-0.0607622	0.0531006	0.0692939
0.0218515	-0.0492813	0.0504677	0.0218515	-0.0492813	0.0504677	0.073932
0.0123032	-0.0490408	0.0441557	0.0123032	-0.0490408	0.0441557	0.0737699
0.0275198	-0.049368	0.0560969	0.0275198	-0.049368	0.0560969	0.0672646
0.00604699	-0.0452727	0.0509328	0.00604699	-0.0452727	0.0509328	0.0747073
0.00570057	-0.0630765	0.0526125	0.00570057	-0.0630765	0.0526125	0.0661836
0.0150591	-0.0644042	0.0455419	0.0150591	-0.0644042	0.0455419	0.0824355
0.0257056	-0.053776	0.0504845	0.0257056	-0.053776	0.0504845	0.0650015
0.00279801	-0.0442806	0.0502172	0.00279801	-0.0442806	0.0502172	0.0815657
0.0185689	-0.055377	0.0495269	0.0185689	-0.055377	0.0495269	0.0619378
0.00796495	-0.0725279	0.0462645	0.00796495	-0.0725279	0.0462645	0.0761997
0.0128185	-0.0490172	0.0479137	0.0128185	-0.0490172	0.0479137	0.0526691
0.0132503	-0.0454719	0.0493437	0.0132503	-0.0454719	0.0493437	0.0802331
0.0254986	-0.0510441	0.050797	0.0254986	-0.0510441	0.050797	0.0548369
0.00924813	-0.0482474	0.0514183	0.00924813	-0.0482474	0.0514183	0.0598289
0.0198607	-0.0455188	0.0447016	0.0198607	-0.0455188	0.0447016	0.0806134
0.0222953	-0.0438339	0.0434048	0.0222953	-0.0438339	0.0434048	0.0721612
0.0170465	-0.0466402	0.0532498	0.0170465	-0.0466402	0.0532498	0.050869
-0.000638681	-0.0452093	0.0425128	-0.000638681	-0.0452093	0.0425128	0.0756098
0.0149235	-0.0513275	0.0482406	0.0149235	-0.0513275	0.0482406	0.0693262
0.0225054	-0.0503974	0.0508747	0.0225054	-0.0503974	0.0508747	0.0459795
0.0106097	-0.0480222	0.0386965	0.0106097	-0.0480222	0.0386965	0.0752488
0.0185902	-0.0441968	0.0511125	0.0185902	-0.0441968	0.0511125	0.0673425
-0.005283	-0.062549	0.04224	-0.005283	-0.062549	0.04224	0.0866215
0.0151382	-0.047185	0.0470463	0.0151382	-0.047185	0.0470463	0.060894
0.0302613	-0.0646297	0.0421186	0.0302613	-0.0646297	0.0421186	0.0703755
-0.00524947	-0.0721182	0.0392853	-0.00524947	-0.0721182	0.0392853	0.0898271
0.0166294	-0.0299351	0.0542274	0.0166294	-0.0299351	0.0542274	0.0749754
0.00990065	-0.0505969	0.0506969	0.00990065	-0.0505969	0.0506969	0.0765725
0.00714521	-0.0595626	0.0426643	0.00714521	-0.0595626	0.0426643	0.055213
0.00938433	-0.0458912	0.0508704	0.00938433	-0.0458912	0.0508704	0.0532859
0.0207582	-0.0497394	0.0500892	0.0207582	-0.0497394	0.0500892	0.0658645
-0.015936	-0.0584965	0.0437396	-0.015936	-0.0584965	0.0437396	0.0501525
0.00501888	-0.0370745	0.0457049	0.00501888	-0.0370745	0.0457049	0.0789842
0.0048958	-0.0613065	0.0457078	0.0048958	-0.0613065	0.0457078	0.0848053
-0.00077196	-0.0571282	0.0543824	-0.00077196	-0.0571282	0.0543824	0.054363
0.00752964	-0.0474483	0.0442972	0.00752964	-0.0474483	0.0442972	0.0844121
-0.0180385	-0.0425333	0.0450583	-0.0180385	-0.0425333	0.0450583	0.0910138
0.0274751	-0.0573607	0.0472834	0.0274751	-0.0573607	0.0472834	0.046533
0.00703476	-0.0564022	0.054161	0.00703476	-0.0564022	0.054161	0.0665822
-0.00558321	-0.0575579	0.0506019	-0.00558321	-0.0575579	0.0506019	0.056848
0.00180152	-0.0561936	0.0402634	0.00180152	-0.0561936	0.0402634	0.0655288
0.0103049	-0.0572896	0.0507591	0.0103049	-0.0572896	0.0507591	0.0842212
0.000728443	-0.0559861	0.0540129	0.000728443	-0.0559861	0.0540129	0.0481082
0.00309807	-0.0568702	0.0424996	0.00309807	-0.0568702	0.0424996	0.0603492
0.00732516	-0.0590519	0.0518087	0.00732516	-0.0590519	0.0518087	0.048064
0.00837598	-0.0631788	0.0546984	0.00837598	-0.0631788	0.0546984	0.0450764
0.0151775	-0.0447261	0.0464884	0.0151775	-0.0447261	0.0464884	0.0795422
0.0236493	-0.0589872	0.0437697	0.0236493	-0.0589872	0.0437697	0.0611483
0.0102924	-0.0415537	0.0551467	0.0102924	-0.0415537	0.0551467	0.0681988
0.0110068	-0.0537819	0.0446582	0.0110068	-0.0537819	0.0446582	0.0545764
0.00327795	-0.0416793	0.043278	0.00327795	-0.0416793	0.043278	0.0819414
0.0232306	-0.0337583	0.05334	0.0232306	-0.0337583	0.05334	0.0414802
0.00713978	-0.0426858	0.0507477	0.00713978	-0.0426858	0.0507477	0.0668342
0.0101584	-0.0544182	0.0437078	0.0101584	-0.0544182	0.0437078	0.0808577
0.0130751	-0.0510832	0.0443803	0.0130751	-0.0510832	0.0443803	0.0728048
0.0120731	-0.057803	0.0494896	0.0120731	-0.057803	0.0494896	0.0973301
0.0131878	-0.0739787	0.0247721	0.0131878	-0.0739787	0.0247721	0.0852385
0.00502207	-0.0553764	0.0417201	0.00502207	-0.0553764	0.0417201	0.0723404
0.0184442	-0.0317346	0.0405694	0.0184442	-0.0317346	0.0405694	0.0650869
0.00597547	-0.0618138	0.0436173	0.00597547	-0.0618138	0.0436173	0.0784881
0.0269428	-0.0627535	0.053907	0.0269428	-0.0627535	0.053907	0.051437
0.0137167	-0.052215	0.0498136	0.0137167	-0.052215	0.0498136	0.0733162
0.0252756	-0.052948	0.0516125	0.0252756	-0.052948	0.0516125	0.0749894
-0.0298126	-0.0524669	0.0352061	-0.0298126	-0.0524669	0.0352061	0.0836119
0.00755382	-0.0438861	0.0414449	0.00755382	-0.0438861	0.0414449	0.0864041
0.0296968	-0.0510575	0.0430916	0.0296968	-0.0510575	0.0430916	0.0692947
0.0227777	-0.0732747	0.0549926	0.0227777	-0.0732747	0.0549926	0.0525247
0.018944	-0.0403266	0.0563368	0.018944	-0.0403266	0.0563368	0.074892
0.01487	-0.0760295	0.0194116	0.01487	-0.0760295	0.0194116	0.0986262
0.0205075	-0.0571213	0.0553007	0.0205075	-0.0571213	0.0553007	0.0616408
0.0169952	-0.0527335	0.0518353	0.0169952	-0.0527335	0.0518353	0.0718656
-0.0750831	-0.0585954	0.0223853	-0.0750831	-0.0585954	0.0223853	0.123425
0.00133633	-0.0199325	0.0470936	0.00133633	-0.0199325	0.0470936	0.0974282
0.00625605	-0.0661306	0.0449537	0.00625605	-0.0661306	0.0449537	0.077797
0.0132022	-0.0505163	0.0470559	0.0132022	-0.0505163	0.0470559	0.0548616
0.0154451	-0.0456608	0.0492561	0.0154451	-0.0456608	0.0492561	0.0625287
0.0169694	-0.0759499	0.055819	0.0169694	-0.0759499	0.055819	0.0586275
-0.00669878	-0.0466931	0.0546532	-0.00669878	-0.0466931	0.0546532	0.06893
0.0194965	-0.05614	0.0436996	0.0194965	-0.05614	0.0436996	0.063069
0.0397629	-0.0490646	0.051325	0.0397629	-0.0490646	0.051325	0.0728789
0.00750316	-0.0494648	0.0393928	0.00750316	-0.0494648	0.0393928	0.0597285
0.00677853	-0.0528399	0.0476054	0.00677853	-0.0528399	0.0476054	0.063685
0.00661725	-0.0529454	0.048226	0.00661725	-0.0529454	0.048226	0.0656886
0.0200459	-0.0696857	0.0467237	0.0200459	-0.0696857	0.0467237	0.0334407
0.00704014	-0.0493063	0.0558731	0.00704014	-0.0493063	0.0558731	0.0734041
0.0165448	-0.0653823	0.0522434	0.0165448	-0.0653823	0.0522434	0.0505241
0.0138454	-0.0629801	0.0406095	0.0138454	-0.0629801	0.0406095	0.0612975
0.0159897	-0.0509247	0.0446116	0.0159897	-0.0509247	0.0446116	0.069948
0.0203725	-0.0516529	0.0520136	0.0203725	-0.0516529	0.0520136	0.0413114
0.0211791	-0.0628196	0.0561256	0.0211791	-0.0628196	0.0561256	0.0816016
0.0204693	-0.0709151	0.0542275	0.0204693	-0.0709151	0.0542275	0.0684909
-0.00507373	-0.0533893	0.0368724	-0.00507373	-0.0533893	0.0368724	0.0841414
0.0144582	-0.0624373	0.0456418	0.0144582	-0.0624373	0.0456418	0.0965505
0.00804915	-0.0645647	0.0507795	0.00804915	-0.0645647	0.0507795	0.047713
0.0206503	-0.0590942	0.0560986	0.0206503	-0.0590942	0.0560986	0.0637452
-0.00188478	-0.0809615	0.0463289	-0.00188478	-0.0809615	0.0463289	0.0965507
0.0209316	-0.0421941	0.0517561	0.0209316	-0.0421941	0.0517561	0.0520496
0.0169751	-0.0525535	0.054639	0.0169751	-0.0525535	0.054639	0.0799162
0.00181725	-0.0889712	0.0469247	0.00181725	-0.0889712	0.0469247	0.107865
0.0184035	-0.0464646	0.0474532	0.0184035	-0.0464646	0.0474532	0.0513062
-0.00323636	-0.0446439	0.0392936	-0.00323636	-0.0446439	0.0392936	0.0764717
0.0171467	-0.0509128	0.054436	0.0171467	-0.0509128	0.054436	0.0467648
0.00636895	-0.0483529	0.0419579	0.00636895	-0.0483529	0.0419579	0.0652151
-0.0283506	-0.00810918	0.0401553	-0.0283506	-0.00810918	0.0401553	0.113405
-0.00200155	-0.0367957	0.0455337	-0.00200155	-0.0367957	0.0455337	0.100908
0.0118533	-0.0675438	0.0390488	0.0118533	-0.0675438	0.0390488	0.0806715
0.022742	-0.0512819	0.0505526	0.022742	-0.0512819	0.0505526	0.0566126
0.0110465	-0.0514312	0.0544835	0.0110465	-0.0514312	0.0544835	0.0874656
0.0197728	-0.0608233	0.0496484	0.0197728	-0.0608233	0.0496484	0.0606679
-0.00451298	-0.0456005	0.0448584	-0.00451298	-0.0456005	0.0448584	0.0720973
0.0196028	-0.0410522	0.0458271	0.0196028	-0.0410522	0.0458271	0.077774
0.01798	-0.0562597	0.0422064	0.01798	-0.0562597	0.0422064	0.0586521
0.0262264	-0.0480287	0.0540254	0.0262264	-0.0480287	0.0540254	0.0569355
0.0106929	-0.056051	0.0498641	0.0106929	-0.056051	0.0498641	0.0626474
0.0130085	-0.039479	0.0394848	0.0130085	-0.039479	0.0394848	0.0912474
0.00386311	-0.0633355	0.0308294	0.00386311	-0.0633355	0.0308294	0.0788705
0.00683178	-0.0482356	0.0393413	0.00683178	-0.0482356	0.0393413	0.0615374
0.00424866	-0.0389599	0.0453388	0.00424866	-0.0389599	0.0453388	0.10896
0.0122735	-0.0537439	0.0540919	0.0122735	-0.0537439	0.0540919	0.0763708
0.00692576	-0.0586251	0.0483655	0.00692576	-0.0586251	0.0483655	0.0907847
0.0144536	-0.0717047	0.0484212	0.0144536	-0.0717047	0.0484212	0.0358003
0.0185299	-0.0539324	0.0449284	0.0185299	-0.0539324	0.0449284	0.0641286
0.00847573	-0.0595476	0.0419767	0.00847573	-0.0595476	0.0419767	0.0592234
0.00980788	-0.0505391	0.0459058	0.00980788	-0.0505391	0.0459058	0.0774195
-0.0267529	0.243464	0.222367	-0.0267529	0.243464	0.222367	0.751139
0.0385368	-0.0846115	0.0361015	0.0385368	-0.0846115	0.0361015	0.0722537
0.00409953	-0.0548016	0.0417459	0.00409953	-0.0548016	0.0417459	0.0751802
0.00265181	-0.0508911	0.0500976	0.00265181	-0.0508911	0.0500976	0.0657341
0.0150607	-0.0606025	0.0504986	0.0150607	-0.0606025	0.0504986	0.0571764
0.00987954	-0.0395787	0.044076	0.00987954	-0.0395787	0.044076	0.0483894
-0.00218821	-0.0358686	0.0471343	-0.00218821	-0.0358686	0.0471343	0.091778
0.00766134	-0.0533043	0.0493484	0.00766134	-0.0533043	0.0493484	0.0646309
0.0156466	-0.0613225	0.0547719	0.0156466	-0.0613225	0.0547719	0.0486302
0.0104356	-0.0511694	0.052966	0.0104356	-0.0511694	0.052966	0.0600754
0.00541171	-0.0543775	0.0349352	0.00541171	-0.0543775	0.0349352	0.062704
-0.00537484	-0.0270313	0.0323575	-0.00537484	-0.0270313	0.0323575	0.0833556
0.00900067	-0.066899	0.0458245	0.00900067	-0.066899	0.0458245	0.0801039
0.00340428	-0.0390038	0.0432817	0.00340428	-0.0390038	0.0432817	0.0666742
0.0026284	-0.0388572	0.042284	0.0026284	-0.0388572	0.042284	0.0496233
0.0148652	-0.0469744	0.0421511	0.0148652	-0.0469744	0.0421511	0.08079
0.0163975	-0.0469558	0.0556652	0.0163975	-0.0469558	0.0556652	0.0859686
0.00875709	-0.056144	0.0565886	0.00875709	-0.056144	0.0565886	0.0584014
0.0167724	-0.0531283	0.0397406	0.0167724	-0.0531283	0.0397406	0.0544157
0.0169527	-0.0531271	0.040951	0.0169527	-0.0531271	0.040951	0.0554248
-0.0014685	-0.0444811	0.0524934	-0.0014685	-0.0444811	0.0524934	0.07471
0.0212505	-0.042469	0.0411693	0.0212505	-0.042469	0.0411693	0.0694263
0.0274668	-0.0415546	0.0410518	0.0274668	-0.0415546	0.0410518	0.0403223
0.0291016	-0.0413243	0.0506972	0.0291016	-0.0413243	0.0506972	0.0498247
0.0100218	-0.0322946	0.0490044	0.0100218	-0.0322946	0.0490044	0.0861081
0.00958057	-0.0327448	0.0483115	0.00958057	-0.0327448	0.0483115	0.0850997
0.0175702	-0.0574872	0.0502985	0.0175702	-0.0574872	0.0502985	0.0587184
0.0163471	-0.0574217	0.0413863	0.0163471	-0.0574217	0.0413863	0.0484095
0.0100549	-0.0487162	0.0411831	0.0100549	-0.0487162	0.0411831	0.0505676
0.0110098	-0.0488296	0.0520721	0.0110098	-0.0488296	0.0520721	0.053465
0.0229923	-0.0472679	0.0514515	0.0229923	-0.0472679	0.0514515	0.0749359
0.0235938	-0.0472605	0.0497449	0.0235938	-0.0472605	0.0497449	0.0802624
0.010072	-0.0512734	0.0540057	0.010072	-0.0512734	0.0540057	0.0847329
0.0273557	-0.0583343	0.0462062	0.0273557	-0.0583343	0.0462062	0.0807284
0.00690402	-0.0584889	0.0447872	0.00690402	-0.0584889	0.0447872	0.0771214
0.0297165	-0.0590352	0.0464615	0.0297165	-0.0590352	0.0464615	0.0596632
-0.00613973	-0.50176	0.0243751	-0.00613973	-0.50176	0.0243751	0.082569
-0.00602789	-0.0536822	0.0391951	-0.00602789	-0.0536822	0.0391951	0.0538071
-0.00320725	-0.049386	0.0481694	-0.00320725	-0.049386	0.0481694	0.080238
-0.00512676	-0.0541752	0.0475256	-0.00512676	-0.0541752	0.0475256	0.0925832
-0.0156638	-0.0466585	0.048261	-0.0156638	-0.0466585	0.048261	0.105661
-0.00890075	-0.0424652	0.0478368	-0.00890075	-0.0424652	0.0478368	0.109812
-0.00389629	-0.0532529	0.0500414	-0.00389629	-0.0532529	0.0500414	0.107232
0.0180286	-0.0601576	0.0338589	0.0180286	-0.0601576	0.0338589	0.0509557
0.014466	-0.0590307	0.0567091	0.014466	-0.0590307	0.0567091	0.019497
0.00386775	-0.0567348	0.0445869	0.00386775	-0.0567348	0.0445869	0.0682942
0.024891	-0.0532928	0.0506391	0.024891	-0.0532928	0.0506391	0.0499559
4.59804e-06	-0.050504	0.0424463	4.59804e-06	-0.050504	0.0424463	0.0969865
-0.00340071	-0.0445098	0.0482767	-0.00340071	-0.0445098	0.0482767	0.0957128
-0.000591456	-0.0527371	0.0436923	-0.000591456	-0.0527371	0.0436923	0.0838236
0.00558685	-0.0519207	0.0450036	0.00558685	-0.0519207	0.0450036	0.081741
0.0180258	-0.0424017	0.0362948	0.0180258	-0.0424017	0.0362948	0.0814589
0.0320441	-0.0707901	0.0541088	0.0320441	-0.0707901	0.0541088	0.050973
-0.010827	-0.0543049	0.0394045	-0.010827	-0.0543049	0.0394045	0.0851157
-0.0125653	-0.0414149	0.033792	-0.0125653	-0.0414149	0.033792	0.0647155
0.0087308	-0.0476893	0.0385252	0.0087308	-0.0476893	0.0385252	0.0147501
0.0325752	-0.0307452	0.0341537	0.0325752	-0.0307452	0.0341537	0.0301563
-0.0154468	-0.0497385	0.0430273	-0.0154468	-0.0497385	0.0430273	0.0972279
-0.00577624	-0.0348532	0.0407202	-0.00577624	-0.0348532	0.0407202	0.100359
0.0214707	-0.0567602	0.0427632	0.0214707	-0.0567602	0.0427632	0.0504239
0.0314638	-0.0595043	0.0387263	0.0314638	-0.0595043	0.0387263	0.0627593
0.000471941	-0.052112	0.0442736	0.000471941	-0.052112	0.0442736	0.0524623
0.0102001	-0.0554665	0.041758	0.0102001	-0.0554665	0.041758	0.0652129
-0.00570524	-0.0536253	0.0416124	-0.00570524	-0.0536253	0.0416124	0.0824344
0.0086268	-0.0416581	0.0397571	0.0086268	-0.0416581	0.0397571	0.120245
-0.00337975	-0.0488325	0.0478919	-0.00337975	-0.0488325	0.0478919	0.103551
0.000250846	-0.066149	0.0419626	0.000250846	-0.066149	0.0419626	0.0721977
0.0460716	-0.0718295	0.0484332	0.0460716	-0.0718295	0.0484332	0.0511019
0.00581857	-0.0406885	0.0425236	0.00581857	-0.0406885	0.0425236	0.0661226
-0.015485	-0.0510285	0.0481947	-0.015485	-0.0510285	0.0481947	0.123723
-0.0247572	-0.0366363	0.0382144	-0.0247572	-0.0366363	0.0382144	0.107421
-0.00228572	-0.0470746	0.0381422	-0.00228572	-0.0470746	0.0381422	0.0865206
0.0104987	-0.0522143	0.0374056	0.0104987	-0.0522143	0.0374056	0.0734102
0.013366	-0.0281131	0.0385539	0.013366	-0.0281131	0.0385539	0.102602
0.00737839	-0.0686431	0.0512636	0.00737839	-0.0686431	0.0512636	0.0699499
0.0123963	-0.0329623	0.033421	0.0123963	-0.0329623	0.033421	0.0687935
-0.00643109	-0.0404827	0.0415519	-0.00643109	-0.0404827	0.0415519	0.097482
-0.00687469	-0.0454526	0.0415833	-0.00687469	-0.0454526	0.0415833	0.0643646
0.0105095	-0.0676685	0.0453491	0.0105095	-0.0676685	0.0453491	0.0598644
0.0234023	-0.0540542	0.0529811	0.0234023	-0.0540542	0.0529811	0.0723953
0.000603106	-0.073098	0.0491303	0.000603106	-0.073098	0.0491303	0.0511457
-0.011388	-0.0785852	0.0419057	-0.011388	-0.0785852	0.0419057	0.0870101
0.0146312	-0.0620211	0.0476051	0.0146312	-0.0620211	0.0476051	0.0696957
0.00713151	-0.0542377	0.042488	0.00713151	-0.0542377	0.042488	0.0566464
0.00777925	-0.0423615	0.0433217	0.00777925	-0.0423615	0.0433217	0.0857837
-0.0183119	-0.0301081	0.0272433	-0.0183119	-0.0301081	0.0272433	0.109909
-0.00328562	-0.0388269	0.034343	-0.00328562	-0.0388269	0.034343	0.0807349
0.0183445	-0.069073	0.0483352	0.0183445	-0.069073	0.0483352	0.0600312
-0.025976	-0.0262847	0.0375926	-0.025976	-0.0262847	0.0375926	0.131554
0.0169122	-0.0655447	0.0524413	0.0169122	-0.0655447	0.0524413	0.0473649
0.00555431	-0.0463175	0.0406766	0.00555431	-0.0463175	0.0406766	0.0815985
-0.0215516	-0.0631232	0.0368188	-0.0215516	-0.0631232	0.0368188	0.0993313
0.00181705	-0.0711999	0.045222	0.00181705	-0.0711999	0.045222	0.0681574
0.0170639	-0.0666686	0.0511917	0.0170639	-0.0666686	0.0511917	0.0364474
0.00822592	-0.0446707	0.0575848	0.00822592	-0.0446707	0.0575848	0.0815061
0.00841115	-0.0803528	0.0375093	0.00841115	-0.0803528	0.0375093	0.0807526
0.00550874	-0.0371613	0.0289577	0.00550874	-0.0371613	0.0289577	0.0781533
0.00601613	-0.0333414	0.0412449	0.00601613	-0.0333414	0.0412449	0.0861368
0.0132848	-0.0465842	0.0537206	0.0132848	-0.0465842	0.0537206	0.0776325
-0.00695902	-0.050696	0.0357997	-0.00695902	-0.050696	0.0357997	0.0840222
-0.00225054	-0.019217	0.0312537	-0.00225054	-0.019217	0.0312537	0.0887369
0.0181807	-0.0749978	0.0549587	0.0181807	-0.0749978	0.0549587	0.0637676
0.0268538	-0.0781602	0.0351546	0.0268538	-0.0781602	0.0351546	0.0819762
0.0167352	-0.0391712	0.0325265	0.0167352	-0.0391712	0.0325265	0.0557789
0.0229579	-0.0631558	0.0442973	0.0229579	-0.0631558	0.0442973	0.0410402
0.00456132	-0.0419145	0.0393971	0.00456132	-0.0419145	0.0393971	0.0698888
0.0173954	-0.0577297	0.0473034	0.0173954	-0.0577297	0.0473034	0.0543843
-0.0152935	-0.0446358	0.0376681	-0.0152935	-0.0446358	0.0376681	0.112482
0.00221295	-0.0587407	0.0397559	0.00221295	-0.0587407	0.0397559	0.0591766
-0.0095416	-0.0532824	0.0336766	-0.0095416	-0.0532824	0.0336766	0.0558109
0.0271163	-0.0549556	0.0470628	0.0271163	-0.0549556	0.0470628	0.0538941
-0.00159311	-0.0429831	0.0453049	-0.00159311	-0.0429831	0.0453049	0.101506
-0.0138315	-0.044296	0.0460288	-0.0138315	-0.044296	0.0460288	0.0928562
-0.0108443	-0.0480748	0.0479564	-0.0108443	-0.0480748	0.0479564	0.084402
0.00720589	-0.0404769	0.0393533	0.00720589	-0.0404769	0.0393533	0.0201731
0.0123103	-0.0433067	0.0416161	0.0123103	-0.0433067	0.0416161	0.0576686
0.00156032	-0.0651922	0.0444672	0.00156032	-0.0651922	0.0444672	0.0712048
0.00395435	-0.0626793	0.0504668	0.00395435	-0.0626793	0.0504668	0.0950919
-1.96865e-06	-0.0416974	0.0449115	-1.96865e-06	-0.0416974	0.0449115	0.094927
0.0110046	-0.0483413	0.0454855	0.0110046	-0.0483413	0.0454855	0.0622751
2.13106	7.16996	6.76689	2.13106	7.16996	6.76689	0.790722
-0.0404398	-0.0629798	-0.000489602	-0.0404398	-0.0629798	-0.000489602	0.0886336
0.0183576	-0.0640818	0.0544089	0.0183576	-0.0640818	0.0544089	0.0559388
0.0196285	-0.05513	0.0477828	0.0196285	-0.05513	0.0477828	0.0675762
0.00631487	-0.0634228	0.0602755	0.00631487	-0.0634228	0.0602755	0.0851662
0.0188298	-0.0468298	0.0355397	0.0188298	-0.0468298	0.0355397	0.0352211
0.0141022	-0.0499835	0.0365462	0.0141022	-0.0499835	0.0365462	0.0601756
-0.0252367	-0.0824751	0.0421515	-0.0252367	-0.0824751	0.0421515	0.127528
0.00276251	-0.0605972	0.0348066	0.00276251	-0.0605972	0.0348066	0.0712418
0.0091061	-0.0488938	0.0527478	0.0091061	-0.0488938	0.0527478	0.0588007
-0.0106356	-0.0213753	0.0351986	-0.0106356	-0.0213753	0.0351986	0.0975911
0.0201743	-0.0316626	0.037901	0.0201743	-0.0316626	0.037901	0.0887704
0.0237388	-0.06435	0.0470154	0.0237388	-0.06435	0.0470154	0.0616727
-0.000950102	-0.0504017	0.0283675	-0.000950102	-0.0504017	0.0283675	0.0741649
0.0122542	-0.0596471	0.0482656	0.0122542	-0.0596471	0.0482656	0.0645514
0.00789534	-0.042468	0.0439956	0.00789534	-0.042468	0.0439956	0.106841
0.0138007	-0.0495492	0.0527379	0.0138007	-0.0495492	0.0527379	0.101833
0.0117319	-0.060184	0.0466341	0.0117319	-0.060184	0.0466341	0.068257
0.00309905	-0.0345547	0.0435415	0.00309905	-0.0345547	0.0435415	0.0893074
0.00541814	-0.0425302	0.0503303	0.00541814	-0.0425302	0.0503303	0.10577
-0.0103079	-0.0551343	0.048244	-0.0103079	-0.0551343	0.048244	0.130403
-0.0134093	-0.0481041	0.0274177	-0.0134093	-0.0481041	0.0274177	0.0666895
-0.0153444	-0.0318807	0.0361275	-0.0153444	-0.0318807	0.0361275	0.0922944
-0.00208151	-0.0415314	0.0354509	-0.00208151	-0.0415314	0.0354509	0.0985702
0.00791444	-0.0625232	0.0432865	0.00791444	-0.0625232	0.0432865	0.058099
-0.0253413	-0.0733749	0.0417232	-0.0253413	-0.0733749	0.0417232	0.11893
-0.0524774	-0.0592633	0.0306542	-0.0524774	-0.0592633	0.0306542	0.125706
-0.0515161	-0.049265	0.026643	-0.0515161	-0.049265	0.026643	0.107016
0.00428023	-0.0667935	0.0468985	0.00428023	-0.0667935	0.0468985	0.0719269
0.00855436	-0.0552756	0.0540877	0.00855436	-0.0552756	0.0540877	0.0666239
0.00115636	-0.0541844	0.0508326	0.00115636	-0.0541844	0.0508326	0.0802192
0.000581848	-0.0512072	0.0396753	0.000581848	-0.0512072	0.0396753	0.091814
-0.0193048	-0.0543682	0.0420671	-0.0193048	-0.0543682	0.0420671	0.109704
-0.00191178	-0.0465842	0.0394816	-0.00191178	-0.0465842	0.0394816	0.0945819
0.00927536	-0.0599227	0.0424245	0.00927536	-0.0599227	0.0424245	0.077866
0.00680511	-0.0492918	0.0432818	0.00680511	-0.0492918	0.0432818	0.049439
0.0232503	-0.0391443	0.0502366	0.0232503	-0.0391443	0.0502366	0.0589078
0.00628315	-0.0551182	0.0450469	0.00628315	-0.0551182	0.0450469	0.0830924
-0.0112869	-0.0541682	0.0391985	-0.0112869	-0.0541682	0.0391985	0.107381
-0.0118643	-0.0353776	0.0307228	-0.0118643	-0.0353776	0.0307228	0.102567
0.0208228	-0.0576131	0.0409289	0.0208228	-0.0576131	0.0409289	0.0806448
-0.0175019	-0.05452	0.0183762	-0.0175019	-0.05452	0.0183762	0.0524329
-0.0135443	-0.0514845	0.021525	-0.0135443	-0.0514845	0.021525	0.0474925
0.00475668	-0.0543606	0.0556745	0.00475668	-0.0543606	0.0556745	0.0567353
0.00609427	-0.0530864	0.0509567	0.00609427	-0.0530864	0.0509567	0.0542995
0.02214	-0.0592795	0.0532439	0.02214	-0.0592795	0.0532439	0.0393717
0.0357963	-0.0652028	0.0648452	0.0357963	-0.0652028	0.0648452	0.0530866
0.021011	-0.0480811	0.0440303	0.021011	-0.0480811	0.0440303	0.0384363
0.0183883	-0.0516831	0.0404964	0.0183883	-0.0516831	0.0404964	0.0531472
0.0285372	-0.0548166	0.0524173	0.0285372	-0.0548166	0.0524173	0.0604694
0.0320164	-0.0477064	0.0376368	0.0320164	-0.0477064	0.0376368	0.0375815
0.0275001	-0.0530475	0.0451699	0.0275001	-0.0530475	0.0451699	0.0474198
0.0250095	-0.0531232	0.0451476	0.0250095	-0.0531232	0.0451476	0.0535656
0.0235362	-0.0491198	0.0442698	0.0235362	-0.0491198	0.0442698	0.0379844
0.122629	1.17018	0.347157	0.122629	1.17018	0.347157	0.267287
0.00213112	-0.0447278	0.0487073	0.00213112	-0.0447278	0.0487073	0.0675387
-0.0027558	-0.0523902	0.040766	-0.0027558	-0.0523902	0.040766	0.0553149
-0.00557622	-0.0435322	0.0407947	-0.00557622	-0.0435322	0.0407947	0.0527804
-0.00614057	-0.0361919	0.0430511	-0.00614057	-0.0361919	0.0430511	0.0714808
-0.0181145	-0.0535008	0.0153383	-0.0181145	-0.0535008	0.0153383	0.0780732
-0.00223507	-0.0380138	0.0424275	-0.00223507	-0.0380138	0.0424275	0.0531642
0.00507822	-0.0307785	0.0454084	0.00507822	-0.0307785	0.0454084	0.09373
-0.0469329	-0.0643377	0.010644	-0.0469329	-0.0643377	0.010644	0.0845429
0.0112427	-0.056128	0.0539038	0.0112427	-0.056128	0.0539038	0.0773326
-0.00542367	-0.0462754	0.0410723	-0.00542367	-0.0462754	0.0410723	0.0975134
-0.00815084	-0.0807494	0.053749	-0.00815084	-0.0807494	0.053749	0.082675
-0.0283173	-0.0432398	0.0497187	-0.0283173	-0.0432398	0.0497187	0.115592
0.0133037	-0.0692284	0.0477551	0.0133037	-0.0692284	0.0477551	0.082564
0.0113541	-0.0425296	0.0465559	0.0113541	-0.0425296	0.0465559	0.108723
-0.0136046	-0.0464354	0.0373882	-0.0136046	-0.0464354	0.0373882	0.0901333
-0.0290989	-0.0403927	0.041015	-0.0290989	-0.0403927	0.041015	0.0927581
0.00634666	-0.0404737	0.046968	0.00634666	-0.0404737	0.046968	0.0788958
0.000707092	-0.0704005	0.0439069	0.000707092	-0.0704005	0.0439069	0.0863934
-0.00627539	-0.072673	0.0459277	-0.00627539	-0.072673	0.0459277	0.100395
-0.00221451	-0.0450419	0.0258369	-0.00221451	-0.0450419	0.0258369	0.0351871
0.0139389	-0.0467895	0.0436128	0.0139389	-0.0467895	0.0436128	0.0529377
0.00724697	-0.0556904	0.0471373	0.00724697	-0.0556904	0.0471373	0.0867447
0.014557	-0.0645049	0.0492536	0.014557	-0.0645049	0.0492536	0.0218815
0.0296569	-0.063221	0.0486491	0.0296569	-0.063221	0.0486491	0.0346609
0.0748309	-0.0670318	0.0496666	0.0748309	-0.0670318	0.0496666	0.0413485
0.0138629	-0.0533721	0.043709	0.0138629	-0.0533721	0.043709	0.067228
0.00414061	-0.0540517	0.0407447	0.00414061	-0.0540517	0.0407447	0.0802502
-0.0253795	-0.0558157	0.0315409	-0.0253795	-0.0558157	0.0315409	0.110138
0.00338994	-0.0420344	0.0358418	0.00338994	-0.0420344	0.0358418	0.0678769
-0.0119145	-0.0496484	0.0381209	-0.0119145	-0.0496484	0.0381209	0.0548202
0.0144751	-0.036822	0.0461061	0.0144751	-0.036822	0.0461061	0.0724938
-0.013888	-0.0544362	0.0505568	-0.013888	-0.0544362	0.0505568	0.0839242
0.000919471	-0.0598555	0.0565189	0.000919471	-0.0598555	0.0565189	0.0940597
0.0123795	-0.0761475	0.0494484	0.0123795	-0.0761475	0.0494484	0.0831439
0.0106487	-0.061327	0.042346	0.0106487	-0.061327	0.042346	0.102912
0.00082805	-0.0321632	0.0381838	0.00082805	-0.0321632	0.0381838	0.0898385
-0.0156168	-0.0501031	0.0320595	-0.0156168	-0.0501031	0.0320595	0.0583403
0.00115069	-0.0478479	0.0576139	0.00115069	-0.0478479	0.0576139	0.118053
0.0213674	-0.0602254	0.0585933	0.0213674	-0.0602254	0.0585933	0.0445524
0.0354509	-0.0561115	0.0397153	0.0354509	-0.0561115	0.0397153	0.0467487
0.0223302	-0.040298	0.0325565	0.0223302	-0.040298	0.0325565	0.0538502
0.00471552	-0.0536774	0.0426198	0.00471552	-0.0536774	0.0426198	0.0825453
-0.0239072	-0.0385988	0.0217316	-0.0239072	-0.0385988	0.0217316	0.0560064
-0.0016574	-0.0211369	0.0307301	-0.0016574	-0.0211369	0.0307301	0.0551771
-0.0129354	-0.0545716	0.0379952	-0.0129354	-0.0545716	0.0379952	0.0853349
-0.0212179	-0.0498641	0.0477288	-0.0212179	-0.0498641	0.0477288	0.105593
-0.0307835	-0.0553405	0.047465	-0.0307835	-0.0553405	0.047465	0.133471
-0.0286502	-0.054091	0.0505216	-0.0286502	-0.054091	0.0505216	0.125131
-0.00183649	-0.0155749	0.0463721	-0.00183649	-0.0155749	0.0463721	0.125572
0.0603609	-2.49994	-0.0281314	0.0603609	-2.49994	-0.0281314	0.218932
-0.0127681	-0.0388784	0.0292055	-0.0127681	-0.0388784	0.0292055	0.0718356
-0.0646614	-0.0676867	0.0342537	-0.0646614	-0.0676867	0.0342537	0.0986143
0.00958829	-0.0307553	0.0449258	0.00958829	-0.0307553	0.0449258	0.103299
0.0202683	-0.0977761	0.0540984	0.0202683	-0.0977761	0.0540984	0.089056
0.0250034	-0.0613645	0.0495307	0.0250034	-0.0613645	0.0495307	0.051546
0.0292416	-0.0646012	0.0522292	0.0292416	-0.0646012	0.0522292	0.0414284
-0.0057619	-0.042083	0.0528548	-0.0057619	-0.042083	0.0528548	0.0833095
-0.0201858	-0.0418602	0.0257706	-0.0201858	-0.0418602	0.0257706	0.0873389
-0.0173616	-0.0360042	0.0482191	-0.0173616	-0.0360042	0.0482191	0.100625
-8.57381e-06	-0.0468949	0.0618491	-8.57381e-06	-0.0468949	0.0618491	0.131464
0.00393466	-0.052101	0.0443377	0.00393466	-0.052101	0.0443377	0.0583917
0.0154222	-0.0501067	0.0430205	0.0154222	-0.0501067	0.0430205	0.101446
0.00412954	-0.052354	0.0507364	0.00412954	-0.052354	0.0507364	0.11759
0.00986651	-0.0640164	0.0517919	0.00986651	-0.0640164	0.0517919	0.107411
0.0165801	-0.0500383	0.048774	0.0165801	-0.0500383	0.048774	0.104633
0.00789033	-0.042966	0.0424768	0.00789033	-0.042966	0.0424768	0.102809
0.0169779	-0.0547793	0.0525372	0.0169779	-0.0547793	0.0525372	0.0924992
0.0134585	-0.0545329	0.0448056	0.0134585	-0.0545329	0.0448056	0.0823488
-0.0131296	-0.0587119	0.0252294	-0.0131296	-0.0587119	0.0252294	0.0807222
0.00623491	-0.0694128	0.0308164	0.00623491	-0.0694128	0.0308164	0.0667274
0.00179298	-0.0537518	0.0254901	0.00179298	-0.0537518	0.0254901	0.0490006
0.0220203	-0.0591659	0.0524215	0.0220203	-0.0591659	0.0524215	0.0493944
-0.0287742	-0.0555199	0.0236982	-0.0287742	-0.0555199	0.0236982	0.101119
-0.0176332	-0.0461298	0.0371063	-0.0176332	-0.0461298	0.0371063	0.0944116
-0.00965641	-0.0421103	0.0296717	-0.00965641	-0.0421103	0.0296717	0.0753727
-0.0109532	-0.0457571	0.0362474	-0.0109532	-0.0457571	0.0362474	0.0793749
-0.0111232	-0.0509772	0.0379176	-0.0111232	-0.0509772	0.0379176	0.0841978
0.0229576	-0.0507761	0.0456095	0.0229576	-0.0507761	0.0456095	0.0609178
0.0121578	-0.0358179	0.0479024	0.0121578	-0.0358179	0.0479024	0.0921961
0.00182626	-0.0525566	0.0547354	0.00182626	-0.0525566	0.0547354	0.14012
0.0110935	-0.0495311	0.0438867	0.0110935	-0.0495311	0.0438867	0.114172
-0.00728653	-0.043773	0.0361018	-0.00728653	-0.043773	0.0361018	0.0768524
0.00284628	-0.0462754	0.0351318	0.00284628	-0.0462754	0.0351318	0.0797985
0.00800274	-0.0636232	0.0533726	0.00800274	-0.0636232	0.0533726	0.0816136
0.0177718	-0.0643314	0.0441476	0.0177718	-0.0643314	0.0441476	0.0507688
0.0321213	-0.0596243	0.0655708	0.0321213	-0.0596243	0.0655708	0.0463453
0.00621311	-0.0331101	0.0319623	0.00621311	-0.0331101	0.0319623	0.0616209
0.00107661	-0.0371732	0.0384347	0.00107661	-0.0371732	0.0384347	0.0635378
0.0691168	-0.0711776	0.0666312	0.0691168	-0.0711776	0.0666312	0.0308854
0.0200649	-0.0507548	0.0562043	0.0200649	-0.0507548	0.0562043	0.0650367
-0.0121997	-0.0202622	0.031322	-0.0121997	-0.0202622	0.031322	0.101921
-0.00573934	-0.0312688	0.0384984	-0.00573934	-0.0312688	0.0384984	0.100055
0.0329858	-0.0649109	0.0674288	0.0329858	-0.0649109	0.0674288	0.0494386
0.0216536	-0.0485165	0.0540885	0.0216536	-0.0485165	0.0540885	0.0939084
0.012762	-0.0574436	0.0408614	0.012762	-0.0574436	0.0408614	0.0728434
0.0079076	-0.0578361	0.0418055	0.0079076	-0.0578361	0.0418055	0.0861963
0.0177654	-0.054824	0.0443903	0.0177654	-0.054824	0.0443903	0.0781833
0.0093206	-0.0469899	0.0346953	0.0093206	-0.0469899	0.0346953	0.0667745
0.00722743	-0.0501949	0.0376312	0.00722743	-0.0501949	0.0376312	0.0843426
0.00825875	-0.0572967	0.0487367	0.00825875	-0.0572967	0.0487367	0.0636926
0.00940588	-0.0528959	0.0373008	0.00940588	-0.0528959	0.0373008	0.0780395
0.00346546	-0.0460251	0.0378983	0.00346546	-0.0460251	0.0378983	0.0519744
0.00404003	-0.0455502	0.0290391	0.00404003	-0.0455502	0.0290391	0.0542316
-0.00688424	-0.0625695	0.0418314	-0.00688424	-0.0625695	0.0418314	0.104033
-0.000438199	-0.0292805	0.0337146	-0.000438199	-0.0292805	0.0337146	0.0618075
0.00149354	-0.0318056	0.0431431	0.00149354	-0.0318056	0.0431431	0.0674236
0.00845924	-0.0429599	0.0280952	0.00845924	-0.0429599	0.0280952	0.0778447
0.00693403	-0.0446777	0.033876	0.00693403	-0.0446777	0.033876	0.0674433
-0.0448131	-0.0316424	0.0324578	-0.0448131	-0.0316424	0.0324578	0.0611327
-0.0269235	-0.0219377	0.0287296	-0.0269235	-0.0219377	0.0287296	0.0679867
-0.00332245	-0.0406275	0.0450394	-0.00332245	-0.0406275	0.0450394	0.0965769
0.00144362	-0.0698246	0.0392444	0.00144362	-0.0698246	0.0392444	0.071004
0.00687849	-0.0437796	0.0545297	0.00687849	-0.0437796	0.0545297	0.109713
0.0058319	-0.0460402	0.0528621	0.0058319	-0.0460402	0.0528621	0.0916581
-0.0084081	-0.034483	0.0388355	-0.0084081	-0.034483	0.0388355	0.0790503
0.0140151	-0.0470723	0.0524075	0.0140151	-0.0470723	0.0524075	0.0722991
0.0192552	-0.052291	0.0543813	0.0192552	-0.052291	0.0543813	0.0726074
0.0265272	-0.0471691	0.0557999	0.0265272	-0.0471691	0.0557999	0.0441304
0.0040528	-0.0708839	0.0405896	0.0040528	-0.0708839	0.0405896	0.0703161
0.000240807	-0.073221	0.0373047	0.000240807	-0.073221	0.0373047	0.082639
0.0197567	-0.0723614	0.0567548	0.0197567	-0.0723614	0.0567548	0.0783414
0.00248888	-0.0379264	0.0389672	0.00248888	-0.0379264	0.0389672	0.0459658
0.0177656	-0.0415868	0.044612	0.0177656	-0.0415868	0.044612	0.0416232
0.000314508	-0.0653704	0.034178	0.000314508	-0.0653704	0.034178	0.0645057
-0.0103405	-0.0641183	0.0295547	-0.0103405	-0.0641183	0.0295547	0.084069
-0.0123787	-0.0523003	0.0305036	-0.0123787	-0.0523003	0.0305036	0.0532783
0.00196967	-0.0445743	0.0321101	0.00196967	-0.0445743	0.0321101	0.0547844
0.0168287	-0.0389242	0.0518249	0.0168287	-0.0389242	0.0518249	0.0788803
0.0283781	-0.0548432	0.0629675	0.0283781	-0.0548432	0.0629675	0.0861274
0.00304999	-0.0442493	0.0530048	0.00304999	-0.0442493	0.0530048	0.0854831
-0.00977435	-0.0416518	0.0429921	-0.00977435	-0.0416518	0.0429921	0.0942194
-0.0359002	-0.0489983	0.0405664	-0.0359002	-0.0489983	0.0405664	0.112634
-0.0185954	-0.0528577	0.0449697	-0.0185954	-0.0528577	0.0449697	0.0983684
0.04994	-0.0676719	0.0609199	0.04994	-0.0676719	0.0609199	0.0820017
-0.0270506	-0.0334826	0.0462581	-0.0270506	-0.0334826	0.0462581	0.0637251
0.0326292	-0.053441	0.0402261	0.0326292	-0.053441	0.0402261	0.108272
0.0132648	-0.0492914	0.0373643	0.0132648	-0.0492914	0.0373643	0.0798423
0.0189049	-0.0659793	0.0553231	0.0189049	-0.0659793	0.0553231	0.0739363
0.0237372	-0.0512615	0.0370362	0.0237372	-0.0512615	0.0370362	0.0242233
0.0289299	-0.041577	0.0527043	0.0289299	-0.041577	0.0527043	0.0656633
0.00151451	-0.0372698	0.0488051	0.00151451	-0.0372698	0.0488051	0.0922264
-0.00890939	-0.0532011	0.0457806	-0.00890939	-0.0532011	0.0457806	0.0683741
-0.0067352	-0.0730023	0.0488452	-0.0067352	-0.0730023	0.0488452	0.104527
0.0167969	-0.0584489	0.0419572	0.0167969	-0.0584489	0.0419572	0.0667677
0.031998	-0.0613584	0.0596473	0.031998	-0.0613584	0.0596473	0.109194
0.0249938	-0.0439714	0.0563804	0.0249938	-0.0439714	0.0563804	0.0845653
0.0242474	-0.0548928	0.0554683	0.0242474	-0.0548928	0.0554683	0.0881121
-0.00558825	-0.0545169	0.0348044	-0.00558825	-0.0545169	0.0348044	0.0809451
-0.00821837	-0.0547048	0.03404	-0.00821837	-0.0547048	0.03404	0.0839779
-0.0105726	-0.0418348	0.0288924	-0.0105726	-0.0418348	0.0288924	0.0467768
-0.00126788	-0.0492158	0.0281373	-0.00126788	-0.0492158	0.0281373	0.0648871
-0.00395761	-0.047975	0.029606	-0.00395761	-0.047975	0.029606	0.0817098
-0.00148897	-0.070136	0.0269788	-0.00148897	-0.070136	0.0269788	0.0873669
0.0248339	-0.0550798	0.0435073	0.0248339	-0.0550798	0.0435073	0.0348781
0.016759	-0.0180412	0.0508222	0.016759	-0.0180412	0.0508222	0.110914
0.00598338	-0.0372475	0.0590687	0.00598338	-0.0372475	0.0590687	0.0632725
0.0092248	-0.0596857	0.0422927	0.0092248	-0.0596857	0.0422927	0.0982723
0.0165274	-0.0595573	0.0568875	0.0165274	-0.0595573	0.0568875	0.0702747
-0.00112838	-0.0464169	0.0354877	-0.00112838	-0.0464169	0.0354877	0.0800076
0.0076897	-0.0617557	0.0383938	0.0076897	-0.0617557	0.0383938	0.0762354
-0.00278555	-0.044725	0.0426025	-0.00278555	-0.044725	0.0426025	0.0868764
0.00873484	-0.0518803	0.0420052	0.00873484	-0.0518803	0.0420052	0.0641705
0.00383855	-0.0462651	0.0436661	0.00383855	-0.0462651	0.0436661	0.0402711
0.016912	-0.0371063	0.0347803	0.016912	-0.0371063	0.0347803	0.0410385
0.0202133	-0.0620998	0.0539044	0.0202133	-0.0620998	0.0539044	0.0686081
0.0274252	-0.0461722	0.046929	0.0274252	-0.0461722	0.046929	0.0578372
0.0388608	-0.0573701	0.0544001	0.0388608	-0.0573701	0.0544001	0.0380775
0.00240692	-0.0534972	0.0460366	0.00240692	-0.0534972	0.0460366	0.0826972
-0.00813622	-0.0490023	0.0458059	-0.00813622	-0.0490023	0.0458059	0.0947618
0.00637115	-0.0504578	0.0520448	0.00637115	-0.0504578	0.0520448	0.0770821
0.00686638	-0.0434275	0.052174	0.00686638	-0.0434275	0.052174	0.122393
-0.00680186	-0.0413188	0.0395992	-0.00680186	-0.0413188	0.0395992	0.0696482
-0.0125346	-0.0472901	0.0439181	-0.0125346	-0.0472901	0.0439181	0.0981117
-0.0119807	-0.04508	0.0433795	-0.0119807	-0.04508	0.0433795	0.0871808
0.0243882	-0.0476497	0.0567013	0.0243882	-0.0476497	0.0567013	0.0688344
0.00243769	-0.0749164	0.0455903	0.00243769	-0.0749164	0.0455903	0.0818204
-0.00836338	-0.0339286	0.0327825	-0.00836338	-0.0339286	0.0327825	0.0343256
-0.0122576	-0.038249	0.0477304	-0.0122576	-0.038249	0.0477304	0.0528237
0.0136273	-0.051608	0.046617	0.0136273	-0.051608	0.046617	0.0824445
-0.00380484	-0.0487581	0.0370841	-0.00380484	-0.0487581	0.0370841	0.0646717
0.000656275	-0.0646523	0.0285857	0.000656275	-0.0646523	0.0285857	0.0631085
0.0216837	-0.0285353	0.0471596	0.0216837	-0.0285353	0.0471596	0.0424699
0.0150293	-0.0404535	0.0477477	0.0150293	-0.0404535	0.0477477	0.0592227
0.00993434	-0.0419139	0.0537436	0.00993434	-0.0419139	0.0537436	0.0789008
-0.000744579	-0.0377252	0.0326356	-0.000744579	-0.0377252	0.0326356	0.0826405
-0.0139604	-0.0350855	0.0323425	-0.0139604	-0.0350855	0.0323425	0.0917381
0.00683322	-0.0451308	0.041553	0.00683322	-0.0451308	0.041553	0.0869294
0.00620024	-0.0742569	0.044337	0.00620024	-0.0742569	0.044337	0.0830507
-0.020155	-0.0395228	0.0287448	-0.020155	-0.0395228	0.0287448	0.07998
-0.0198433	-0.0433535	0.0250744	-0.0198433	-0.0433535	0.0250744	0.074708
-0.00594915	-0.0585281	0.0485728	-0.00594915	-0.0585281	0.0485728	0.0470085
-0.0125103	-0.0507484	0.0457382	-0.0125103	-0.0507484	0.0457382	0.0794722
0.019253	-0.0482886	0.0542244	0.019253	-0.0482886	0.0542244	0.0651092
-0.0135913	-0.0455749	0.0406363	-0.0135913	-0.0455749	0.0406363	0.0934529
-0.0180508	-0.054841	0.038736	-0.0180508	-0.054841	0.038736	0.106625
0.00871468	-0.0341043	0.0469645	0.00871468	-0.0341043	0.0469645	0.0852864
0.0203188	-0.0804444	0.053453	0.0203188	-0.0804444	0.053453	0.0534257
-0.0050096	-0.0394682	0.0359602	-0.0050096	-0.0394682	0.0359602	0.0702637
-0.000209375	-0.0425514	0.0462929	-0.000209375	-0.0425514	0.0462929	0.0918439
-0.00382901	-0.0568343	0.0534663	-0.00382901	-0.0568343	0.0534663	0.106986
-0.0238763	-0.0690625	0.0317574	-0.0238763	-0.0690625	0.0317574	0.074182
-0.000209961	-0.0481777	0.0399316	-0.000209961	-0.0481777	0.0399316	0.0672789
-0.0125756	-0.0418688	0.0422317	-0.0125756	-0.0418688	0.0422317	0.105562
-0.0126607	-0.0429407	0.0446441	-0.0126607	-0.0429407	0.0446441	0.128515
0.0297558	-0.0491287	0.0433789	0.0297558	-0.0491287	0.0433789	0.110529
-0.0183368	-0.0555512	0.0457368	-0.0183368	-0.0555512	0.0457368	0.0718327
-0.028413	-0.0679972	0.0440455	-0.028413	-0.0679972	0.0440455	0.0896817
0.00144136	-0.0506975	0.0523832	0.00144136	-0.0506975	0.0523832	0.0775914
-0.00101995	-0.0379403	0.0493487	-0.00101995	-0.0379403	0.0493487	0.0969453
0.0157601	-0.0402268	0.0587438	0.0157601	-0.0402268	0.0587438	0.0943941
0.015873	-0.0486454	0.0474955	0.015873	-0.0486454	0.0474955	0.066758
-0.0143591	-0.0417426	0.0456163	-0.0143591	-0.0417426	0.0456163	0.10994
-0.0119968	-0.052017	0.0431247	-0.0119968	-0.052017	0.0431247	0.0924218
-0.00690775	-0.0455964	0.0474005	-0.00690775	-0.0455964	0.0474005	0.0806634
0.00580777	-0.0507543	0.0407539	0.00580777	-0.0507543	0.0407539	0.0414828
-0.00115124	-0.0592318	0.0406945	-0.00115124	-0.0592318	0.0406945	0.0764941
0.00231841	-0.044686	0.0427598	0.00231841	-0.044686	0.0427598	0.0633584
0.0100183	-0.069091	0.0453324	0.0100183	-0.069091	0.0453324	0.0705877
0.0151331	-0.0650876	0.0528068	0.0151331	-0.0650876	0.0528068	0.0811841
0.0208205	-0.0333078	0.056407	0.0208205	-0.0333078	0.056407	0.107519
0.0223666	-0.0751034	0.0567405	0.0223666	-0.0751034	0.0567405	0.0906106
0.0419433	-0.0508213	0.0641551	0.0419433	-0.0508213	0.0641551	0.054048
0.0300247	-0.0572934	0.0580647	0.0300247	-0.0572934	0.0580647	0.0574228
0.0189976	-0.0539214	0.0474575	0.0189976	-0.0539214	0.0474575	0.0520676
0.0143439	-0.0679863	0.0389577	0.0143439	-0.0679863	0.0389577	0.0926165
0.00513178	-0.0569145	0.0362713	0.00513178	-0.0569145	0.0362713	0.0865193
-0.000508262	-0.0548448	0.0433029	-0.000508262	-0.0548448	0.0433029	0.0848985
-0.0223808	-0.0621655	0.0388474	-0.0223808	-0.0621655	0.0388474	0.112799
-0.0151539	-0.0481635	0.0375533	-0.0151539	-0.0481635	0.0375533	0.112516
-0.0158532	-0.0258599	0.0432815	-0.0158532	-0.0258599	0.0432815	0.0888331
-0.00711851	-0.040369	0.0505959	-0.00711851	-0.040369	0.0505959	0.0805826
0.0072407	-0.0758519	0.0477901	0.0072407	-0.0758519	0.0477901	0.0798178
0.0193879	-0.0738282	0.0442668	0.0193879	-0.0738282	0.0442668	0.0844983
0.0222904	-0.0577464	0.0298187	0.0222904	-0.0577464	0.0298187	0.0838477
0.0261497	-0.0612023	0.0368712	0.0261497	-0.0612023	0.0368712	0.0611571
0.0247053	-0.0730964	0.0488514	0.0247053	-0.0730964	0.0488514	0.0771159
0.00504601	-0.0412413	0.0393468	0.00504601	-0.0412413	0.0393468	0.0879763
0.000250421	-0.039342	0.0423206	0.000250421	-0.039342	0.0423206	0.0883097
-0.0117799	-0.0510615	0.0434187	-0.0117799	-0.0510615	0.0434187	0.0779832
0.0192636	-0.05132	0.0451	0.0192636	-0.05132	0.0451	0.0342276
0.0233542	-0.077099	0.0552573	0.0233542	-0.077099	0.0552573	0.0735276
-0.0297374	-0.0573412	0.0419158	-0.0297374	-0.0573412	0.0419158	0.109396
0.0148827	-0.0570935	0.0564598	0.0148827	-0.0570935	0.0564598	0.0946491
0.0172905	-0.0624057	0.0474744	0.0172905	-0.0624057	0.0474744	0.0861727
0.0161245	-0.0343981	0.0456021	0.0161245	-0.0343981	0.0456021	0.0567131
0.0183965	-0.0398381	0.0498026	0.0183965	-0.0398381	0.0498026	0.0519879
0.0141522	-0.0315618	0.0337829	0.0141522	-0.0315618	0.0337829	0.0598322
0.00896316	-0.0612059	0.0387327	0.00896316	-0.0612059	0.0387327	0.0614932
0.0206091	-0.0525919	0.0441272	0.0206091	-0.0525919	0.0441272	0.0653581
-0.00310742	-0.0467058	0.04426	-0.00310742	-0.0467058	0.04426	0.0710006
0.37128	-0.111608	-0.279122	0.37128	-0.111608	-0.279122	0.0113712
0.380254	-0.113852	-0.305629	0.380254	-0.113852	-0.305629	0.00325708
0.0101928	-0.0579216	0.0413244	0.0101928	-0.0579216	0.0413244	0.0666387
0.0141126	-0.0551885	0.0478888	0.0141126	-0.0551885	0.0478888	0.0804324
0.0104212	-0.0498549	0.0423682	0.0104212	-0.0498549	0.0423682	0.0859498
0.0229719	-0.0704787	0.0677076	0.0229719	-0.0704787	0.0677076	0.0704677
0.0198874	-0.0503447	0.0524116	0.0198874	-0.0503447	0.0524116	0.0757293
-0.0223989	-0.0415357	0.0332931	-0.0223989	-0.0415357	0.0332931	0.0762853
0.0264578	-0.0496153	0.0362116	0.0264578	-0.0496153	0.0362116	0.0447355
0.0144605	-0.0376705	0.0412176	0.0144605	-0.0376705	0.0412176	0.087782
-0.0120974	-0.0522746	0.0453088	-0.0120974	-0.0522746	0.0453088	0.0933274
0.0194802	-0.0638612	0.0464508	0.0194802	-0.0638612	0.0464508	0.0623192
0.00101781	-0.0508553	0.0494944	0.00101781	-0.0508553	0.0494944	0.0858521
-0.00654146	-0.0305005	0.0376889	-0.00654146	-0.0305005	0.0376889	0.0933979
-0.0140229	-0.033065	0.0399282	-0.0140229	-0.033065	0.0399282	0.0838862
0.0149351	-0.0413264	0.0416682	0.0149351	-0.0413264	0.0416682	0.0824032
0.00643162	-0.0759562	0.0495752	0.00643162	-0.0759562	0.0495752	0.0871731
0.0101662	-0.0472357	0.0410634	0.0101662	-0.0472357	0.0410634	0.067256
0.0085842	-0.0472148	0.0485316	0.0085842	-0.0472148	0.0485316	0.082202
-0.00770318	-0.0355402	0.0470059	-0.00770318	-0.0355402	0.0470059	0.0525879
-0.0140893	-0.0285214	0.0394687	-0.0140893	-0.0285214	0.0394687	0.0659083
0.00504062	-0.0517497	0.0516449	0.00504062	-0.0517497	0.0516449	0.0995633
-0.002796	-0.0533299	0.0497815	-0.002796	-0.0533299	0.0497815	0.113501
0.00588155	-0.0700733	0.0480634	0.00588155	-0.0700733	0.0480634	0.0793937
-0.00318683	-0.0508343	0.0359136	-0.00318683	-0.0508343	0.0359136	0.085152
-0.0021432	-0.0673658	0.0398881	-0.0021432	-0.0673658	0.0398881	0.0688555
0.0231431	-0.059039	0.0506749	0.0231431	-0.059039	0.0506749	0.0673591
-0.0108699	-0.0505079	0.0485619	-0.0108699	-0.0505079	0.0485619	0.095874
0.0149301	-0.0578334	0.0566449	0.0149301	-0.0578334	0.0566449	0.0995528
0.00325684	-0.0477162	0.0535688	0.00325684	-0.0477162	0.0535688	0.10258
-0.00571403	-0.0535626	0.0333904	-0.00571403	-0.0535626	0.0333904	0.090061
-0.00687737	-0.0349722	0.044991	-0.00687737	-0.0349722	0.044991	0.0822146
-0.0203989	-0.0175759	0.0396562	-0.0203989	-0.0175759	0.0396562	0.106675
0.00281036	-0.0529803	0.0408236	0.00281036	-0.0529803	0.0408236	0.0694624
0.0261785	-0.0519167	0.0415756	0.0261785	-0.0519167	0.0415756	0.0887507
0.00968662	-0.0741028	0.0478242	0.00968662	-0.0741028	0.0478242	0.0576165
0.014419	-0.0538785	0.0603887	0.014419	-0.0538785	0.0603887	0.0627228
0.00598093	-0.0409195	0.0506128	0.00598093	-0.0409195	0.0506128	0.0909451
0.00722346	-0.0461707	0.0612778	0.00722346	-0.0461707	0.0612778	0.0950079
0.0271771	-0.0651375	0.0584205	0.0271771	-0.0651375	0.0584205	0.0749298
0.00432587	-0.0373618	0.0279142	0.00432587	-0.0373618	0.0279142	0.0554459
0.0043205	-0.0514648	0.0284438	0.0043205	-0.0514648	0.0284438	0.0574033
0.0148351	-0.0604963	0.048669	0.0148351	-0.0604963	0.048669	0.0696546
0.00314236	-0.0383555	0.0379929	0.00314236	-0.0383555	0.0379929	0.0443273
0.00851936	-0.0315533	0.038457	0.00851936	-0.0315533	0.038457	0.0348168
-8.04034e-05	-0.0418225	0.0425854	-8.04034e-05	-0.0418225	0.0425854	0.0326371
0.00854013	-0.0474129	0.0507816	0.00854013	-0.0474129	0.0507816	0.0730285
-0.00766038	-0.0416368	0.0474131	-0.00766038	-0.0416368	0.0474131	0.105695
0.0248219	-0.0409025	0.0658138	0.0248219	-0.0409025	0.0658138	0.106945
0.0148362	-0.0786857	0.0594092	0.0148362	-0.0786857	0.0594092	0.080021
0.0181293	-0.052337	0.0568739	0.0181293	-0.052337	0.0568739	0.0921815
0.0166583	-0.0438887	0.0509887	0.0166583	-0.0438887	0.0509887	0.073848
-0.00742506	-0.0550407	0.0438782	-0.00742506	-0.0550407	0.0438782	0.0710709
0.0239238	-0.0581011	0.0675747	0.0239238	-0.0581011	0.0675747	0.123932
0.00857249	-0.062206	0.0550356	0.00857249	-0.062206	0.0550356	0.0763768
0.0091784	-0.0593671	0.0560083	0.0091784	-0.0593671	0.0560083	0.0872596
0.0110222	-0.0641273	0.0469287	0.0110222	-0.0641273	0.0469287	0.0766829
0.0054714	-0.0583959	0.0465788	0.0054714	-0.0583959	0.0465788	0.084789
0.0207571	-0.0708087	0.0447117	0.0207571	-0.0708087	0.0447117	0.0424224
0.0129249	-0.0548401	0.0424237	0.0129249	-0.0548401	0.0424237	0.031058
0.0259325	-0.0576704	0.0505477	0.0259325	-0.0576704	0.0505477	0.0253671
-0.0163095	-0.0777054	0.0511602	-0.0163095	-0.0777054	0.0511602	0.0919392
0.032429	-0.0532249	0.0516366	0.032429	-0.0532249	0.0516366	0.0802784
0.00954394	-0.0545594	0.0514681	0.00954394	-0.0545594	0.0514681	0.0671934
0.0147443	-0.0598227	0.0381764	0.0147443	-0.0598227	0.0381764	0.102874
-0.00614372	-0.0355516	0.0414326	-0.00614372	-0.0355516	0.0414326	0.110895
-0.00158437	-0.0313399	0.0430788	-0.00158437	-0.0313399	0.0430788	0.106574
0.00338497	-0.0322747	0.0427796	0.00338497	-0.0322747	0.0427796	0.104047
0.0119137	-0.049439	0.0556894	0.0119137	-0.049439	0.0556894	0.13287
-0.00288615	-0.0359618	0.0425611	-0.00288615	-0.0359618	0.0425611	0.0931569
0.011363	-0.0592486	0.0452527	0.011363	-0.0592486	0.0452527	0.0508058
-0.00760946	-0.0749084	0.0544528	-0.00760946	-0.0749084	0.0544528	0.0889299
0.0324097	-0.0534476	0.0560301	0.0324097	-0.0534476	0.0560301	0.050869
0.00249072	-0.0436923	0.0520376	0.00249072	-0.0436923	0.0520376	0.0908769
0.00790024	-0.0539721	0.0415574	0.00790024	-0.0539721	0.0415574	0.072992
0.0209756	-0.0480194	0.0429088	0.0209756	-0.0480194	0.0429088	0.0734025
0.00105164	-0.0489603	0.0312053	0.00105164	-0.0489603	0.0312053	0.0747474
0.0130068	-0.0515743	0.0567623	0.0130068	-0.0515743	0.0567623	0.0940449
0.00211211	-0.0456798	0.0419066	0.00211211	-0.0456798	0.0419066	0.0953501
0.0135525	-0.0706818	0.0515895	0.0135525	-0.0706818	0.0515895	0.0825028
-0.00264658	-0.0702027	0.0379986	-0.00264658	-0.0702027	0.0379986	0.0772748
0.00931996	-0.0694677	0.0489614	0.00931996	-0.0694677	0.0489614	0.0599983
0.015522	-0.0309193	0.0560657	0.015522	-0.0309193	0.0560657	0.0626303
0.00268324	-0.041209	0.0373855	0.00268324	-0.041209	0.0373855	0.0646672
-0.0200732	-0.051953	0.043381	-0.0200732	-0.051953	0.043381	0.0857499
0.00616609	-0.0481855	0.0435658	0.00616609	-0.0481855	0.0435658	0.0918966
-0.00314961	-0.116954	0.0415261	-0.00314961	-0.116954	0.0415261	0.182137
-0.0142645	-0.111727	0.0516118	-0.0142645	-0.111727	0.0516118	0.156242
0.00651928	-0.0308785	0.0392283	0.00651928	-0.0308785	0.0392283	0.0900364
0.00346371	-0.0464704	0.0470651	0.00346371	-0.0464704	0.0470651	0.0631608
-0.014592	-0.0423744	0.0323069	-0.014592	-0.0423744	0.0323069	0.0794179
0.024209	-0.0462026	0.05063	0.024209	-0.0462026	0.05063	0.0553285
0.00139738	-0.0601228	0.0512016	0.00139738	-0.0601228	0.0512016	0.0777293
-0.000839452	-0.0359003	0.0500271	-0.000839452	-0.0359003	0.0500271	0.111338
0.0175171	-0.0498515	0.0606794	0.0175171	-0.0498515	0.0606794	0.085498
-0.00817681	-0.063296	0.0400511	-0.00817681	-0.063296	0.0400511	0.0927938
-0.0120288	-0.0402805	0.0431754	-0.0120288	-0.0402805	0.0431754	0.0911938
0.0139305	-0.0433005	0.0434018	0.0139305	-0.0433005	0.0434018	0.0639713
0.00924296	-0.0608986	0.0461349	0.00924296	-0.0608986	0.0461349	0.0539863
0.0079156	-0.0874967	0.0512708	0.0079156	-0.0874967	0.0512708	0.0759275
-0.0298296	-0.0312684	0.0301175	-0.0298296	-0.0312684	0.0301175	0.084474
0.0195714	-0.0604604	0.0539464	0.0195714	-0.0604604	0.0539464	0.0583325
-0.0214529	-0.0283323	0.0438707	-0.0214529	-0.0283323	0.0438707	0.102625
0.0156865	-0.0515089	0.0399665	0.0156865	-0.0515089	0.0399665	0.0215236
0.0199623	-0.0614103	0.0554409	0.0199623	-0.0614103	0.0554409	0.0721596
0.0111839	-0.0548894	0.0505778	0.0111839	-0.0548894	0.0505778	0.0316078
-0.00256518	-0.0418089	0.0432427	-0.00256518	-0.0418089	0.0432427	0.0325823
0.00558476	-0.0461769	0.0499756	0.00558476	-0.0461769	0.0499756	0.0775651
-0.0161956	-0.0391929	0.0287479	-0.0161956	-0.0391929	0.0287479	0.0750588
-0.0230696	-0.0429366	0.0196669	-0.0230696	-0.0429366	0.0196669	0.0778193
-0.00407616	-0.0451616	0.0445853	-0.00407616	-0.0451616	0.0445853	0.0814432
-0.00788493	-0.0756555	0.0509059	-0.00788493	-0.0756555	0.0509059	0.0788713
0.0242586	-0.051395	0.0468462	0.0242586	-0.051395	0.0468462	0.0643495
-0.00647132	-0.042439	0.0479161	-0.00647132	-0.042439	0.0479161	0.110952
0.0266251	-0.0323756	0.0519679	0.0266251	-0.0323756	0.0519679	0.12002
0.00841405	-0.0617174	0.0529757	0.00841405	-0.0617174	0.0529757	0.10913
0.0299019	-0.0537653	0.0481395	0.0299019	-0.0537653	0.0481395	0.0785548
0.0139741	-0.0755049	0.0527158	0.0139741	-0.0755049	0.0527158	0.0549196
-0.0076586	-0.0490698	0.0355229	-0.0076586	-0.0490698	0.0355229	0.0620559
-0.0100634	-0.0444611	0.0501206	-0.0100634	-0.0444611	0.0501206	0.0914541
-0.0140247	-0.0677584	0.0575565	-0.0140247	-0.0677584	0.0575565	0.109034
0.00692927	-0.0577909	0.0497138	0.00692927	-0.0577909	0.0497138	0.0717345
0.0148285	-0.066232	0.0434709	0.0148285	-0.066232	0.0434709	0.0920493
0.0164327	-0.0604013	0.0473249	0.0164327	-0.0604013	0.0473249	0.0960981
-0.0271598	-0.0364059	0.0415745	-0.0271598	-0.0364059	0.0415745	0.0998774
-0.00861989	-0.0563734	0.0412265	-0.00861989	-0.0563734	0.0412265	0.0861588
-0.002847	-0.0518839	0.0510776	-0.002847	-0.0518839	0.0510776	0.100263
0.00825163	-0.0655821	0.0530338	0.00825163	-0.0655821	0.0530338	0.05525
0.0112977	-0.0703042	0.0593003	0.0112977	-0.0703042	0.0593003	0.0732181
-0.000142348	-0.0558389	0.0280323	-0.000142348	-0.0558389	0.0280323	0.0713944
0.00880035	-0.0720282	0.0507466	0.00880035	-0.0720282	0.0507466	0.0876458
0.0230076	-0.0699667	0.0513776	0.0230076	-0.0699667	0.0513776	0.0697762
0.0267982	-0.0455597	0.0543951	0.0267982	-0.0455597	0.0543951	0.0970806
0.0234564	-0.0945084	0.0592996	0.0234564	-0.0945084	0.0592996	0.0433668
0.0171125	-0.0798159	0.0598841	0.0171125	-0.0798159	0.0598841	0.0908391
0.000874846	-0.0532122	0.0602435	0.000874846	-0.0532122	0.0602435	0.0929126
0.0288618	-0.0488544	0.0483415	0.0288618	-0.0488544	0.0483415	0.0664035
-0.0253459	-0.0411682	0.0308119	-0.0253459	-0.0411682	0.0308119	0.0923741
0.00920648	-0.052646	0.0318243	0.00920648	-0.052646	0.0318243	0.0740209
0.0196055	-0.0473659	0.0409827	0.0196055	-0.0473659	0.0409827	0.0849858
0.010921	-0.0520342	0.050691	0.010921	-0.0520342	0.050691	0.0855793
0.0264551	-0.0483951	0.0569742	0.0264551	-0.0483951	0.0569742	0.0869893
0.000354631	-0.0421286	0.0340022	0.000354631	-0.0421286	0.0340022	0.0806125
-0.0053009	-0.0332123	0.0376283	-0.0053009	-0.0332123	0.0376283	0.0885725
-0.0116518	-0.0477012	0.0395945	-0.0116518	-0.0477012	0.0395945	0.0956505
-0.00604921	-0.0520234	0.0427263	-0.00604921	-0.0520234	0.0427263	0.0756669
-0.00981377	-0.0677062	0.0501774	-0.00981377	-0.0677062	0.0501774	0.106629
-0.0280964	-0.0560736	0.0336334	-0.0280964	-0.0560736	0.0336334	0.0853256
-0.0103857	-0.037687	0.0365328	-0.0103857	-0.037687	0.0365328	0.0933593
0.0103695	-0.0532852	0.0492006	0.0103695	-0.0532852	0.0492006	0.100519
0.0154581	-0.0724295	0.0503259	0.0154581	-0.0724295	0.0503259	0.102959
-0.040733	-0.0596309	0.0188645	-0.040733	-0.0596309	0.0188645	0.103406
0.0122866	-0.0960623	0.0561541	0.0122866	-0.0960623	0.0561541	0.0989979
-0.00383632	-0.0648875	0.0385203	-0.00383632	-0.0648875	0.0385203	0.101616
0.0186153	-0.0420583	0.0592719	0.0186153	-0.0420583	0.0592719	0.0814826
0.0217188	-0.0608276	0.0297921	0.0217188	-0.0608276	0.0297921	0.0885281
0.0235266	-0.0650373	0.0395928	0.0235266	-0.0650373	0.0395928	0.0574857
-0.00998478	-0.0580305	0.0254185	-0.00998478	-0.0580305	0.0254185	0.0727927
0.0120825	-0.0719235	0.0497146	0.0120825	-0.0719235	0.0497146	0.0851457
-0.00403143	-0.04971	0.0501636	-0.00403143	-0.04971	0.0501636	0.0933234
0.00535741	-0.0463167	0.0473604	0.00535741	-0.0463167	0.0473604	0.0515285
0.0203477	-0.0490017	0.03735	0.0203477	-0.0490017	0.03735	0.0670778
-0.0181461	-0.0524953	0.0401165	-0.0181461	-0.0524953	0.0401165	0.100666
-0.0171604	-0.0446228	0.0379623	-0.0171604	-0.0446228	0.0379623	0.0963302
0.00624445	-0.0579224	0.0411617	0.00624445	-0.0579224	0.0411617	0.077092
0.0049762	-0.054685	0.033396	0.0049762	-0.054685	0.033396	0.0714653
0.0124628	-0.0761016	0.0443421	0.0124628	-0.0761016	0.0443421	0.0825748
0.00858518	-0.0731442	0.0400817	0.00858518	-0.0731442	0.0400817	0.0802982
0.0157319	-0.0642897	0.0409638	0.0157319	-0.0642897	0.0409638	0.0700609
0.00920866	-0.059185	0.0427276	0.00920866	-0.059185	0.0427276	0.0577604
0.00918208	-0.062709	0.0527949	0.00918208	-0.062709	0.0527949	0.0660541
0.0122568	-0.0723105	0.0529419	0.0122568	-0.0723105	0.0529419	0.0609976
0.00111501	-0.0605133	0.0461727	0.00111501	-0.0605133	0.0461727	0.061031
0.0103854	-0.0613168	0.0483588	0.0103854	-0.0613168	0.0483588	0.0743361
0.00934313	-0.0510866	0.0438956	0.00934313	-0.0510866	0.0438956	0.0730842
0.0170153	-0.05017	0.0416253	0.0170153	-0.05017	0.0416253	0.0649298
-0.0427583	-0.0644716	0.0415485	-0.0427583	-0.0644716	0.0415485	0.109469
0.00784564	-0.0522636	0.0520202	0.00784564	-0.0522636	0.0520202	0.0774263
0.0186054	-0.0467545	0.0464795	0.0186054	-0.0467545	0.0464795	0.0693843
-0.00127666	-0.0846703	0.0304601	-0.00127666	-0.0846703	0.0304601	0.126378
-0.00263349	-0.0723354	0.026985	-0.00263349	-0.0723354	0.026985	0.111715
0.00267491	-0.055785	0.0293942	0.00267491	-0.055785	0.0293942	0.0731318
0.000316571	-0.0433032	0.0413502	0.000316571	-0.0433032	0.0413502	0.0728026
0.0219751	-0.0783646	0.0593034	0.0219751	-0.0783646	0.0593034	0.0911219
0.0107613	-0.0715451	0.0428828	0.0107613	-0.0715451	0.0428828	0.0727773
0.00229273	-0.0733542	0.0398221	0.00229273	-0.0733542	0.0398221	0.0762081
0.00727076	-0.0326878	0.0490777	0.00727076	-0.0326878	0.0490777	0.0942114
0.0171825	-0.0405515	0.0608905	0.0171825	-0.0405515	0.0608905	0.0862771
0.000757134	-0.069879	0.0562522	0.000757134	-0.069879	0.0562522	0.0642103
0.0188353	-0.0530253	0.0305316	0.0188353	-0.0530253	0.0305316	0.0588903
0.00237524	-0.0395947	0.0344684	0.00237524	-0.0395947	0.0344684	0.0488416
0.00131502	-0.0473792	0.0321031	0.00131502	-0.0473792	0.0321031	0.0522786
-0.0211691	-0.0309712	0.0301519	-0.0211691	-0.0309712	0.0301519	0.125309
0.0131943	-0.0517754	0.0497702	0.0131943	-0.0517754	0.0497702	0.0457574
0.00112807	-0.0526239	0.0516647	0.00112807	-0.0526239	0.0516647	0.0992282
-0.000881571	-0.0481741	0.047796	-0.000881571	-0.0481741	0.047796	0.092066
-0.0014034	-0.0516352	0.0198798	-0.0014034	-0.0516352	0.0198798	0.053408
0.348793	-0.0771899	-0.310808	0.348793	-0.0771899	-0.310808	0.0145959
0.363817	-0.0932527	-0.306044	0.363817	-0.0932527	-0.306044	0.0626251
-0.0293855	-0.0296624	0.0510548	-0.0293855	-0.0296624	0.0510548	0.123872
0.00764594	-0.0454288	0.0480714	0.00764594	-0.0454288	0.0480714	0.073569
0.00340908	-0.0462374	0.0524062	0.00340908	-0.0462374	0.0524062	0.095907
0.0160152	-0.0571696	0.0409826	0.0160152	-0.0571696	0.0409826	0.0610402
0.00287492	-0.0714638	0.0468768	0.00287492	-0.0714638	0.0468768	0.116413
0.00173934	-0.05324	0.0365464	0.00173934	-0.05324	0.0365464	0.114349
-0.0194967	-0.0436239	0.0348168	-0.0194967	-0.0436239	0.0348168	0.085538
-0.00125776	-0.0369578	0.0433297	-0.00125776	-0.0369578	0.0433297	0.118933
-0.00497986	-0.0561651	0.0404853	-0.00497986	-0.0561651	0.0404853	0.0617742
0.00726085	-0.0499908	0.0397058	0.00726085	-0.0499908	0.0397058	0.0521446
0.00129275	-0.0436615	0.0242844	0.00129275	-0.0436615	0.0242844	0.0572077
-0.00698919	-0.0375722	0.0373527	-0.00698919	-0.0375722	0.0373527	0.0495505
0.00444041	-0.0667929	0.0433157	0.00444041	-0.0667929	0.0433157	0.0625792
-0.0224734	-0.0390286	0.0263666	-0.0224734	-0.0390286	0.0263666	0.0935461
-0.0224213	-0.048709	0.0302541	-0.0224213	-0.048709	0.0302541	0.0957131
-0.0504054	-0.0408127	0.0410686	-0.0504054	-0.0408127	0.0410686	0.12971
-0.00742899	-0.0396017	0.0461446	-0.00742899	-0.0396017	0.0461446	0.061095
0.0385135	-0.0500374	0.054418	0.0385135	-0.0500374	0.054418	0.0618094
0.0199048	-0.0620022	0.0506748	0.0199048	-0.0620022	0.0506748	0.0360494
0.0181784	-0.0549444	0.0551453	0.0181784	-0.0549444	0.0551453	0.0701943
0.0327037	-0.0667519	0.046192	0.0327037	-0.0667519	0.046192	0.0448929
0.019583	-0.0483796	0.0357134	0.019583	-0.0483796	0.0357134	0.0497627
0.00599543	-0.0473014	0.0413046	0.00599543	-0.0473014	0.0413046	0.0630068
-0.000347342	-0.0369854	0.0514732	-0.000347342	-0.0369854	0.0514732	0.0322414
0.0302636	-0.0466534	0.0459464	0.0302636	-0.0466534	0.0459464	0.0695235
0.00104493	-0.0670406	0.0491846	0.00104493	-0.0670406	0.0491846	0.0756489
0.000883747	-0.0652459	0.0488405	0.000883747	-0.0652459	0.0488405	0.0847183
-0.000349013	-0.0584373	0.0489184	-0.000349013	-0.0584373	0.0489184	0.0918154
-0.019452	-0.0695587	0.0392246	-0.019452	-0.0695587	0.0392246	0.0852342
0.0084899	-0.0790143	0.0442498	0.0084899	-0.0790143	0.0442498	0.079713
0.0150885	-0.0778711	0.0436264	0.0150885	-0.0778711	0.0436264	0.0631731
0.000407145	-0.0763437	0.0363016	0.000407145	-0.0763437	0.0363016	0.0732583
0.00446898	-0.0442074	0.0331516	0.00446898	-0.0442074	0.0331516	0.0645799
0.00901472	-0.0371286	0.0381366	0.00901472	-0.0371286	0.0381366	0.067579
0.0147632	-0.0510182	0.0476867	0.0147632	-0.0510182	0.0476867	0.0272724
0.0159429	-0.0502899	0.0489393	0.0159429	-0.0502899	0.0489393	0.0415368
-0.00418664	-0.0332565	0.0383683	-0.00418664	-0.0332565	0.0383683	0.096792
0.0068562	-0.0536002	0.0426094	0.0068562	-0.0536002	0.0426094	0.0658046
0.00941994	-0.0564819	0.0382872	0.00941994	-0.0564819	0.0382872	0.0695683
-0.00174884	-0.0519809	0.051892	-0.00174884	-0.0519809	0.051892	0.0966333
-0.0152241	-0.0449841	0.0389144	-0.0152241	-0.0449841	0.0389144	0.102774
0.0111333	-0.0917232	0.0493442	0.0111333	-0.0917232	0.0493442	0.0960984
0.00401701	-0.0577648	0.0476799	0.00401701	-0.0577648	0.0476799	0.0837936
-0.0133122	-0.0575131	0.035016	-0.0133122	-0.0575131	0.035016	0.0807824
0.00569189	-0.0584829	0.0385205	0.00569189	-0.0584829	0.0385205	0.0594627
0.0257756	-0.0550832	0.0432465	0.0257756	-0.0550832	0.0432465	0.0597585
0.0260667	-0.0552926	0.0989881	0.0260667	-0.0552926	0.0989881	0.00738103
0.0138889	0.0300101	0.0266357	0.0138889	0.0300101	0.0266357	0.766073
0.00877329	-0.0573042	0.0390515	0.00877329	-0.0573042	0.0390515	0.0626414
0.00725141	-0.0748503	0.0416101	0.00725141	-0.0748503	0.0416101	0.0724298
-0.00200928	-0.0447078	0.0542246	-0.00200928	-0.0447078	0.0542246	0.0886272
-0.0025077	-0.0692842	0.0482593	-0.0025077	-0.0692842	0.0482593	0.0734077
-0.00186371	-0.040792	0.0478449	-0.00186371	-0.040792	0.0478449	0.0961546
-0.0127329	-0.0424723	0.0558539	-0.0127329	-0.0424723	0.0558539	0.0716574
0.000649666	-0.0492831	0.0500109	0.000649666	-0.0492831	0.0500109	0.079749
0.00131071	-0.0279518	0.0590103	0.00131071	-0.0279518	0.0590103	0.113117
0.0119343	-0.0437226	0.0464763	0.0119343	-0.0437226	0.0464763	0.0790252
-0.00357278	-0.0479048	0.053299	-0.00357278	-0.0479048	0.053299	0.079511
0.0126232	-0.0430574	0.0447347	0.0126232	-0.0430574	0.0447347	0.0686253
0.0114198	-0.0493332	0.0483709	0.0114198	-0.0493332	0.0483709	0.0836981
0.0136646	-0.0489474	0.0441833	0.0136646	-0.0489474	0.0441833	0.0823876
-0.00802246	-0.058795	0.0454668	-0.00802246	-0.058795	0.0454668	0.114282
0.00659265	-0.0590967	0.0447827	0.00659265	-0.0590967	0.0447827	0.0438569
-0.0218555	-0.0406337	0.0446403	-0.0218555	-0.0406337	0.0446403	0.0989823
0.0085704	-0.0433087	0.0406885	0.0085704	-0.0433087	0.0406885	0.0875718
-0.0046533	-0.0506008	0.0504794	-0.0046533	-0.0506008	0.0504794	0.0656846
0.00808535	-0.0545533	0.0328083	0.00808535	-0.0545533	0.0328083	0.103767
-0.00614097	-0.0531694	0.0394748	-0.00614097	-0.0531694	0.0394748	0.111605
0.0154899	-0.0326518	0.0461234	0.0154899	-0.0326518	0.0461234	0.0826037
-0.000368452	-0.0333197	0.049994	-0.000368452	-0.0333197	0.049994	0.0884639
0.00988864	-0.0653581	0.0385651	0.00988864	-0.0653581	0.0385651	0.0839751
0.0266883	-0.0660823	0.03898	0.0266883	-0.0660823	0.03898	0.0839965
-0.00681272	-0.0513749	0.0506113	-0.00681272	-0.0513749	0.0506113	0.123181
-0.0157661	-0.0441362	0.0501824	-0.0157661	-0.0441362	0.0501824	0.106633
0.00609641	-0.043535	0.0483877	0.00609641	-0.043535	0.0483877	0.0822603
0.00309039	-0.0472983	0.0454088	0.00309039	-0.0472983	0.0454088	0.0728943
0.0101961	-0.053136	0.0338246	0.0101961	-0.053136	0.0338246	0.0538212
-0.00356525	-0.0386298	0.0420637	-0.00356525	-0.0386298	0.0420637	0.0959046
-0.0109042	-0.0402477	0.0479155	-0.0109042	-0.0402477	0.0479155	0.0913998
-0.0102616	-0.0492446	0.0386901	-0.0102616	-0.0492446	0.0386901	0.0775115
-0.00726556	-0.0400576	0.0473407	-0.00726556	-0.0400576	0.0473407	0.106876
-0.0111595	-0.0510862	0.0353551	-0.0111595	-0.0510862	0.0353551	0.0975744
-0.000518921	-0.0624723	0.0487767	-0.000518921	-0.0624723	0.0487767	0.0795924
0.0190935	-0.05838	0.0464097	0.0190935	-0.05838	0.0464097	0.0877544
0.00942453	-0.0450522	0.0509731	0.00942453	-0.0450522	0.0509731	0.0845018
0.00576539	-0.0582164	0.0313114	0.00576539	-0.0582164	0.0313114	0.0571255
-0.0144137	-0.0472058	0.0500327	-0.0144137	-0.0472058	0.0500327	0.0998657
-0.0105611	-0.0517708	0.0538999	-0.0105611	-0.0517708	0.0538999	0.0934949
0.019465	-0.0424783	0.0447574	0.019465	-0.0424783	0.0447574	0.0885383
0.0140436	-0.0480129	0.0463603	0.0140436	-0.0480129	0.0463603	0.0619432
0.00326168	-0.0551154	0.0418789	0.00326168	-0.0551154	0.0418789	0.0649887
0.00448331	-0.0367173	0.0439535	0.00448331	-0.0367173	0.0439535	0.0884689
0.00110079	-0.0492745	0.0442729	0.00110079	-0.0492745	0.0442729	0.0828287
-0.00118332	-0.0547016	0.09368	-0.00118332	-0.0547016	0.09368	0.044777
0.0144107	-0.0676033	0.0510586	0.0144107	-0.0676033	0.0510586	0.0694761
0.00392647	-0.0495147	0.0359709	0.00392647	-0.0495147	0.0359709	0.0813154
0.00202235	-0.0461087	0.0375813	0.00202235	-0.0461087	0.0375813	0.0864219
0.0063539	-0.0541565	0.0311428	0.0063539	-0.0541565	0.0311428	0.0716528
-0.0117134	-0.0513342	0.0474823	-0.0117134	-0.0513342	0.0474823	0.0972338
0.010157	-0.0505049	0.0278623	0.010157	-0.0505049	0.0278623	0.0581113
