-0.0180743	-0.0422091	0.031168	-0.86907	0.473124	0.14447	0.0979321
-0.0187771	-0.042779	0.0315944	-0.864024	0.484051	0.138411	0.0991714
-0.0207523	-0.0443721	0.0316077	-0.86508	0.484174	0.131197	0.0995889
-0.018795	-0.0425074	0.0318822	-0.8645	0.484002	0.135582	0.0970435
-0.0154662	-0.0405899	0.0316598	-0.874954	0.463523	0.14001	0.0942196
-0.0177743	-0.0411577	0.0311036	-0.868858	0.476016	0.135996	0.0952733
-0.0209105	-0.0435496	0.0315321	-0.868443	0.474794	0.142749	0.0965914
-0.0212961	-0.0439906	0.030284	-0.871716	0.465909	0.15179	0.0965663
-0.0251935	-0.045696	0.0296518	-0.869814	0.474135	0.136452	0.0981595
-0.0267721	-0.0462733	0.0321172	-0.854932	0.498667	0.142909	0.0999872
-0.0294774	-0.0481734	0.0316099	-0.855736	0.498745	0.137728	0.101054
-0.0241072	-0.0452097	0.0311483	-0.864173	0.480847	0.148299	0.0980135
-0.0183175	-0.0154313	0.052781	-0.849042	0.498626	0.174639	0.0931863
-0.0192985	-0.0197494	0.0494624	-0.858013	0.481074	0.179948	0.0944837
-0.020126	-0.0230514	0.0466705	-0.868076	0.460758	0.184786	0.093857
-0.0209596	-0.0263047	0.0455939	-0.871499	0.457787	0.175841	0.0948121
-0.0206678	-0.028339	0.0442361	-0.87202	0.460019	0.167223	0.095272
-0.0218727	-0.0302266	0.0406958	-0.865352	0.472958	0.165759	0.0959296
-0.0197758	-0.0295924	0.0390559	-0.867496	0.468112	0.168288	0.0944008
-0.0220853	-0.0324905	0.0376112	-0.867282	0.469761	0.164762	0.0960776
-0.0195485	-0.0324125	0.0357574	-0.874563	0.459287	0.155544	0.0937037
-0.0188379	-0.0339841	0.0335684	-0.888152	0.430785	0.160033	0.0942235
-0.0175629	-0.0354032	0.0326551	-0.894887	0.423261	0.141517	0.0934078
-0.0194418	-0.0379463	0.0313086	-0.895971	0.418311	0.149171	0.0940231
-0.0208418	-0.04122	0.0316493	-0.888354	0.439331	0.133478	0.0969618
-0.0190714	-0.0419813	0.0313301	-0.890361	0.426021	0.160509	0.0971144
-0.0198015	-0.042059	0.0300081	-0.894438	0.419148	0.155872	0.0969494
-0.021037	-0.0419677	0.0300186	-0.891185	0.428335	0.149392	0.0965474
-0.0195815	-0.0430382	0.02913	-0.894752	0.424959	0.13722	0.0979246
-0.0214439	-0.044098	0.0291421	-0.891603	0.430534	0.140298	0.0991869
-0.0209027	-0.0445319	0.0278618	-0.899929	0.402986	0.166522	0.0982895
-0.020919	-0.0196915	0.0498673	-0.860218	0.453856	0.232464	0.0969952
-0.0176069	-0.0195586	0.0457962	-0.869337	0.427302	0.248328	0.0949765
-0.0147616	-0.0205925	0.0436885	-0.878626	0.424278	0.219097	0.0942404
-0.0193026	-0.0244515	0.0424101	-0.862174	0.457744	0.217085	0.0976213
-0.0201983	-0.026908	0.0408847	-0.864755	0.45326	0.216225	0.0974657
-0.0198632	-0.0285006	0.0387808	-0.87431	0.434072	0.217171	0.0961492
-0.0189546	-0.0298389	0.0376805	-0.878641	0.430387	0.206777	0.0969433
-0.0182675	-0.0346649	0.0253887	-0.843583	0.382473	0.376938	0.0895574
-0.0170077	-0.0369316	0.0263413	-0.872673	0.325948	0.363593	0.0840511
-0.0230742	-0.0424515	0.0264079	-0.87519	0.370417	0.311181	0.0879365
-0.0325156	-0.0495391	0.0287488	-0.850636	0.446572	0.277473	0.0992213
-0.0231992	-0.0467979	0.0293155	-0.867369	0.431231	0.248417	0.094549
-0.0235935	-0.0448398	0.0259534	-0.870602	0.439478	0.221158	0.0945005
-0.0194787	-0.0429987	0.0253738	-0.87837	0.425662	0.217435	0.0937149
-0.0216039	-0.0447696	0.0273257	-0.872966	0.449749	0.188826	0.0951466
-0.0240968	-0.0448831	0.0280864	-0.861223	0.468329	0.197391	0.0970526
-0.0241423	-0.0463385	0.0271609	-0.870415	0.448576	0.202874	0.0969502
-0.0272983	-0.0485827	0.0268666	-0.868648	0.456347	0.192868	0.0994933
-0.0305249	-0.0497613	0.0271849	-0.858965	0.462834	0.219008	0.100075
-0.0296934	-0.0501785	0.0275231	-0.861641	0.463308	0.207172	0.100604
-0.0264731	-0.0481121	0.0271194	-0.864739	0.4578	0.20651	0.0983016
-0.0276209	-0.0496757	0.0265669	-0.868771	0.454629	0.196338	0.0993077
-0.0289837	-0.0517331	0.0266153	-0.870952	0.455189	0.185055	0.101149
-0.0294149	-0.0504906	0.0259643	-0.870588	0.452754	0.192586	0.1001
-0.0308356	-0.0510036	0.026261	-0.866203	0.462046	0.190279	0.101082
-0.0318872	-0.0515825	0.0262369	-0.863477	0.459394	0.208242	0.101484
-0.0294595	-0.0505573	0.0255541	-0.871156	0.442887	0.211987	0.100168
-0.0298452	-0.050869	0.0258183	-0.869015	0.450234	0.205187	0.101334
-0.0282249	-0.0498849	0.0256994	-0.870923	0.44618	0.205952	0.100625
-0.0294451	-0.0507941	0.0256867	-0.868842	0.452594	0.20068	0.101316
-0.0288344	-0.0395125	0.0347718	-0.857503	0.465675	0.218713	0.100101
-0.0288031	-0.0392358	0.0343771	-0.855988	0.467637	0.220454	0.099369
-0.0302784	-0.0404463	0.0348135	-0.849892	0.480621	0.216072	0.101424
-0.0317166	-0.0421393	0.0348115	-0.847552	0.485099	0.215256	0.102279
-0.0322371	-0.043098	0.0347798	-0.848054	0.486916	0.209088	0.102757
-0.0331026	-0.0435567	0.0348685	-0.845392	0.488572	0.215892	0.102559
-0.0335121	-0.0441822	0.0345863	-0.845555	0.491252	0.209063	0.102731
-0.0329177	-0.0439295	0.0338596	-0.847896	0.485267	0.213514	0.102171
-0.0335868	-0.0441112	0.0339104	-0.845318	0.490106	0.21268	0.102298
-0.0339328	-0.0445332	0.0335982	-0.846078	0.491125	0.207242	0.102485
-0.0343198	-0.0448515	0.0333607	-0.846089	0.491056	0.207361	0.102378
-0.0351064	-0.0455869	0.0337803	-0.842622	0.497765	0.205468	0.104168
-0.0540121	-0.0569625	0.0438873	-0.775028	0.547462	0.315622	0.116163
-0.0484934	-0.0501193	0.0360955	-0.748048	0.60875	0.264287	0.108467
-0.0440562	-0.0566448	0.0337275	-0.798904	0.538547	0.267806	0.109738
-0.037122	-0.0522303	0.0320907	-0.81363	0.522755	0.254429	0.106067
-0.0375243	-0.053154	0.0296442	-0.841423	0.485929	0.23639	0.105964
-0.0333856	-0.053826	0.0342504	-0.832543	0.511141	0.213557	0.112005
-0.0305403	-0.0533152	0.0351482	-0.835279	0.513046	0.197718	0.109575
-0.0335719	-0.0562243	0.0345643	-0.832993	0.509966	0.21461	0.110745
-0.036641	-0.0576513	0.0344333	-0.833882	0.510067	0.210888	0.111487
-0.0399883	-0.0599117	0.034975	-0.834248	0.517285	0.190909	0.113247
-0.0430205	-0.0607271	0.0344745	-0.828953	0.527861	0.184935	0.114764
-0.041166	-0.0586361	0.0338394	-0.830578	0.522837	0.191785	0.111934
-0.0427606	-0.0598029	0.0335634	-0.828548	0.521974	0.202613	0.11336
-0.0429879	-0.0598983	0.033166	-0.828885	0.516968	0.21376	0.11253
-0.0459228	-0.0615099	0.0334519	-0.823014	0.525033	0.216765	0.114338
-0.0487481	-0.0631282	0.0335513	-0.818926	0.53099	0.217739	0.116063
-0.0483153	-0.0636816	0.0332693	-0.823831	0.526504	0.209988	0.116233
-0.0469562	-0.0632919	0.0326012	-0.830709	0.517494	0.205236	0.115496
-0.0451217	-0.0616312	0.0328642	-0.830561	0.519948	0.199556	0.114094
-0.0454693	-0.0617695	0.0329778	-0.827844	0.52592	0.19515	0.11457
-0.0447618	-0.0612286	0.0327297	-0.831156	0.514979	0.209705	0.112871
-0.0433294	-0.0604235	0.0327621	-0.833943	0.510542	0.209488	0.111497
-0.043991	-0.0607425	0.032754	-0.832518	0.511293	0.213289	0.111768
-0.0454251	-0.0617797	0.0330175	-0.830146	0.519866	0.201489	0.11343
-0.0459843	-0.0623065	0.0322962	-0.833239	0.51684	0.196441	0.114248
-0.0458373	-0.0617933	0.0321655	-0.832777	0.518892	0.192959	0.113846
-0.0452423	-0.0612632	0.0320172	-0.833347	0.516491	0.196901	0.113682
-0.0444283	-0.0604525	0.0318195	-0.835572	0.511982	0.199231	0.112574
-0.042991	-0.0596083	0.0323317	-0.83437	0.515013	0.19644	0.11289
-0.0426725	-0.0593546	0.0321418	-0.835415	0.514072	0.194452	0.112483
-0.0424109	-0.0597226	0.0315384	-0.840752	0.502101	0.202562	0.111963
-0.0431896	-0.0606783	0.0318725	-0.840294	0.506199	0.194085	0.112779
-0.0435293	-0.0609848	0.0319356	-0.83915	0.510396	0.187945	0.113352
-0.042499	-0.0603384	0.0315933	-0.841749	0.506563	0.186689	0.112539
-0.0424475	-0.0601003	0.0313614	-0.841324	0.507657	0.18563	0.112324
-0.0423362	-0.0597793	0.0313035	-0.840171	0.509935	0.184603	0.112011
-0.0426961	-0.0602063	0.0312017	-0.840665	0.509684	0.183041	0.112269
-0.0419521	-0.0600496	0.0309679	-0.843816	0.506237	0.178042	0.111758
-0.0418638	-0.0601135	0.0306846	-0.844837	0.503482	0.180986	0.11185
-0.0420455	-0.0600403	0.0307583	-0.84394	0.505875	0.178481	0.112154
-0.0416943	-0.0599636	0.0307848	-0.844033	0.50451	0.181875	0.112251
-0.0426485	-0.0603925	0.0310397	-0.842035	0.509181	0.178077	0.112493
-0.0427177	-0.0606844	0.031103	-0.843291	0.508447	0.174188	0.112403
-0.0432038	-0.0608903	0.031128	-0.842568	0.50914	0.175655	0.112555
-0.0427456	-0.060558	0.0309999	-0.843316	0.506938	0.178416	0.111886
-0.041967	-0.0596805	0.0307475	-0.84355	0.504666	0.183672	0.111227
-0.0417073	-0.0595054	0.0307652	-0.844629	0.502092	0.185758	0.110787
-0.0422987	-0.0604312	0.0307184	-0.84567	0.499981	0.186711	0.111224
-0.0425522	-0.0605137	0.0306327	-0.84408	0.503508	0.184413	0.111379
-0.0428416	-0.0605856	0.0305804	-0.844535	0.501885	0.186742	0.111368
-0.0425274	-0.0599678	0.030476	-0.843993	0.502237	0.18824	0.110605
-0.0431318	-0.0600929	0.0303077	-0.843345	0.503359	0.188146	0.110689
-0.0430248	-0.0599537	0.0303298	-0.843878	0.503603	0.185079	0.110598
-0.042483	-0.0597773	0.0300366	-0.846038	0.500462	0.18373	0.110405
-0.0425218	-0.0553803	0.0338754	-0.839067	0.507982	0.194731	0.110204
-0.0422976	-0.0551627	0.0337118	-0.83926	0.508037	0.193757	0.109997
-0.0419019	-0.0551596	0.0338247	-0.839659	0.506874	0.195069	0.110074
-0.0419239	-0.0551342	0.0338766	-0.838762	0.508263	0.195311	0.110227
-0.0423286	-0.0554892	0.0339944	-0.837495	0.509766	0.196828	0.110456
-0.0424411	-0.0558388	0.0338217	-0.838345	0.508343	0.19689	0.110576
-0.0423591	-0.0556596	0.0338067	-0.837504	0.509696	0.19697	0.110436
-0.0416149	-0.0551084	0.0335806	-0.838657	0.506176	0.201096	0.10984
-0.0410441	-0.0548812	0.0332714	-0.841185	0.502967	0.198577	0.109437
-0.0407913	-0.054846	0.0331554	-0.842313	0.501294	0.198024	0.109199
-0.041404	-0.055179	0.0331401	-0.841551	0.502214	0.198929	0.109455
-0.041484	-0.0554013	0.0330901	-0.842286	0.502439	0.195214	0.109581
-0.0412459	-0.0550539	0.0330523	-0.842046	0.501757	0.197988	0.109134
-0.0412666	-0.0550159	0.0329607	-0.841962	0.50211	0.197447	0.108983
-0.0404087	-0.0546093	0.0328125	-0.843789	0.498038	0.199946	0.108306
-0.041066	-0.055238	0.0327822	-0.843899	0.497873	0.199894	0.10881
-0.040277	-0.0547111	0.0325331	-0.845157	0.495255	0.201076	0.108178
-0.0404239	-0.0546851	0.0324264	-0.844198	0.495911	0.203475	0.10821
-0.0402915	-0.0547065	0.0325405	-0.844371	0.495281	0.204288	0.108182
-0.0403046	-0.0515239	0.0353743	-0.839393	0.500479	0.21199	0.108018
-0.0402194	-0.0514882	0.0351951	-0.839846	0.499399	0.212743	0.108005
-0.0406927	-0.0515034	0.035087	-0.837886	0.500944	0.216801	0.107984
-0.0408399	-0.0517024	0.0351847	-0.836919	0.502008	0.21807	0.108272
-0.041054	-0.0519055	0.0350818	-0.836999	0.500804	0.220518	0.108413
-0.0411694	-0.0519028	0.0350799	-0.836306	0.501424	0.221734	0.10834
-0.0412409	-0.0517787	0.0349802	-0.835311	0.503336	0.221155	0.108425
-0.0412871	-0.0517634	0.0349508	-0.834436	0.504015	0.222901	0.10852
-0.0412612	-0.0518164	0.0348916	-0.834739	0.503979	0.221848	0.108579
-0.0411955	-0.0518488	0.0347219	-0.835267	0.503324	0.221345	0.108482
-0.0412084	-0.051833	0.0346225	-0.83485	0.503912	0.221579	0.108433
-0.0413576	-0.0520564	0.0345484	-0.834822	0.505026	0.219137	0.108665
-0.0413745	-0.0521944	0.0344636	-0.835393	0.504797	0.217482	0.108578
-0.0413174	-0.0521387	0.0343409	-0.835589	0.504959	0.216349	0.108554
-0.0414914	-0.0523332	0.034456	-0.834891	0.504689	0.21965	0.108847
-0.0408806	-0.0520701	0.0344561	-0.835433	0.503387	0.220574	0.108758
-0.0406624	-0.0519685	0.0343268	-0.836175	0.502722	0.219275	0.108532
-0.0404933	-0.051789	0.0343206	-0.835726	0.503914	0.21825	0.108399
-0.0404091	-0.05191	0.0343109	-0.835821	0.503	0.219988	0.108437
-0.0404421	-0.0519698	0.0341666	-0.836499	0.502144	0.219363	0.108426
-0.0401632	-0.0518384	0.0340002	-0.837211	0.500956	0.219364	0.108238
-0.0402278	-0.0518954	0.0339859	-0.836576	0.501371	0.220834	0.108481
-0.0401677	-0.051823	0.0338941	-0.836562	0.500779	0.222225	0.10842
-0.0404638	-0.0521383	0.033894	-0.836272	0.501609	0.221444	0.108736
-0.0406674	-0.0523072	0.0338428	-0.83587	0.502574	0.220774	0.1089
-0.0407822	-0.0523858	0.0337537	-0.835745	0.50282	0.220684	0.10896
-0.0404194	-0.0521141	0.033722	-0.835604	0.502285	0.222431	0.108756
-0.0398976	-0.0519429	0.033512	-0.837232	0.499347	0.222924	0.108498
-0.0400235	-0.0520374	0.0334609	-0.837731	0.499016	0.221788	0.108418
-0.0401553	-0.0522554	0.033385	-0.838114	0.498884	0.220635	0.108565
-0.040047	-0.0523583	0.0333192	-0.839049	0.498163	0.2187	0.108537
-0.0400994	-0.0525581	0.0332444	-0.839389	0.498793	0.215943	0.10875
-0.0397273	-0.0525368	0.0330981	-0.84088	0.496542	0.215329	0.108497
-0.0398466	-0.0525805	0.0331468	-0.840784	0.497116	0.214378	0.108445
-0.0399926	-0.0526685	0.0331489	-0.840542	0.49824	0.212712	0.108637
-0.0396633	-0.0502828	0.0350283	-0.838023	0.500815	0.216568	0.10841
-0.0398403	-0.0504419	0.0350346	-0.837373	0.502418	0.215365	0.108587
-0.039753	-0.0504113	0.0349968	-0.837797	0.50135	0.216204	0.108433
-0.0397707	-0.0505215	0.0347239	-0.838508	0.499693	0.217281	0.108295
-0.0396933	-0.0505376	0.0345829	-0.839075	0.498627	0.217542	0.108226
-0.0395864	-0.050704	0.034657	-0.839639	0.497533	0.21787	0.108204
-0.0397905	-0.0507756	0.0344863	-0.839327	0.498498	0.216865	0.108334
-0.0392944	-0.0483295	0.0362066	-0.837756	0.500097	0.219243	0.107983
-0.0392976	-0.0483881	0.0361362	-0.837778	0.499732	0.219989	0.107972
-0.0392287	-0.0483357	0.036206	-0.836929	0.501048	0.220226	0.108044
-0.0392089	-0.0484278	0.0361871	-0.837625	0.500615	0.21856	0.108076
-0.0390364	-0.0486634	0.0366487	-0.837084	0.502009	0.217434	0.108738
-0.0392388	-0.0487595	0.036741	-0.835697	0.50458	0.216819	0.108887
-0.0393052	-0.0487982	0.0366268	-0.835664	0.504781	0.216475	0.108943
-0.0392173	-0.0488919	0.0366173	-0.836095	0.504835	0.21468	0.108958
-0.0393909	-0.0491026	0.0366191	-0.835945	0.505415	0.213894	0.109128
-0.039242	-0.0491461	0.0370492	-0.834684	0.507568	0.213722	0.109606
-0.0390899	-0.049287	0.0370212	-0.835674	0.506354	0.212731	0.109625
-0.0389601	-0.0493851	0.0370296	-0.835988	0.506537	0.211053	0.109579
-0.0388334	-0.0494192	0.0369452	-0.836675	0.5062	0.209131	0.109546
-0.0386322	-0.049297	0.0367583	-0.837406	0.504849	0.209471	0.109305
-0.0387552	-0.0494205	0.0366597	-0.837462	0.504637	0.209759	0.109162
-0.0387649	-0.0494908	0.0366293	-0.837537	0.50408	0.210797	0.109105
-0.0387992	-0.0495415	0.0365567	-0.837302	0.50456	0.210583	0.109128
-0.0389632	-0.0496101	0.0364884	-0.837303	0.504788	0.210031	0.109143
-0.0392699	-0.049785	0.0364489	-0.836521	0.506162	0.20984	0.10928
-0.0389266	-0.0496278	0.0363605	-0.837414	0.50474	0.209703	0.109057
-0.0384906	-0.0495629	0.0361946	-0.838888	0.502602	0.208943	0.108858
-0.0386294	-0.0498007	0.0362196	-0.838712	0.503457	0.207588	0.109083
-0.0386435	-0.049799	0.0361821	-0.838521	0.503612	0.207983	0.109135
-0.0386787	-0.0498628	0.0361503	-0.838359	0.50367	0.208495	0.109163
-0.0384911	-0.0496752	0.0360302	-0.838234	0.503151	0.210243	0.108968
-0.0384205	-0.0496504	0.0359799	-0.838533	0.50306	0.209268	0.108864
-0.0384141	-0.0495652	0.0359735	-0.838337	0.503045	0.210089	0.108677
-0.0384411	-0.0496671	0.0359396	-0.838399	0.503339	0.209136	0.108826
-0.038503	-0.0496668	0.0358998	-0.837843	0.504576	0.208378	0.108876
-0.0386274	-0.0496671	0.0358849	-0.836895	0.505939	0.208882	0.108848
-0.0387312	-0.0498612	0.0357931	-0.837296	0.50494	0.209691	0.108912
-0.0385632	-0.0497643	0.0357285	-0.837395	0.504565	0.210198	0.108705
-0.038633	-0.0499177	0.0357554	-0.83738	0.505056	0.209078	0.108812
-0.0387142	-0.049955	0.0357063	-0.837148	0.505426	0.209112	0.108829
-0.0386768	-0.0499308	0.0357493	-0.83638	0.506831	0.208785	0.108952
-0.0387899	-0.0500343	0.0357185	-0.836156	0.507809	0.207299	0.108984
-0.0387125	-0.0501039	0.0356922	-0.836462	0.507903	0.205829	0.109041
-0.0388606	-0.0502044	0.0356859	-0.835919	0.508656	0.206175	0.109188
-0.0387352	-0.0485365	0.0369547	-0.834117	0.510493	0.208914	0.109034
-0.0389276	-0.0486657	0.0368958	-0.834005	0.510472	0.209413	0.109062
-0.0390589	-0.0487795	0.0369335	-0.833513	0.511028	0.210016	0.10917
-0.0392868	-0.0488196	0.0368867	-0.832407	0.512332	0.211222	0.109246
-0.0392893	-0.0489837	0.036802	-0.833134	0.511499	0.210372	0.10929
-0.039129	-0.0488965	0.0368302	-0.832988	0.511986	0.209763	0.109218
-0.0392984	-0.0491505	0.0368025	-0.832735	0.512596	0.209281	0.109446
-0.0391498	-0.0490408	0.0367291	-0.833098	0.512021	0.209241	0.109198
-0.0391301	-0.0490692	0.0367199	-0.833069	0.511847	0.209785	0.109225
-0.0390498	-0.0490979	0.0367092	-0.833149	0.51179	0.209602	0.109237
-0.0391628	-0.0492139	0.0367144	-0.832943	0.512382	0.208975	0.109336
-0.0393966	-0.0494006	0.0367086	-0.83279	0.512964	0.208154	0.109451
-0.0392866	-0.0493477	0.0366266	-0.833095	0.512701	0.207583	0.109407
-0.0392453	-0.0493605	0.0365608	-0.833376	0.512529	0.206876	0.109383
-0.0391975	-0.0493496	0.0364846	-0.83351	0.512232	0.207076	0.109363
-0.0390256	-0.0491576	0.036407	-0.833398	0.512193	0.207618	0.109078
-0.0391116	-0.0492791	0.0363935	-0.833495	0.51203	0.207633	0.109101
-0.0389302	-0.0492179	0.0363344	-0.833787	0.511556	0.207627	0.108922
-0.0389434	-0.0492639	0.0363131	-0.833678	0.511587	0.207992	0.108864
-0.0391056	-0.0493837	0.036265	-0.833522	0.511608	0.208561	0.108927
-0.0391362	-0.0494659	0.0362582	-0.833782	0.511432	0.207954	0.10904
-0.039267	-0.0496349	0.0361982	-0.833779	0.511051	0.208898	0.109146
-0.0393918	-0.0497879	0.0361464	-0.833492	0.510998	0.210171	0.109196
-0.0395978	-0.0498887	0.0361127	-0.832994	0.51194	0.209853	0.109325
-0.0394474	-0.0498097	0.0360216	-0.833542	0.511169	0.209558	0.10914
-0.0395433	-0.0498377	0.036073	-0.833245	0.512196	0.208226	0.109171
-0.039787	-0.0498476	0.0360557	-0.832352	0.513686	0.208128	0.109265
-0.0394752	-0.0497077	0.0358845	-0.833184	0.511982	0.208997	0.109068
-0.0395884	-0.0498406	0.0358975	-0.833035	0.512488	0.208349	0.109131
-0.039394	-0.0497788	0.0358169	-0.833555	0.511775	0.208021	0.108973
-0.0394755	-0.049859	0.0358452	-0.833168	0.512299	0.20828	0.108995
-0.0395923	-0.050033	0.0358748	-0.832814	0.513267	0.20731	0.109106
-0.0396486	-0.0500417	0.03596	-0.832147	0.51443	0.207107	0.109187
-0.0396114	-0.0499575	0.0359302	-0.832193	0.514317	0.207202	0.109012
-0.0397521	-0.0500898	0.0359285	-0.831961	0.515058	0.206292	0.109123
-0.0398511	-0.0501648	0.0358969	-0.831846	0.51552	0.205601	0.109177
-0.0397983	-0.0502064	0.0359023	-0.831959	0.515152	0.206063	0.109143
-0.0396195	-0.0502381	0.0358805	-0.83252	0.514853	0.204538	0.109099
-0.0397722	-0.0503466	0.0358813	-0.832281	0.515269	0.204465	0.109192
-0.0397729	-0.0503137	0.0358145	-0.832288	0.515205	0.2046	0.109167
-0.0395631	-0.0502353	0.0357359	-0.833081	0.514082	0.204193	0.109002
-0.039669	-0.0503845	0.0356956	-0.832952	0.514667	0.203247	0.109124
-0.0395687	-0.0503799	0.0356545	-0.833216	0.51431	0.203067	0.109065
-0.0395394	-0.0504341	0.0356061	-0.83362	0.51399	0.202218	0.108991
-0.03947	-0.049235	0.0365821	-0.831979	0.515631	0.204782	0.108919
-0.0396926	-0.0493445	0.03659	-0.831393	0.516488	0.205002	0.109033
-0.0397075	-0.0493763	0.0365993	-0.831185	0.516811	0.205032	0.109168
-0.0396829	-0.0494049	0.0365361	-0.831414	0.516781	0.204177	0.109155
-0.0398922	-0.049614	0.0366132	-0.830935	0.517646	0.203937	0.109313
-0.0399689	-0.0498048	0.0367028	-0.830617	0.51878	0.202343	0.109484
-0.0397824	-0.0497263	0.0366323	-0.831165	0.51808	0.201885	0.109344
-0.0395654	-0.0495867	0.0365766	-0.831629	0.517389	0.201745	0.109135
-0.0395177	-0.0495381	0.0364669	-0.831728	0.516499	0.20361	0.10897
-0.0394572	-0.0496067	0.0364035	-0.83231	0.515759	0.203109	0.108933
-0.0394951	-0.0497253	0.0363927	-0.832293	0.515414	0.20405	0.108999
-0.0393657	-0.0496668	0.0362653	-0.832773	0.514777	0.203698	0.108801
-0.039244	-0.0496495	0.0361749	-0.833326	0.51384	0.203804	0.108746
-0.0392794	-0.0497195	0.0361196	-0.83358	0.513484	0.203662	0.108761
-0.039278	-0.0497143	0.036078	-0.83349	0.513719	0.203437	0.108747
-0.0394008	-0.0497843	0.0360717	-0.833163	0.514434	0.20297	0.108835
-0.0394742	-0.0498446	0.0359977	-0.83331	0.514009	0.203444	0.108817
-0.0394286	-0.0498139	0.0359978	-0.833388	0.513892	0.20342	0.108746
-0.039535	-0.0499094	0.0360582	-0.83294	0.51464	0.203363	0.108916
-0.0394239	-0.0499732	0.0360021	-0.833659	0.513917	0.202243	0.108895
-0.0394321	-0.0499788	0.0359295	-0.833756	0.513937	0.20179	0.108858
-0.0393672	-0.049904	0.0358916	-0.833589	0.514038	0.202223	0.108775
-0.0393302	-0.0499571	0.035857	-0.834184	0.513313	0.201611	0.108758
-0.0392575	-0.0500076	0.0358267	-0.834563	0.512872	0.201167	0.108771
-0.0393816	-0.0500993	0.0357947	-0.834448	0.513128	0.200986	0.108866
-0.0393512	-0.0502162	0.0357676	-0.835026	0.512423	0.200386	0.108849
-0.0391923	-0.0501317	0.0357184	-0.835285	0.511979	0.200439	0.108711
-0.0392374	-0.0501502	0.0357092	-0.835174	0.512328	0.20001	0.108723
-0.0394216	-0.0493061	0.0365728	-0.833487	0.514367	0.201806	0.108821
-0.0393189	-0.0492993	0.0365175	-0.833946	0.51377	0.201429	0.108728
-0.0391847	-0.0492597	0.0364556	-0.834365	0.51306	0.201508	0.108612
-0.0392327	-0.0492367	0.0364003	-0.834105	0.513392	0.201738	0.108645
-0.0392644	-0.0493547	0.0363647	-0.834518	0.512933	0.201195	0.108678
-0.039176	-0.0493378	0.0362554	-0.835392	0.511514	0.201182	0.108546
-0.0392633	-0.0494084	0.0362232	-0.835036	0.51184	0.201828	0.108613
-0.0392595	-0.0494098	0.0361529	-0.835224	0.51183	0.201074	0.108571
-0.0392625	-0.0494192	0.0361457	-0.835149	0.512261	0.200289	0.108634
-0.0392244	-0.0494516	0.0361081	-0.835736	0.511416	0.199998	0.108591
-0.0391021	-0.049368	0.0360361	-0.836301	0.511181	0.19823	0.108461
-0.0391376	-0.0493977	0.0360289	-0.836079	0.511212	0.199084	0.108472
-0.0392903	-0.0495462	0.0360042	-0.835994	0.511555	0.198557	0.108617
-0.0393216	-0.0495903	0.03597	-0.836037	0.511554	0.198379	0.108641
-0.0394762	-0.0496601	0.0359472	-0.835589	0.512247	0.19848	0.108698
-0.0393671	-0.0497249	0.0359022	-0.835984	0.511789	0.197995	0.108681
-0.0392534	-0.0496568	0.0358344	-0.836222	0.511491	0.197761	0.108601
-0.0392992	-0.049699	0.035802	-0.83623	0.511539	0.197604	0.108585
-0.0392184	-0.0496867	0.0357563	-0.836404	0.51144	0.197123	0.108532
-0.0392452	-0.0498018	0.0357206	-0.836662	0.511126	0.196845	0.108585
-0.0392014	-0.0498364	0.0356893	-0.836819	0.510977	0.196563	0.108629
-0.0392286	-0.0499077	0.0356714	-0.836831	0.510819	0.196924	0.108657
-0.0391232	-0.0498973	0.0356196	-0.837418	0.510089	0.196318	0.108572
-0.0390543	-0.0499225	0.0355658	-0.837819	0.509668	0.195698	0.108533
-0.0389087	-0.0498811	0.0355171	-0.838396	0.508709	0.195724	0.108416
-0.0388409	-0.0499145	0.0354888	-0.838684	0.508118	0.196024	0.10837
-0.0388156	-0.0499717	0.0354499	-0.839222	0.507252	0.195966	0.108326
-0.0388318	-0.0500417	0.0354035	-0.839345	0.507099	0.195836	0.108337
-0.0389394	-0.0501323	0.0354087	-0.839012	0.507557	0.196071	0.108434
-0.0388946	-0.0501578	0.0353379	-0.839462	0.506648	0.196498	0.108382
-0.0389814	-0.050253	0.0353759	-0.839072	0.507507	0.195945	0.108449
-0.0388767	-0.0502195	0.0353306	-0.839434	0.506968	0.195791	0.108349
-0.0388821	-0.0502394	0.0353029	-0.839359	0.507041	0.195921	0.108371
-0.0389033	-0.050208	0.0352613	-0.839206	0.507225	0.196102	0.108334
-0.038906	-0.050292	0.0352213	-0.839627	0.506821	0.195344	0.108385
-0.0388614	-0.0503298	0.0351758	-0.840019	0.506286	0.195043	0.108369
-0.0388308	-0.0503147	0.0351287	-0.840117	0.506192	0.194866	0.108353
-0.0388184	-0.0502897	0.0350894	-0.840091	0.506234	0.194871	0.108316
-0.0388489	-0.05036	0.0350548	-0.840294	0.505747	0.195258	0.108294
-0.0388299	-0.0502967	0.0350356	-0.839909	0.506138	0.195902	0.108212
-0.0386873	-0.0502779	0.0349798	-0.840136	0.505763	0.195896	0.108175
-0.0372321	0.0015539	0.0321872	-0.839119	0.507192	0.196557	0.108091
-0.0370384	0.00144384	0.0321268	-0.839563	0.506564	0.196284	0.107983
-0.0369266	0.00134831	0.0320984	-0.839718	0.506037	0.196979	0.10787
-0.0368013	0.0011869	0.0320777	-0.840132	0.505369	0.196929	0.107816
-0.0367354	0.00106569	0.0320498	-0.840192	0.505084	0.197405	0.107734
-0.0365217	0.000796272	0.0319695	-0.840262	0.504886	0.197609	0.107696
-0.0365172	0.000646003	0.0319674	-0.839985	0.505341	0.197626	0.107645
-0.0364802	0.000474948	0.0319368	-0.84032	0.504711	0.197809	0.107579
-0.024511	-0.0429658	0.0370275	-0.801758	0.553741	0.224845	0.098175
-0.0415638	-0.0598035	0.0349839	-0.840488	0.512313	0.176394	0.109077
-0.03609	-0.0597012	0.0320811	-0.875586	0.448913	0.178399	0.109184
-0.0323065	-0.054543	0.0311312	-0.86892	0.462304	0.176787	0.106223
-0.037034	-0.0549687	0.0295936	-0.85319	0.462777	0.240634	0.106815
-0.0360387	-0.0553751	0.0281768	-0.865031	0.460599	0.198921	0.107239
-0.0333978	-0.0535798	0.0274149	-0.868039	0.443463	0.223269	0.104756
-0.0336059	-0.0532866	0.0273332	-0.859973	0.458236	0.224646	0.105649
-0.0320622	-0.0528528	0.0276558	-0.858653	0.461018	0.224002	0.106206
-0.0273664	-0.02365	0.0504467	-0.830008	0.490998	0.264589	0.103141
-0.0298691	-0.0275655	0.0489827	-0.826116	0.503954	0.252117	0.105428
-0.0336273	-0.0316505	0.0475576	-0.825373	0.513294	0.235135	0.107264
-0.0312785	-0.0331249	0.046889	-0.834942	0.505743	0.217016	0.106489
-0.0286584	-0.0327512	0.0457294	-0.842074	0.494782	0.214715	0.103821
-0.0297001	-0.0344796	0.0447678	-0.844998	0.492847	0.207558	0.104475
-0.0302499	-0.0364392	0.0434882	-0.84838	0.486849	0.207917	0.105187
-0.0303798	-0.036565	0.0422152	-0.850285	0.477417	0.221561	0.103365
-0.0298926	-0.0370158	0.0417508	-0.850108	0.475715	0.225859	0.103074
-0.0311344	-0.0383057	0.0412665	-0.847107	0.482286	0.223181	0.104161
-0.0306326	-0.0387708	0.0409176	-0.844491	0.49196	0.211687	0.10447
-0.0300263	-0.0396308	0.0399266	-0.85081	0.481937	0.209425	0.103927
-0.0287543	-0.0280201	0.0492509	-0.837163	0.496055	0.230408	0.102883
-0.0280303	-0.0283252	0.0478765	-0.841367	0.489502	0.229106	0.101837
-0.027928	-0.0299032	0.0468999	-0.847772	0.481095	0.223227	0.101797
-0.0288018	-0.0314198	0.0463693	-0.848115	0.48406	0.215376	0.102028
-0.0304807	-0.0322248	0.0455346	-0.841828	0.494849	0.215525	0.103167
-0.0294231	-0.0316832	0.0446383	-0.843048	0.490725	0.220133	0.101815
-0.0289593	-0.0322668	0.0437917	-0.848692	0.479931	0.222234	0.10087
-0.0294703	-0.0332156	0.0430658	-0.850074	0.48065	0.215289	0.101201
-0.0307791	-0.0349077	0.042685	-0.847379	0.489206	0.206464	0.102098
-0.0319671	-0.0357611	0.0422346	-0.845585	0.49236	0.206319	0.102639
-0.0307262	-0.0353565	0.04138	-0.849568	0.485001	0.207383	0.101691
-0.0298645	-0.027288	0.0474313	-0.839324	0.49575	0.223087	0.101168
-0.0294614	-0.0202019	0.0532243	-0.830181	0.504803	0.236586	0.100563
-0.0291897	-0.0208068	0.0526439	-0.830335	0.506711	0.231922	0.100294
-0.0281458	-0.0209292	0.0519394	-0.831081	0.502419	0.238495	0.0997799
-0.0288896	-0.0217697	0.0514453	-0.829436	0.503781	0.241329	0.0997639
-0.0278442	-0.0219489	0.0505547	-0.830944	0.499633	0.244741	0.0994516
-0.0287006	-0.0230781	0.0500033	-0.829775	0.502949	0.241898	0.100283
-0.0294763	-0.023895	0.0495951	-0.827412	0.506128	0.243359	0.100547
-0.0301304	-0.0247638	0.0488984	-0.828567	0.505872	0.239938	0.100781
-0.0306924	-0.0258637	0.0485379	-0.82915	0.506684	0.236181	0.101131
-0.0312482	-0.0263642	0.0480063	-0.827238	0.510706	0.234215	0.101355
-0.0304489	-0.0266074	0.0477091	-0.828155	0.508856	0.235001	0.101764
-0.0301526	-0.0267822	0.0469654	-0.830679	0.505652	0.233	0.101523
-0.0306941	-0.0274765	0.0465623	-0.82975	0.507013	0.233349	0.101972
-0.0302797	-0.0275164	0.0463017	-0.828417	0.506239	0.239682	0.101763
-0.0302438	-0.0277747	0.0458867	-0.828321	0.506217	0.24006	0.101694
-0.0302275	-0.0283071	0.045404	-0.828874	0.505074	0.240555	0.101716
-0.0300123	-0.0284629	0.0452127	-0.829469	0.504438	0.23984	0.101243
-0.0303318	-0.0288138	0.0450715	-0.828768	0.50446	0.242205	0.101207
-0.0305325	-0.0293674	0.0447827	-0.828914	0.506245	0.237943	0.101456
-0.0305742	-0.029777	0.0444877	-0.829698	0.506679	0.234259	0.101604
-0.0305757	-0.0304147	0.0442432	-0.830657	0.507338	0.229383	0.101654
-0.0302527	-0.0306357	0.04404	-0.831919	0.505346	0.229207	0.101388
-0.0305552	-0.0311504	0.0442675	-0.828846	0.509974	0.230091	0.102284
-0.030939	-0.031483	0.0438559	-0.827562	0.511564	0.231179	0.102415
-0.0310182	-0.0317599	0.0434718	-0.828708	0.509604	0.2314	0.102345
-0.0311324	-0.0320472	0.0434894	-0.827924	0.510261	0.232757	0.102627
-0.0313694	-0.0326697	0.0431054	-0.829255	0.51042	0.227615	0.102751
-0.031256	-0.0328812	0.042813	-0.830109	0.508556	0.228671	0.102794
-0.031749	-0.0334491	0.0426773	-0.830121	0.508597	0.228537	0.10309
-0.0315851	-0.033596	0.0424152	-0.830803	0.50777	0.227895	0.103049
-0.0321771	-0.034217	0.0425416	-0.828473	0.512414	0.225975	0.103732
-0.0326323	-0.0346292	0.0422982	-0.828312	0.512465	0.226451	0.103764
-0.0333465	-0.0353633	0.0421707	-0.827247	0.515648	0.223092	0.104379
-0.0332727	-0.0353689	0.0419988	-0.827086	0.515403	0.224251	0.104285
-0.0331039	-0.0355517	0.0416933	-0.828454	0.512741	0.2253	0.10401
-0.0336484	-0.0362033	0.0416384	-0.828179	0.513059	0.225587	0.104489
-0.0335168	-0.0363818	0.0413488	-0.828955	0.512231	0.224617	0.104436
-0.0335346	-0.0367105	0.0410054	-0.830216	0.51084	0.223124	0.104344
-0.0336885	-0.0369642	0.0408431	-0.830024	0.511836	0.22155	0.104471
-0.0334669	-0.0373299	0.0407812	-0.831277	0.510717	0.219423	0.104451
-0.033025	-0.0375054	0.040585	-0.833128	0.508423	0.217724	0.104384
-0.0327436	-0.0374946	0.0401764	-0.834808	0.504739	0.219848	0.104027
-0.0322027	-0.0340932	0.0429057	-0.832256	0.507272	0.223662	0.103493
-0.0321637	-0.0342971	0.042582	-0.833069	0.50397	0.228056	0.103454
-0.0324555	-0.0346007	0.0424208	-0.833628	0.502454	0.229356	0.103401
-0.0317146	-0.0344937	0.0421453	-0.836288	0.497113	0.231303	0.102954
-0.032087	-0.0346391	0.0419633	-0.835138	0.498963	0.231477	0.103108
-0.0319979	-0.0348276	0.0417908	-0.835941	0.498573	0.229407	0.103087
-0.0322554	-0.0353404	0.0416373	-0.83644	0.497464	0.229996	0.103239
-0.0323382	-0.0357205	0.0414131	-0.837853	0.496387	0.227163	0.103319
-0.0319219	-0.035653	0.041207	-0.839148	0.494419	0.226674	0.102863
-0.0322531	-0.035924	0.0409691	-0.838961	0.495344	0.225341	0.102947
-0.0321998	-0.0359595	0.0408159	-0.838918	0.496244	0.223515	0.102796
-0.0321194	-0.0359626	0.0405484	-0.839445	0.494936	0.224431	0.102619
-0.032074	-0.0360868	0.0403878	-0.84012	0.494633	0.22257	0.102567
-0.0322458	-0.0363347	0.0402777	-0.840318	0.494224	0.222728	0.102545
-0.0322208	-0.03662	0.0402516	-0.8398	0.494761	0.22349	0.102801
-0.0324416	-0.0369787	0.0401613	-0.839532	0.495704	0.222405	0.102943
-0.0328734	-0.0373047	0.040058	-0.838491	0.497087	0.223243	0.103135
-0.032624	-0.0371536	0.0398473	-0.838822	0.49674	0.222773	0.102702
-0.0325676	-0.0373517	0.0397145	-0.839574	0.496303	0.220903	0.10267
-0.0325658	-0.0374349	0.0395412	-0.839622	0.495736	0.221992	0.102588
-0.0326089	-0.0378073	0.0395279	-0.840552	0.495048	0.219999	0.102666
-0.0323123	-0.0376946	0.0393662	-0.841286	0.493483	0.22071	0.102376
-0.0326155	-0.037764	0.0392185	-0.84009	0.495476	0.220801	0.102446
-0.0322715	-0.0378586	0.038959	-0.840653	0.494311	0.221267	0.102399
-0.0318171	-0.037815	0.0392938	-0.839491	0.497467	0.218591	0.102763
-0.0322222	-0.0381614	0.039174	-0.838978	0.49854	0.218116	0.103047
-0.032678	-0.0386274	0.0391053	-0.838164	0.500296	0.217219	0.103405
-0.0327398	-0.0388434	0.0390301	-0.838558	0.499862	0.216697	0.103472
-0.0327605	-0.0389119	0.03892	-0.838348	0.500729	0.215507	0.103428
-0.0328726	-0.0392359	0.0388424	-0.838652	0.50014	0.215692	0.103653
-0.0328093	-0.0392799	0.0387402	-0.838496	0.500814	0.214733	0.103537
-0.0330115	-0.0395784	0.0388293	-0.838073	0.502005	0.213596	0.103832
-0.0329888	-0.0396831	0.0387853	-0.837932	0.50246	0.21308	0.103753
-0.0327062	-0.0395756	0.0386705	-0.838914	0.501178	0.212236	0.103346
-0.0328002	-0.0396009	0.0386008	-0.838239	0.502529	0.211709	0.103332
-0.0327882	-0.0396482	0.0384233	-0.838584	0.502399	0.210648	0.103279
-0.0326738	-0.0397998	0.0383332	-0.839245	0.50146	0.21025	0.103303
-0.0327829	-0.039927	0.0381782	-0.839079	0.502136	0.209296	0.103363
-0.0323106	-0.0397827	0.0379389	-0.840453	0.499623	0.209799	0.102956
-0.0325799	-0.0401844	0.0378485	-0.840962	0.499118	0.208958	0.103205
-0.0324838	-0.0403407	0.0377612	-0.84245	0.495909	0.210599	0.103033
-0.0326685	-0.0404704	0.0376101	-0.842196	0.496185	0.210967	0.103203
-0.0325302	-0.0404806	0.0376687	-0.841622	0.496831	0.211735	0.103277
-0.0325567	-0.040657	0.0375617	-0.842205	0.49589	0.211623	0.103234
-0.0326138	-0.0407804	0.0375244	-0.842031	0.496179	0.211637	0.103303
-0.0328372	-0.0411232	0.0374772	-0.842022	0.4967	0.210448	0.103529
-0.0330741	-0.0413085	0.0374499	-0.841736	0.49708	0.210696	0.10367
-0.0326208	-0.0411846	0.0373124	-0.84284	0.494876	0.211465	0.103411
-0.0328428	-0.0414525	0.0372437	-0.842913	0.49551	0.209684	0.103571
-0.032692	-0.0415234	0.0371312	-0.843902	0.494093	0.209049	0.103486
-0.0328123	-0.0417427	0.037038	-0.844493	0.493815	0.207314	0.103521
-0.0322627	-0.0395008	0.038579	-0.842729	0.495664	0.210059	0.103247
-0.0324793	-0.0397441	0.0384738	-0.842799	0.49577	0.20953	0.103354
-0.0322197	-0.0395702	0.0384148	-0.842641	0.495978	0.209673	0.103131
-0.0321685	-0.0397129	0.0383545	-0.84314	0.495419	0.208986	0.103224
-0.0323059	-0.0398225	0.0383072	-0.842711	0.496067	0.209179	0.103205
-0.0322735	-0.0398822	0.0382037	-0.842721	0.496509	0.208086	0.103154
-0.0323874	-0.0401063	0.0381348	-0.842962	0.49677	0.20648	0.103363
-0.0323378	-0.0400837	0.0380409	-0.843291	0.495901	0.207226	0.10321
-0.0325882	-0.0402734	0.0378724	-0.842827	0.497052	0.206355	0.103334
-0.032913	-0.0405311	0.0378072	-0.842376	0.497839	0.2063	0.103438
-0.0331106	-0.0407098	0.0377228	-0.842391	0.498388	0.204909	0.103517
-0.0331193	-0.0408852	0.0376401	-0.842227	0.499013	0.20406	0.10347
-0.0332996	-0.0410637	0.0375613	-0.84206	0.499569	0.203384	0.103607
-0.0334638	-0.0412599	0.0375605	-0.841847	0.500063	0.203053	0.103691
-0.0335257	-0.0414359	0.0374823	-0.842159	0.499924	0.2021	0.103727
-0.0335499	-0.0415325	0.0374027	-0.842185	0.499737	0.202455	0.103699
-0.0336293	-0.0417594	0.0373902	-0.842594	0.499673	0.200903	0.10375
-0.0336459	-0.0417529	0.0373588	-0.842258	0.499825	0.201934	0.10374
-0.0335779	-0.0418912	0.0372597	-0.842703	0.49969	0.200401	0.103769
-0.0337635	-0.0420363	0.0373359	-0.841571	0.501454	0.200752	0.103921
-0.033658	-0.0420736	0.0372658	-0.841987	0.500572	0.201208	0.103895
-0.0334606	-0.0418814	0.0371533	-0.842042	0.49973	0.203065	0.10361
-0.033416	-0.0419299	0.0370105	-0.842579	0.499036	0.202541	0.103561
-0.0334635	-0.0419984	0.0369486	-0.84268	0.499101	0.201959	0.103549
-0.0336584	-0.0422342	0.0369448	-0.84227	0.499724	0.202131	0.10376
-0.0335795	-0.0422455	0.0368898	-0.842608	0.49927	0.201844	0.103657
-0.0333264	-0.0422255	0.036818	-0.843114	0.498435	0.201796	0.103539
-0.0334816	-0.0423419	0.036724	-0.842879	0.497961	0.203936	0.103554
-0.0335571	-0.0424172	0.0366572	-0.842986	0.498114	0.203116	0.103595
-0.0337454	-0.0426357	0.0366573	-0.842641	0.498538	0.203507	0.103736
-0.0336818	-0.0426099	0.0365965	-0.842609	0.498447	0.203864	0.103653
-0.0336218	-0.0425268	0.0365434	-0.842592	0.498143	0.204679	0.103477
-0.0335104	-0.042483	0.0365126	-0.842988	0.497435	0.204767	0.103309
-0.0333317	-0.0424397	0.036416	-0.843627	0.496709	0.203896	0.103167
-0.0332645	-0.0424738	0.0363965	-0.843809	0.496844	0.202813	0.103102
-0.0332119	-0.0424482	0.0363428	-0.843703	0.497303	0.202128	0.103073
-0.0331581	-0.0425308	0.0361689	-0.844386	0.496379	0.201544	0.103011
-0.0331935	-0.0425634	0.0361511	-0.843919	0.49673	0.202633	0.103055
-0.0334594	-0.0427061	0.0361285	-0.843459	0.497113	0.203607	0.103151
-0.0334657	-0.042715	0.0360703	-0.843354	0.497727	0.202541	0.103096
-0.0334857	-0.0427856	0.0359748	-0.843445	0.497729	0.202157	0.103051
-0.0335699	-0.0429318	0.0359614	-0.843304	0.498237	0.201488	0.103222
-0.0336081	-0.0411313	0.0360069	-0.857789	0.482541	0.177067	0.106669
-0.0336019	-0.0411855	0.035958	-0.858069	0.481968	0.177269	0.106571
-0.0337063	-0.0413133	0.0359829	-0.857309	0.483107	0.177845	0.106736
-0.0336897	-0.041443	0.0359244	-0.857697	0.482564	0.17745	0.106713
-0.0338634	-0.0416488	0.0358724	-0.85772	0.482816	0.176648	0.106886
-0.0338964	-0.0416762	0.035836	-0.857271	0.483506	0.176944	0.10695
-0.0341045	-0.0419123	0.0358078	-0.857233	0.483219	0.177906	0.107047
-0.0343385	-0.0422129	0.0357579	-0.85746	0.482939	0.177575	0.107109
-0.0342743	-0.0422711	0.0356262	-0.857787	0.482284	0.177773	0.106956
-0.0342321	-0.0422222	0.0355304	-0.857817	0.481965	0.178493	0.106843
-0.0340274	-0.0422188	0.0354918	-0.85827	0.481347	0.177982	0.106725
-0.0339679	-0.0421902	0.0354418	-0.858419	0.480985	0.178241	0.106595
-0.034076	-0.0423819	0.0354169	-0.858359	0.481125	0.178154	0.106722
-0.0341226	-0.0424452	0.0353504	-0.858318	0.481221	0.178089	0.106759
-0.0340912	-0.0424977	0.0352977	-0.858179	0.481219	0.178768	0.106801
-0.0339542	-0.0424891	0.0352254	-0.858412	0.480784	0.178817	0.106687
-0.0337419	-0.042453	0.0352382	-0.858672	0.480138	0.179306	0.10661
-0.0336848	-0.0425374	0.0352186	-0.859127	0.478957	0.180282	0.106541
-0.0336782	-0.0425986	0.0352469	-0.858978	0.479601	0.179276	0.106522
-0.0336569	-0.0427344	0.0352433	-0.858936	0.47981	0.178916	0.106594
-0.0337233	-0.0428895	0.0352624	-0.859126	0.479656	0.178415	0.106604
-0.0338582	-0.0430293	0.0352007	-0.859003	0.479571	0.179237	0.106662
-0.0339194	-0.0431573	0.0351833	-0.858929	0.479843	0.178863	0.106714
-0.0339172	-0.043301	0.0350172	-0.859293	0.478819	0.179856	0.106772
-0.0337574	-0.0432702	0.0349869	-0.859526	0.478312	0.18009	0.106698
-0.0337499	-0.0432253	0.0349404	-0.859186	0.478642	0.180835	0.106588
-0.0283476	0.161015	0.0217085	-0.857352	0.481436	0.18212	0.106538
-0.0356787	-0.0465137	0.031953	-0.773265	0.627107	0.0937952	0.105367
-0.0433024	-0.0508649	0.0304113	-0.796062	0.594114	0.115381	0.107544
-0.0405344	-0.0539407	0.0298254	-0.819705	0.542471	0.183872	0.10971
-0.0418983	-0.0547848	0.0292078	-0.825534	0.52604	0.204391	0.106464
-0.038407	-0.054091	0.0333981	-0.813851	0.545713	0.199609	0.111388
-0.0376297	-0.0548359	0.0321321	-0.826091	0.524864	0.20516	0.111106
-0.036232	-0.0574995	0.0330207	-0.835576	0.518674	0.181081	0.112397
-0.0362996	-0.0581106	0.032608	-0.844846	0.509416	0.163494	0.1122
-0.0344677	-0.0579697	0.0321019	-0.853191	0.503064	0.13781	0.109809
-0.0349403	-0.057045	0.0315096	-0.850081	0.512175	0.122634	0.108865
-0.0357362	-0.0568206	0.0313458	-0.846011	0.51836	0.124775	0.108814
-0.0340878	-0.0563642	0.0317152	-0.845838	0.518666	0.124673	0.108566
-0.0355783	-0.0569319	0.0325681	-0.842435	0.519197	0.144004	0.108312
-0.0369668	-0.0559965	0.0318273	-0.838336	0.522617	0.15513	0.107398
