-0.0203106	-0.0426193	0.0325422	-0.58557	0.557609	0.588371	0.0669278
-0.0243919	-0.0563615	0.0406746	-0.592766	0.607226	0.529061	0.07494
-0.0262499	-0.0615281	0.0468743	-0.578091	0.617369	0.533542	0.074615
-0.0284858	-0.0658324	0.0503033	-0.576002	0.635376	0.514314	0.0774241
-0.0350962	-0.0682476	0.052849	-0.547701	0.62066	0.561074	0.0813764
-0.0379677	-0.0696616	0.054856	-0.525348	0.624527	0.577905	0.0850358
-0.0373175	-0.0710578	0.0552481	-0.532414	0.629818	0.565565	0.0853186
-0.0376623	-0.07356	0.0560612	-0.549059	0.635591	0.542733	0.0869096
-0.0375604	-0.0736865	0.0566078	-0.539082	0.632419	0.55627	0.0862944
-0.0371258	-0.0748495	0.05672	-0.546922	0.616035	0.566901	0.0869769
-0.0373274	-0.0759114	0.0572453	-0.550563	0.612042	0.567701	0.0873953
-0.0372891	-0.0769978	0.0577492	-0.552759	0.611562	0.566083	0.0883979
-0.0370295	-0.0777866	0.0581034	-0.553595	0.602781	0.574619	0.0892285
-0.038209	-0.0784828	0.0586672	-0.557531	0.606138	0.567235	0.0904967
-0.0384925	-0.0790994	0.0585961	-0.557894	0.601862	0.571416	0.0914827
-0.0385096	-0.0790279	0.0589144	-0.553753	0.607379	0.569604	0.0912503
-0.0377883	-0.0800091	0.0596862	-0.556535	0.602387	0.572188	0.0914234
-0.0371567	-0.0797711	0.0598373	-0.552937	0.605925	0.57194	0.0910203
-0.0371541	-0.0801432	0.0600376	-0.55417	0.603498	0.573311	0.090996
-0.0372901	-0.0801346	0.0599134	-0.551251	0.599314	0.580469	0.0911089
-0.037573	-0.0803293	0.0603832	-0.549352	0.605231	0.576114	0.0912522
-0.0375689	-0.080892	0.0603505	-0.552906	0.608501	0.569229	0.0917397
-0.0367468	-0.081045	0.0603826	-0.555725	0.605394	0.569796	0.0913914
-0.0369448	-0.0813592	0.0604999	-0.554432	0.600437	0.576264	0.0916754
-0.0369346	-0.0815308	0.0606357	-0.552384	0.604736	0.57373	0.091703
-0.0369208	-0.0818317	0.0606282	-0.555564	0.606126	0.569175	0.0921754
-0.0372723	-0.0816941	0.0604217	-0.552823	0.604594	0.573457	0.0921153
-0.0373925	-0.0818734	0.060269	-0.555217	0.60207	0.573799	0.0921631
-0.0378104	-0.08198	0.0602127	-0.559363	0.597184	0.574877	0.0921837
-0.0371537	-0.082186	0.060215	-0.563855	0.598445	0.569149	0.0919922
-0.036762	-0.0821155	0.0602124	-0.563934	0.596879	0.570714	0.0917723
-0.0364492	-0.0819927	0.0604895	-0.559922	0.596189	0.575365	0.091559
-0.0368606	-0.0820233	0.0604341	-0.558128	0.599061	0.574125	0.091804
-0.0372614	-0.0819172	0.060578	-0.553374	0.599862	0.577879	0.0919055
-0.0376414	-0.0821223	0.0607676	-0.552653	0.603172	0.575116	0.0923719
-0.0180684	-0.0630023	0.0594176	-0.553907	0.601981	0.575157	0.0905926
-0.0187434	-0.0636472	0.0596338	-0.553863	0.601951	0.575231	0.0907653
-0.0191138	-0.0641868	0.0595546	-0.555987	0.600531	0.574666	0.09075
-0.0199531	-0.0647932	0.0596427	-0.556258	0.596978	0.578095	0.0909619
-0.0206228	-0.0652568	0.0597785	-0.555594	0.597088	0.57862	0.0910673
-0.0214374	-0.0665404	0.0598987	-0.559747	0.596505	0.575209	0.0912193
-0.0215995	-0.0669024	0.0599875	-0.559533	0.595581	0.576373	0.0911058
-0.0219193	-0.0672101	0.0599234	-0.559013	0.595588	0.57687	0.09123
-0.022345	-0.0676991	0.0599834	-0.559913	0.592834	0.578831	0.0913289
-0.0227133	-0.0681272	0.0600609	-0.560548	0.593957	0.577062	0.0913406
-0.0228674	-0.0684284	0.0601663	-0.558943	0.592165	0.580451	0.0915122
-0.0232833	-0.0689313	0.0601533	-0.561219	0.594149	0.576212	0.0920372
-0.0235877	-0.0693179	0.0603458	-0.560973	0.594451	0.57614	0.0919324
-0.0241372	-0.0695194	0.0605309	-0.558817	0.594595	0.578083	0.092269
-0.0242635	-0.0698029	0.0605122	-0.55867	0.593377	0.579474	0.092195
-0.0244489	-0.0700018	0.0604405	-0.55821	0.59267	0.58064	0.0922161
-0.0246738	-0.0700801	0.0605173	-0.555588	0.594514	0.58127	0.0921081
-0.0250695	-0.0704686	0.0605919	-0.55689	0.594087	0.58046	0.0921883
-0.0251876	-0.0706801	0.0606321	-0.556495	0.595688	0.579197	0.0921562
-0.0252237	-0.071126	0.0606966	-0.558655	0.594675	0.578157	0.0922778
-0.0255244	-0.0714946	0.0608417	-0.560179	0.595134	0.576208	0.0922668
-0.0258222	-0.0717337	0.060862	-0.559699	0.595765	0.576021	0.0924094
-0.025964	-0.0720144	0.0608882	-0.559719	0.596325	0.575422	0.0925441
-0.0260948	-0.0722556	0.0609493	-0.560382	0.596543	0.574551	0.0924987
-0.026191	-0.0725351	0.0608762	-0.56202	0.596469	0.573025	0.0924833
-0.0264092	-0.0727318	0.0610716	-0.560094	0.59842	0.572878	0.0925998
-0.0266252	-0.0729707	0.0611166	-0.560439	0.597613	0.573382	0.0926537
-0.0270725	-0.0730684	0.0610448	-0.557935	0.598317	0.575087	0.0928556
-0.0273852	-0.0731809	0.0610381	-0.556716	0.597984	0.576613	0.09291
-0.0276198	-0.0732759	0.0611148	-0.556777	0.596901	0.577675	0.0926291
-0.0280072	-0.0734391	0.0611519	-0.555618	0.598346	0.577297	0.0928356
-0.0280594	-0.0737218	0.0611622	-0.557584	0.597813	0.575951	0.0927625
-0.0282653	-0.0738547	0.0611942	-0.557333	0.599506	0.574432	0.0929306
-0.028438	-0.0740119	0.0611193	-0.557509	0.600437	0.573288	0.0930321
-0.0283803	-0.0741	0.061062	-0.559123	0.598819	0.573409	0.0928208
-0.0284067	-0.0741931	0.060971	-0.559044	0.598988	0.573309	0.0928074
-0.0288731	-0.0743837	0.0610447	-0.558311	0.599576	0.573408	0.09304
-0.0291708	-0.0743772	0.0609969	-0.556122	0.600966	0.57408	0.0930078
-0.0294631	-0.0747223	0.060985	-0.557139	0.600973	0.573086	0.0931236
-0.0297387	-0.0749008	0.0608582	-0.558199	0.599423	0.573678	0.093236
-0.0296766	-0.0751799	0.0608891	-0.560434	0.598455	0.572508	0.0931624
-0.0297815	-0.075335	0.0609035	-0.560465	0.598235	0.572707	0.0932139
-0.0299941	-0.0754184	0.0608204	-0.560003	0.598233	0.573161	0.0932442
-0.0300548	-0.0755756	0.0608719	-0.560198	0.598384	0.572813	0.0933851
-0.0301087	-0.0756154	0.060864	-0.558584	0.597708	0.57509	0.0935226
-0.0300165	-0.075697	0.0608461	-0.559032	0.595227	0.577225	0.0933101
-0.0300543	-0.0758079	0.0606832	-0.55854	0.595286	0.577639	0.0933539
-0.0300046	-0.0759256	0.0606465	-0.559212	0.594375	0.577927	0.0933418
-0.0305962	-0.0760825	0.0606771	-0.557729	0.59619	0.577491	0.0936067
-0.0306785	-0.0761619	0.0606107	-0.55765	0.594288	0.579524	0.0936453
-0.0308707	-0.0763608	0.0606474	-0.55851	0.59402	0.578971	0.0937225
-0.0312125	-0.0764603	0.0606665	-0.558086	0.594224	0.57917	0.0938228
-0.0234512	-0.0685303	0.0600998	-0.557468	0.594818	0.579155	0.0930988
-0.0158459	-0.0608131	0.0596299	-0.556359	0.595893	0.579116	0.0923874
-0.0160381	-0.0611012	0.0597294	-0.556357	0.595735	0.579281	0.0923767
-0.0162428	-0.061351	0.0597604	-0.557019	0.595187	0.579209	0.0922701
-0.0164708	-0.0615533	0.0597963	-0.556371	0.59473	0.580299	0.0922048
-0.0169338	-0.0619954	0.0597164	-0.556404	0.59394	0.581076	0.0922198
-0.0174215	-0.0622074	0.0597645	-0.555518	0.594459	0.581393	0.0923184
-0.0175703	-0.0624823	0.0599241	-0.556059	0.595781	0.57952	0.0925673
-0.0179029	-0.062629	0.0599499	-0.555586	0.596429	0.579307	0.0924851
-0.0179981	-0.0629949	0.059989	-0.557726	0.595335	0.578375	0.0924595
-0.0179873	-0.0632794	0.0599539	-0.559663	0.593584	0.578304	0.092386
-0.0182746	-0.06345	0.0598975	-0.559361	0.593893	0.578279	0.0924628
-0.0184371	-0.0636043	0.0599166	-0.558773	0.59404	0.578697	0.0924835
-0.0185859	-0.0638401	0.060001	-0.558874	0.593949	0.578692	0.0924619
-0.0189308	-0.0641049	0.0600981	-0.558153	0.593716	0.579626	0.0926295
-0.0191591	-0.0643088	0.060113	-0.558001	0.594716	0.578747	0.0926671
-0.0194415	-0.0645709	0.0601018	-0.55847	0.594544	0.578471	0.0927962
-0.0196077	-0.0647251	0.0600693	-0.557826	0.594462	0.579177	0.0928259
-0.0196953	-0.0649804	0.060106	-0.558228	0.593911	0.579354	0.0928471
-0.0198323	-0.0652786	0.0601454	-0.559349	0.593932	0.578251	0.092893
-0.0199915	-0.0654458	0.0601683	-0.55973	0.595555	0.576209	0.0930534
-0.0201154	-0.0655801	0.0601438	-0.559684	0.595737	0.576065	0.0929953
-0.0203739	-0.0659663	0.0601468	-0.560451	0.595018	0.576063	0.09292
-0.0206245	-0.0661419	0.0602654	-0.559532	0.595427	0.576534	0.0929716
-0.0207278	-0.0662958	0.0602381	-0.559926	0.595134	0.576454	0.0929247
-0.0210856	-0.0663471	0.0602408	-0.557608	0.594636	0.579207	0.0929894
-0.0213001	-0.066508	0.0602212	-0.557237	0.594209	0.580002	0.0930912
-0.0213667	-0.0666705	0.0602593	-0.557442	0.593914	0.580107	0.0930501
-0.021498	-0.0667996	0.0603468	-0.557176	0.595411	0.578827	0.0931622
-0.0215806	-0.0668909	0.0603341	-0.556713	0.596111	0.578552	0.0930943
-0.021726	-0.067103	0.0603308	-0.557399	0.594753	0.579289	0.0931878
-0.0217362	-0.0673118	0.060322	-0.558462	0.593753	0.579291	0.0931571
-0.02194	-0.0674638	0.060323	-0.5582	0.593109	0.580202	0.0931951
-0.0220799	-0.0675906	0.0602971	-0.558115	0.592787	0.580613	0.0932083
-0.0222445	-0.0677389	0.0603022	-0.55788	0.5927	0.580928	0.0932737
-0.022512	-0.0678531	0.0602746	-0.556683	0.592891	0.58188	0.0934136
-0.0225962	-0.0680137	0.0603046	-0.557368	0.592564	0.581557	0.0934356
-0.0227412	-0.0680936	0.0603108	-0.556897	0.592765	0.581804	0.0933999
-0.0228576	-0.0681422	0.0602965	-0.556707	0.592954	0.581793	0.0932706
-0.0229927	-0.0682139	0.0603057	-0.556621	0.593661	0.581153	0.0932392
-0.0231682	-0.0684086	0.0602842	-0.557381	0.593111	0.580986	0.0932931
-0.0233653	-0.0685373	0.0602233	-0.557232	0.59383	0.580394	0.0934057
-0.0234012	-0.0687216	0.0602381	-0.558614	0.59219	0.580742	0.0933168
-0.0181977	-0.0634421	0.059951	-0.558224	0.592569	0.580731	0.0928341
-0.0131207	-0.0583684	0.05959	-0.559125	0.591701	0.580749	0.092358
-0.0132421	-0.0585332	0.0595945	-0.558825	0.591583	0.581158	0.092438
-0.0133318	-0.0586887	0.0596261	-0.558736	0.59191	0.58091	0.0923376
-0.0135201	-0.0588517	0.0596414	-0.558373	0.593415	0.579722	0.0923478
-0.0086697	-0.0539691	0.0592805	-0.559834	0.592014	0.579746	0.0918877
-0.00890603	-0.0541923	0.0592377	-0.559638	0.591433	0.580528	0.0919713
-0.00896809	-0.054392	0.0592554	-0.559917	0.590724	0.58098	0.0918958
-0.00935221	-0.0548658	0.0592392	-0.560599	0.590372	0.58068	0.0919735
-0.00950883	-0.0550815	0.0592684	-0.560603	0.589858	0.581198	0.0919549
-0.00982197	-0.0555646	0.0593496	-0.561804	0.589896	0.579998	0.0919686
-0.00992501	-0.0557025	0.0593461	-0.562078	0.589835	0.579796	0.0918197
-0.0100849	-0.0558925	0.0593624	-0.562383	0.589488	0.579853	0.0917935
-0.0103634	-0.0560429	0.0593798	-0.561825	0.589907	0.579968	0.0919788
-0.0105967	-0.0562002	0.0594156	-0.560991	0.590427	0.580246	0.0920249
-0.0108722	-0.0563676	0.0594468	-0.560242	0.590899	0.580489	0.0920778
-0.0110789	-0.0567705	0.05943	-0.561048	0.590518	0.580098	0.0920468
-0.011333	-0.0569425	0.0595067	-0.560184	0.591344	0.580091	0.0920907
-0.0114966	-0.0571204	0.059481	-0.560274	0.591772	0.579568	0.0921256
-0.0118758	-0.0574888	0.0594834	-0.559784	0.592206	0.579599	0.0922118
-0.0120334	-0.0576651	0.0595025	-0.560297	0.591523	0.5798	0.0921419
-0.0122954	-0.057792	0.0594722	-0.559274	0.591076	0.581242	0.0921788
-0.0125247	-0.0579402	0.0595043	-0.558762	0.590171	0.582652	0.0921995
-0.0127211	-0.0581006	0.059537	-0.558406	0.590478	0.582683	0.0922426
-0.0128154	-0.0582413	0.0596424	-0.558378	0.592328	0.580828	0.0924929
-0.0130232	-0.0585897	0.0596472	-0.559043	0.59213	0.58039	0.0924419
-0.0131908	-0.0587071	0.0597076	-0.5583	0.593067	0.580148	0.0925129
-0.0133043	-0.0588243	0.0597268	-0.557974	0.59366	0.579856	0.0924566
-0.0134934	-0.0589638	0.0597665	-0.55825	0.59411	0.579128	0.0924779
-0.0135597	-0.0591279	0.059768	-0.558591	0.594173	0.578735	0.0924461
-0.0136761	-0.0593193	0.0597775	-0.559172	0.594387	0.577954	0.0924847
-0.0137953	-0.0594619	0.059781	-0.559475	0.594636	0.577404	0.0924486
-0.0138587	-0.0596012	0.0597798	-0.559512	0.594535	0.577472	0.0924246
-0.0138613	-0.0597055	0.0597916	-0.559872	0.593721	0.577961	0.0922928
-0.0100591	-0.0559788	0.0595471	-0.560492	0.593649	0.577433	0.0919266
-0.0104811	-0.0563208	0.0595526	-0.560457	0.592886	0.578251	0.0920175
-0.0109284	-0.0566668	0.0595826	-0.560403	0.593014	0.578172	0.0921341
-0.0110625	-0.0567758	0.0596032	-0.560783	0.592419	0.578413	0.09205
-0.0111765	-0.0569489	0.0595992	-0.561352	0.592917	0.57735	0.0921054
-0.0113242	-0.0571104	0.0596056	-0.561449	0.593442	0.576717	0.0921157
-0.0116647	-0.0573914	0.0596578	-0.561027	0.593374	0.577197	0.0920987
-0.0117921	-0.0576262	0.0596409	-0.562309	0.592792	0.576546	0.0920773
-0.0119938	-0.0577584	0.0596953	-0.562255	0.592883	0.576505	0.0920906
-0.0121723	-0.0579013	0.0596996	-0.562141	0.59364	0.575837	0.0921205
-0.0123792	-0.0581094	0.0596991	-0.562483	0.593782	0.575357	0.0921984
-0.012612	-0.0582755	0.059717	-0.562403	0.592704	0.576546	0.0922612
-0.0128386	-0.0584448	0.0597172	-0.562101	0.592192	0.577365	0.0923742
-0.0130607	-0.058518	0.0597041	-0.56121	0.592482	0.577935	0.0923939
-0.0132319	-0.0587083	0.0597179	-0.56155	0.591733	0.578372	0.0924452
-0.0133293	-0.0589087	0.0597444	-0.562068	0.592027	0.577567	0.0925034
-0.0135655	-0.0590234	0.0597281	-0.561475	0.591627	0.578553	0.0925788
-0.0136583	-0.0591765	0.059747	-0.562037	0.591752	0.577878	0.0925449
-0.0137886	-0.0592907	0.0597637	-0.561627	0.592743	0.577261	0.0925196
-0.0140195	-0.0594474	0.0597563	-0.561623	0.593004	0.576997	0.0926005
-0.0141475	-0.0595701	0.0598818	-0.561359	0.593867	0.576367	0.0927877
-0.0142148	-0.059658	0.0599014	-0.560695	0.593744	0.577138	0.0927741
-0.0144105	-0.0597999	0.0599236	-0.560031	0.593779	0.577747	0.0928738
-0.01474	-0.0600094	0.0598855	-0.559828	0.593893	0.577827	0.0928839
-0.0148689	-0.0601262	0.0598956	-0.559662	0.593624	0.578264	0.0928954
-0.0150063	-0.0602162	0.0599348	-0.559281	0.594254	0.577986	0.0928587
-0.0150825	-0.0603443	0.0599359	-0.559506	0.593892	0.57814	0.0928182
-0.0152723	-0.0604601	0.059933	-0.559043	0.593886	0.578594	0.0928689
-0.01547	-0.0606457	0.0599068	-0.558716	0.594834	0.577935	0.0928351
-0.0156747	-0.0608779	0.0598695	-0.559136	0.594558	0.577812	0.092822
-0.0157235	-0.0609774	0.0598689	-0.559005	0.594355	0.578148	0.0928061
-0.0157807	-0.0610698	0.0598934	-0.559201	0.594036	0.578287	0.0927673
-0.0125472	-0.0577843	0.0596678	-0.558823	0.594401	0.578277	0.0924628
-0.0127	-0.0578957	0.0596492	-0.558769	0.59448	0.578248	0.0924778
-0.0128219	-0.0580333	0.0596348	-0.558711	0.59407	0.578725	0.0925394
-0.0129071	-0.058212	0.0596255	-0.559387	0.593643	0.57851	0.0925514
-0.0130311	-0.0583597	0.0596117	-0.559665	0.594164	0.577707	0.0926092
-0.0131469	-0.0584532	0.0596062	-0.559234	0.593886	0.578409	0.0925714
-0.0133543	-0.058604	0.0596045	-0.559121	0.593943	0.57846	0.0926694
-0.0134611	-0.0587203	0.0596263	-0.559039	0.593545	0.578947	0.0926571
-0.0134966	-0.0588443	0.059607	-0.559501	0.593106	0.578951	0.0926214
-0.0136202	-0.0590085	0.0595314	-0.56047	0.593004	0.578118	0.0926838
-0.0138592	-0.0592023	0.0594971	-0.559758	0.592966	0.578846	0.0927668
-0.0140086	-0.0592946	0.0595133	-0.559394	0.592243	0.579936	0.092782
-0.0141332	-0.0594156	0.0595149	-0.559335	0.591773	0.580474	0.0928091
-0.0143279	-0.0595166	0.0595001	-0.558926	0.591959	0.580677	0.0928744
-0.0144387	-0.0596035	0.0595133	-0.558732	0.592113	0.580708	0.0928356
-0.0145801	-0.0597283	0.0595206	-0.55854	0.592203	0.5808	0.0928884
-0.01466	-0.0598695	0.0595152	-0.55885	0.591137	0.581588	0.0929026
-0.014731	-0.0599725	0.0595216	-0.558846	0.590688	0.582047	0.0929243
-0.01489	-0.0602185	0.0594766	-0.55942	0.591173	0.581003	0.092971
-0.0150149	-0.0604044	0.0594942	-0.559126	0.591172	0.581286	0.0929495
-0.0151293	-0.0604956	0.0595036	-0.559071	0.590554	0.581966	0.0929388
-0.0152931	-0.0606018	0.0595112	-0.558716	0.590664	0.582196	0.0929842
-0.0154544	-0.0609812	0.0595067	-0.560048	0.589928	0.581662	0.0929626
-0.0155117	-0.0610369	0.0595037	-0.559781	0.590364	0.581477	0.0928894
-0.0156139	-0.0611946	0.0595094	-0.560402	0.590146	0.5811	0.0929217
-0.0158514	-0.0613723	0.0595398	-0.559918	0.590281	0.581429	0.0929712
-0.0159245	-0.061446	0.0595419	-0.559705	0.590094	0.581824	0.0929465
-0.0159839	-0.0615862	0.0595532	-0.560126	0.589527	0.581994	0.0929647
-0.0161128	-0.0617001	0.0595467	-0.56022	0.589263	0.582171	0.0930194
-0.0162548	-0.0618739	0.0595658	-0.559852	0.589125	0.582665	0.0930365
-0.016415	-0.0620388	0.0595706	-0.559878	0.589254	0.582509	0.0930095
-0.0165416	-0.0621332	0.0595885	-0.559601	0.588961	0.583071	0.093046
-0.0166839	-0.0622258	0.0595819	-0.559854	0.588119	0.583678	0.0930245
-0.0168526	-0.0623962	0.059657	-0.559874	0.588407	0.583368	0.0930588
-0.0169577	-0.0625856	0.0596586	-0.560014	0.587845	0.5838	0.0930285
-0.0170679	-0.0626238	0.0597035	-0.559366	0.588575	0.583686	0.0930572
-0.0173283	-0.0627766	0.0597191	-0.558557	0.589372	0.583657	0.0930715
-0.0174201	-0.062865	0.0597247	-0.558378	0.58959	0.583607	0.0930907
-0.0175136	-0.0630133	0.0597549	-0.558192	0.590063	0.583307	0.0930717
-0.0175486	-0.0630886	0.0597696	-0.558374	0.590041	0.583155	0.0930594
-0.0175944	-0.0631806	0.0597756	-0.558992	0.589566	0.583043	0.0930332
-0.0175981	-0.0632364	0.059778	-0.558766	0.589707	0.583117	0.0929707
-0.017656	-0.0633244	0.0597794	-0.558981	0.589755	0.582862	0.0929886
-0.0177933	-0.0633939	0.0598101	-0.558745	0.590185	0.582654	0.0930272
-0.0179129	-0.0635446	0.0597925	-0.55918	0.590117	0.582306	0.0929839
-0.0179716	-0.0636297	0.0597981	-0.55917	0.590496	0.581931	0.0930457
-0.017999	-0.0636985	0.0597907	-0.559393	0.590257	0.581959	0.0930065
-0.018084	-0.0637758	0.0597878	-0.559251	0.58977	0.582589	0.0930222
-0.0180732	-0.0638724	0.059779	-0.560008	0.58914	0.582499	0.0929504
-0.0182113	-0.064041	0.0597905	-0.559745	0.588603	0.583294	0.0929841
-0.0182869	-0.0642041	0.0597637	-0.560219	0.588205	0.58324	0.0929589
-0.01848	-0.0643006	0.0597756	-0.559774	0.588362	0.58351	0.0930676
-0.0185332	-0.0643688	0.0597652	-0.559969	0.588462	0.583221	0.093081
-0.0185873	-0.0644319	0.0597584	-0.560141	0.588505	0.583013	0.0930468
-0.0186488	-0.0645357	0.0597656	-0.560649	0.588775	0.582251	0.0930979
-0.0186605	-0.0645872	0.0597688	-0.560677	0.588408	0.582595	0.0930439
-0.0187263	-0.0646565	0.0597521	-0.560649	0.58855	0.582479	0.0930646
-0.0188065	-0.0647012	0.0597671	-0.560294	0.58854	0.582831	0.0930415
-0.0188756	-0.0648048	0.0597605	-0.560607	0.588649	0.582419	0.0930755
-0.0189867	-0.0648803	0.0597673	-0.56056	0.588736	0.582376	0.0930998
-0.0191638	-0.0650164	0.0597435	-0.560306	0.589082	0.582271	0.0931656
-0.0192792	-0.0650997	0.05975	-0.560262	0.588996	0.582401	0.0931982
-0.0193366	-0.065152	0.0597494	-0.560182	0.589328	0.582141	0.0932133
-0.0194799	-0.0652838	0.0597223	-0.559955	0.589339	0.582348	0.0932399
-0.0196612	-0.0653894	0.0596867	-0.559597	0.589345	0.582686	0.0932554
-0.019812	-0.0654461	0.0596899	-0.559223	0.589345	0.583046	0.0932998
-0.0198696	-0.06551	0.0596717	-0.55928	0.589187	0.58315	0.0932864
-0.02	-0.0655871	0.0596879	-0.559095	0.589539	0.582972	0.0933217
-0.0200468	-0.0657166	0.0596894	-0.55937	0.589563	0.582684	0.0932733
-0.0202788	-0.0659439	0.059695	-0.559178	0.589084	0.583352	0.0932487
-0.0203607	-0.065984	0.0597083	-0.558946	0.589577	0.583076	0.0932349
-0.0204148	-0.0660402	0.0597099	-0.558937	0.589865	0.582795	0.0932249
-0.0204934	-0.0661085	0.0597129	-0.558809	0.590472	0.582301	0.0932554
-0.0206403	-0.0661473	0.0597259	-0.558265	0.590692	0.5826	0.0932658
-0.0207339	-0.0662039	0.0597378	-0.558048	0.590954	0.582542	0.0933064
-0.0207658	-0.0662416	0.0597586	-0.55787	0.590963	0.582704	0.0932863
-0.0208357	-0.066339	0.0597753	-0.558121	0.590932	0.582495	0.0933224
-0.0209946	-0.0664368	0.0597717	-0.557724	0.591422	0.582378	0.0933328
-0.0210318	-0.0665106	0.05978	-0.557713	0.591519	0.582289	0.0933487
-0.0210986	-0.0665937	0.0597976	-0.557825	0.591523	0.582178	0.0933718
-0.0212515	-0.066692	0.0598182	-0.557923	0.591231	0.582381	0.0933467
-0.0212878	-0.066792	0.0597887	-0.557783	0.590619	0.583136	0.093328
-0.0213668	-0.0668187	0.059789	-0.55736	0.591018	0.583136	0.0933592
-0.0213753	-0.066879	0.0597914	-0.557501	0.590975	0.583045	0.0933471
-0.0216059	-0.0673155	0.0597992	-0.558938	0.589479	0.583183	0.0933578
-0.0217157	-0.067465	0.059791	-0.559432	0.589823	0.582362	0.0933981
-0.0217396	-0.0674891	0.0597837	-0.559372	0.589933	0.582308	0.0933476
-0.0218108	-0.0675618	0.0597801	-0.559177	0.590021	0.582405	0.0933187
-0.0218869	-0.0676857	0.0597696	-0.559519	0.589793	0.582308	0.093302
-0.0219891	-0.0677597	0.0597791	-0.559519	0.589636	0.582467	0.0933526
-0.0221629	-0.0678789	0.0598227	-0.558719	0.590252	0.582611	0.0934421
-0.0222247	-0.0679325	0.0598184	-0.558687	0.590281	0.582613	0.0934587
-0.0223316	-0.0679895	0.0598105	-0.558578	0.590405	0.582591	0.0935115
-0.022353	-0.0680817	0.0598236	-0.559073	0.59023	0.582293	0.0934991
-0.0225265	-0.068215	0.059807	-0.558603	0.590356	0.582617	0.0935161
-0.022565	-0.068268	0.0598246	-0.558579	0.590451	0.582544	0.0935532
-0.0225887	-0.0683096	0.0598264	-0.558619	0.590538	0.582418	0.0935177
-0.0226201	-0.0683706	0.0598208	-0.558847	0.590245	0.582496	0.0935047
-0.0226089	-0.0684153	0.0598216	-0.55904	0.589958	0.582601	0.0934574
-0.0226635	-0.0684444	0.0598424	-0.558843	0.590554	0.582185	0.0935039
-0.0228241	-0.0685523	0.0598409	-0.558913	0.590955	0.581711	0.0935458
-0.0228533	-0.0686062	0.0598414	-0.558946	0.591082	0.581551	0.0935561
-0.0228723	-0.0686319	0.0598631	-0.558824	0.591617	0.581123	0.0935098
-0.022851	-0.0686661	0.0598573	-0.558943	0.591631	0.580995	0.0934704
-0.0228422	-0.0686945	0.0598402	-0.559145	0.591437	0.580998	0.0934155
-0.0229031	-0.0687676	0.0598394	-0.558992	0.591587	0.580993	0.0933918
-0.022929	-0.0688078	0.0598599	-0.558983	0.591726	0.580861	0.0933701
-0.023012	-0.0688438	0.0598582	-0.558764	0.59188	0.580914	0.0934087
-0.0230122	-0.0688753	0.0598442	-0.558763	0.591763	0.581034	0.0933822
-0.0230404	-0.0689284	0.059838	-0.558938	0.591838	0.580789	0.0933622
-0.023051	-0.0689469	0.059842	-0.558652	0.591803	0.5811	0.0933294
-0.0230984	-0.0689923	0.0598341	-0.558725	0.591855	0.580977	0.093353
-0.0231826	-0.0690237	0.0598214	-0.558322	0.591542	0.581683	0.0933893
-0.0232145	-0.0690249	0.0598335	-0.557921	0.591999	0.581602	0.0933613
-0.0232321	-0.0691195	0.0598051	-0.558308	0.591777	0.581457	0.0933403
-0.0232918	-0.0691703	0.0598097	-0.558299	0.591909	0.581332	0.0933901
-0.0233894	-0.0692963	0.0598097	-0.55806	0.592442	0.581018	0.0934309
-0.0235359	-0.0694357	0.0598027	-0.558309	0.592299	0.580925	0.0934204
-0.0235904	-0.069511	0.0597896	-0.558354	0.593043	0.580122	0.093455
-0.0235936	-0.0695329	0.0597847	-0.557925	0.59279	0.580791	0.0934408
-0.0236541	-0.0695652	0.0597707	-0.557725	0.593329	0.580433	0.0935209
-0.0237163	-0.069585	0.0597587	-0.557749	0.593463	0.580274	0.0934969
-0.0237287	-0.0696293	0.0597439	-0.558061	0.593525	0.57991	0.0934729
-0.0237867	-0.0697303	0.0597365	-0.558505	0.593541	0.579466	0.0934569
-0.0238876	-0.069771	0.0597236	-0.55845	0.593881	0.57917	0.093494
-0.0240378	-0.0698474	0.0597311	-0.558189	0.593873	0.57943	0.0935341
-0.0240395	-0.0699376	0.0597348	-0.558713	0.593349	0.579462	0.0935059
-0.0241025	-0.0700465	0.0597462	-0.559136	0.593048	0.579363	0.0934847
-0.0240985	-0.0700736	0.0597476	-0.559013	0.592714	0.579824	0.0934537
-0.02416	-0.0701554	0.0597399	-0.559021	0.592427	0.580108	0.0934821
-0.0241653	-0.0701891	0.0597479	-0.559095	0.592451	0.580012	0.09346
-0.024156	-0.0702214	0.0597414	-0.559282	0.59226	0.580027	0.0934141
-0.0242562	-0.0702608	0.0597591	-0.55892	0.592516	0.580116	0.0934541
-0.0242632	-0.0702832	0.0597477	-0.558942	0.59241	0.580202	0.0934235
-0.0243149	-0.0703146	0.0597666	-0.558791	0.59256	0.580194	0.0934459
-0.0243436	-0.0703646	0.0597689	-0.55878	0.592579	0.580186	0.0934304
-0.0243418	-0.0704308	0.0598046	-0.558973	0.5929	0.579671	0.0934836
-0.0243839	-0.0704862	0.0598171	-0.559086	0.593144	0.579313	0.0935186
-0.0244106	-0.0705074	0.059822	-0.558982	0.593446	0.579104	0.0935405
-0.0244015	-0.0705429	0.0598187	-0.559165	0.593256	0.579122	0.0935199
-0.0244651	-0.0705823	0.0598266	-0.55905	0.593309	0.579178	0.0935678
-0.0244876	-0.0706437	0.0598414	-0.559376	0.59329	0.578883	0.0935539
-0.0245519	-0.0706963	0.0598535	-0.559429	0.593252	0.57887	0.0935805
-0.0246259	-0.0707772	0.0598601	-0.55922	0.59355	0.578768	0.093562
-0.024701	-0.0708059	0.0598905	-0.558751	0.593971	0.578789	0.0935797
-0.0247279	-0.0708125	0.0598773	-0.558419	0.593921	0.57916	0.0935577
-0.0247364	-0.0708695	0.0598747	-0.558892	0.593654	0.578977	0.0935412
-0.0248266	-0.070904	0.0598732	-0.558712	0.593597	0.57921	0.0935608
-0.0248448	-0.0709818	0.0598901	-0.559038	0.593356	0.579141	0.0935171
-0.0250161	-0.0710515	0.0598914	-0.558737	0.593777	0.579001	0.0935764
-0.0250343	-0.071109	0.0599148	-0.558748	0.59401	0.578751	0.0935956
-0.025118	-0.0711378	0.0599062	-0.558634	0.59412	0.578748	0.0936138
-0.0251214	-0.0711752	0.0598836	-0.558939	0.593977	0.578601	0.093589
-0.0234702	-0.069535	0.0597685	-0.55926	0.593668	0.578608	0.093434
-0.0234777	-0.0695661	0.0597658	-0.559551	0.593564	0.578433	0.0934027
-0.0235497	-0.0696067	0.0597621	-0.55914	0.593466	0.57893	0.0933708
-0.0235696	-0.06962	0.0597474	-0.559079	0.593454	0.579002	0.0933336
-0.0235523	-0.0696499	0.0597317	-0.559169	0.593105	0.579272	0.0933063
-0.0235644	-0.0696792	0.0597344	-0.559185	0.593106	0.579256	0.0932876
-0.0236953	-0.0698247	0.0597459	-0.559455	0.593118	0.578983	0.0933234
-0.0237514	-0.0699302	0.0597605	-0.559987	0.593533	0.578042	0.0933576
-0.0237443	-0.0699543	0.0597545	-0.55993	0.593283	0.578354	0.0933316
-0.0237872	-0.0699731	0.0597434	-0.559653	0.593238	0.578669	0.0933512
-0.023887	-0.0700209	0.0597518	-0.559451	0.593253	0.578848	0.0933986
-0.0239063	-0.0700888	0.0597255	-0.559724	0.59326	0.578577	0.0933722
-0.0239846	-0.0701302	0.0597392	-0.559561	0.593424	0.578567	0.0934028
-0.024046	-0.0701731	0.0597396	-0.559584	0.593581	0.578383	0.093423
-0.0240562	-0.070247	0.0597407	-0.560018	0.593673	0.577868	0.0933891
-0.0240402	-0.0702669	0.0597253	-0.560169	0.593414	0.577989	0.0933468
-0.0240918	-0.0703704	0.0597487	-0.560482	0.593625	0.577469	0.0933309
-0.0241728	-0.0704148	0.0597474	-0.56044	0.593839	0.577288	0.0933704
-0.0242464	-0.0704635	0.0597506	-0.56045	0.593691	0.577432	0.0934011
-0.0242788	-0.0705125	0.0597511	-0.56053	0.593975	0.577061	0.0934268
-0.024342	-0.0706056	0.0597485	-0.560753	0.593992	0.576827	0.0934419
-0.0243283	-0.0706556	0.0597245	-0.56114	0.593585	0.57687	0.0934172
-0.0243443	-0.0706834	0.0597474	-0.560967	0.593592	0.577031	0.0934757
-0.0244267	-0.0707378	0.0597533	-0.560757	0.593649	0.577177	0.0935044
-0.024423	-0.0707619	0.0597499	-0.560714	0.593549	0.577321	0.0934907
-0.0244595	-0.0708504	0.0597192	-0.561303	0.593347	0.576956	0.0935142
-0.0244735	-0.0708678	0.0597252	-0.561201	0.593622	0.576772	0.0934934
-0.0245579	-0.0708999	0.0597348	-0.560981	0.593827	0.576776	0.0935324
-0.0245703	-0.0709621	0.0597268	-0.561155	0.593761	0.576674	0.0934967
-0.0245672	-0.0710254	0.0597076	-0.561338	0.593407	0.57686	0.09348
-0.0246361	-0.0710424	0.0597093	-0.560988	0.593241	0.577371	0.0935007
-0.024633	-0.0710601	0.0597026	-0.560922	0.593294	0.577381	0.0934829
-0.0246418	-0.0710772	0.0597055	-0.560758	0.593389	0.577443	0.0934673
-0.0246558	-0.0711208	0.0597112	-0.560867	0.593475	0.577249	0.0934845
-0.0247571	-0.0711512	0.0597047	-0.560572	0.593561	0.577446	0.0935379
-0.0248188	-0.0712915	0.0596997	-0.560873	0.59357	0.577144	0.0934978
-0.0248743	-0.0713679	0.059687	-0.561093	0.593575	0.576926	0.0935167
-0.024881	-0.0713936	0.0596847	-0.561079	0.593348	0.577173	0.0935051
-0.0249728	-0.0714724	0.0596878	-0.561204	0.593461	0.576935	0.0935481
-0.0251106	-0.0716216	0.0597236	-0.561039	0.593755	0.576794	0.0935804
-0.0251726	-0.0716472	0.0597011	-0.560907	0.593674	0.577005	0.0936181
-0.0251984	-0.071648	0.059711	-0.560697	0.593836	0.577042	0.0935868
-0.0252356	-0.0716776	0.0597177	-0.560669	0.593887	0.577018	0.0936064
-0.0253264	-0.0717308	0.059722	-0.560521	0.593885	0.577162	0.0936221
-0.0253671	-0.0717741	0.0597459	-0.560697	0.594272	0.576594	0.093664
-0.0254122	-0.0717699	0.0597566	-0.560305	0.594694	0.576539	0.0936388
-0.0255425	-0.0719216	0.0597452	-0.560139	0.594707	0.576687	0.0936087
-0.0255806	-0.071958	0.0597339	-0.560261	0.594922	0.576346	0.0936198
-0.0257239	-0.0720449	0.0597332	-0.560089	0.594946	0.57649	0.0936031
-0.0257752	-0.0720858	0.0597495	-0.560126	0.594883	0.576519	0.0936377
-0.0258527	-0.0722212	0.0597554	-0.560524	0.594534	0.576491	0.0936616
-0.025906	-0.0722579	0.0597753	-0.560513	0.594584	0.57645	0.0937046
-0.0259641	-0.0723213	0.0597969	-0.560612	0.59454	0.576399	0.0937246
-0.0259847	-0.0723474	0.0597947	-0.560517	0.594571	0.576459	0.0937574
-0.0246283	-0.0709993	0.0596933	-0.560687	0.594407	0.576463	0.0936303
-0.0246715	-0.0710334	0.0596905	-0.560706	0.594534	0.576314	0.0936662
-0.0247058	-0.0710561	0.0597039	-0.560428	0.594976	0.576128	0.0936805
-0.0247602	-0.071079	0.0597229	-0.560312	0.594802	0.576421	0.0936688
-0.0247913	-0.0711104	0.059707	-0.560335	0.594919	0.576277	0.0936917
-0.0248711	-0.0711997	0.0596921	-0.560388	0.594343	0.57682	0.0937037
-0.0249749	-0.0712456	0.0596819	-0.560023	0.594495	0.577018	0.0937453
-0.024921	-0.0712613	0.0596788	-0.560273	0.594525	0.576745	0.0936763
-0.0249298	-0.0712804	0.059679	-0.5603	0.594566	0.576676	0.0936576
-0.0249744	-0.0713001	0.0596814	-0.560136	0.594621	0.576778	0.0936773
-0.0250031	-0.0713131	0.0596854	-0.560088	0.594762	0.57668	0.0936553
-0.0250704	-0.0713509	0.0597001	-0.559813	0.595214	0.576481	0.0936766
-0.0251122	-0.0713715	0.0596956	-0.559674	0.595122	0.57671	0.0936969
-0.0251729	-0.0714954	0.0596741	-0.559862	0.595097	0.576554	0.0937089
-0.0252827	-0.0715779	0.0596607	-0.559883	0.594858	0.57678	0.0937399
-0.0253434	-0.0716158	0.0596465	-0.559964	0.594868	0.576691	0.0937146
-0.0253414	-0.0716264	0.059635	-0.560028	0.594815	0.576684	0.0936818
-0.0253947	-0.0716515	0.059643	-0.559897	0.594821	0.576804	0.0937009
-0.0254604	-0.0717226	0.0596536	-0.56002	0.594757	0.576751	0.0937302
-0.0255044	-0.0717602	0.0596613	-0.559976	0.594618	0.576937	0.0937582
-0.0255306	-0.0717733	0.0596681	-0.559883	0.594665	0.576979	0.0937447
-0.0255858	-0.0717918	0.0596635	-0.559712	0.594528	0.577285	0.0937671
-0.0256514	-0.0718298	0.0596577	-0.559555	0.594792	0.577166	0.0937838
-0.0257165	-0.0718897	0.0596627	-0.559594	0.594785	0.577135	0.0938073
-0.0257243	-0.071916	0.0596913	-0.559516	0.595066	0.576922	0.0938528
-0.0257708	-0.0719519	0.0596939	-0.559473	0.595057	0.576972	0.0938358
-0.0258348	-0.0719941	0.0596951	-0.559502	0.595059	0.576943	0.093874
-0.0258283	-0.0720174	0.0596923	-0.559675	0.59497	0.576866	0.0938545
-0.0258252	-0.0720422	0.0596826	-0.559717	0.594783	0.577018	0.0938315
-0.0245957	-0.0708151	0.0596019	-0.559706	0.594864	0.576946	0.0937179
-0.0246473	-0.0708312	0.0596011	-0.559477	0.594877	0.577155	0.0937363
-0.0246507	-0.0709027	0.0595907	-0.559686	0.594615	0.577221	0.0937537
-0.0247708	-0.0710839	0.0596062	-0.560059	0.594647	0.576827	0.0937912
-0.0248108	-0.0711182	0.0596173	-0.559841	0.594679	0.577006	0.093831
-0.0248854	-0.0711533	0.0596318	-0.559594	0.594724	0.577198	0.0938775
-0.0249579	-0.0712657	0.0596357	-0.559999	0.594454	0.577084	0.0938995
-0.0249998	-0.0713037	0.0596525	-0.559679	0.594596	0.577248	0.0939565
-0.0250328	-0.0713519	0.0596623	-0.559623	0.594801	0.577091	0.0939441
-0.0251006	-0.0714035	0.0596638	-0.55971	0.595111	0.576686	0.0939732
-0.0250818	-0.0714232	0.0596386	-0.559948	0.59509	0.576477	0.0939596
-0.0250882	-0.0714574	0.0596385	-0.559856	0.594971	0.57669	0.0939247
-0.0250773	-0.0715285	0.0596224	-0.560357	0.594754	0.576427	0.0938939
-0.0250665	-0.0715796	0.0596033	-0.560491	0.594248	0.576818	0.0938767
-0.0251195	-0.071607	0.059641	-0.560322	0.594551	0.57667	0.0939679
-0.0251232	-0.0716372	0.0596401	-0.560251	0.5945	0.576792	0.0939398
-0.0251852	-0.0717061	0.0596496	-0.560286	0.594467	0.576792	0.0939774
-0.0252748	-0.0718206	0.0596666	-0.560248	0.594443	0.576853	0.0939908
-0.0252421	-0.0718659	0.0597069	-0.560645	0.594518	0.57639	0.0940164
-0.0252672	-0.0719003	0.0597214	-0.560494	0.594983	0.576057	0.0940282
-0.0252623	-0.0719191	0.0597249	-0.560464	0.59478	0.576295	0.0940107
-0.0252703	-0.071941	0.0597159	-0.560502	0.59472	0.57632	0.0939999
-0.0253214	-0.0719633	0.0597165	-0.560363	0.594822	0.576351	0.0940288
-0.0253893	-0.0721063	0.0597	-0.560824	0.594481	0.576254	0.0940389
-0.0242322	-0.0709525	0.0596232	-0.560932	0.594376	0.576257	0.0939308
-0.0242541	-0.0709679	0.0596251	-0.560909	0.594391	0.576264	0.09392
-0.023153	-0.0698472	0.0595358	-0.560494	0.594694	0.576355	0.0938055
-0.0231586	-0.069866	0.059539	-0.560446	0.594524	0.576577	0.0937931
-0.0232087	-0.0699142	0.0595347	-0.560367	0.59457	0.576607	0.0938056
-0.023243	-0.069948	0.059526	-0.56016	0.594654	0.576722	0.093792
-0.0232687	-0.0700364	0.0595408	-0.560362	0.594543	0.576639	0.0938069
-0.0232563	-0.0701029	0.0595366	-0.560805	0.594085	0.57668	0.0938281
-0.0233234	-0.0701387	0.0595351	-0.560693	0.593856	0.577025	0.093874
-0.023334	-0.0701623	0.0595477	-0.560624	0.593766	0.577185	0.0938606
-0.0233638	-0.0701983	0.0595629	-0.560685	0.59379	0.577101	0.0938707
-0.0234032	-0.070252	0.0595739	-0.560586	0.593827	0.577159	0.093886
-0.0234483	-0.0702707	0.0595716	-0.560398	0.594104	0.577056	0.0939042
-0.0234915	-0.0702987	0.059546	-0.560453	0.594166	0.576939	0.0939352
-0.0235508	-0.0703703	0.0595509	-0.560604	0.594179	0.576779	0.0939575
-0.0235555	-0.0703967	0.0595518	-0.560632	0.594006	0.57693	0.0939463
-0.0236128	-0.0704736	0.0595325	-0.560661	0.59356	0.577361	0.0939681
-0.0236638	-0.070495	0.0595324	-0.560487	0.593408	0.577686	0.0939877
-0.0236548	-0.0705091	0.0595321	-0.560378	0.593362	0.577839	0.0939655
-0.0236763	-0.0705456	0.0595268	-0.560094	0.593664	0.577804	0.093946
-0.0236796	-0.0705753	0.0595351	-0.560329	0.59362	0.577622	0.0939163
-0.023722	-0.070586	0.0595367	-0.559995	0.593595	0.577971	0.0939314
-0.0237876	-0.0706414	0.0595526	-0.559876	0.593735	0.577942	0.0939577
-0.0237759	-0.0706556	0.0595436	-0.559968	0.593817	0.577769	0.093929
-0.0238488	-0.0707321	0.0595774	-0.55992	0.593979	0.577649	0.093952
-0.0228296	-0.0696867	0.0595356	-0.559526	0.594244	0.577759	0.0938474
-0.0228671	-0.0697054	0.0595291	-0.559344	0.594286	0.577892	0.0938667
-0.022918	-0.069781	0.0595404	-0.559328	0.594351	0.57784	0.0938538
-0.0229471	-0.0698083	0.0595352	-0.559249	0.594017	0.57826	0.0938704
-0.0230452	-0.0699325	0.0595504	-0.558857	0.59398	0.578677	0.0939018
-0.0230682	-0.0699726	0.059566	-0.559013	0.594011	0.578494	0.0939534
-0.0230961	-0.0700047	0.0595563	-0.559045	0.59388	0.578597	0.0939648
-0.0231084	-0.0700201	0.0595687	-0.558898	0.594108	0.578506	0.0939447
-0.0231786	-0.0700517	0.0595703	-0.558754	0.594171	0.57858	0.0939801
-0.0232065	-0.0701132	0.0595659	-0.558877	0.593923	0.578716	0.0939516
-0.0232244	-0.0701472	0.059564	-0.558961	0.593893	0.578666	0.0939677
-0.0232829	-0.0702053	0.0595783	-0.558895	0.594044	0.578574	0.0939931
-0.0233993	-0.0703411	0.0595672	-0.558954	0.594025	0.578536	0.0940129
-0.0234443	-0.0703711	0.0595775	-0.558745	0.593941	0.578825	0.0940451
-0.0235469	-0.0703983	0.0595609	-0.558332	0.59377	0.579399	0.0940805
-0.0236085	-0.0704869	0.0595475	-0.558365	0.59372	0.579417	0.0940646
-0.0236263	-0.0705267	0.0595577	-0.558493	0.593727	0.579287	0.0940787
-0.0237318	-0.0706327	0.0595845	-0.558472	0.59381	0.579222	0.0941059
-0.0237845	-0.0706673	0.0595647	-0.558356	0.593528	0.579624	0.0941195
